<domain-registry id="root"><domain id="ac"><registrant><organization><line>Network Information Center (AC Domain Registry)</line><line>c/o Cable and Wireless (Ascension Island)</line></organization><address><line>South Atlantic Ocean</line></address><country>Ascension Island</country><reg-date>1985-01-01</reg-date><last-update>1985-01-01</last-update></registrant><admin><name>Internet Manager</name><organization><line>Network Information Center (AC Domain Registry)</line><line>c/o Cable and Wireless (Ascension Island)</line></organization><address><line>South Atlantic Ocean</line></address><country>Ascension Island</country><fax>+247 6464</fax><email>administrator@NIC.AC</email><reg-date>1985-01-01</reg-date><last-update>1985-01-01</last-update></admin><tech><name>Administrator</name><organization>ICB Plc.</organization><address><line>9 Queens Road</line><line>Bournemouth Dorset BH2 6BA</line></address><country>United Kingdom</country><fax>+44 1202 430 580</fax><email>admin@icb.co.uk</email><reg-date>1985-01-01</reg-date><last-update>2005-05-12</last-update></tech><reg-url>http://www.nic.ac/</reg-url><whois>whois.nic.ac</whois><nameservers><nameserver name="a.nic.ac."><ipv4>64.251.31.177</ipv4></nameserver><nameserver name="b.nic.ac."><ipv4>217.160.203.158</ipv4></nameserver><nameserver name="b.nic.io."><ipv4>194.0.2.1</ipv4></nameserver><nameserver name="ns3.icb.co.uk."><ipv4>217.199.188.61</ipv4></nameserver><nameserver name="a.ns13.net."><ipv4>202.181.97.168</ipv4></nameserver><nameserver name="b.ns13.net."><ipv4>202.181.96.60</ipv4></nameserver><nameserver name="ns1.communitydns.net."><ipv4>194.0.1.1</ipv4><ipv6>2001:678:4:0:0:0:0:1</ipv6></nameserver></nameservers><reg-date>1997-12-19</reg-date><last-update>2008-12-18</last-update></domain><domain id="ad"><registrant><organization>STA Servei de Telecomunicacions d'Andorra</organization><address><line>Av. Meritxell 112</line><line>Andorra la Vella  AD500</line></address><country>Andorra</country><reg-date>1985-01-01</reg-date><last-update>2006-12-28</last-update></registrant><admin><name>Joan-Marc Lauga Courtil</name><organization>STA Servei de Telecomunicacions d'Andorra</organization><address><line>Av. Meritxell 112</line><line>Andorra la Vella  AD500</line></address><country>Andorra</country><phone>+376 875274</phone><fax>+376.863667</fax><email>joan-marc.lauga@sta.ad</email><reg-date>1985-01-01</reg-date><last-update>2006-12-28</last-update></admin><tech><name>Sergi Lucas</name><organization>STA Servei de Telecomunicacions d'Andorra</organization><address><line>Av. Meritxell 112</line><line>Andorra la Vella AD500</line></address><country>Andorra</country><phone>+376 875069</phone><fax>+376 863667</fax><email>sergi.lucas@sta.ad</email><reg-date>1985-01-01</reg-date><last-update>2006-12-28</last-update></tech><reg-url>http://www.nic.ad</reg-url><nameservers><nameserver name="dinis.ad."><ipv4>194.158.64.7</ipv4></nameserver><nameserver name="dns2.ad."><ipv4>194.158.64.8</ipv4></nameserver><nameserver name="dns3.ad."><ipv4>194.158.64.9</ipv4></nameserver><nameserver name="dns4.ad."><ipv4>194.158.64.10</ipv4></nameserver><nameserver name="ns3.nic.fr."><ipv4>192.134.0.49</ipv4><ipv6>2001:660:3006:1:0:0:1:1</ipv6></nameserver><nameserver name="ns-ad.ripe.net."><ipv4>193.0.12.6</ipv4></nameserver><nameserver name="ns-ext.isc.org."><ipv4>204.152.184.64</ipv4><ipv6>2001:4f8:0:2:0:0:0:13</ipv6></nameserver><nameserver name="ad.ns.nic.es."><ipv4>194.69.254.15</ipv4></nameserver></nameservers><reg-date>1996-01-09</reg-date><last-update>2008-10-31</last-update></domain><domain id="ae"><registrant><organization>Telecommunication Regulatory Authority (TRA)</organization><address><line>P.O. Box 116688</line><line>Dubai</line></address><country>United Arab Emirates</country><reg-date>1985-01-01</reg-date><last-update>2008-03-06</last-update></registrant><admin><name>Mohammed Gheyath, Director Technical Affairs</name><organization>Telecommunication Regulatory Authority (TRA)</organization><address><line>P.O. Box 116688</line><line>Dubai</line></address><country>United Arab Emirates</country><phone>+971 4 428 8888</phone><fax>+971 4 428 8800</fax><email>iana@tra.ae</email><reg-date>1985-01-01</reg-date><last-update>2008-07-11</last-update></admin><tech><name>DNS Admin</name><organization>.ae Domain Administration (.aeDA)</organization><address><line>P.O. Box 116688</line><line>Dubai</line></address><country>United Arab Emirates</country><phone>+971 4 428 8818</phone><fax>+971 4 428 8811</fax><email>dns@aeda.ae</email><reg-date>1985-01-01</reg-date><last-update>2008-07-11</last-update></tech><reg-url>http://aeda.ae/</reg-url><whois>whois.aeda.net.ae</whois><nameservers><nameserver name="sec3.apnic.net."><ipv4>202.12.28.140</ipv4><ipv6>2001:dc0:1:0:4777:0:0:140</ipv6></nameserver><nameserver name="ns-ae.ripe.net."><ipv4>193.0.12.233</ipv4><ipv6>2001:610:240:0:53:cc:12:233</ipv6></nameserver><nameserver name="ns-ext.isc.org."><ipv4>204.152.184.64</ipv4><ipv6>2001:4f8:0:2:0:0:0:13</ipv6></nameserver><nameserver name="ns1.aedns.ae."><ipv4>79.98.120.73</ipv4></nameserver><nameserver name="ns1.ausregistry.net.au."><ipv4>202.65.12.73</ipv4></nameserver><nameserver name="ns2.aedns.ae."><ipv4>79.98.121.73</ipv4></nameserver><nameserver name="ns2.ausregistry.net.au."><ipv4>202.65.13.73</ipv4></nameserver></nameservers><reg-date>1992-12-01</reg-date><last-update>2008-07-28</last-update></domain><domain id="aero"><registrant><organization><line>Societe Internationale de Telecommunications Aeronautique S.C.</line><line>(SITA SC)</line></organization><address><line>26 Chemin de Joinville</line><line>Cointrin Geneva</line><line>Geneva  1216</line></address><country>Switzerland</country><reg-date>1985-01-01</reg-date><last-update>2003-10-16</last-update></registrant><admin><name>.AERO Office</name><organization>SITA SC</organization><address><line>26 Chemin de Joinville</line><line>Cointrin Geneva</line><line>Geneva  1216</line></address><country>Switzerland</country><phone>+41 22 747 60 00</phone><fax>+41 22 747 63 33</fax><email>aero.enquiries@sita.aero</email><reg-date>1985-01-01</reg-date><last-update>2008-06-12</last-update></admin><tech><name>.AERO Domain Technical Administrator</name><organization>Afilias Limited</organization><address><line>300 Welsh Road</line><line>Building 3</line><line>Suite 105</line><line>Horsham Pennsylvania 19044</line></address><country>United States</country><phone>+1 215 706 5700</phone><fax>+1 215 706 5701</fax><email>domaintech@afilias.info</email><reg-date>1985-01-01</reg-date><last-update>2006-02-06</last-update></tech><reg-url>http://www.information.aero</reg-url><whois>whois.aero</whois><nameservers><nameserver name="dns7.denic.de."><ipv4>81.91.161.68</ipv4></nameserver><nameserver name="merapi.switch.ch."><ipv4>130.59.211.10</ipv4><ipv6>2001:620:0:0:0:0:0:5</ipv6></nameserver><nameserver name="ns5.knipp.de."><ipv4>195.253.6.62</ipv4><ipv6>2a01:5b0:0:29:0:0:0:3e</ipv6></nameserver><nameserver name="a0.aero.afilias-nst.info."><ipv4>199.254.51.1</ipv4><ipv6>2001:500:1d:0:0:0:0:1</ipv6></nameserver><nameserver name="b0.aero.afilias-nst.org."><ipv4>199.254.52.1</ipv4><ipv6>2001:500:1e:0:0:0:0:1</ipv6></nameserver><nameserver name="c0.aero.afilias-nst.info."><ipv4>199.254.53.1</ipv4><ipv6>2001:500:1f:0:0:0:0:1</ipv6></nameserver><nameserver name="d0.aero.afilias-nst.org."><ipv4>199.254.54.1</ipv4><ipv6>2001:500:20:0:0:0:0:1</ipv6></nameserver><nameserver name="a2.aero.afilias-nst.info."><ipv4>199.249.115.1</ipv4><ipv6>2001:500:43:0:0:0:0:1</ipv6></nameserver><nameserver name="b2.aero.afilias-nst.org."><ipv4>199.249.123.1</ipv4><ipv6>2001:500:4b:0:0:0:0:1</ipv6></nameserver></nameservers><reg-date>2001-12-21</reg-date><last-update>2008-12-15</last-update></domain><domain id="af"><registrant><organization>Ministry of Communications and IT</organization><address><line>Mohammed Jan Khan Watt</line><line>Kabul</line></address><country>Afghanistan</country><reg-date>1985-01-01</reg-date><last-update>2008-12-02</last-update></registrant><admin><name>Aimal Marjan, Director General ICT</name><organization><line>ICT Directorate</line><line>Ministry of Communications and IT</line></organization><address><line>Mohammad Jan Khan Watt</line><line>Kabul</line></address><country>Afghanistan</country><phone>+93 20 2103883</phone><fax>+93 20 2103700</fax><email>aimal.marjan@mcit.gov.af</email><reg-date>1985-01-01</reg-date><last-update>2008-12-02</last-update></admin><tech><name>Shah Maqsood</name><organization><line>AFGNIC</line><line>Ministry of Communications and IT</line></organization><address><line>Mohammed Jan Khan Watt</line><line>Kabul</line></address><country>Afghanistan</country><phone>+93 20 2102684</phone><fax>+93 20 2103700</fax><email>technical@nic.af</email><reg-date>2003-02-21</reg-date><last-update>2008-12-02</last-update></tech><reg-url>http://www.nic.af/</reg-url><nameservers><nameserver name="alpha.undp.org."><ipv4>165.65.35.29</ipv4></nameserver><nameserver name="flag.ep.net."><ipv4>198.32.4.13</ipv4></nameserver><nameserver name="ns.anycast.nic.af."><ipv4>204.61.216.13</ipv4></nameserver><nameserver name="ns.undp.org."><ipv4>165.65.6.8</ipv4></nameserver><nameserver name="ns2.undp.org."><ipv4>192.124.42.15</ipv4></nameserver><nameserver name="ns3.nic.fr."><ipv4>192.134.0.49</ipv4><ipv6>2001:660:3006:1:0:0:1:1</ipv6></nameserver><nameserver name="ns-af.ripe.net."><ipv4>193.0.12.1</ipv4><ipv6>2001:610:240:0:53:cc:12:1</ipv6></nameserver></nameservers><reg-date>1997-10-16</reg-date><last-update>2008-12-02</last-update></domain><domain id="ag"><registrant><organization>UHSA School of Medicine</organization><address><line>P.O. Box 510</line><line>Saints Johns</line></address><country>Antigua</country><reg-date>1985-01-01</reg-date><last-update>1985-01-01</last-update></registrant><admin><name>George S. Daniel</name><organization>UHSA School of Medicine</organization><address><line>P.O. Box 510</line><line>Saints Johns</line></address><country>Antigua</country><phone>+1 268 460 1391</phone><fax>+1 268 460 1477</fax><email>daniel@uhsa.edu.ag</email><reg-date>1985-01-01</reg-date><last-update>1985-01-01</last-update></admin><tech><name>Hostmaster</name><organization>NetNames</organization><address><line>Queens House</line><line>180-182 Tottenham Court Road</line><line>London  W1P 9LE</line></address><country>United Kingdom</country><phone>+44 171 291 3900</phone><fax>+44 171 291 3939</fax><email>corporate-services@netnames.com</email><reg-date>1985-01-01</reg-date><last-update>2009-01-08</last-update></tech><reg-url>http://www.nic.ag</reg-url><whois>whois.nic.ag</whois><nameservers><nameserver name="a0.cctld.afilias-nst.info."><ipv4>199.254.59.1</ipv4><ipv6>2001:500:25:0:0:0:0:1</ipv6></nameserver><nameserver name="b0.cctld.afilias-nst.org."><ipv4>199.254.60.1</ipv4><ipv6>2001:500:26:0:0:0:0:1</ipv6></nameserver><nameserver name="c0.cctld.afilias-nst.info."><ipv4>199.254.61.1</ipv4><ipv6>2001:500:27:0:0:0:0:1</ipv6></nameserver><nameserver name="d0.cctld.afilias-nst.org."><ipv4>199.254.62.1</ipv4><ipv6>2001:500:28:0:0:0:0:1</ipv6></nameserver><nameserver name="dns.server.ag."><ipv4>64.239.9.180</ipv4></nameserver><nameserver name="a2.cctld.afilias-nst.info."><ipv4>199.249.116.1</ipv4><ipv6>2001:500:44:0:0:0:0:1</ipv6></nameserver><nameserver name="b2.cctld.afilias-nst.org."><ipv4>199.249.124.1</ipv4><ipv6>2001:500:4c:0:0:0:0:1</ipv6></nameserver></nameservers><reg-date>1991-09-03</reg-date><last-update>2009-01-08</last-update></domain><domain id="ai"><registrant><organization>Government of Anguilla</organization><address><line>The Valley</line></address><country>Anguilla</country><reg-date>1985-01-01</reg-date><last-update>1985-01-01</last-update></registrant><admin><name>Vincent Aron Cate</name><organization>Offshore Information Services Ltd.</organization><address><line>949 Old Ta</line><line>The Valley</line></address><country>Anguilla</country><phone>+1 264 497 3255</phone><fax>+1 264 497 8470</fax><email>vince@offshore.ai</email><reg-date>1985-01-01</reg-date><last-update>2007-04-30</last-update></admin><tech><name>Vincent Aron Cate</name><organization>Offshore Information Services Ltd.</organization><address><line>949 Old Ta</line><line>The Valley</line></address><country>Anguilla</country><phone>+1 264 497 3255</phone><fax>+1 264 497 8470</fax><email>vince@offshore.ai</email><reg-date>1985-01-01</reg-date><last-update>2007-04-30</last-update></tech><reg-url>http://nic.com.ai</reg-url><whois>whois.ai</whois><nameservers><nameserver name="ns1.pair.com."><ipv4>209.68.1.11</ipv4></nameserver><nameserver name="ns2.offshore.ai."><ipv4>208.75.85.241</ipv4></nameserver><nameserver name="whois.ai."><ipv4>209.59.119.1</ipv4></nameserver></nameservers><reg-date>1995-02-16</reg-date><last-update>2007-11-21</last-update></domain><domain id="al"><registrant><organization>Electronic and Postal Communications Authority - AKEP</organization><address><line>Rr. Reshit Collaku Nr. 43</line><line>Tirana  1001</line></address><country>Albania</country><reg-date>1985-01-01</reg-date><last-update>2008-12-28</last-update></registrant><admin><name>Bledar Lahi</name><organization>Electronic and Postal Communications Authority - AKEP</organization><address><line>Rr. Reshit Collaku Nr. 43</line><line>Tirana  1001</line></address><country>Albania</country><phone>+355 4 2250926</phone><fax>+355 4 2259 106</fax><email>nic@akep.gov.al</email><reg-date>1985-01-01</reg-date><last-update>2008-12-28</last-update></admin><tech><name>Adriatik Allamani</name><organization>Electronic and Postal Communications Authority - AKEP</organization><address><line>Rr. Reshit Collaku Nr. 43</line><line>Tirana  1001</line></address><country>Albania</country><phone>+355 4 2250926</phone><fax>+355 4 2259 106</fax><email>domain@akep.gov.al</email><reg-date>1985-01-01</reg-date><last-update>2008-12-28</last-update></tech><reg-url>http://www.nic.al/</reg-url><nameservers><nameserver name="ns1.nic.al."><ipv4>194.1.149.230</ipv4></nameserver><nameserver name="munnari.oz.au."><ipv4>202.28.99.196</ipv4></nameserver><nameserver name="ns.ripe.net."><ipv4>193.0.0.193</ipv4></nameserver><nameserver name="rip.psg.com."><ipv4>147.28.0.39</ipv4><ipv6>2001:418:1:0:0:0:0:39</ipv6></nameserver><nameserver name="sunic.sunet.se."><ipv4>192.36.125.2</ipv4><ipv6>2001:6b0:7:0:0:0:0:2</ipv6></nameserver><nameserver name="ns-al.isti.cnr.it."><ipv4>194.119.192.3</ipv4><ipv4>194.119.192.4</ipv4></nameserver></nameservers><reg-date>1992-04-21</reg-date><last-update>2008-12-28</last-update></domain><domain id="am"><registrant><organization>Internet Society</organization><address><line>Marshal Bagramian Avenue 40</line><line>Yerevan  375019</line></address><country>Armenia</country><reg-date>1985-01-01</reg-date><last-update>2003-05-21</last-update></registrant><admin><name>Dr. Igor Mkrtumyan</name><organization>Internet Society</organization><address><line>Marshal Bagramian Avenue 40</line><line>Yerevan  375019</line></address><country>Armenia</country><phone>+374 10 512653</phone><fax>+374 10 512512</fax><email>imkrtumyan@amnic.net</email><reg-date>1985-01-01</reg-date><last-update>2005-06-16</last-update></admin><tech><name>Hrant Dadivanyan</name><organization>Arminco Limited</organization><address><line>Isaakian Street 28</line><line>3rd Floor</line><line>Yerevan  375009</line></address><country>Armenia</country><phone>+374 91 420214</phone><fax>+374 10 544590</fax><email>ran@psg.com</email><reg-date>1985-01-01</reg-date><last-update>2005-06-16</last-update></tech><reg-url>http://www.amnic.net</reg-url><whois>whois.amnic.net</whois><nameservers><nameserver name="ns.amnic.net."><ipv4>195.250.64.90</ipv4><ipv6>2001:4d00:0:0:0:0:0:90</ipv6></nameserver><nameserver name="ns-am.ripe.net."><ipv4>193.0.12.12</ipv4><ipv6>2001:610:240:0:53:cc:12:12</ipv6></nameserver><nameserver name="rip.psg.com."><ipv4>147.28.0.39</ipv4><ipv6>2001:418:1:0:0:0:0:39</ipv6></nameserver><nameserver name="sec3.apnic.net."><ipv4>202.12.28.140</ipv4><ipv6>2001:dc0:1:0:4777:0:0:140</ipv6></nameserver><nameserver name="sunic.sunet.se."><ipv4>192.36.125.2</ipv4><ipv6>2001:6b0:7:0:0:0:0:2</ipv6></nameserver><nameserver name="ns-ext.isc.org."><ipv4>204.152.184.64</ipv4><ipv6>2001:4f8:0:2:0:0:0:13</ipv6></nameserver><nameserver name="sec1.apnic.net."><ipv4>202.12.29.59</ipv4><ipv6>2001:dc0:2001:a:4608::59</ipv6></nameserver></nameservers><reg-date>1994-08-26</reg-date><last-update>2008-12-23</last-update></domain><domain id="an"><registrant><organization>University of The Netherlands Antilles</organization><address><line>Jan Noorduynweg 111</line><line>Curacao</line></address><country>Netherlands Antilles</country><reg-date>1985-01-01</reg-date><last-update>2005-03-21</last-update></registrant><admin><name>Leendert J.J. Pengel</name><organization>University of The Netherlands Antilles</organization><address><line>Jan Noorduynweg 111</line><line>Curacao</line></address><country>Netherlands Antilles</country><phone>+599 9 8442248</phone><fax>+599 9 8442255</fax><email>ljpengel@una.an</email><reg-date>1985-01-01</reg-date><last-update>2005-03-21</last-update></admin><tech><name>Leendert J.J. Pengel</name><organization>University of The Netherlands Antilles</organization><address><line>Jan Noorduynweg 111</line><line>Curacao</line></address><country>Netherlands Antilles</country><phone>+599 9 8442222</phone><fax>+599 9 8442255</fax><email>lpengel@attglobal.net</email><reg-date>2004-06-22</reg-date><last-update>2005-03-21</last-update></tech><reg-url>http://www.una.an/an_domreg</reg-url><nameservers><nameserver name="engine0.una.an."><ipv4>200.26.199.99</ipv4></nameserver><nameserver name="engine1.una.net."><ipv4>198.93.177.21</ipv4></nameserver><nameserver name="kadushi.curinfo.an."><ipv4>65.208.122.63</ipv4></nameserver><nameserver name="ns.ripe.net."><ipv4>193.0.0.193</ipv4></nameserver><nameserver name="ns0.ja.net."><ipv4>128.86.1.20</ipv4><ipv6/><ipv4>193.63.94.20</ipv4><ipv6/><ipv6>2001:630:0:8:0:0:0:14</ipv6><ipv6/><ipv6>2001:630:0:9:0:0:0:14</ipv6></nameserver><nameserver name="ns01-server.curinfo.an."><ipv4>65.208.122.36</ipv4></nameserver><nameserver name="sunic.sunet.se."><ipv4>192.36.125.2</ipv4><ipv6>2001:6b0:7:0:0:0:0:2</ipv6></nameserver><nameserver name="engine3.una.an."><ipv4>200.26.199.102</ipv4></nameserver><nameserver name="engine2.una.an."><ipv4>65.174.238.100</ipv4></nameserver><nameserver name="ns3.cura.net."><ipv4>200.26.226.6</ipv4></nameserver></nameservers><reg-date>1993-09-09</reg-date><last-update>2008-09-24</last-update></domain><domain id="ao"><registrant><organization>Faculdade de Engenharia da Universidade Agostinho Neto</organization><address><line>Av. 4 de Fevereiro, nº 7, 2º andar</line><line>Luanda  CP 815</line></address><country>Angola</country><reg-date>1985-01-01</reg-date><last-update>2007-07-23</last-update></registrant><admin><name>Joao S. Teta</name><organization>Faculdade de Engenharia da Universidade Agostinho Neto</organization><address><line>Av. 4 de Fevereiro, nº 7, 2º Andar</line><line>Luanda  CP 815</line></address><country>Angola</country><phone>+244 222 311125 / 310296</phone><fax>+244 222 310283</fax><email>reitor.uan@nexus.ao , reitor@uan-angola.org</email><reg-date>1985-01-01</reg-date><last-update>2007-07-23</last-update></admin><tech><name>Assis Guerreiro</name><organization>Fundacao Para A Computacao Cientifica Nacional</organization><address><line>Av. do Brasil 101</line><line>Lisboa  1700-066</line></address><country>Portugal</country><phone>+351 21 8440100</phone><fax>+351 21 8472157</fax><email>assis.guerreiro@fccn.pt</email><reg-date>1985-01-01</reg-date><last-update>2008-12-05</last-update></tech><reg-url>http://www.dns.ao/</reg-url><nameservers><nameserver name="auth02.ns.uu.net."><ipv4>198.6.1.82</ipv4></nameserver><nameserver name="dns.fccn.pt."><ipv4>193.136.192.10</ipv4></nameserver><nameserver name="ns-ext.vix.com."><ipv4>204.152.184.64</ipv4></nameserver><nameserver name="sunic.sunet.se."><ipv4>192.36.125.2</ipv4><ipv6>2001:6b0:7:0:0:0:0:2</ipv6></nameserver><nameserver name="phobos.fccn.pt."><ipv4>193.136.7.17</ipv4></nameserver></nameservers><reg-date>1995-11-15</reg-date><last-update>2008-12-05</last-update></domain><domain id="aq"><registrant><organization>Mott and Associates</organization><address><line>PO Box 36 502</line><line>North Shore City Auckland 0748</line></address><country>New Zealand</country><reg-date>1985-01-01</reg-date><last-update>2008-06-19</last-update></registrant><admin><name>Peter Mott</name><organization>Mott &amp; Associates</organization><address><line>PO Box 36 502</line><line>North Shore City Auckland 0748</line></address><country>New Zealand</country><phone>+64 21 279 4995</phone><email>info@icenic.aq</email><reg-date>2008-06-19</reg-date><last-update>2008-06-19</last-update></admin><tech><name>Network Operations Centre</name><organization>Swizzle Limited</organization><address><line>PO Box 36 502</line><line>North Shore City Auckland 0748</line></address><country>New Zealand</country><phone>+64 9 488 9352</phone><email>noc@swizzle.co.nz</email><reg-date>1985-01-01</reg-date><last-update>2008-06-19</last-update></tech><nameservers><nameserver name="ns1.dns.aq."><ipv4>198.32.71.12</ipv4></nameserver><nameserver name="flag.ep.net."><ipv4>198.32.4.13</ipv4></nameserver><nameserver name="ns-ext.isc.org."><ipv4>204.152.184.64</ipv4><ipv6>2001:4f8:0:2:0:0:0:13</ipv6></nameserver><nameserver name="slave1.sth.netnod.se."><ipv4>192.36.144.116</ipv4></nameserver></nameservers><reg-date>1992-02-26</reg-date><last-update>2008-06-19</last-update></domain><domain id="ar"><registrant><organization><line>MRECIC (Ministerio de Relaciones Exteriores,</line><line>Comercio Internacional y Culto)</line></organization><address><line>Esmeralda 1212</line><line>Buenos Aires  1007</line></address><country>Argentina</country><reg-date>1985-01-01</reg-date><last-update>2004-04-22</last-update></registrant><admin><name>Gustavo Soliño</name><organization><line>MRECIC (Ministerio de Relaciones Exteriores, Comercio Internacional y</line><line>Culto)</line></organization><address><line>Esmeralda 1212</line><line>Buenos Aires  1007</line></address><country>Argentina</country><phone>+54 11 4819-7372 / 7667</phone><fax>+54 11 4819-7360</fax><email>gas@cancilleria.gov.ar</email><reg-date>1985-01-01</reg-date><last-update>2006-08-21</last-update></admin><tech><name>Gustavo Zazkin</name><organization><line>MRECIC (Ministerio de Relaciones Exteriores, Comercio Internacional y</line><line>Culto)</line></organization><address><line>Esmeralda 1212</line><line>Buenos Aires  1007</line></address><country>Argentina</country><phone>+54 11 4819-7262</phone><fax>+54 11 4819-7630</fax><email>gustavo@atina.ar</email><reg-date>1985-01-01</reg-date><last-update>2006-08-21</last-update></tech><reg-url>http://www.nic.ar</reg-url><nameservers><nameserver name="athea.ar."><ipv4>200.16.98.2</ipv4></nameserver><nameserver name="ctina.ar."><ipv4>200.16.97.17</ipv4></nameserver><nameserver name="merapi.switch.ch."><ipv4>130.59.211.10</ipv4><ipv6>2001:620:0:0:0:0:0:5</ipv6></nameserver><nameserver name="ns.uu.net."><ipv4>137.39.1.3</ipv4></nameserver><nameserver name="ns1.retina.ar."><ipv4>200.10.202.3</ipv4></nameserver><nameserver name="ns-ar.ripe.net."><ipv4>193.0.12.11</ipv4></nameserver><nameserver name="uucp-gw-1.pa.dec.com."><ipv4>204.123.2.18</ipv4></nameserver><nameserver name="uucp-gw-2.pa.dec.com."><ipv4>204.123.2.19</ipv4></nameserver></nameservers><reg-date>1987-09-23</reg-date><last-update>2006-08-21</last-update></domain><domain id="arpa"><registrant><organization>Internet Assigned Numbers Authority</organization><address><line>4676 Admiralty Way</line><line>Suite 330</line><line>Marina del Rey California 90292</line></address><country>United States</country><reg-date>1985-01-01</reg-date><last-update>2007-06-18</last-update></registrant><admin><organization><line>Internet Architecture Board (IAB)</line><line>c/o IETF Administrative Support Activity, ISOC</line></organization><address><line>1775 Wiehle Ave.</line><line>Suite 102</line><line>Reston Virginia 20190-5108</line></address><country>US</country><phone>+1 703 326 9880</phone><fax>+1 703 326 9881</fax><email>iab@iab.org</email><reg-date>2001-10-13</reg-date><last-update>2006-09-29</last-update></admin><tech><organization>Internet Assigned Numbers Authority</organization><address><line>4676 Admiralty Way</line><line>Suite 330</line><line>Marina del Rey California 90292</line></address><country>United States</country><phone>+1 310 823-9358</phone><fax>+1 310 823-8649</fax><email>iana@iana.org</email><reg-date>1985-01-01</reg-date><last-update>1985-01-01</last-update></tech><reg-url>http://www.iana.org/arpa-dom/</reg-url><whois>whois.iana.org</whois><nameservers><nameserver name="a.root-servers.net."><ipv4>198.41.0.4</ipv4><ipv6>2001:503:ba3e:0:0:0:2:30</ipv6></nameserver><nameserver name="b.root-servers.net."><ipv4>192.228.79.201</ipv4></nameserver><nameserver name="c.root-servers.net."><ipv4>192.33.4.12</ipv4></nameserver><nameserver name="d.root-servers.net."><ipv4>128.8.10.90</ipv4></nameserver><nameserver name="e.root-servers.net."><ipv4>192.203.230.10</ipv4></nameserver><nameserver name="f.root-servers.net."><ipv4>192.5.5.241</ipv4><ipv6>2001:500:2f:0:0:0:0:f</ipv6></nameserver><nameserver name="g.root-servers.net."><ipv4>192.112.36.4</ipv4></nameserver><nameserver name="h.root-servers.net."><ipv4>128.63.2.53</ipv4><ipv6>2001:500:1:0:0:0:803f:235</ipv6></nameserver><nameserver name="i.root-servers.net."><ipv4>192.36.148.17</ipv4></nameserver><nameserver name="k.root-servers.net."><ipv4>193.0.14.129</ipv4><ipv6>2001:7fd:0:0:0:0:0:1</ipv6></nameserver><nameserver name="l.root-servers.net."><ipv4>199.7.83.42</ipv4><ipv6>2001:500:3::42</ipv6></nameserver><nameserver name="m.root-servers.net."><ipv4>202.12.27.33</ipv4><ipv6>2001:dc3:0:0:0:0:0:35</ipv6></nameserver></nameservers><reg-date>1985-01-01</reg-date><last-update>2008-12-12</last-update></domain><domain id="as"><registrant><organization>AS Domain Registry</organization><address><line>P.O. Box 997303</line><line>Pago Pago  96799</line></address><country>American Samoa</country><reg-date>1985-01-01</reg-date><last-update>2006-03-22</last-update></registrant><admin><name>Registrar</name><organization>AS Domain Registry</organization><address><line>P.O. Box 997303</line><line>Pago Pago  96799</line></address><country>American Samoa</country><phone>+684 252 9742</phone><email>domainmaster@nic.as</email><reg-date>1985-01-01</reg-date><last-update>2008-07-22</last-update></admin><tech><name>GDNS Hostmaster</name><organization>GDNS, LLC</organization><address><line>PO Box 32</line><line>Frenchtown New Jersey 08825</line></address><country>United States</country><phone>+1 212 334 3660</phone><fax>+1 212 208 2674</fax><email>hostmaster@gdns.com</email><reg-date>1985-01-01</reg-date><last-update>2008-07-22</last-update></tech><reg-url>http://www.nic.as</reg-url><whois>whois.nic.as</whois><nameservers><nameserver name="dca.tld.gdns.net."><ipv4>198.65.143.254</ipv4></nameserver><nameserver name="tld1.ultradns.net."><ipv4>204.74.112.1</ipv4><ipv6>2001:502:d399:0:0:0:0:1</ipv6></nameserver><nameserver name="tld2.ultradns.net."><ipv4>204.74.113.1</ipv4></nameserver><nameserver name="tld3.ultradns.org."><ipv4>199.7.66.1</ipv4></nameserver><nameserver name="tld4.ultradns.org."><ipv4>199.7.67.1</ipv4><ipv6>2001:502:100e:0:0:0:0:1</ipv6></nameserver><nameserver name="tld5.ultradns.info."><ipv4>192.100.59.11</ipv4></nameserver><nameserver name="tld6.ultradns.co.uk."><ipv4>198.133.199.11</ipv4></nameserver><nameserver name="lhr.tld.gdns.net."><ipv4>213.130.50.78</ipv4></nameserver></nameservers><reg-date>1997-06-12</reg-date><last-update>2008-07-22</last-update></domain><domain id="asia"><registrant><organization>DotAsia Organisation Ltd.</organization><address><line>Unit 617, Miramar Tower,</line><line>132 Nathan Road</line><line>Tsim Sha Tsui</line></address><country>Hong Kong</country><reg-date>2007-05-02</reg-date><last-update>2007-05-02</last-update></registrant><admin><name>DotAsia Administrative Contact</name><organization>DotAsia Organisation Ltd.</organization><address><line>Unit 617, Miramar Tower,</line><line>132 Nathan Road</line><line>Tsim Sha Tsui</line></address><country>Hong Kong</country><phone>+852.35.20.26.35</phone><fax>+852.35.20.26.34</fax><email>admin@iana.whois.asia</email><reg-date>2007-05-02</reg-date><last-update>2008-03-14</last-update></admin><tech><name>DotAsia Technical Contact</name><organization>DotAsia Organisation Ltd.</organization><address><line>Unit 617, Miramar Tower,</line><line>132 Nathan Road</line><line>Tsim Sha Tsui</line></address><country>Hong Kong</country><phone>+852.35.20.26.35</phone><fax>+852.35.20.26.34</fax><email>tech@iana.whois.asia</email><reg-date>2007-05-02</reg-date><last-update>2008-03-14</last-update></tech><reg-url>http://www.registry.asia</reg-url><whois>whois.nic.asia</whois><nameservers><nameserver name="a0.asia.afilias-nst.info."><ipv4>199.19.55.1</ipv4><ipv6>2001:500:d:0:0:0:0:1</ipv6></nameserver><nameserver name="b0.asia.afilias-nst.asia."><ipv4>199.254.28.1</ipv4><ipv6>2001:500:16:0:0:0:0:1</ipv6></nameserver><nameserver name="c0.asia.afilias-nst.info."><ipv4>199.254.29.1</ipv4><ipv6>2001:500:17:0:0:0:0:1</ipv6></nameserver><nameserver name="d0.asia.afilias-nst.asia."><ipv4>199.254.30.1</ipv4><ipv6>2001:500:18:0:0:0:0:1</ipv6></nameserver><nameserver name="a2.asia.afilias-nst.info."><ipv4>199.249.114.1</ipv4><ipv6>2001:500:42:0:0:0:0:1</ipv6></nameserver><nameserver name="b2.asia.afilias-nst.org."><ipv4>199.249.122.1</ipv4><ipv6>2001:500:4a:0:0:0:0:1</ipv6></nameserver></nameservers><reg-date>2007-05-02</reg-date><last-update>2008-12-15</last-update></domain><domain id="at"><registrant><organization>NIC.AT Internet Verwaltungs und Betriebsgesellschaft m.b.H</organization><address><line>Jakob-Haringer-Strasse 8</line><line>Salzburg  A-5020</line></address><country>Austria</country><reg-date>1985-01-01</reg-date><last-update>1985-01-01</last-update></registrant><admin><name>Geschaeftsfuehrer NIC.AT</name><organization>NIC.AT Internet Verwaltungs und Betriebsgesellschaft m.b.H.</organization><address><line>Jakob-Haringer-Strasse 8</line><line>Salzburg  A-5020</line></address><country>Austria</country><phone>+43 662 4669-14</phone><fax>+43 662 4669-19</fax><email>gf@nic.at</email><reg-date>1985-01-01</reg-date><last-update>2003-04-10</last-update></admin><tech><name>Technik NIC.AT</name><organization><line>NIC.AT Internet Verwaltungs und Betriebsgesellschaft m.b.H.</line><line>c/o Vienna University Computer Center</line></organization><address><line>Universitaetsstrasse 7</line><line>Vienna  A-1010</line></address><country>Austria</country><phone>+43 1 4277 14035</phone><fax>+43 1 4277 9140</fax><email>tech-nic-at@nic.at</email><reg-date>1985-01-01</reg-date><last-update>2007-09-10</last-update></tech><reg-url>http://www.nic.at/</reg-url><whois>whois.nic.at</whois><nameservers><nameserver name="ns1.univie.ac.at."><ipv4>193.171.255.2</ipv4></nameserver><nameserver name="ns2.univie.ac.at."><ipv4>192.92.125.2</ipv4><ipv6>2001:628:453:4302:0:0:0:53</ipv6></nameserver><nameserver name="ns9.univie.ac.at."><ipv4>192.76.243.2</ipv4></nameserver><nameserver name="ns-uk.nic.at."><ipv4>195.66.241.82</ipv4></nameserver><nameserver name="ns-us1.nic.at."><ipv4>204.152.184.202</ipv4><ipv6>2001:4f8:4:b:0:0:0:202</ipv6></nameserver><nameserver name="sss-jp.nic.at."><ipv4>210.81.13.181</ipv4></nameserver><nameserver name="sss-nl.nic.at."><ipv4>87.233.175.130</ipv4></nameserver><nameserver name="sss-us2.nic.at."><ipv4>206.65.170.101</ipv4></nameserver><nameserver name="d.nic.at."><ipv4>81.91.161.98</ipv4></nameserver><nameserver name="j.nic.at."><ipv4>194.146.106.50</ipv4></nameserver></nameservers><reg-date>1988-01-20</reg-date><last-update>2008-05-01</last-update></domain><domain id="au"><registrant><organization>.au Domain Administration (auDA)</organization><address><line>114 Cardigan Street</line><line>Carlton  VIC 3053</line></address><country>Australia</country><reg-date>1985-01-01</reg-date><last-update>2007-04-30</last-update></registrant><admin><name>Chris Disspain, CEO</name><organization>.au Domain Administration (auDA)</organization><address><line>114 Cardigan Street</line><line>Carlton  VIC 3053</line></address><country>Australia</country><phone>+ 61 03 8341 4111, + 61 1300 732 929</phone><fax>+ 61 03 8341 4112</fax><email>ceo@auda.org.au</email><reg-date>1985-01-01</reg-date><last-update>2007-04-30</last-update></admin><tech><name>Chris Disspain, CEO</name><organization>.au Domain Administration (auDA)</organization><address><line>114 Cardigan Street</line><line>Carlton  VIC 3053</line></address><country>Australia</country><phone>+ 61 03 8341 4111, + 61 1300 732 929</phone><fax>+ 61 03 8341 4112</fax><email>ceo@auda.org.au</email><reg-date>1985-01-01</reg-date><last-update>2007-04-30</last-update></tech><reg-url>http://www.aunic.net</reg-url><whois>whois.aunic.net</whois><nameservers><nameserver name="ns1.audns.net.au."><ipv4>58.65.255.73</ipv4></nameserver><nameserver name="adns1.berkeley.edu."><ipv4>128.32.136.3</ipv4></nameserver><nameserver name="adns2.berkeley.edu."><ipv4>128.32.136.14</ipv4></nameserver><nameserver name="sec1.apnic.net."><ipv4>202.12.29.59</ipv4><ipv6>2001:dc0:2001:a:4608::59</ipv6></nameserver><nameserver name="sec3.apnic.net."><ipv4>202.12.28.140</ipv4><ipv6>2001:dc0:1:0:4777:0:0:140</ipv6></nameserver><nameserver name="audns.optus.net."><ipv4>211.29.133.32</ipv4></nameserver><nameserver name="dns1.telstra.net."><ipv4>203.50.5.200</ipv4></nameserver><nameserver name="ns2.audns.net.au."><ipv4>58.65.249.73</ipv4></nameserver></nameservers><reg-date>1986-03-05</reg-date><last-update>2008-10-16</last-update></domain><domain id="aw"><registrant><organization>SETAR</organization><address><line>P.O. Box 13</line><line>Seroe Blanco</line><line>Oranjestad</line></address><country>Aruba</country><reg-date>1985-01-01</reg-date><last-update>1985-01-01</last-update></registrant><admin><name>Joaquin Kelkboom</name><organization>SETAR</organization><address><line>P.O. Box 13</line><line>Seroe Blanco</line><line>Oranjestad</line></address><country>Aruba</country><phone>+297 582 5264</phone><fax>+297 582 5505</fax><email>jjmkelkboom@setarnet.aw</email><reg-date>1985-01-01</reg-date><last-update>2003-10-21</last-update></admin><tech><name>SetarNet Operations</name><organization>SETAR</organization><address><line>P.O. Box 13</line><line>Seroe Blanco</line><line>P.O. Box 13 Seroe Blanco Oranjestad</line></address><country>Aruba</country><phone>+297 583 4000</phone><fax>+297 583 4030</fax><email>hostmaster@setarnet.aw</email><reg-date>1985-01-01</reg-date><last-update>2003-10-21</last-update></tech><nameservers><nameserver name="ns1.setarnet.aw."><ipv4>209.88.128.25</ipv4></nameserver><nameserver name="ns2.setarnet.aw."><ipv4>209.88.128.26</ipv4></nameserver><nameserver name="ns3.domain-registry.nl."><ipv4>193.176.144.6</ipv4></nameserver></nameservers><reg-date>1996-02-20</reg-date><last-update>2005-07-26</last-update></domain><domain id="ax"><registrant><organization>Ålands landskapsregering</organization><address><line>Strandgatan</line><line>Mariehamn  22100</line></address><country>Aland Islands, Finland</country><reg-date>2004-04-27</reg-date><last-update>2007-01-04</last-update></registrant><admin><name>Ronny Lundström</name><organization>Ålands landskapsregering</organization><address><line>PB 1060</line><line>Mariehamn  AX-22111</line></address><country>Aland Islands, Finland</country><phone>+358 18 25000</phone><fax>+358 18 19155</fax><email>itsupport@regeringen.ax</email><reg-date>2006-06-20</reg-date><last-update>2007-01-18</last-update></admin><tech><name>Conny Rosenberg</name><organization>Alands Datakommunikation AB</organization><address><line>PB 233</line><line>Mariehamn  AX-22101</line></address><country>Aland Islands, Finland</country><phone>+358 18 23500</phone><fax>+358 18 14643</fax><email>conny@alcom.ax</email><reg-date>2006-06-20</reg-date><last-update>2007-01-18</last-update></tech><reg-url>http://www.regeringen.ax/axreg/</reg-url><nameservers><nameserver name="ns1.aalnet.net."><ipv4>194.112.0.1</ipv4></nameserver><nameserver name="ns2.aalnet.net."><ipv4>194.112.0.5</ipv4></nameserver><nameserver name="ns3.aalnet.net."><ipv4>82.199.186.130</ipv4></nameserver></nameservers><last-update>2008-04-30</last-update></domain><domain id="az"><registrant><organization>IntraNS</organization><address><line>196, Dilara Aliyeva str</line><line>Baku  1000</line></address><country>Azerbaijan</country><reg-date>1985-01-01</reg-date><last-update>2008-01-16</last-update></registrant><admin><name>Faig Farmanov</name><organization>IntraNS</organization><address><line>196, Dilara Aliyeva str</line><line>Baku  1000</line></address><country>Azerbaijan</country><phone>+994 12 4980522</phone><fax>+994 12 4980522</fax><email>fa@fa.az</email><reg-date>1985-01-01</reg-date><last-update>2008-01-16</last-update></admin><tech><name>Timur Khanjanov</name><organization>IntraNS</organization><address><line>196, Dilara Aliyeva str</line><line>Baku  1000</line></address><country>Azerbaijan</country><phone>+994 12 4939319</phone><email>intel@intrans.baku.az</email><reg-date>1985-01-01</reg-date><last-update>2008-01-16</last-update></tech><reg-url>http://www.whois.az/</reg-url><nameservers><nameserver name="ns.demos.su."><ipv4>194.87.0.8</ipv4><ipv4>194.87.0.9</ipv4></nameserver><nameserver name="rip.psg.com."><ipv4>147.28.0.39</ipv4><ipv6>2001:418:1:0:0:0:0:39</ipv6></nameserver></nameservers><reg-date>1993-08-25</reg-date><last-update>2008-12-18</last-update></domain><domain id="ba"><registrant><organization>Universtiy Telinformatic Centre (UTIC)</organization><address><line>Zmaja od Bosne 8 (objekat 33)</line><line>Sarajevo  71000</line></address><country>Bosnia-Hercegovina</country><reg-date>1985-01-01</reg-date><last-update>2005-05-12</last-update></registrant><admin><name>Aida Radielovic</name><organization>University Teleinformatic Centre (UTIC)</organization><address><line>Zmaja od Bosne 8 (objekat 33)</line><line>Sarajevo  71000</line></address><country>Bosnia-Hercegovina</country><phone>+387 33 560 240</phone><fax>+387 33 213 773</fax><email>dnsadmin@utic.net.ba</email><reg-date>1985-01-01</reg-date><last-update>2005-12-09</last-update></admin><tech><name>Senad Burak</name><organization>University Teleinformatic Centre (UTIC)</organization><address><line>Zmaja od Bosne 8 (objekat 33)</line><line>Sarajevo  71000</line></address><country>Bosnia-Hercegovina</country><phone>+387 33 560 240</phone><fax>+387 33 213 773</fax><email>dnstech@utic.net.ba</email><reg-date>1985-01-01</reg-date><last-update>2007-11-05</last-update></tech><reg-url>http://www.nic.ba</reg-url><nameservers><nameserver name="auth03.ns.uu.net."><ipv4>198.6.1.83</ipv4></nameserver><nameserver name="munnari.oz.au."><ipv4>202.28.99.196</ipv4></nameserver><nameserver name="ns.ba."><ipv4>195.130.35.5</ipv4></nameserver><nameserver name="ns-ba.ripe.net."><ipv4>193.0.12.28</ipv4></nameserver><nameserver name="sava.utic.net.ba."><ipv4>195.130.35.3</ipv4></nameserver></nameservers><reg-date>1996-08-14</reg-date><last-update>2008-12-22</last-update></domain><domain id="bb"><registrant><organization><line>Government of Barbados</line><line>Ministry of Economic Affairs and Development</line><line>Telecommunications Unit</line></organization><address><line>3rd Floor East</line><line>Warrens Complex</line><line>Warrens St. Michael BB12001</line></address><country>Barbados</country><reg-date>1985-01-01</reg-date><last-update>2008-02-19</last-update></registrant><admin><name>Mr. Reginald Bourne</name><organization><line>Chief Telecommunications Officer</line><line>Telecommunications Unit</line></organization><address><line>3rd Floor East</line><line>Warrens Complex</line><line>Warrens St. Michael BB12001</line></address><country>Barbados</country><phone>+1 (246) 310-2251</phone><fax>+1 (246) 426-0960</fax><email>Reginald_bourne@barbadosbusiness.gov.bb</email><reg-date>1985-01-01</reg-date><last-update>2008-02-19</last-update></admin><tech><name>Mr. Winston Devonish</name><organization><line>Senior Telecommunications Officer</line><line>Telecommunications Unit</line></organization><address><line>3rd Floor East</line><line>Warrens Complex</line><line>Warrens St. Michael BB12001</line></address><country>Barbados</country><phone>+1 (246) 310-2220</phone><fax>+1 (246) 426-0960</fax><email>winston_devonish@barbadosbusiness.gov.bb</email><reg-date>1985-01-01</reg-date><last-update>2008-02-19</last-update></tech><nameservers><nameserver name="ns1.barbadosdomains.net."><ipv4>200.50.92.195</ipv4></nameserver><nameserver name="ns2.barbadosdomains.net."><ipv4>205.244.149.107</ipv4></nameserver></nameservers><reg-date>1991-09-03</reg-date><last-update>2008-02-21</last-update></domain><domain id="bd"><registrant><organization><line>Ministry of Post &amp; Telecommunications</line><line>Bangladesh Secretariate</line></organization><address><line>Dhaka  1000</line></address><country>Bangladesh</country><reg-date>1985-01-01</reg-date><last-update>1985-01-01</last-update></registrant><admin><name>Director Telecom</name><organization><line>Ministry of Post &amp; Telecommunications</line><line>Bangladesh Secretariate</line></organization><address><line>Dhaka  1000</line></address><country>Bangladesh</country><phone>+880-2-868497</phone><fax>+880-2-865775</fax><email>mopt@BTTB.NET</email><reg-date>1985-01-01</reg-date><last-update>1985-01-01</last-update></admin><tech><name>General Manager</name><organization><line>Overseas Telecom</line><line>Bangladesh Telegraph &amp; Telephone Board</line></organization><address><line>Mohakhali Satellite Earth Station</line><line>Dhaka  1213</line></address><country>Bangladesh</country><phone>+880-2-9871688</phone><fax>+880-2-9871455</fax><email>gmotr@BTTB.NET</email><reg-date>1985-01-01</reg-date><last-update>1985-01-01</last-update></tech><reg-url>http://www.bttb.net.bd/dotbd.html</reg-url><nameservers><nameserver name="dns.bd."><ipv4>209.58.24.3</ipv4></nameserver><nameserver name="slave.bttb.net."><ipv4>203.112.194.243</ipv4></nameserver></nameservers><reg-date>1999-05-20</reg-date><last-update>2005-07-26</last-update></domain><domain id="be"><registrant><organization>DNS BE vzw/asbl</organization><address><line>Ubicenter, Philipssite 5, bus 13</line><line>Leuven  3001</line></address><country>Belgium</country><reg-date>1985-01-01</reg-date><last-update>2006-03-24</last-update></registrant><admin><name>Marc Van Wesemael</name><organization>DNS BE vzw/asbl</organization><address><line>Ubicenter, Philipssite 5, bus 13</line><line>Leuven  3001</line></address><country>Belgium</country><phone>+32 16 22 93 73</phone><fax>+32 16 28 49 71</fax><email>admin@dns.be</email><reg-date>1985-01-01</reg-date><last-update>2006-03-24</last-update></admin><tech><name>Technical Staff - Peter Janssen</name><organization>DNS BE vzw/asbl</organization><address><line>Ubicenter, Philipssite 5, bus 13</line><line>Leuven  3001</line></address><country>Belgium</country><phone>+32 16 28 49 72</phone><fax>+32 16 28 49 71</fax><email>tech@dns.be</email><reg-date>1985-01-01</reg-date><last-update>2006-03-24</last-update></tech><reg-url>http://www.dns.be</reg-url><whois>whois.dns.be</whois><nameservers><nameserver name="a.ns.dns.be."><ipv4>193.109.126.140</ipv4></nameserver><nameserver name="amsterdam.ns.dns.be."><ipv4>91.200.16.101</ipv4></nameserver><nameserver name="b.ns.dns.be."><ipv4>193.109.126.12</ipv4></nameserver><nameserver name="brussels.ns.dns.be."><ipv4>193.190.135.4</ipv4><ipv6>2001:6a8:3c60:0:0:0:0:be</ipv6></nameserver><nameserver name="c.ns.dns.be."><ipv4>195.22.139.135</ipv4></nameserver><nameserver name="london.ns.dns.be."><ipv4>195.66.241.90</ipv4></nameserver><nameserver name="prague.ns.dns.be."><ipv4>195.47.235.138</ipv4></nameserver><nameserver name="x.dns.be."><ipv4>194.0.1.10</ipv4><ipv6>2001:678:4:0:0:0:0:a</ipv6></nameserver></nameservers><reg-date>1988-08-05</reg-date><last-update>2009-03-02</last-update></domain><domain id="bf"><registrant><organization>DELGI Delegational Generale Informatique</organization><address><line>BP 1332</line><line>Ouagadougou  01</line></address><country>Burkina Faso</country><reg-date>1985-01-01</reg-date><last-update>2006-12-04</last-update></registrant><admin><name>Joachim Tankoano</name><organization>DELGI Delegation Generale Informatique</organization><address><line>BP 1332</line><line>Ouagadougou  01</line></address><country>Burkina Faso</country><phone>+226 50 31 48 88</phone><fax>+226 50 31 07 64</fax><email>joachim.tankoano@delgi.gov.bf</email><reg-date>1985-01-01</reg-date><last-update>2006-12-04</last-update></admin><tech><name>Ali Drissa Badiel</name><organization>ONATEL (Office National des Telecommunications)</organization><address><line>01 BP 10000</line><line>Ouagadougou  01</line></address><country>Burkina Faso</country><phone>+226 50 33 88 71</phone><fax>+226 50 31 17 76</fax><email>badiel@onatel.bf</email><reg-date>2006-12-04</reg-date><last-update>2006-12-05</last-update></tech><reg-url>http://www.onatel.bf/domaine.htm</reg-url><nameservers><nameserver name="castor.teleglobe.net."><ipv4>199.202.55.2</ipv4></nameserver><nameserver name="nahouri.onatel.bf."><ipv4>206.82.130.196</ipv4></nameserver><nameserver name="ns1.ird.fr."><ipv4>193.50.53.3</ipv4></nameserver></nameservers><reg-date>1993-03-29</reg-date><last-update>2006-12-05</last-update></domain><domain id="bg"><registrant><organization>Register.BG</organization><address><line>40, Slivnitsa blvd</line><line>Varna  9000</line></address><country>Bulgaria</country><reg-date>1985-01-01</reg-date><last-update>2006-08-08</last-update></registrant><admin><name>Dragomir Slavov</name><organization>Register.BG</organization><address><line>40, Slivnitsa blvd</line><line>Varna  9000</line></address><country>Bulgaria</country><phone>+359 52 614179 or +359 52 603231</phone><fax>+359 52 614176 or +359 2 9806889</fax><email>dhs@digsys.bg</email><reg-date>1985-01-01</reg-date><last-update>2006-08-08</last-update></admin><tech><name>Daniel Kalchev</name><organization>Register.BG</organization><address><line>40, Slivnitsa blvd</line><line>Varna  9000</line></address><country>Bulgaria</country><phone>+359 52 694060 or +359 52 603231</phone><fax>+359 52 614176 or +359 2 9806889</fax><email>daniel@digsys.bg</email><reg-date>1985-01-01</reg-date><last-update>2006-08-08</last-update></tech><reg-url>http://www.register.bg</reg-url><whois>whois.register.bg</whois><nameservers><nameserver name="ns.register.bg."><ipv4>192.92.129.99</ipv4></nameserver><nameserver name="ns-ext.vix.com."><ipv4>204.152.184.64</ipv4></nameserver><nameserver name="sunic.sunet.se."><ipv4>192.36.125.2</ipv4><ipv6>2001:6b0:7:0:0:0:0:2</ipv6></nameserver><nameserver name="ns-bg.ripe.net."><ipv4>193.0.12.34</ipv4></nameserver><nameserver name="ns2.register.bg."><ipv4>193.68.3.232</ipv4></nameserver></nameservers><reg-date>1995-01-03</reg-date><last-update>2008-09-24</last-update></domain><domain id="bh"><registrant><organization>BATELCO</organization><address><line>Telegraph House</line><line>Lulu Avenue, Salmaniya</line><line>PO Box 14</line><line>Manama</line></address><country>Bahrain</country><reg-date>1985-01-01</reg-date><last-update>1985-01-01</last-update></registrant><admin><name>Hisham Al-Saad</name><organization>Bahrain Telecommunications Company (BATELCO)</organization><address><line>Telegraph House</line><line>Lulu Avenue, Salmaniya</line><line>PO Box 14</line><line>Manama</line></address><country>Bahrain</country><phone>+973 17883973</phone><fax>+973 19713973</fax><email>hisham@batelco.com.bh</email><reg-date>1985-01-01</reg-date><last-update>2008-07-17</last-update></admin><tech><name>Hussain Makhlooq</name><organization>Bahrain Telecommunications Company (BATELCO)</organization><address><line>Telegraph House</line><line>Lulu Avenue, Salmaniya</line><line>PO Box 14</line><line>Manama</line></address><country>Bahrain</country><phone>+973 17883063</phone><fax>+973 17913063</fax><email>makhlooq@batelco.com.bh</email><reg-date>1985-01-01</reg-date><last-update>2008-07-17</last-update></tech><reg-url>http://www.inet.com.bh</reg-url><nameservers><nameserver name="ns.batelco.com.bh."><ipv4>193.188.97.197</ipv4></nameserver><nameserver name="ns2.batelco.com.bh."><ipv4>193.188.97.212</ipv4></nameserver><nameserver name="ns3.batelco.com.bh."><ipv4>193.188.97.193</ipv4></nameserver><nameserver name="ns4.batelco.com.bh."><ipv4>193.188.97.209</ipv4></nameserver></nameservers><reg-date>1994-02-01</reg-date><last-update>2008-07-17</last-update></domain><domain id="bi"><registrant><organization>Centre National de l'Informatique</organization><address><line>155 - 161 Chaussee P. L. Rwagasore</line><line>Bujumbura  BP 2270</line></address><country>Burundi</country><reg-date>1985-01-01</reg-date><last-update>2002-07-17</last-update></registrant><admin><name>Victor Ciza</name><organization>Centre National de l'Informatique</organization><address><line>157 Chaussee P. L. Rwagasore</line><line>Bujumbura  BP 2270</line></address><country>Burundi</country><phone>+257 22 5005</phone><fax>+257 22 8764</fax><email>victor@cbinf.com or admin@nic.bi</email><reg-date>1985-01-01</reg-date><last-update>2002-07-23</last-update></admin><tech><name>Felix Ndayirukiye</name><organization>CBINET s.a.</organization><address><line>157 Chaussee P. L. Rwagasore</line><line>Bujumbura  BP 2270</line></address><country>Burundi</country><phone>+ 257-21-9229</phone><fax>+ 257-22-8764</fax><email>admin@cbinf.com</email><reg-date>1985-01-01</reg-date><last-update>2002-07-17</last-update></tech><reg-url>http://www.nic.bi</reg-url><nameservers><nameserver name="dns.princeton.edu."><ipv4>128.112.129.15</ipv4></nameserver><nameserver name="ns.nic.bi."><ipv4>196.2.8.205</ipv4></nameserver><nameserver name="ns-bi.ripe.net."><ipv4>193.0.12.36</ipv4><ipv6>2001:610:240:0:53:cc:12:36</ipv6></nameserver><nameserver name="sunic.sunet.se."><ipv4>192.36.125.2</ipv4><ipv6>2001:6b0:7:0:0:0:0:2</ipv6></nameserver><nameserver name="ns1.nic.bi."><ipv4>196.2.12.205</ipv4></nameserver></nameservers><reg-date>1996-10-21</reg-date><last-update>2008-09-24</last-update></domain><domain id="biz"><registrant><organization>NeuStar, Inc.</organization><address><line>Loudoun Tech Center</line><line>46000 Center Oak Plaza</line><line>Sterling Virginia 20166</line></address><country>United States</country><reg-date>1985-01-01</reg-date><last-update>2007-07-10</last-update></registrant><admin><name>Director of Customer Service</name><organization>NeuStar, Inc.</organization><address><line>Loudoun Tech Center</line><line>46000 Center Oak Plaza</line><line>Sterling Virginia 20166</line></address><country>United States</country><phone>+1 571 434-5757</phone><fax>+1 571 434-5758</fax><email>support@neustar.biz</email><reg-date>1985-01-01</reg-date><last-update>2007-07-10</last-update></admin><tech><name>NeuStar Operations Center</name><organization>NeuStar, Inc.</organization><address><line>Loudoun Tech Center</line><line>46000 Center Oak Plaza</line><line>Sterling Virginia 20166</line></address><country>United States</country><phone>+1 866 638-6622</phone><fax>+1 571 434-5742</fax><email>nocteam@neustar.biz</email><reg-date>1985-01-01</reg-date><last-update>2007-07-10</last-update></tech><reg-url>http://www.nic.biz</reg-url><whois>whois.biz</whois><nameservers><nameserver name="a.gtld.biz."><ipv4>209.173.53.162</ipv4></nameserver><nameserver name="b.gtld.biz."><ipv4>209.173.57.162</ipv4></nameserver><nameserver name="c.gtld.biz."><ipv4>209.173.60.65</ipv4></nameserver><nameserver name="d.gtld.biz."><ipv4>213.86.51.129</ipv4></nameserver><nameserver name="e.gtld.biz."><ipv4>209.173.58.65</ipv4></nameserver><nameserver name="f.gtld.biz."><ipv4>209.173.58.66</ipv4></nameserver><nameserver name="g.gtld.biz."><ipv4>199.7.64.126</ipv4><ipv6>2001:503:7bbb:ffff:ffff:ffff:ffff:ff7e</ipv6></nameserver><nameserver name="h.gtld.biz."><ipv4>199.7.77.126</ipv4><ipv6>2001:503:8028:ffff:ffff:ffff:ffff:ff7e</ipv6></nameserver></nameservers><reg-date>2001-06-26</reg-date><last-update>2007-07-10</last-update></domain><domain id="bj"><registrant><organization>Offices des Postes et Telecommunications</organization><address><line>P.O. Box 5656</line><line>Cotonou</line></address><country>Benin</country><reg-date>1985-01-01</reg-date><last-update>1985-01-01</last-update></registrant><admin><name>Louis Agbaholou</name><organization>Office des Postes et Telecommunications</organization><address><line>P.O. Box 5656</line><line>Cotonou</line></address><country>Benin</country><phone>+229 318 787</phone><email>agbaholou@intnet.bj</email><reg-date>1985-01-01</reg-date><last-update>1985-01-01</last-update></admin><tech><name>Franck Lucky Dossou</name><organization>Office des Postes et Telecommunications du Benin</organization><address><line>Cotonou  B.P. 5959</line></address><country>Benin</country><phone>+229 318 787</phone><fax>+229 313 843</fax><email>dosfrk@intnet.bj</email><reg-date>1985-01-01</reg-date><last-update>2004-05-11</last-update></tech><reg-url>http://www.nic.bj</reg-url><whois>whois.nic.bj</whois><nameservers><nameserver name="ns1.intnet.bj."><ipv4>81.91.225.18</ipv4></nameserver><nameserver name="bow.rain.fr."><ipv4>194.51.3.49</ipv4></nameserver><nameserver name="nakayo.leland.bj."><ipv4>81.91.225.1</ipv4></nameserver><nameserver name="ns-bj.ripe.net."><ipv4>193.0.12.24</ipv4></nameserver></nameservers><reg-date>1996-01-18</reg-date><last-update>2005-10-06</last-update></domain><domain id="bl"><registrant><organization>Not assigned</organization><address/><reg-date>1985-01-01</reg-date><last-update>1985-01-01</last-update></registrant><admin><organization>Not assigned</organization><address/><reg-date>1985-01-01</reg-date><last-update>1985-01-01</last-update></admin><tech><organization>Not assigned</organization><address/><reg-date>1985-01-01</reg-date><last-update>1985-01-01</last-update></tech><nameservers/><reg-date>2007-10-11</reg-date><last-update>2007-10-11</last-update></domain><domain id="bm"><registrant><organization><line>Registry General</line><line>Ministry of Labour and Immigration</line></organization><address><line>Government Administration Building</line><line>30 Parliament Street</line><line>Hamilton Pembroke HM 12</line></address><country>Bermuda</country><reg-date>1985-01-01</reg-date><last-update>2007-10-26</last-update></registrant><admin><name>Marlene Christopher (Registrar General)</name><organization>Registry General</organization><address><line>30 Parliament Street</line><line>Hamilton Pembroke HM 12</line></address><country>Bermuda</country><phone>+1 441 297 7705</phone><fax>+1 441 292 4568</fax><email>mchristopher@gov.bm</email><reg-date>1985-01-01</reg-date><last-update>2007-10-26</last-update></admin><tech><name>TLD DNS Administrator</name><organization>I.T.O. Bermuda Government</organization><address><line>12 Longford Rd.</line><line>Channel House St Georges DD03</line></address><country>Bermuda</country><phone>+1 441 295 5151</phone><fax>+1 441 295 2948</fax><email>TLDDNSADMIN@gov.bm</email><reg-date>1985-01-01</reg-date><last-update>2007-10-26</last-update></tech><reg-url>http://www.bermudanic.bm</reg-url><nameservers><nameserver name="auth02.ns.uu.net."><ipv4>198.6.1.82</ipv4></nameserver><nameserver name="ns.uu.net."><ipv4>137.39.1.3</ipv4></nameserver><nameserver name="ns1.bm."><ipv4>206.53.190.202</ipv4></nameserver><nameserver name="ns1.ibl.bm."><ipv4>199.172.192.1</ipv4></nameserver><nameserver name="ns2.bm."><ipv4>209.27.65.33</ipv4></nameserver><nameserver name="ns2.ibl.bm."><ipv4>199.172.192.2</ipv4></nameserver><nameserver name="ns3.bm."><ipv4>207.228.134.10</ipv4></nameserver><nameserver name="sunic.sunet.se."><ipv4>192.36.125.2</ipv4><ipv6>2001:6b0:7:0:0:0:0:2</ipv6></nameserver></nameservers><reg-date>1993-03-31</reg-date><last-update>2008-09-24</last-update></domain><domain id="bn"><registrant><organization>Jabatan Telekom Brunei</organization><address><line>Old Airport Road</line><line>Bandar Seri Begawan  BB3510</line></address><country>Brunei Darussalam</country><reg-date>1985-01-01</reg-date><last-update>1985-01-01</last-update></registrant><admin><name>Noor Azian Haji Abu Bakar</name><organization>Jabatan Telekom Brunei</organization><address><line>Old Airport Road</line><line>Berakas  BB3510</line></address><country>Brunei Darussalam</country><phone>+673 2 322438</phone><fax>+673 2 383888</fax><email>dns@brunet.bn</email><reg-date>1985-01-01</reg-date><last-update>2004-10-20</last-update></admin><tech><name>Mohammad Zainulrijal bin Haji Adanan</name><organization>Jabatan Telekom Brunei</organization><address><line>Telephone House</line><line>Sumbiling Bandar Seri Begawan</line></address><country>Brunei Darussalam</country><phone>+673 2 321321</phone><fax>+673 2 221838</fax><email>dns@brunet.bn</email><reg-date>1985-01-01</reg-date><last-update>2004-10-22</last-update></tech><reg-url>http://www.brunet.bn</reg-url><nameservers><nameserver name="dns1-tl.brunet.bn."><ipv4>202.160.9.9</ipv4></nameserver><nameserver name="dns2-tl.brunet.bn."><ipv4>202.160.9.10</ipv4></nameserver><nameserver name="jtb.brunet.bn."><ipv4>202.160.8.2</ipv4></nameserver><nameserver name="ns2.brunet.bn."><ipv4>202.160.8.20</ipv4></nameserver><nameserver name="ns-bn.ripe.net."><ipv4>193.0.12.33</ipv4></nameserver></nameservers><reg-date>1994-06-03</reg-date><last-update>2006-01-04</last-update></domain><domain id="bo"><registrant><organization>Agencia para el Desarrollo de la Información de la Sociedad en Bolivia</organization><address><line>Calle Ayacucho y Mercado No. 308 Piso 3</line><line>Edificio de la Vicepresidencia</line><line>La Paz  13097</line></address><country>Bolivia</country><reg-date>1985-01-01</reg-date><last-update>2008-08-06</last-update></registrant><admin><name>Jorge Alejandro Patiño Córdova (Director Ejecutivo a.i.)</name><organization>Agencia para el Desarrollo de la Información de la Sociedad en Bolivia</organization><address><line>Calle Ayacucho y Mercado No. 308 Piso 3</line><line>Edificio de la Vicepresidencia</line><line>La Paz  13097</line></address><country>Bolivia</country><phone>+591 2 2200720</phone><fax>+591 2 2200720</fax><email>jpatino@adsib.gob.bo</email><reg-date>1985-01-01</reg-date><last-update>2008-08-06</last-update></admin><tech><name>José Luís Machicado (Jefe de Unidad Técnica)</name><organization>Agencia para el Desarrollo de la Información de la Sociedad en Bolivia</organization><address><line>Calle Ayacucho y Mercado No. 308 Piso 3</line><line>Edificio de la Vicepresidencia</line><line>La Paz  13097</line></address><country>Bolivia</country><phone>+591 2 2200720</phone><fax>+591 2 2200720</fax><email>jmachicado@adsib.gob.bo</email><reg-date>2008-08-04</reg-date><last-update>2008-08-04</last-update></tech><reg-url>http://www.nic.bo</reg-url><whois>whois.nic.bo</whois><nameservers><nameserver name="auth100.ns.uu.net."><ipv4>198.6.1.202</ipv4></nameserver><nameserver name="utama.bolnet.bo."><ipv4>166.114.1.40</ipv4></nameserver></nameservers><reg-date>1991-02-26</reg-date><last-update>2008-08-13</last-update></domain><domain id="br"><registrant><organization>Comite Gestor da Internet no Brasil</organization><address><line>Av. das Nações Unidas, 11541, 7° andar</line><line>São Paulo  SP 04578-000</line></address><country>Brazil</country><reg-date>1985-01-01</reg-date><last-update>2003-10-28</last-update></registrant><admin><name>Demi Getschko</name><organization>Comite Gestor da Internet no Brasil</organization><address><line>Av. das Nações Unidas, 11541, 7° andar</line><line>São Paulo  SP 04578-000</line></address><country>Brazil</country><phone>+55 11 5509-3505</phone><fax>+55 11 5509-3501</fax><email>demi@registro.br</email><reg-date>1985-01-01</reg-date><last-update>2002-05-14</last-update></admin><tech><name>Frederico Augusto de Carvalho Neves</name><organization>Registro .br</organization><address><line>Av. das Nações Unidas, 11541, 7° andar</line><line>São Paulo  SP 04578-000</line></address><country>Brazil</country><phone>+55 11 5509-3505</phone><fax>+55 11 5509-3501</fax><email>fneves@registro.br</email><reg-date>1985-01-01</reg-date><last-update>2002-05-14</last-update></tech><reg-url>http://registro.br/</reg-url><whois>whois.registro.br</whois><nameservers><nameserver name="a.dns.br."><ipv4>200.160.0.10</ipv4><ipv6>2001:12ff:0:0:0:0:0:10</ipv6></nameserver><nameserver name="b.dns.br."><ipv4>200.189.40.10</ipv4></nameserver><nameserver name="c.dns.br."><ipv4>200.192.232.10</ipv4></nameserver><nameserver name="d.dns.br."><ipv4>200.219.154.10</ipv4></nameserver><nameserver name="e.dns.br."><ipv4>200.229.248.10</ipv4></nameserver><nameserver name="f.dns.br."><ipv4>200.219.159.10</ipv4><ipv6>2001:12f8:1:0:0:0:0:10</ipv6></nameserver></nameservers><reg-date>1989-04-18</reg-date><last-update>2008-12-01</last-update></domain><domain id="bs"><registrant><organization>The College of the Bahamas</organization><address><line>Thompson Blvd.</line><line>P.O. Box N4912</line><line>Nassau New Providence</line></address><country>Bahamas</country><reg-date>1985-01-01</reg-date><last-update>2004-01-14</last-update></registrant><admin><name>Administrator, BSNIC - Carla Glinton</name><organization>The College of the Bahamas</organization><address><line>Thompson Blvd.</line><line>P.O. Box N 4912</line><line>Nassau New Providence</line></address><country>Bahamas</country><phone>+1 242 302 4549</phone><fax>+1 242 356 0241</fax><email>bsadmin@cob.edu.bs</email><reg-date>1985-01-01</reg-date><last-update>2004-01-14</last-update></admin><tech><name>Technical Contact, BSNIC - Rudyard Burton</name><organization>The College of The Bahamas</organization><address><line>Thompson Blvd.</line><line>P.O. Box N4912</line><line>Nassau New Providence</line></address><country>Bahamas</country><phone>+1 242 302 4528</phone><fax>+1 242 356 0241</fax><email>bstech@cob.edu.bs</email><reg-date>2006-12-18</reg-date><last-update>2006-12-18</last-update></tech><reg-url>http://www.register.bs</reg-url><nameservers><nameserver name="anyns.pch.net."><ipv4>204.61.216.4</ipv4></nameserver><nameserver name="dns.nic.bs."><ipv4>206.48.3.168</ipv4></nameserver><nameserver name="upr1.upr.clu.edu."><ipv4>136.145.1.4</ipv4></nameserver></nameservers><reg-date>1991-09-03</reg-date><last-update>2006-12-18</last-update></domain><domain id="bt"><registrant><organization>Ministry of Information and Communications</organization><address><line>Old DrukAir Office, Thimphu</line><line>Thimphu</line></address><country>Bhutan</country><reg-date>1985-01-01</reg-date><last-update>2005-08-11</last-update></registrant><admin><name>Thinley Dorji</name><organization>Bhutan Telecom Ltd.</organization><address><line>2/28 Drophen Lam</line><line>Thimphu</line></address><country>Bhutan</country><phone>+975-2-322850</phone><fax>+975-2-324312</fax><email>thinley@telecom.net.bt</email><reg-date>1985-01-01</reg-date><last-update>2005-08-11</last-update></admin><tech><name>Jichen Thinley</name><organization>DrukNet, Bhutan Telecom Ltd.</organization><address><line>2/28 Drophen Lam</line><line>Thimphu</line></address><country>Bhutan</country><phone>+975-2-326998</phone><fax>+975-2-328160</fax><email>jichen@druknet.bt</email><reg-date>1985-01-01</reg-date><last-update>2005-08-11</last-update></tech><reg-url>http://www.nic.bt</reg-url><nameservers><nameserver name="auth00.ns.uu.net."><ipv4>198.6.1.65</ipv4></nameserver><nameserver name="auth61.ns.uu.net."><ipv4>198.6.1.182</ipv4></nameserver><nameserver name="ns.itu.ch."><ipv4>156.106.192.121</ipv4></nameserver><nameserver name="ns1.druknet.bt."><ipv4>202.144.128.200</ipv4></nameserver><nameserver name="ns2.druknet.bt."><ipv4>202.144.128.210</ipv4></nameserver><nameserver name="ns3.druknet.bt."><ipv4>204.61.216.17</ipv4></nameserver><nameserver name="ns-bt.ripe.net."><ipv4>193.0.12.26</ipv4><ipv6>2001:610:240:0:53:CC:12:26</ipv6></nameserver></nameservers><reg-date>1997-07-16</reg-date><last-update>2005-08-11</last-update></domain><domain id="bv"><registrant><organization>UNINETT Norid A/S</organization><address><line>Abelsgate 5</line><line>Trondheim  N-7465</line></address><country>Norway</country><reg-date>1985-01-01</reg-date><last-update>2003-09-12</last-update></registrant><admin><name>Hilde Thunem</name><organization>UNINETT Norid A/S</organization><address><line>Abelsgate 5</line><line>Trondheim  N-7465</line></address><country>Norway</country><phone>+47 73 55 79 00</phone><fax>+47 73 55 79 99</fax><email>hilde.thunem@UNINETT.NO</email><reg-date>1985-01-01</reg-date><last-update>2003-09-12</last-update></admin><tech><name>Jarle Greipsland</name><organization>UNINETT Norid A/S</organization><address><line>Abelsgate 5</line><line>Trondheim  N-7465</line></address><country>Norway</country><phone>+47 73 55 79 00</phone><fax>+47 73 55 79 99</fax><email>jarle@uninett.no</email><reg-date>1985-01-01</reg-date><last-update>2004-03-22</last-update></tech><reg-url>http://www.norid.no/domenenavnbaser/bv-sj.html</reg-url><nameservers><nameserver name="nac.no."><ipv4>128.39.2.22</ipv4></nameserver><nameserver name="nn.uninett.no."><ipv4>158.38.0.181</ipv4></nameserver><nameserver name="server.nordu.net."><ipv4>193.10.252.19</ipv4></nameserver></nameservers><reg-date>1997-08-21</reg-date><last-update>2006-12-18</last-update></domain><domain id="bw"><registrant><organization>University of Botswana</organization><address><line>Private Bag 0022</line><line>Gaberonr</line></address><country>Republic of Botswana</country><reg-date>1985-01-01</reg-date><last-update>1985-01-01</last-update></registrant><admin><name>Gary Northfield</name><organization><line>Megaleng</line><line>Government Enclave</line></organization><address><line>Gaborone</line></address><country>Botswana</country><phone>+267 358 492</phone><fax>+267 353 526</fax><email>garyn@btc.bw</email><reg-date>1985-01-01</reg-date><last-update>1985-01-01</last-update></admin><tech><name>Gary Northfield</name><organization><line>Megaleng</line><line>Government Enclave</line></organization><address><line>Gaborone</line></address><country>Botswana</country><phone>+267 358 492</phone><fax>+267 353 526</fax><email>garyn@btc.bw</email><reg-date>1985-01-01</reg-date><last-update>1985-01-01</last-update></tech><nameservers><nameserver name="daisy.ee.und.ac.za."><ipv4>146.230.192.18</ipv4></nameserver><nameserver name="hippo.ru.ac.za."><ipv4>146.231.128.1</ipv4><ipv6>2001:4200:1010::1</ipv6></nameserver><nameserver name="ns.uu.net."><ipv4>137.39.1.3</ipv4></nameserver><nameserver name="rain.psg.com."><ipv4>147.28.0.34</ipv4></nameserver><nameserver name="ns1.btc.bw."><ipv4>168.167.168.34</ipv4></nameserver><nameserver name="ns4.btc.bw."><ipv4>168.167.253.20</ipv4></nameserver><nameserver name="vpsm.btc.bw."><ipv4>168.167.253.21</ipv4></nameserver></nameservers><reg-date>1993-03-19</reg-date><last-update>2008-03-17</last-update></domain><domain id="by"><registrant><organization>The State Centre of Security Information of Belarus Republic</organization><address><line>17a Kalvarijskaja Str.</line><line>Minsk  220004</line></address><country>Belarus</country><reg-date>1985-01-01</reg-date><last-update>1985-01-01</last-update></registrant><admin><name>Konstantin Obraztsov</name><organization>The State Centre of Security Information of Belarus Republic</organization><address><line>17a Kalvarijskaja Str.</line><line>Minsk  220004</line></address><country>Belarus</country><phone>+375 17 223 5967</phone><fax>+375 17 289 3180</fax><email>admin-c@tld.by</email><reg-date>1985-01-01</reg-date><last-update>1985-01-01</last-update></admin><tech><name>Andrey Ivanov</name><organization>Open Contact Ltd.</organization><address><line>17a Kalvarijskaja Str.</line><line>Minsk  220004</line></address><country>Belarus</country><phone>+375 17 211 0121</phone><fax>+375 17 211 0122</fax><email>tech-c@tld.by</email><reg-date>1985-01-01</reg-date><last-update>1985-01-01</last-update></tech><reg-url>http://cctld.by</reg-url><nameservers><nameserver name="arwena.nask.waw.pl."><ipv4>193.59.201.28</ipv4></nameserver><nameserver name="dns.belpak.by."><ipv4>193.232.248.45</ipv4></nameserver><nameserver name="ns.ru.net."><ipv4>193.124.22.65</ipv4></nameserver><nameserver name="ns1.open.by."><ipv4>193.232.92.1</ipv4></nameserver><nameserver name="ns2.free.net."><ipv4>193.233.1.67</ipv4></nameserver><nameserver name="ns-by.ripe.net."><ipv4>193.0.12.21</ipv4></nameserver></nameservers><reg-date>1994-05-10</reg-date><last-update>2007-04-03</last-update></domain><domain id="bz"><registrant><organization>University College of Belize</organization><address><line>P.O. Box 990</line><line>Belize City</line></address><country>Belize</country><reg-date>1985-01-01</reg-date><last-update>1985-01-01</last-update></registrant><admin><name>Juan Carlos Namis</name><organization>University Management Ltd</organization><address><line>115 Barrack Road</line><line>Third Floor</line><line>Belize City</line></address><country>Belize</country><phone>+501 223-1607 or +501 223-1804</phone><fax>+501 223-2242</fax><email>hostmaster@belizenic.bz</email><reg-date>1985-01-01</reg-date><last-update>2006-04-14</last-update></admin><tech><name>Juan Carlos Namis</name><organization>University Management Ltd</organization><address><line>115 Barrack Road</line><line>Third Floor</line><line>Belize City</line></address><country>Belize</country><phone>+501 223-1607 or +501 223-1804</phone><fax>+501 223-2242</fax><email>jcnamis@belizenic.bz</email><reg-date>1985-01-01</reg-date><last-update>2006-04-14</last-update></tech><reg-url>http://www.belizenic.bz</reg-url><nameservers><nameserver name="a0.cctld.afilias-nst.info."><ipv4>199.254.59.1</ipv4><ipv6>2001:500:25:0:0:0:0:1</ipv6></nameserver><nameserver name="b0.cctld.afilias-nst.org."><ipv4>199.254.60.1</ipv4><ipv6>2001:500:26:0:0:0:0:1</ipv6></nameserver><nameserver name="c0.cctld.afilias-nst.info."><ipv4>199.254.61.1</ipv4><ipv6>2001:500:27:0:0:0:0:1</ipv6></nameserver><nameserver name="d0.cctld.afilias-nst.org."><ipv4>199.254.62.1</ipv4><ipv6>2001:500:28:0:0:0:0:1</ipv6></nameserver><nameserver name="a2.cctld.afilias-nst.info."><ipv4>199.249.116.1</ipv4><ipv6>2001:500:44:0:0:0:0:1</ipv6></nameserver><nameserver name="b2.cctld.afilias-nst.org."><ipv4>199.249.124.1</ipv4><ipv6>2001:500:4c:0:0:0:0:1</ipv6></nameserver></nameservers><reg-date>1991-09-03</reg-date><last-update>2008-12-15</last-update></domain><domain id="ca"><registrant><organization><line>Canadian Internet Registration Authority (CIRA)</line><line>Autorite Canadienne pour les Enregistrements Internet (ACEI)</line></organization><address><line>350 Sparks Street</line><line>Suite 306</line><line>Ottawa Ontario K1R 7S8</line></address><country>Canada</country><reg-date>1985-01-01</reg-date><last-update>2008-09-18</last-update></registrant><admin><name>Chief Information Officer</name><organization>CIRA</organization><address><line>350 Sparks Street</line><line>Suite 306</line><line>Ottawa Ontario K1R 7S8</line></address><country>Canada</country><phone>+1 613 237 5335</phone><fax>+1 613 237 0534</fax><email>chief.information.officer@cira.ca</email><reg-date>1985-01-01</reg-date><last-update>2008-09-18</last-update></admin><tech><name>DNS Admin</name><organization>CIRA</organization><address><line>350 Sparks Street</line><line>Suite 306</line><line>Ottawa Ontario K1R 7S8</line></address><country>Canada</country><phone>+1 613 237 5335</phone><fax>+1 613 237 0534</fax><email>admin-dns@cira.ca</email><reg-date>1985-01-01</reg-date><last-update>2008-09-18</last-update></tech><reg-url>http://www.cira.ca/</reg-url><whois>whois.cira.ca</whois><nameservers><nameserver name="a.ca-servers.ca."><ipv4>192.228.27.11</ipv4></nameserver><nameserver name="b.ca-servers.ca."><ipv4>192.228.25.45</ipv4></nameserver><nameserver name="c.ca-servers.ca."><ipv4>192.228.28.9</ipv4></nameserver><nameserver name="d.ca-servers.ca."><ipv4>129.33.164.73</ipv4></nameserver><nameserver name="e.ca-servers.ca."><ipv4>192.228.30.9</ipv4></nameserver><nameserver name="f.ca-servers.ca."><ipv4>208.77.191.231</ipv4></nameserver><nameserver name="k.ca-servers.ca."><ipv4>156.154.100.4</ipv4></nameserver><nameserver name="l.ca-servers.ca."><ipv4>156.154.101.4</ipv4></nameserver><nameserver name="m.ca-servers.ca."><ipv4>156.154.102.4</ipv4></nameserver><nameserver name="ns-ext.isc.org."><ipv4>204.152.184.64</ipv4><ipv6>2001:4f8:0:2:0:0:0:13</ipv6></nameserver></nameservers><reg-date>1987-05-14</reg-date><last-update>2009-02-03</last-update></domain><domain id="cat"><registrant><organization>Fundacio puntCAT</organization><address><line>Carrer del Carme, 47</line><line>Barcelona Catalunya 08001</line></address><country>Spain</country><reg-date>2005-12-19</reg-date><last-update>2005-12-19</last-update></registrant><admin><name>Director General</name><organization>Fundacio puntCAT</organization><address><line>Carrer del Carme, 47</line><line>Barcelona Catalunya 08001</line></address><country>Spain</country><phone>+34 935 321 311</phone><fax>+34 934 672 959</fax><email>info@domini.cat</email><reg-date>2005-12-19</reg-date><last-update>2007-03-20</last-update></admin><tech><name>Werner Staub</name><organization>CORE Internet Council of Registrars</organization><address><line>World Trade Center II</line><line>9, route de Pre-Bois</line><line>Geneva  1215</line></address><country>Switzerland</country><phone>+41 22 929 57 44</phone><fax>+41 22 929 57 45</fax><email>werner.staub@corenic.org</email><reg-date>2005-12-19</reg-date><last-update>2005-12-19</last-update></tech><reg-url>http://www.domini.cat</reg-url><whois>whois.cat</whois><nameservers><nameserver name="cat-dns.denic.de."><ipv4>81.91.161.84</ipv4></nameserver><nameserver name="dns-cat.pch.net."><ipv4>204.61.216.20</ipv4><ipv6>2001:500:14:6020:ad:0:0:1</ipv6></nameserver><nameserver name="dns4.ad."><ipv4>194.158.64.10</ipv4></nameserver><nameserver name="merapi.switch.ch."><ipv4>130.59.211.10</ipv4><ipv6>2001:620:0:0:0:0:0:5</ipv6></nameserver><nameserver name="ns-ext.isc.org."><ipv4>204.152.184.64</ipv4><ipv6>2001:4f8:0:2:0:0:0:13</ipv6></nameserver><nameserver name="ns-ext.nrt1.isc.org."><ipv4>192.228.90.19</ipv4></nameserver><nameserver name="ns.nic.cat."><ipv4>84.88.0.162</ipv4><ipv6>2001:40b0:1:3:0:0:0:2</ipv6></nameserver><nameserver name="ns1.nic.es."><ipv4>194.69.254.1</ipv4></nameserver><nameserver name="ns5.knipp.de."><ipv4>195.253.6.62</ipv4><ipv6>2a01:5b0:0:29:0:0:0:3e</ipv6></nameserver></nameservers><reg-date>2005-12-19</reg-date><last-update>2009-03-05</last-update></domain><domain id="cc"><registrant><organization><line>eNIC Cocos (Keeling) Islands Ltd.</line><line>Pty, d/b/a Island Internet Services</line></organization><address><line>Lvl 5/6-10 O'Connell St.</line><line>Sydney New South Wales 2000</line></address><country>Australia</country><reg-date>1985-01-01</reg-date><last-update>2005-12-01</last-update></registrant><admin><name>Managing Director</name><organization><line>eNIC Cocos (Keeling) Islands Ltd.</line><line>Pty., d/b/a Island Internet Services</line></organization><address><line>Lvl 5/6-10 O'Connell St.</line><line>Sydney New South Wales 2000</line></address><country>Australia</country><phone>+61 2 9236 0509</phone><fax>+61 2 9236 0532</fax><email>info@verisign-grs.com</email><reg-date>1985-01-01</reg-date><last-update>2005-12-01</last-update></admin><tech><name>Registry Customer Service</name><organization>VeriSign Global Registry Services</organization><address><line>21345 Ridgetop Circle</line><line>Dulles Virginia 20166</line></address><country>United States</country><phone>+1 703 925-6999</phone><fax>+1 703 421-5828</fax><email>info@verisign-grs.com</email><reg-date>1985-01-01</reg-date><last-update>1985-01-01</last-update></tech><reg-url>http://www.nic.cc/</reg-url><whois>ccwhois.verisign-grs.com</whois><nameservers><nameserver name="a5.nstld.com."><ipv4>192.5.6.34</ipv4></nameserver><nameserver name="c5.nstld.com."><ipv4>192.26.92.34</ipv4></nameserver><nameserver name="d5.nstld.com."><ipv4>192.31.80.34</ipv4></nameserver><nameserver name="f5.nstld.com."><ipv4>192.35.51.34</ipv4></nameserver><nameserver name="g5.nstld.com."><ipv4>192.42.93.34</ipv4></nameserver><nameserver name="h5.nstld.com."><ipv4>192.54.112.34</ipv4></nameserver><nameserver name="l5.nstld.com."><ipv4>192.41.162.34</ipv4></nameserver></nameservers><reg-date>1997-10-13</reg-date><last-update>2007-12-04</last-update></domain><domain id="cd"><registrant><organization>NIC Congo - Interpoint SARL</organization><address><line>Boulevard du Trente Juin</line><line>B.P. 8854</line><line>Kinshasa</line></address><country>Congo</country><reg-date>1985-01-01</reg-date><last-update>1985-01-01</last-update></registrant><admin><name>David Kruger</name><organization>NIC Congo - Interpoint SARL</organization><address><line>Boulevard du Trente Juin</line><line>B.P. 8854</line><line>Kinshasa</line></address><country>Democratic Republic of Congo</country><phone>+243 12 24 222</phone><email>cd-admin@dnsafrica.net</email><reg-date>1985-01-01</reg-date><last-update>2005-10-31</last-update></admin><tech><name>Frederic Gregoire</name><organization><line>NIC Congo Liaison Office in Switzerland</line><line>Interpoint SARL</line></organization><address><line>Case Postale 1336</line><line>Lausanne  1001</line></address><country>Switzerland</country><phone>+41 44 274 23 80</phone><fax>+41 44 274 23 80</fax><email>frg@dnsafrica.net</email><reg-date>1985-01-01</reg-date><last-update>2005-10-31</last-update></tech><nameservers><nameserver name="dns.dnsafrica.net."><ipv4>213.193.157.30</ipv4></nameserver><nameserver name="dns.princeton.edu."><ipv4>128.112.129.15</ipv4></nameserver><nameserver name="sunic.sunet.se."><ipv4>192.36.125.2</ipv4><ipv6>2001:6b0:7:0:0:0:0:2</ipv6></nameserver></nameservers><reg-date>1997-08-20</reg-date><last-update>2008-09-24</last-update></domain><domain id="cf"><registrant><organization>Societe Centrafricaine de Telecommunications (SOCATEL)</organization><address><line>Rue guerillot</line><line>Bangui  BP 939</line></address><country>Central African Republic</country><reg-date>1985-01-01</reg-date><last-update>2005-03-31</last-update></registrant><admin><name>MANGA MABADA KONGBO Gilles - Chef de division des services nouveaux</name><organization>Societe Centrafricaine de Telecommunications (SOCATEL)</organization><address><line>Rue guerillot</line><line>Bangui  BP 939</line></address><country>Central African Republic</country><phone>+236 61 11 54</phone><fax>+236 61 05 19</fax><email>manga.gilles@socatel.cf</email><reg-date>1985-01-01</reg-date><last-update>2005-03-31</last-update></admin><tech><name>YAPENDE-KO Jean-Hilaire - Chef de Service des Réseaux Multimédia</name><organization>Societe Centrafricaine des Postes et Telecommunications (SOCATEL)</organization><address><line>Rue guerillot</line><line>Bangui  BP 939</line></address><country>Central African Republic</country><phone>+236 21 61 41 11</phone><fax>+236 21 61 84 64</fax><email>kohilaire@socatel.cf</email><reg-date>1985-01-01</reg-date><last-update>2008-08-21</last-update></tech><nameservers><nameserver name="bow.intnet.cf."><ipv4>196.32.200.10</ipv4></nameserver><nameserver name="bow.rain.fr."><ipv4>194.51.3.49</ipv4></nameserver><nameserver name="rip.psg.com."><ipv4>147.28.0.39</ipv4><ipv6>2001:418:1:0:0:0:0:39</ipv6></nameserver></nameservers><reg-date>1996-04-24</reg-date><last-update>2008-12-18</last-update></domain><domain id="cg"><registrant><organization>ONPT Congo and Interpoint Switzerland</organization><address><line>Avenue E. Patrice Lumumba</line><line>Brazzaville  BRV</line></address><country>Congo</country><reg-date>1985-01-01</reg-date><last-update>1985-01-01</last-update></registrant><admin><name>Monsieur Akouala</name><organization>ONPT Congo and Interpoint Switzerland</organization><address><line>Avenue Patrice Lumumba</line><line>Brazzaville</line></address><country>Republic of Congo</country><phone>+242 81 00 24</phone><fax>+242 81 07 52</fax><email>cg-admin@dnsafrica.net</email><reg-date>1985-01-01</reg-date><last-update>2005-10-31</last-update></admin><tech><name>Frederic Gregoire</name><organization><line>NIC Congo Liaison Office in Switzerland</line><line>Interpoint SARL</line></organization><address><line>Case Postale 1336</line><line>Lausanne  1001</line></address><country>Switzerland</country><phone>+41 44 274 23 80</phone><fax>+41 44 274 23 80</fax><email>frg@dnsafrica.net</email><reg-date>1985-01-01</reg-date><last-update>2005-10-31</last-update></tech><reg-url>http://www.nic.cg</reg-url><nameservers><nameserver name="dns.dnsafrica.net."><ipv4>213.193.157.30</ipv4></nameserver><nameserver name="dns.princeton.edu."><ipv4>128.112.129.15</ipv4></nameserver><nameserver name="sunic.sunet.se."><ipv4>192.36.125.2</ipv4><ipv6>2001:6b0:7:0:0:0:0:2</ipv6></nameserver></nameservers><reg-date>1997-01-14</reg-date><last-update>2008-09-24</last-update></domain><domain id="ch"><registrant><organization>SWITCH The Swiss Education &amp; Research Network</organization><address><line>Werdstrasse 2</line><line>Zurich  CH-8004</line></address><country>Switzerland</country><reg-date>1985-01-01</reg-date><last-update>2007-04-24</last-update></registrant><admin><name>Marcel Schneider</name><organization>SWITCH The Swiss Education &amp; Research Network</organization><address><line>Werdstrasse 2</line><line>Zurich  CH-8004</line></address><country>Switzerland</country><phone>+41 44 253 98 07</phone><fax>+41 44 268 15 68</fax><email>schneider@switch.ch</email><reg-date>1985-01-01</reg-date><last-update>2007-04-24</last-update></admin><tech><name>Switch Network Operation Center CCTLD Manager</name><organization>SWITCH The Swiss Education &amp; Research Network</organization><address><line>Werdstrasse 2</line><line>Zurich  CH-8004</line></address><country>Switzerland</country><phone>+41 44 268 15 30</phone><fax>+41 44 268 15 68</fax><email>noc@switch.ch</email><reg-date>1985-01-01</reg-date><last-update>2007-04-24</last-update></tech><reg-url>http://www.nic.ch/</reg-url><whois>whois.nic.ch</whois><nameservers><nameserver name="cctld.tix.ch."><ipv4>194.42.48.120</ipv4></nameserver><nameserver name="dns.princeton.edu."><ipv4>128.112.129.15</ipv4></nameserver><nameserver name="domreg.nic.ch."><ipv4>130.59.1.80</ipv4><ipv6>2001:620:0:0:0:0:0:4</ipv6></nameserver><nameserver name="merapi.switch.ch."><ipv4>130.59.211.10</ipv4><ipv6>2001:620:0:0:0:0:0:5</ipv6></nameserver><nameserver name="rip.psg.com."><ipv4>147.28.0.39</ipv4><ipv6>2001:418:1:0:0:0:0:39</ipv6></nameserver><nameserver name="sec3.apnic.net."><ipv4>202.12.28.140</ipv4><ipv6>2001:dc0:1:0:4777:0:0:140</ipv6></nameserver><nameserver name="tulku.nic.ar."><ipv4>200.16.97.77</ipv4></nameserver><nameserver name="ch1.dnsnode.net."><ipv4>194.146.106.10</ipv4></nameserver></nameservers><reg-date>1987-05-20</reg-date><last-update>2008-12-18</last-update></domain><domain id="ci"><registrant><organization>INP-HB Institut National Polytechnique Felix Houphouet Boigny</organization><address><line>BP 1093</line><line>Yamoussoukro</line></address><country>Cote d'Ivoire</country><reg-date>1985-01-01</reg-date><last-update>1985-01-01</last-update></registrant><admin><name>Bobouo Nakounou</name><organization>INP-HB Institut National Polytechnique Felix Houphouet Boigny</organization><address><line>BP 1093</line><line>Yamoussoukro</line></address><country>Cote d'Ivoire</country><phone>+225 30 64 05 41</phone><fax>+225 22 44 66 00</fax><email>bobouo@nic.ci</email><reg-date>1985-01-01</reg-date><last-update>2004-12-30</last-update></admin><tech><name>Souleymane Oumtanaga</name><organization>INP-HB Institut National Polytechnique Felix Houphouet Boigny</organization><address><line>BP 1093</line><line>Yamoussoukro</line></address><country>Cote d'Ivoire</country><phone>+225 07 90 02 31</phone><fax>+225 22 44 66 00</fax><email>oumtana@nic.ci</email><reg-date>1985-01-01</reg-date><last-update>2004-12-30</last-update></tech><reg-url>http://www.nic.ci</reg-url><whois>whois.nic.ci</whois><nameservers><nameserver name="ci.hosting.nic.fr."><ipv4>192.134.0.49</ipv4><ipv6>2001:660:3006:1:0:0:1:1</ipv6></nameserver><nameserver name="ns.nic.ci."><ipv4>213.136.100.81</ipv4></nameserver><nameserver name="ns1.nic.ci."><ipv4>213.136.106.214</ipv4></nameserver><nameserver name="phloem.uoregon.edu."><ipv4>128.223.32.35</ipv4><ipv6>2001:468:d01:20::80df:2023</ipv6></nameserver><nameserver name="ns-ci.ripe.net."><ipv4>193.0.12.56</ipv4><ipv6>2001:610:240:0:53:cc:12:56</ipv6></nameserver><nameserver name="ns1.ird.fr."><ipv4>193.50.53.3</ipv4></nameserver></nameservers><reg-date>1995-02-14</reg-date><last-update>2008-04-21</last-update></domain><domain id="ck"><registrant><organization>Telecom Cook Islands Ltd.</organization><address><line>Parekura</line><line>Avarua Rarotonga</line></address><country>Cook Islands</country><reg-date>1985-01-01</reg-date><last-update>2005-10-07</last-update></registrant><admin><name>Joseph Wichman</name><organization>Telecom Cook Islands Ltd.</organization><address><line>Parekura</line><line>Avarua Rarotonga</line></address><country>Cook Islands</country><phone>+682 26171</phone><fax>+682 26174</fax><email>joe@telecom.co.ck</email><reg-date>1985-01-01</reg-date><last-update>2005-10-07</last-update></admin><tech><name>Robert McFadzien</name><organization>Telecom Cook Islands Ltd.</organization><address><line>Parekura</line><line>Avarua Rarotonga</line></address><country>Cook Islands</country><phone>+682 26171 x225</phone><fax>+682 26174</fax><email>robert@telecom.co.ck</email><reg-date>1985-01-01</reg-date><last-update>2005-10-07</last-update></tech><reg-url>http://www.oyster.net.ck</reg-url><nameservers><nameserver name="circa.mcs.vuw.ac.nz."><ipv4>130.195.5.12</ipv4></nameserver><nameserver name="downstage.mcs.vuw.ac.nz."><ipv4>130.195.6.10</ipv4></nameserver><nameserver name="parau.oyster.net.ck."><ipv4>202.65.32.128</ipv4></nameserver><nameserver name="poiparau.oyster.net.ck."><ipv4>202.65.32.127</ipv4></nameserver></nameservers><reg-date>1995-08-08</reg-date><last-update>2005-10-07</last-update></domain><domain id="cl"><registrant><organization>NIC Chile (University of Chile)</organization><address><line>Miraflores 222, Piso 14</line><line>Santiago RM 832-0198</line></address><country>Chile</country><reg-date>1985-01-01</reg-date><last-update>2007-01-30</last-update></registrant><admin><name>Patricio V. Poblete</name><organization><line>NIC Chile</line><line>University of Chile</line></organization><address><line>Miraflores 222, Piso 14</line><line>Santiago RM 832-0198</line></address><country>Chile</country><phone>+56 2 940 7700</phone><fax>+56 2 940 7701</fax><email>ppoblete@nic.cl</email><reg-date>1985-01-01</reg-date><last-update>2007-01-30</last-update></admin><tech><name>Jose M. Piquer</name><organization><line>NIC Chile</line><line>University of Chile</line></organization><address><line>Miraflores 222, Piso 14</line><line>Santiago RM 832-0198</line></address><country>Chile</country><phone>+56 2 940 7700</phone><fax>+56 2 940 7701</fax><email>jpiquer@nic.cl</email><reg-date>1985-01-01</reg-date><last-update>2007-01-30</last-update></tech><reg-url>http://www.nic.cl/</reg-url><whois>whois.nic.cl</whois><nameservers><nameserver name="ns.nic.cl."><ipv4>200.1.123.4</ipv4></nameserver><nameserver name="ns3.nic.fr."><ipv4>192.134.0.49</ipv4><ipv6>2001:660:3006:1:0:0:1:1</ipv6></nameserver><nameserver name="ns-ext.isc.org."><ipv4>204.152.184.64</ipv4><ipv6>2001:4f8:0:2:0:0:0:13</ipv6></nameserver><nameserver name="sec3.apnic.net."><ipv4>202.12.28.140</ipv4><ipv6>2001:dc0:1:0:4777:0:0:140</ipv6></nameserver><nameserver name="a.nic.cl."><ipv4>200.1.121.10</ipv4></nameserver><nameserver name="slave.sth.netnod.se."><ipv4>192.36.144.116</ipv4></nameserver><nameserver name="cl1.dnsnode.net."><ipv4>194.146.106.34</ipv4></nameserver></nameservers><reg-date>1995-01-27</reg-date><last-update>2008-10-31</last-update></domain><domain id="cm"><registrant><organization>Cameroon Telecommunications (CAMTEL)</organization><address><line>Boulevard du 20 mai</line><line>Yaounde  P.O Box 1571</line></address><country>Cameroon</country><reg-date>1985-01-01</reg-date><last-update>2005-03-31</last-update></registrant><admin><name>NGUIAMBA NLOUTSIRI Emmanuel</name><organization>CAMTEL</organization><address><line>Boulevard du 20 mai</line><line>Yaounde  P.O Box 1571</line></address><country>Cameroon</country><phone>+237 223 4065</phone><fax>+237 223 0303</fax><email>camtel@camnet.cm</email><reg-date>1985-01-01</reg-date><last-update>2005-03-31</last-update></admin><tech><name>BIKOE Jean-Ernest</name><organization>CAMTEL</organization><address><line>Boulevard du 20 mai</line><line>Yaounde  P.O Box 1571</line></address><country>Cameroon</country><phone>+237 223 4065</phone><fax>+237 223 0303</fax><email>jean-ernest.bikoe@camnet.cm</email><reg-date>2005-03-30</reg-date><last-update>2005-03-31</last-update></tech><reg-url>http://www.info.camnet.cm</reg-url><nameservers><nameserver name="auth02.ns.uu.net."><ipv4>198.6.1.82</ipv4></nameserver><nameserver name="kim.camnet.cm."><ipv4>195.24.192.35</ipv4></nameserver><nameserver name="lom.camnet.cm."><ipv4>195.24.192.34</ipv4></nameserver><nameserver name="ns.itu.ch."><ipv4>156.106.192.121</ipv4></nameserver><nameserver name="ns.ripe.net."><ipv4>193.0.0.193</ipv4></nameserver><nameserver name="sanaga.camnet.cm."><ipv4>195.24.192.17</ipv4></nameserver></nameservers><reg-date>1995-04-29</reg-date><last-update>2005-07-26</last-update></domain><domain id="cn"><registrant><organization><line>Chinese Academy of Sciences</line><line>The Computer Network Center</line></organization><address><line>No.4, South 4th Street</line><line>Zhong Guan Cun</line><line>Beijing  100080</line></address><country>China</country><reg-date>1985-01-01</reg-date><last-update>1985-01-01</last-update></registrant><admin><name>Hualin Qian</name><organization><line>Computer Network Information Center,</line><line>Chinese Academy of Sciences</line></organization><address><line>No.4, South 4th Street</line><line>Zhong Guan Cun</line><line>Beijing  100080</line></address><country>China</country><phone>+86 10 58812270</phone><fax>+86 10 58812290</fax><email>hlqian@cnic.cn</email><reg-date>1985-01-01</reg-date><last-update>2007-10-08</last-update></admin><tech><name>Xiaodong LEE</name><organization>China Internet Network Information Center</organization><address><line>No.4, South 4th Street</line><line>Zhong Guan Cun</line><line>Beijing  100080</line></address><country>China</country><phone>+86 10 58813020</phone><fax>+86 10 58812666 103</fax><email>lee@cnnic.cn</email><reg-date>2007-10-08</reg-date><last-update>2007-10-08</last-update></tech><reg-url>http://www.cnnic.cn/</reg-url><whois>whois.cnnic.cn</whois><nameservers><nameserver name="ns.cernet.net."><ipv4>202.112.0.44</ipv4></nameserver><nameserver name="a.dns.cn."><ipv4>203.119.25.1</ipv4><ipv6>2001:dc7:0:0:0:0:0:1</ipv6></nameserver><nameserver name="c.dns.cn."><ipv4>203.119.27.1</ipv4></nameserver><nameserver name="b.dns.cn."><ipv4>203.119.26.1</ipv4></nameserver><nameserver name="d.dns.cn."><ipv4>203.119.28.1</ipv4><ipv6>2001:dc7:1000:0:0:0:0:1</ipv6></nameserver><nameserver name="e.dns.cn."><ipv4>203.119.29.1</ipv4></nameserver></nameservers><reg-date>1990-11-28</reg-date><last-update>2007-10-08</last-update></domain><domain id="co"><registrant><organization><line>Universidad de Los Andes</line><line>NIC Colombia</line></organization><address><line>Carrera 1a No. 18A - 70</line><line>Bogota Cundinamarca</line></address><country>Colombia</country><reg-date>1985-01-01</reg-date><last-update>2008-09-05</last-update></registrant><admin><name>Ricardo Pedraza</name><organization><line>Universidad de Los Andes</line><line>NIC Colombia</line></organization><address><line>Carrera 1a No. 18A - 70</line><line>Bogota Cundinamarca</line></address><country>Colombia</country><phone>+57 1 332 4391</phone><fax>+57 1 332 4491</fax><email>nic@uniandes.edu.co</email><reg-date>1985-01-01</reg-date><last-update>2008-09-05</last-update></admin><tech><name>Ingeniero de Soporte Domino .co</name><organization><line>Universidad de Los Andes</line><line>NIC Colombia</line></organization><address><line>Carrera 1a No. 18A - 70</line><line>Bogota, Cundinamarca</line></address><country>Colombia</country><phone>+57 1 332 4392</phone><fax>+57 1 332 4491</fax><email>tecnico@uniandes.edu.co</email><reg-date>2003-04-10</reg-date><last-update>2008-09-05</last-update></tech><reg-url>http://www.nic.co</reg-url><nameservers><nameserver name="ns1.nic.co."><ipv4>157.253.99.15</ipv4></nameserver><nameserver name="mintaka.uniandes.edu.co."><ipv4>200.31.69.106</ipv4></nameserver><nameserver name="saell.cc.columbia.edu."><ipv4>128.59.59.218</ipv4></nameserver><nameserver name="ns2.nic.co."><ipv4>157.253.99.16</ipv4></nameserver><nameserver name="ns3.nic.co."><ipv4>198.104.159.137</ipv4></nameserver><nameserver name="ns4.nic.co."><ipv4>128.121.234.109</ipv4></nameserver></nameservers><reg-date>1991-12-24</reg-date><last-update>2009-03-05</last-update></domain><domain id="com"><registrant><organization>VeriSign Global Registry Services</organization><address><line>21345 Ridgetop Circle</line><line>Dulles Virginia 20166</line></address><country>United States</country><reg-date>1985-01-01</reg-date><last-update>1985-01-01</last-update></registrant><admin><name>Registry Customer Service</name><organization>VeriSign Global Registry Services</organization><address><line>21345 Ridgetop Circle</line><line>Dulles Virginia 20166</line></address><country>United States</country><phone>+1 703 925-6999</phone><fax>+1 703 421-5828</fax><email>info@verisign-grs.com</email><reg-date>1985-01-01</reg-date><last-update>1985-01-01</last-update></admin><tech><name>Registry Customer Service</name><organization>VeriSign Global Registry Services</organization><address><line>21345 Ridgetop Circle</line><line>Dulles Virginia 20166</line></address><country>United States</country><phone>+1 703 925-6999</phone><fax>+1 703 421-5828</fax><email>info@verisign-grs.com</email><reg-date>1985-01-01</reg-date><last-update>1985-01-01</last-update></tech><reg-url>http://www.verisign-grs.com</reg-url><whois>whois.verisign-grs.com</whois><nameservers><nameserver name="a.gtld-servers.net."><ipv4>192.5.6.30</ipv4><ipv6>2001:503:a83e:0:0:0:2:30</ipv6></nameserver><nameserver name="b.gtld-servers.net."><ipv4>192.33.14.30</ipv4><ipv6>2001:503:231d:0:0:0:2:30</ipv6></nameserver><nameserver name="c.gtld-servers.net."><ipv4>192.26.92.30</ipv4></nameserver><nameserver name="d.gtld-servers.net."><ipv4>192.31.80.30</ipv4></nameserver><nameserver name="e.gtld-servers.net."><ipv4>192.12.94.30</ipv4></nameserver><nameserver name="f.gtld-servers.net."><ipv4>192.35.51.30</ipv4></nameserver><nameserver name="g.gtld-servers.net."><ipv4>192.42.93.30</ipv4></nameserver><nameserver name="h.gtld-servers.net."><ipv4>192.54.112.30</ipv4></nameserver><nameserver name="i.gtld-servers.net."><ipv4>192.43.172.30</ipv4></nameserver><nameserver name="j.gtld-servers.net."><ipv4>192.48.79.30</ipv4></nameserver><nameserver name="k.gtld-servers.net."><ipv4>192.52.178.30</ipv4></nameserver><nameserver name="l.gtld-servers.net."><ipv4>192.41.162.30</ipv4></nameserver><nameserver name="m.gtld-servers.net."><ipv4>192.55.83.30</ipv4></nameserver></nameservers><reg-date>1985-01-01</reg-date><last-update>2005-07-26</last-update></domain><domain id="coop"><registrant><organization>DotCooperation LLC</organization><address><line>1401 New York Avenue, N.W.</line><line>Suite 1100</line><line>Washington DC 20005</line></address><country>United States</country><reg-date>1985-01-01</reg-date><last-update>2005-05-17</last-update></registrant><admin><name>Carolyn Hoover</name><organization>DotCooperation LLC</organization><address><line>1401 New York Avenue, N.W.</line><line>Suite 1100</line><line>Washington DC 20005</line></address><country>United States</country><phone>+1 202 383 5453</phone><fax>+1 202 347 1968</fax><email>choover@dotcoop.coop</email><reg-date>1985-01-01</reg-date><last-update>2005-05-17</last-update></admin><tech><name>DotCoop Registry Operator</name><organization>Midcounties Co-operative Domains Ltd</organization><address><line>New Barclay House</line><line>234 Botley Road</line><line>Oxford  OX2 0HP</line></address><country>United Kingdom</country><phone>+44 1865 256 298</phone><fax>+44 1865 792 057</fax><email>epp@nic.coop</email><reg-date>1985-01-01</reg-date><last-update>2008-01-10</last-update></tech><reg-url>http://www.nic.coop</reg-url><whois>whois.nic.coop</whois><nameservers><nameserver name="coop1.dyntld.net."><ipv4>208.78.70.80</ipv4></nameserver><nameserver name="coop2.dyntld.net."><ipv4>204.13.250.80</ipv4></nameserver><nameserver name="coop3.dyntld.net."><ipv4>208.78.71.80</ipv4></nameserver><nameserver name="coop4.dyntld.net."><ipv4>204.13.251.80</ipv4></nameserver></nameservers><reg-date>2001-12-15</reg-date><last-update>2008-01-10</last-update></domain><domain id="cr"><registrant><organization><line>National Academy of Sciences</line><line>Academia Nacional de Ciencias</line></organization><address><line>San José  1367-2050</line></address><country>Costa Rica</country><reg-date>1985-01-01</reg-date><last-update>2006-08-08</last-update></registrant><admin><name>Guy F. de Teramond</name><organization><line>National Academy of Sciences</line><line>Academia Nacional de Ciencias</line></organization><address><line>San José  1367-2050</line></address><country>Costa Rica</country><phone>+506 283-4814</phone><fax>+506 283-4101</fax><email>gdt@ns.cr</email><reg-date>1985-01-01</reg-date><last-update>2006-08-08</last-update></admin><tech><name>Abel Brenes</name><organization>Centro de Informática, Universidad de Costa Rica</organization><address><line>San José  2060-1000</line></address><country>Costa Rica</country><phone>+506 207-5422</phone><fax>+506 253-6075</fax><email>abrenes@ns.cr</email><reg-date>1985-01-01</reg-date><last-update>2006-08-08</last-update></tech><reg-url>http://www.nic.cr/</reg-url><nameservers><nameserver name="ns.cr."><ipv4>163.178.8.2</ipv4></nameserver><nameserver name="ns.ucr.ac.cr."><ipv4>163.178.88.2</ipv4></nameserver><nameserver name="ns1-auth.sprintlink.net."><ipv4>206.228.179.10</ipv4></nameserver><nameserver name="ns3-auth.sprintlink.net."><ipv4>144.228.255.10</ipv4></nameserver><nameserver name="ns3.nic.mx."><ipv4>200.33.111.1</ipv4></nameserver><nameserver name="ns-cr.ripe.net."><ipv4>193.0.12.55</ipv4></nameserver></nameservers><reg-date>1990-09-10</reg-date><last-update>2007-04-05</last-update></domain><domain id="cu"><registrant><organization><line>CENIAInternet</line><line>Industria y San Jose</line><line>Capitolio Nacional</line></organization><address><line>La Habana  CP 10200</line></address><country>Cuba</country><reg-date>1985-01-01</reg-date><last-update>1985-01-01</last-update></registrant><admin><name>CU-DOM Administrative Contact</name><organization><line>CENIAInternet</line><line>Industria y San Jose</line><line>Capitolio Nacional</line></organization><address><line>La Habana  CP 10200</line></address><country>Cuba</country><phone>+537 2069380</phone><fax>+537 2048202</fax><email>cu-admin@ceniai.inf.cu</email><reg-date>1985-01-01</reg-date><last-update>2008-12-22</last-update></admin><tech><name>CU-DOM Technical Contact</name><organization><line>CENIAInternet</line><line>Industria y San Jose</line><line>Capitolio Nacional</line></organization><address><line>La Habana  CP 10200</line></address><country>Cuba</country><phone>+537 8620377</phone><fax>+537 2048202</fax><email>cu-tech@ceniai.inf.cu</email><reg-date>1985-01-01</reg-date><last-update>2008-12-22</last-update></tech><reg-url>http://www.nic.cu</reg-url><nameservers><nameserver name="ns.ceniai.net.cu."><ipv4>169.158.128.136</ipv4></nameserver><nameserver name="ns1.gip.net."><ipv4>204.59.144.222</ipv4></nameserver><nameserver name="ns2.gip.net."><ipv4>204.59.1.222</ipv4></nameserver><nameserver name="rip.psg.com."><ipv4>147.28.0.39</ipv4><ipv6>2001:418:1:0:0:0:0:39</ipv6></nameserver><nameserver name="ns-cu.ripe.net."><ipv4>193.0.12.58</ipv4></nameserver><nameserver name="ns2.ceniai.net.cu."><ipv4>169.158.128.88</ipv4></nameserver></nameservers><reg-date>1992-06-03</reg-date><last-update>2008-12-22</last-update></domain><domain id="cv"><registrant><organization>Instituto Superior de Engenharia e Ciencias do Mar</organization><address><line>Ribeira de Juliao</line><line>Mindelo - S. Vicente</line><line>CP 163</line></address><country>Cap Verde</country><reg-date>1985-01-01</reg-date><last-update>2003-02-13</last-update></registrant><admin><name>Antonio Varela</name><organization>Instituto Superior de Engenharia e Ciencias do Mar</organization><address><line>Ribeira de Juliao</line><line>Mindelo - S. Vicente</line><line>CP 163</line></address><country>Cap Verde</country><phone>+238 326 561</phone><fax>+238 326 563</fax><email>varela@isecmar.cv</email><reg-date>1985-01-01</reg-date><last-update>2003-02-13</last-update></admin><tech><name>Joao Nuno Ferreira</name><organization>Fundacao para a Computacao Cientifica Nacional</organization><address><line>Av. do Brasil 101</line><line>Lisboa  1700-066</line></address><country>Portugal</country><phone>+351 21 8440100</phone><fax>+351 21 8472167</fax><email>ferreira@fccn.pt</email><reg-date>1985-01-01</reg-date><last-update>1985-01-01</last-update></tech><nameservers><nameserver name="auth02.ns.uu.net."><ipv4>198.6.1.82</ipv4></nameserver><nameserver name="dns.fccn.pt."><ipv4>193.136.192.10</ipv4></nameserver><nameserver name="ns-ext.vix.com."><ipv4>204.152.184.64</ipv4></nameserver><nameserver name="sunic.sunet.se."><ipv4>192.36.125.2</ipv4><ipv6>2001:6b0:7:0:0:0:0:2</ipv6></nameserver><nameserver name="phobos.fccn.pt."><ipv4>193.136.7.17</ipv4></nameserver></nameservers><reg-date>1996-10-21</reg-date><last-update>2008-10-28</last-update></domain><domain id="cx"><registrant><organization>Christmas Island Internet Administration Limited</organization><address><line>Christmas Island Technology Centre (6RCI),</line><line>Nursery Road, Drumsite</line><line>Christmas Island Indian Ocean 6798</line></address><country>Christmas Island</country><reg-date>1985-01-01</reg-date><last-update>2006-02-03</last-update></registrant><admin><name>Director (Garth Miller)</name><organization>Christmas Island Internet Administration Limited</organization><address><line>Christmas Island Technology Centre (6RCI),</line><line>Nursery Road, Drumsite</line><line>Christmas Island Indian Ocean 6798</line></address><country>Christmas Island</country><phone>+61 8 9164 8808</phone><fax>+61 8 9164 8879</fax><email>garth.miller@nic.cx</email><reg-date>1985-01-01</reg-date><last-update>2006-06-26</last-update></admin><tech><name>Brad Waugh</name><organization>CoCCA Registry Services Limited</organization><address><line>6RCI Building</line><line>Nursery Road</line><line>Christmas Island Indian Ocean WA 6798</line></address><country>Christmas Island</country><phone>+61 (0)8 9164 7334</phone><fax>+61 (0)2 8324 6336</fax><email>brad.waugh@coccaregistry.net</email><reg-date>1985-01-01</reg-date><last-update>2009-01-29</last-update></tech><reg-url>http://www.nic.cx</reg-url><whois>whois.nic.cx</whois><nameservers><nameserver name="ns.cx-nic.org.nz."><ipv4>203.119.12.245</ipv4></nameserver><nameserver name="ns.anycast.nic.cx."><ipv4>204.61.216.16</ipv4></nameserver><nameserver name="cx1.dyntld.net."><ipv4>208.78.70.77</ipv4></nameserver><nameserver name="cx2.dyntld.net."><ipv4>204.13.250.77</ipv4></nameserver><nameserver name="cx3.dyntld.net."><ipv4>208.78.71.77</ipv4></nameserver><nameserver name="cx4.dyntld.net."><ipv4>204.13.251.77</ipv4></nameserver></nameservers><reg-date>1997-04-24</reg-date><last-update>2009-01-29</last-update></domain><domain id="cy"><registrant><organization>University of Cyprus</organization><address><line>75 Kallipoleos Street</line><line>Nicosia  1678</line></address><country>Cyprus</country><reg-date>1985-01-01</reg-date><last-update>1985-01-01</last-update></registrant><admin><name>Agathoclis Stylianou</name><organization>University of Cyprus</organization><address><line>75 Kallipoleos Street</line><line>Nicosia  1678</line></address><country>Cyprus</country><phone>+357 22 892131</phone><fax>+357 22 756082</fax><email>stylianou.agathoclis@ucy.ac.cy</email><reg-date>1985-01-01</reg-date><last-update>2008-12-09</last-update></admin><tech><name>Panaretou Sotiris</name><organization>University of Cyprus</organization><address><line>75 Kallipoleos Street</line><line>Nicosia  1678</line></address><country>Cyprus</country><phone>+357 22 892165</phone><fax>+357 22 892155</fax><email>panaretou.sotiris@ucy.ac.cy</email><reg-date>1985-01-01</reg-date><last-update>2008-12-09</last-update></tech><reg-url>http://www.nic.cy</reg-url><nameservers><nameserver name="cynic.dns.cy."><ipv4>194.42.29.1</ipv4></nameserver><nameserver name="estia.ics.forth.gr."><ipv4>139.91.191.3</ipv4><ipv6>2001:648:2c30::191:3</ipv6></nameserver><nameserver name="ns02.savvis.net."><ipv4>204.70.57.242</ipv4></nameserver><nameserver name="ns2.cc.ucy.ac.cy."><ipv4>194.42.1.5</ipv4></nameserver><nameserver name="zeus.cc.ucy.ac.cy."><ipv4>194.42.1.1</ipv4></nameserver><nameserver name="ns1.mt."><ipv4>193.188.34.241</ipv4></nameserver><nameserver name="sec3.apnic.net."><ipv4>202.12.28.140</ipv4><ipv6>2001:dc0:1:0:4777:0:0:140</ipv6></nameserver><nameserver name="cy-ns.anycast.pch.net."><ipv4>204.61.216.44</ipv4></nameserver></nameservers><reg-date>1994-07-26</reg-date><last-update>2008-12-09</last-update></domain><domain id="cz"><registrant><organization>CZ.NIC, z.s.p.o</organization><address><line>Americka 23</line><line>Prague 2  120 00</line></address><country>Czech Republic</country><reg-date>1985-01-01</reg-date><last-update>2006-12-04</last-update></registrant><admin><name>Ondrej Filip</name><organization>CZ.NIC, z.s.p.o.</organization><address><line>Americka 23</line><line>Prague 2  120 00</line></address><country>Czech Republic</country><phone>+420 222745111</phone><fax>+420 222745112</fax><email>admin@nic.cz</email><reg-date>1985-01-01</reg-date><last-update>2006-12-04</last-update></admin><tech><name>Martin Peterka</name><organization>CZ.NIC, z.s.p.o.</organization><address><line>Americka 23</line><line>Prague 2  120 00</line></address><country>Czech Republic</country><phone>+420 222745111</phone><fax>+420 222745112</fax><email>tech@nic.cz</email><reg-date>1985-01-01</reg-date><last-update>2006-12-04</last-update></tech><reg-url>http://www.nic.cz/</reg-url><whois>whois.nic.cz</whois><nameservers><nameserver name="a.ns.nic.cz."><ipv4>217.31.205.180</ipv4><ipv6>2001:1488:dada:176:0:0:0:180</ipv6></nameserver><nameserver name="c.ns.nic.cz."><ipv4>195.66.241.202</ipv4><ipv6>2a01:40:1000:0:0:0:0:2</ipv6></nameserver><nameserver name="e.ns.nic.cz."><ipv4>194.146.105.38</ipv4></nameserver><nameserver name="b.ns.nic.cz."><ipv4>217.31.205.188</ipv4><ipv6>2001:1488:dada:184:0:0:0:188</ipv6></nameserver><nameserver name="d.ns.nic.cz."><ipv4>193.29.206.1</ipv4><ipv6>2001:678:1:0:0:0:0:1</ipv6></nameserver><nameserver name="f.ns.nic.cz."><ipv4>193.171.255.48</ipv4><ipv6>2001:628:453:420::48</ipv6></nameserver></nameservers><reg-date>1993-01-13</reg-date><last-update>2007-07-12</last-update></domain><domain id="de"><registrant><organization>DENIC eG</organization><address><line>Kaiserstrasse 75-77</line><line>Frankfurt am Main  60329</line></address><country>Germany</country><reg-date>1985-01-01</reg-date><last-update>2008-03-05</last-update></registrant><admin><name>Vorstand DENIC eG</name><organization>DENIC eG</organization><address><line>Kaiserstrasse 75-77</line><line>Frankfurt am Main  60329</line></address><country>Germany</country><phone>+49 69 27235 0</phone><fax>+49 69 27235 235</fax><email>vorstand@denic.de</email><reg-date>1985-01-01</reg-date><last-update>2008-03-05</last-update></admin><tech><name>Business Services</name><organization>DENIC eG</organization><address><line>Kaiserstrasse 75-77</line><line>Frankfurt am Main  60329</line></address><country>Germany</country><phone>+49 69 27235 272</phone><fax>+49 69 27235 234</fax><email>dbs@denic.de</email><reg-date>1985-01-01</reg-date><last-update>2008-12-12</last-update></tech><reg-url>http://www.denic.de/</reg-url><whois>whois.denic.de</whois><nameservers><nameserver name="a.nic.de."><ipv4>194.0.0.53</ipv4></nameserver><nameserver name="c.de.net."><ipv4>208.48.81.43</ipv4></nameserver><nameserver name="f.nic.de."><ipv4>81.91.164.5</ipv4><ipv6>2001:608:6:6::10</ipv6></nameserver><nameserver name="l.de.net."><ipv4>89.213.253.189</ipv4></nameserver><nameserver name="s.de.net."><ipv4>195.243.137.26</ipv4></nameserver><nameserver name="z.nic.de."><ipv4>194.246.96.1</ipv4><ipv6>2001:628:453:4905:0:0:0:53</ipv6></nameserver></nameservers><reg-date>1986-11-05</reg-date><last-update>2008-12-12</last-update></domain><domain id="dj"><registrant><organization>Societe des Telecommunications Internationales de Djibouti (STID)</organization><address><line>P.O. Box 2031</line><line>Djibouti</line></address><country>Djibouti</country><reg-date>1985-01-01</reg-date><last-update>1985-01-01</last-update></registrant><admin><name>Henri Ramirez</name><organization>Societe des Telecommunications Internationales de Djibouti (STID)</organization><address><line>P.O. Box 2031</line><line>Djibouti</line></address><country>Djibouti</country><phone>+253 35 12 87</phone><fax>+253 35 01 09</fax><email>brunet@intnet.dj</email><reg-date>1985-01-01</reg-date><last-update>1985-01-01</last-update></admin><tech><name>ASSOWEH</name><organization>Societe des Telecommunications Internationales de Djibouti (STID)</organization><address><line>P.O. Box 2031</line><line>Djibouti</line></address><country>Djibouti</country><phone>+253 35 32 34</phone><fax>+253 35 32 34</fax><email>assoweh@intnet.dj</email><reg-date>1985-01-01</reg-date><last-update>1985-01-01</last-update></tech><reg-url>http://www.intnet.dj</reg-url><nameservers><nameserver name="bow.intnet.dj."><ipv4>193.251.143.162</ipv4></nameserver><nameserver name="bow.rain.fr."><ipv4>194.51.3.49</ipv4></nameserver></nameservers><reg-date>1996-05-22</reg-date><last-update>2005-07-26</last-update></domain><domain id="dk"><registrant><organization>Dansk Internet Forum</organization><address><line>Kalvebod Brygge 43, 4th Floor</line><line>Copenhagen V  DK-1560</line></address><country>Denmark</country><reg-date>1985-01-01</reg-date><last-update>2003-04-21</last-update></registrant><admin><name>DK Hostmaster Administrative Contact</name><organization>DK Hostmaster A/S</organization><address><line>Kalvebod Brygge 43, 4th Floor</line><line>Copenhagen V  DK-1560</line></address><country>Denmark</country><phone>+45 33 64 60 60</phone><fax>+45 33 64 60 66</fax><email>tld-admin@dk-hostmaster.dk</email><reg-date>1985-01-01</reg-date><last-update>2006-11-03</last-update></admin><tech><name>DK Hostmaster Technical Contact</name><organization>DK Hostmaster A/S</organization><address><line>Kalvebod Brygge 43, 4th Floor</line><line>Copenhagen  DK-1560</line></address><country>Denmark</country><phone>+45 33 64 60 60</phone><fax>+45 33 64 60 66</fax><email>tld-tech@dk-hostmaster.dk</email><reg-date>1985-01-01</reg-date><last-update>2006-11-03</last-update></tech><reg-url>http://www.dk-hostmaster.dk/</reg-url><whois>whois.dk-hostmaster.dk</whois><nameservers><nameserver name="b.nic.dk."><ipv4>193.163.102.222</ipv4><ipv6>2a01:630:0:80:0:0:0:53</ipv6></nameserver><nameserver name="a.nic.dk."><ipv4>212.88.78.122</ipv4></nameserver><nameserver name="c.nic.dk."><ipv4>198.173.5.4</ipv4></nameserver><nameserver name="l.nic.dk."><ipv4>192.38.7.242</ipv4></nameserver><nameserver name="s.nic.dk."><ipv4>77.72.229.252</ipv4><ipv6>2a01:3f0:0:303:0:0:0:53</ipv6></nameserver><nameserver name="p.nic.dk."><ipv4>204.61.216.36</ipv4><ipv6>2001:500:14:6036:ad:0:0:1</ipv6></nameserver></nameservers><reg-date>1987-07-14</reg-date><last-update>2009-03-10</last-update></domain><domain id="dm"><registrant><organization>DotDM Corporation</organization><address><line>P.O. Box 2102</line><line>Roseau</line></address><country>Dominica</country><reg-date>2007-08-22</reg-date><last-update>2007-08-22</last-update></registrant><admin><name>Jennifer Aird, Chief Executive Officer</name><organization>DotDM Corporation</organization><address><line>P.O. Box 2102</line><line>Roseau</line></address><country>Dominica</country><phone>+1 (767) 448-1531</phone><fax>+1 (767) 448-5015</fax><email>admin@dotdm.dm</email><reg-date>2007-08-22</reg-date><last-update>2007-08-22</last-update></admin><tech><name>Hilkiah Lavinier, Chief Technical Officer</name><organization>DotDM Corporation</organization><address><line>P.O. Box 2102</line><line>Roseau</line></address><country>Dominica</country><phone>+1 (767) 448-1531</phone><fax>+1 (767) 448-5015</fax><email>cto@dotdm.dm</email><reg-date>2007-08-22</reg-date><last-update>2007-08-22</last-update></tech><reg-url>http://www.nic.dm</reg-url><whois>whois.nic.dm</whois><nameservers><nameserver name="ns1.nic.dm."><ipv4>208.0.224.114</ipv4></nameserver><nameserver name="ns2.nic.dm."><ipv4>208.0.224.115</ipv4></nameserver><nameserver name="ns.anycast.nic.dm."><ipv4>204.61.216.18</ipv4></nameserver><nameserver name="ns.cx-nic.org.nz."><ipv4>203.119.12.245</ipv4></nameserver></nameservers><reg-date>1991-09-03</reg-date><last-update>2007-08-23</last-update></domain><domain id="do"><registrant><organization><line>Pontificia Universidad Catolica Madre y Maestra</line><line>Recinto Santo Tomas de Aquino</line></organization><address><line>Ave. Abraham Lincoln Esq. Romulo Betancourt</line><line>Santo Domingo  2748</line></address><country>Republica Dominicana</country><reg-date>1985-01-01</reg-date><last-update>1985-01-01</last-update></registrant><admin><name>Radhames Mejia</name><organization><line>Pontificia Universidad Catolica Madre y Maestra</line><line>Recinto Santo Tomas de Aquino</line></organization><address><line>Ave. Abraham Lincoln Esq. Romulo Betancourt</line><line>Santo Domingo  2748</line></address><country>Republica Dominicana</country><phone>809 535-0111 EXT. 2426</phone><fax>809 534-7060, 809 535-8326</fax><email>radhamesmejia@pucmm.edu.do</email><reg-date>1985-01-01</reg-date><last-update>2007-10-22</last-update></admin><tech><name>Clara Collado</name><organization>Pontificia Universidad Catolica Madre y Maestra</organization><address><line>Ave. Abraham Lincoln Esq. Romulo Betancourt</line><line>Santo Domingo  2748</line></address><country>Republica Dominicana</country><phone>809 535-0111 EXT. 2461</phone><fax>809 534-7060, 809 535-8326</fax><email>claracollado@pucmm.edu.do</email><reg-date>1985-01-01</reg-date><last-update>2007-10-22</last-update></tech><reg-url>http://www.nic.do</reg-url><nameservers><nameserver name="ns.nic.do."><ipv4>66.98.65.146</ipv4></nameserver><nameserver name="phloem.uoregon.edu."><ipv4>128.223.32.35</ipv4><ipv6>2001:468:d01:20::80df:2023</ipv6></nameserver><nameserver name="server1.pucmm.edu.do."><ipv4>66.98.65.147</ipv4></nameserver><nameserver name="do-dns.nic.pr."><ipv4>134.202.1.121</ipv4></nameserver><nameserver name="ns3.nic.mx."><ipv4>200.33.111.1</ipv4></nameserver></nameservers><reg-date>1991-08-25</reg-date><last-update>2008-04-21</last-update></domain><domain id="dz"><registrant><organization>CERIST</organization><address><line>Rue des Trois Feres Aissiou</line><line>Ben-Aknoun Algiers 16035 DZ</line></address><country>Algeria</country><reg-date>1985-01-01</reg-date><last-update>1985-01-01</last-update></registrant><admin><name>Moussa Benhamadi</name><organization>CERIST</organization><address><line>Rue des Tois Freres Aissiou</line><line>Ben-Aknoun Algiers 16035 DZ</line></address><country>Algeria</country><phone>+213 21 91 54 34</phone><fax>+213 21 91 62 10</fax><email>mbenhamadi@wissal.dz</email><reg-date>1985-01-01</reg-date><last-update>2005-09-19</last-update></admin><tech><name>Aouaouche El-Maouhab</name><organization>CERIST</organization><address><line>Rue des Trois Freres Aissiou</line><line>Ben-Aknoun Algiers 16035 DZ</line></address><country>Algeria</country><phone>+213 21 91 54 34</phone><fax>+213 21 91 62 10</fax><email>elmaouhab@wissal.dz</email><reg-date>1985-01-01</reg-date><last-update>2005-09-16</last-update></tech><reg-url>http://www.nic.dz</reg-url><nameservers><nameserver name="casbah.eldjazair.net.dz."><ipv4>193.194.81.45</ipv4></nameserver><nameserver name="decst.cerist.dz."><ipv4>193.194.64.11</ipv4></nameserver><nameserver name="ns3.nic.fr."><ipv4>192.134.0.49</ipv4><ipv6>2001:660:3006:1:0:0:1:1</ipv6></nameserver><nameserver name="ns-dz.ripe.net."><ipv4>193.0.12.4</ipv4></nameserver></nameservers><reg-date>1994-01-03</reg-date><last-update>2008-10-31</last-update></domain><domain id="ec"><registrant><organization>NIC.EC (NICEC) S.A.</organization><address><line>Av. 9 de Octubre 100</line><line>Piso 22</line><line>Guayaquil Guayas</line></address><country>Ecuador</country><reg-date>1985-01-01</reg-date><last-update>2007-01-17</last-update></registrant><admin><name>Victor Abboud</name><organization>NIC.EC (NICEC) S.A.</organization><address><line>Av. 9 de Octubre 100</line><line>Piso 22</line><line>Guayaquil Guayas</line></address><country>Ecuador</country><phone>+5934-2515902</phone><fax>+5934-2515434</fax><email>vabboud@nic.ec</email><reg-date>1985-01-01</reg-date><last-update>2007-01-17</last-update></admin><tech><name>DNS Administrator</name><organization>NIC.EC (NICEC) S.A.</organization><address><line>Av. 9 de Octubre 100</line><line>Piso 22</line><line>Guayaquil Guayas</line></address><country>Ecuador</country><phone>+5934-2515912</phone><fax>+5934-2515434</fax><email>dnsadmin@nic.ec</email><reg-date>1985-01-01</reg-date><last-update>2007-01-17</last-update></tech><reg-url>http://www.nic.ec</reg-url><nameservers><nameserver name="dns1.nic.ec."><ipv4>157.100.1.44</ipv4></nameserver><nameserver name="dns2.nic.ec."><ipv4>200.6.84.2</ipv4></nameserver><nameserver name="dns4.nic.ec."><ipv4>200.105.231.153</ipv4></nameserver><nameserver name="dns3.nic.ec."><ipv4>200.1.6.51</ipv4></nameserver></nameservers><reg-date>1991-02-01</reg-date><last-update>2007-07-13</last-update></domain><domain id="edu"><registrant><organization>EDUCAUSE</organization><address><line>4772 Walnut Street, Suite 206</line><line>Boulder Colorado 80301</line></address><country>United States</country><reg-date>1985-01-01</reg-date><last-update>2002-09-24</last-update></registrant><admin><name>Information Services Administration</name><organization>EDUCAUSE</organization><address><line>4772 Walnut Street, Suite 206</line><line>Boulder Colorado 80301</line></address><country>United States</country><phone>+1-303-449-4430</phone><fax>+1-303-440-0461</fax><email>netadmin@educause.edu</email><reg-date>2002-09-24</reg-date><last-update>2005-05-19</last-update></admin><tech><name>Registry Customer Service</name><organization>VeriSign Global Registry</organization><address><line>21345 Ridgetop Circle</line><line>Dulles Virginia 20166</line></address><country>United States</country><phone>+1-703-925-6999</phone><fax>+1-703-421-5828</fax><email>info@verisign-grs.com</email><reg-date>1985-01-01</reg-date><last-update>2004-04-14</last-update></tech><reg-url>http://www.educause.edu/edudomain</reg-url><whois>whois.educause.edu</whois><nameservers><nameserver name="a.gtld-servers.net."><ipv4>192.5.6.30</ipv4><ipv6>2001:503:a83e:0:0:0:2:30</ipv6></nameserver><nameserver name="c.gtld-servers.net."><ipv4>192.26.92.30</ipv4></nameserver><nameserver name="d.gtld-servers.net."><ipv4>192.31.80.30</ipv4></nameserver><nameserver name="e.gtld-servers.net."><ipv4>192.12.94.30</ipv4></nameserver><nameserver name="f.gtld-servers.net."><ipv4>192.35.51.30</ipv4></nameserver><nameserver name="g.gtld-servers.net."><ipv4>192.42.93.30</ipv4></nameserver><nameserver name="l.gtld-servers.net."><ipv4>192.41.162.30</ipv4></nameserver></nameservers><reg-date>1985-01-01</reg-date><last-update>2008-12-05</last-update></domain><domain id="ee"><registrant><organization>National Institute of Chemical Physics and Biophysics</organization><address><line>10 Ravala Blvd.</line><line>Tallinn  10143</line></address><country>Estonia</country><reg-date>1985-01-01</reg-date><last-update>1985-01-01</last-update></registrant><admin><name>Endel Lippmaa</name><organization>Estonian Academy of Sciences</organization><address><line>Kohtu 6</line><line>Tallinn  10130</line></address><country>Estonia</country><phone>+372 5659096</phone><fax>+372 6999001</fax><email>endel.lippmaa@nicpb.ee</email><reg-date>1985-01-01</reg-date><last-update>2007-12-12</last-update></admin><tech><name>Jaak Lippmaa</name><organization>Quantum Fugue Ltd</organization><address><line>Tahe 20</line><line>Tallinn  11619</line></address><country>Estonia</country><phone>+372 5659003</phone><fax>+372 6999001</fax><email>jaak.lippmaa@nicpb.ee</email><reg-date>1985-01-01</reg-date><last-update>2007-12-12</last-update></tech><reg-url>http://www.eenet.ee/services/subdomains.html</reg-url><whois>whois.eenet.ee</whois><nameservers><nameserver name="ns.kbfi.ee."><ipv4>193.40.133.222</ipv4></nameserver><nameserver name="ns.eenet.ee."><ipv4>193.40.56.245</ipv4></nameserver><nameserver name="ns.uninet.ee."><ipv4>194.204.0.1</ipv4></nameserver><nameserver name="ns.ut.ee."><ipv4>193.40.5.99</ipv4></nameserver><nameserver name="ns.uu.net."><ipv4>137.39.1.3</ipv4></nameserver><nameserver name="sunic.sunet.se."><ipv4>192.36.125.2</ipv4><ipv6>2001:6b0:7:0:0:0:0:2</ipv6></nameserver></nameservers><reg-date>1992-06-03</reg-date><last-update>2008-09-24</last-update></domain><domain id="eg"><registrant><organization><line>Egyptian Universities Network (EUN)</line><line>Supreme Council of Universities</line></organization><address><line>Cairo University</line><line>Giza, Cairo  268 - Orman</line></address><country>Egypt</country><reg-date>1985-01-01</reg-date><last-update>2008-02-07</last-update></registrant><admin><name>Egyptian Universities Network (EUN)</name><organization><line>Egyptian Universities Network (EUN)</line><line>Supreme Council of Universities</line></organization><address><line>Cairo University</line><line>Giza, Cairo  268 - Orman</line></address><country>Egypt</country><phone>+202 33458366</phone><fax>+202 33458365</fax><email>admin@egregistry.eg</email><reg-date>1985-01-01</reg-date><last-update>2008-02-07</last-update></admin><tech><name>Egyptian Universities Network (EUN)</name><organization><line>Egyptian Universities Network (EUN)</line><line>Supreme Council of Universities</line></organization><address><line>Cairo University</line><line>Giza, Cairo  268 - Orman</line></address><country>Egypt</country><phone>+202 33458366</phone><fax>+202 33458365</fax><email>tech@egregistry.eg</email><reg-date>1985-01-01</reg-date><last-update>2008-02-07</last-update></tech><reg-url>http://www.egregistry.eg/</reg-url><nameservers><nameserver name="frcu.eun.eg."><ipv4>193.227.1.1</ipv4></nameserver><nameserver name="ns1.univie.ac.at."><ipv4>193.171.255.2</ipv4></nameserver><nameserver name="rip.psg.com."><ipv4>147.28.0.39</ipv4><ipv6>2001:418:1:0:0:0:0:39</ipv6></nameserver></nameservers><reg-date>1990-11-30</reg-date><last-update>2008-12-18</last-update></domain><domain id="eh"><registrant><organization>Not assigned</organization><address/><reg-date>1985-01-01</reg-date><last-update>1985-01-01</last-update></registrant><admin><organization>Not assigned</organization><address/><reg-date>1985-01-01</reg-date><last-update>1985-01-01</last-update></admin><tech><organization>Not assigned</organization><address/><reg-date>1985-01-01</reg-date><last-update>1985-01-01</last-update></tech><nameservers/><last-update>1999-09-27</last-update></domain><domain id="er"><registrant><organization>Eritrea Telcommunication Services Corporation (EriTel)</organization><address><line>11 sematat street</line><line>Asmara Central Zone 234</line></address><country>Eritrea</country><reg-date>1985-01-01</reg-date><last-update>2005-09-16</last-update></registrant><admin><name>Tekle Habtemariam</name><organization>Eritrea Telcommunication Services Corporation (EriTel)</organization><address><line>11 sematat street</line><line>Asmara Central Zone 234</line></address><country>Eritrea</country><phone>+291-1-200339</phone><fax>+291-1-120938</fax><email>tecleh@tse.com.er</email><reg-date>1985-01-01</reg-date><last-update>2005-09-16</last-update></admin><tech><name>Craig Harmer</name><organization>Punchdown Vintners</organization><address><line>110 Clayton Street</line><line>San Francisco California 94117</line></address><country>United States</country><phone>+415 668 3564</phone><email>er-techcontact@punchdown.org</email><reg-date>1985-01-01</reg-date><last-update>2002-04-11</last-update></tech><nameservers><nameserver name="sawanew.noc.net.er."><ipv4>196.200.96.1</ipv4></nameserver><nameserver name="ns.ripe.net."><ipv4>193.0.0.193</ipv4></nameserver><nameserver name="ns0.punchdown.org."><ipv4>64.90.188.42</ipv4></nameserver><nameserver name="zaranew.noc.net.er."><ipv4>196.200.96.2</ipv4></nameserver><nameserver name="ns1.punchdown.net."><ipv4>66.92.19.36</ipv4></nameserver></nameservers><reg-date>1996-09-24</reg-date><last-update>2006-06-13</last-update></domain><domain id="es"><registrant><organization>Red.es</organization><address><line>Edificio Bronce</line><line>Plaza Manuel Gomez Moreno</line><line>Madrid  28020</line></address><country>Spain</country><reg-date>1985-01-01</reg-date><last-update>2004-10-22</last-update></registrant><admin><name>Sebastian Muriel</name><organization>Red.es</organization><address><line>Edificio Bronce</line><line>Plaza Manuel Gomez Moreno</line><line>Madrid  28020</line></address><country>Spain</country><phone>+34 91 212 76 24</phone><fax>+34 91 555 76 64</fax><email>direcciongeneral@red.es</email><reg-date>1985-01-01</reg-date><last-update>2007-01-29</last-update></admin><tech><name>Jesús García Tello</name><organization>Red.es</organization><address><line>Edificio Bronce</line><line>Plaza Manuel Gomez Moreno</line><line>Madrid  28020</line></address><country>Spain</country><phone>+34 91 212 76 20</phone><fax>+ 34 91 556 88 64</fax><email>contacto_dominios@nic.es</email><reg-date>1985-01-01</reg-date><last-update>2008-04-16</last-update></tech><reg-url>http://www.nic.es/</reg-url><nameservers><nameserver name="ns1.nic.es."><ipv4>194.69.254.1</ipv4></nameserver><nameserver name="ns.uu.net."><ipv4>137.39.1.3</ipv4></nameserver><nameserver name="ns1.cesca.es."><ipv4>84.88.0.3</ipv4></nameserver><nameserver name="ns2.nic.es."><ipv4>193.146.142.168</ipv4></nameserver><nameserver name="ns3.nic.fr."><ipv4>192.134.0.49</ipv4><ipv6>2001:660:3006:1:0:0:1:1</ipv6></nameserver><nameserver name="sun.rediris.es."><ipv4>130.206.1.2</ipv4></nameserver><nameserver name="sunic.sunet.se."><ipv4>192.36.125.2</ipv4><ipv6>2001:6b0:7:0:0:0:0:2</ipv6></nameserver><nameserver name="ns-ext.nic.cl."><ipv4>200.1.123.14</ipv4></nameserver></nameservers><reg-date>1988-04-14</reg-date><last-update>2008-10-31</last-update></domain><domain id="et"><registrant><organization>Ethiopian Telecommunications Corporation</organization><address><line>P.O. Box 1047</line><line>W. Churchill Rd.</line><line>Addis Ababa Region 14</line></address><country>Ethiopia</country><reg-date>1985-01-01</reg-date><last-update>2002-05-16</last-update></registrant><admin><name>Internet Service Division - ETC</name><organization>Ethiopian Telecommunications Corporation</organization><address><line>P.O. Box 1047</line><line>W. Churchill Rd.</line><line>Addis Ababa Region 14</line></address><country>Ethiopia</country><phone>+251 115524323</phone><fax>+251 115536588</fax><email>etc-isp@ethionet.et</email><reg-date>1985-01-01</reg-date><last-update>2007-03-26</last-update></admin><tech><name>Network Service Operations and Maintenance - ISP</name><organization>Ethiopian Telecommunications Corporation</organization><address><line>P.O. Box 1047</line><line>W. Churchill Rd.</line><line>Addis Ababa Region 14</line></address><country>Ethiopia</country><phone>+251 115536398</phone><fax>+251 115536588</fax><email>etc-adm@ethionet.et</email><reg-date>2004-09-28</reg-date><last-update>2007-03-26</last-update></tech><reg-url>http://www.telecom.net.et</reg-url><nameservers><nameserver name="ns1.telecom.net.et."><ipv4>213.55.64.36</ipv4></nameserver><nameserver name="ns2.telecom.net.et."><ipv4>213.55.64.38</ipv4></nameserver><nameserver name="ns-et.ripe.net."><ipv4>193.0.12.71</ipv4></nameserver><nameserver name="phloem.uoregon.edu."><ipv4>128.223.32.35</ipv4><ipv6>2001:468:d01:20::80df:2023</ipv6></nameserver></nameservers><reg-date>1995-10-15</reg-date><last-update>2008-04-21</last-update></domain><domain id="eu"><registrant><organization>EURid vzw/asbl</organization><address><line>Parkstation</line><line>Woluwelaan 150</line><line>Diegem  1831</line></address><country>Belgium</country><reg-date>2005-04-28</reg-date><last-update>2007-05-14</last-update></registrant><admin><name>Marc Van Wesemael</name><organization>EURid vzw/asbl</organization><address><line>Parkstation</line><line>Woluwelaan 150</line><line>Diegem  1831</line></address><country>Belgium</country><phone>+32-2-401.27.50</phone><fax>+32-2-401.27.51</fax><email>domain-admin@eurid.eu</email><reg-date>2005-04-28</reg-date><last-update>2007-05-14</last-update></admin><tech><name>Peter Janssen</name><organization>EURid vzw/asbl</organization><address><line>Parkstation</line><line>Woluwelaan 150</line><line>Diegem  1831</line></address><country>Belgium</country><phone>+32-2-401.27.50</phone><fax>+32-2-401.27.51</fax><email>domain-tech@eurid.eu</email><reg-date>2005-04-28</reg-date><last-update>2007-05-14</last-update></tech><reg-url>http://www.eurid.eu</reg-url><whois>whois.eu</whois><nameservers><nameserver name="a.nic.eu."><ipv4>91.200.16.100</ipv4></nameserver><nameserver name="b.eu.dns.be."><ipv4>193.190.135.100</ipv4></nameserver><nameserver name="l.nic.eu."><ipv4>195.66.241.178</ipv4></nameserver><nameserver name="m.nic.eu."><ipv4>217.29.76.13</ipv4></nameserver><nameserver name="l.eu.dns.be."><ipv4>193.2.221.60</ipv4><ipv6>2001:1470:8000:100:0:0:0:1</ipv6></nameserver><nameserver name="p.nic.eu."><ipv4>195.47.235.130</ipv4></nameserver><nameserver name="u.nic.eu."><ipv4>204.74.112.247</ipv4><ipv6>2001:502:d399:0:0:0:0:247</ipv6></nameserver><nameserver name="v.nic.eu."><ipv4>204.74.113.247</ipv4></nameserver><nameserver name="x.nic.eu."><ipv4>194.0.1.19</ipv4></nameserver></nameservers><reg-date>2005-04-28</reg-date><last-update>2008-08-29</last-update></domain><domain id="fi"><registrant><organization>Finnish Communications Regulatory Authority</organization><address><line>PO Box 313</line><line>Helsinki  FI-00181</line></address><country>Finland</country><reg-date>1985-01-01</reg-date><last-update>2005-03-21</last-update></registrant><admin><name>Domain Names</name><organization>Finnish Communications Regulatory Authority</organization><address><line>PO Box 313</line><line>Helsinki  FI-00181</line></address><country>Finland</country><phone>+358 9 69661</phone><fax>+358 9 6966410</fax><email>firootadmin@ficora.fi</email><reg-date>1985-01-01</reg-date><last-update>2005-03-21</last-update></admin><tech><name>Domain Names / Technical</name><organization>Finnish Communications Regulatory Authority</organization><address><line>P.O. Box 313</line><line>Helsinki  FI-00181</line></address><country>Finland</country><phone>+358 9 69661</phone><fax>+358 9 6966410</fax><email>firootadmin@ficora.fi</email><reg-date>1985-01-01</reg-date><last-update>2005-03-21</last-update></tech><reg-url>https://domain.ficora.fi</reg-url><whois>whois.ficora.fi</whois><nameservers><nameserver name="a.fi."><ipv4>193.166.4.1</ipv4><ipv6>2001:708:10:53:0:0:0:53</ipv6></nameserver><nameserver name="b.fi."><ipv4>194.146.106.26</ipv4></nameserver><nameserver name="c.fi."><ipv4>128.214.4.29</ipv4></nameserver><nameserver name="d.fi."><ipv4>77.72.229.253</ipv4><ipv6>2a01:3f0:0:302:0:0:0:53</ipv6></nameserver><nameserver name="e.fi."><ipv4>194.0.1.14</ipv4><ipv6>2001:678:4:0:0:0:0:e</ipv6></nameserver></nameservers><reg-date>1986-12-17</reg-date><last-update>2008-08-08</last-update></domain><domain id="fj"><registrant><organization><line>The University of the South Pacific</line><line>IT Services</line></organization><address><line>Suva</line></address><country>Fiji</country><reg-date>1985-01-01</reg-date><last-update>1985-01-01</last-update></registrant><admin><name>Manager Systems &amp; Networks</name><organization><line>The University of the South Pacific</line><line>IT Services</line></organization><address><line>Suva</line></address><country>Fiji</country><phone>+679 321 2114</phone><fax>+679 330 4089</fax><email>DomReg@usp.ac.fj</email><reg-date>1985-01-01</reg-date><last-update>2004-05-25</last-update></admin><tech><name>Manager Systems &amp; Networks</name><organization><line>The University of the South Pacific</line><line>IT Services</line></organization><address><line>Suva</line></address><country>Fiji</country><phone>+679 321 2114</phone><fax>+679 330 4089</fax><email>DomReg@usp.ac.fj</email><reg-date>1985-01-01</reg-date><last-update>2004-05-25</last-update></tech><reg-url>http://domains.fj/</reg-url><nameservers><nameserver name="teri.usp.ac.fj."><ipv4>144.120.8.1</ipv4></nameserver><nameserver name="auth00.ns.uu.net."><ipv4>198.6.1.65</ipv4></nameserver><nameserver name="manu.usp.ac.fj."><ipv4>144.120.8.10</ipv4></nameserver><nameserver name="rip.psg.com."><ipv4>147.28.0.39</ipv4><ipv6>2001:418:1:0:0:0:0:39</ipv6></nameserver><nameserver name="adns1.berkeley.edu."><ipv4>128.32.136.3</ipv4></nameserver><nameserver name="adns2.berkeley.edu."><ipv4>128.32.136.14</ipv4></nameserver></nameservers><reg-date>1992-06-03</reg-date><last-update>2008-12-18</last-update></domain><domain id="fk"><registrant><organization>Falkland Islands Government</organization><address><line>Ross Road</line><line>Stanley  FIQQ 1ZZ</line></address><country>Falkland Islands</country><reg-date>1985-01-01</reg-date><last-update>2005-05-03</last-update></registrant><admin><name>Tim Cotter</name><organization>Falkland Islands Development Corporation</organization><address><line>West Hillside</line><line>Stanley  FIQQ 1ZZ</line></address><country>Falkland Islands</country><phone>+500 27211</phone><fax>+500 27210</fax><email>tcotter@fidc.co.fk</email><reg-date>1985-01-01</reg-date><last-update>2005-05-03</last-update></admin><tech><name>Mike McLeod</name><organization>Cable and Wireless</organization><address><line>Ross Road</line><line>Stanley  FIQQ 1ZZ</line></address><country>Falkland Islands</country><phone>+ 500 20830</phone><fax>+ 500 22207</fax><email>mike.mcleod@cwfi.co.fk</email><reg-date>1985-01-01</reg-date><last-update>2005-05-03</last-update></tech><reg-url>http://www.fidc.co.fk/</reg-url><nameservers><nameserver name="euro-ns1.cw.net."><ipv4>141.1.27.248</ipv4></nameserver><nameserver name="euro-ns2.cw.net."><ipv4>212.80.175.2</ipv4></nameserver><nameserver name="euro-ns3.cw.net."><ipv4>141.1.27.251</ipv4></nameserver><nameserver name="ns.horizon.net.fk."><ipv4>195.248.193.250</ipv4></nameserver></nameservers><reg-date>1997-03-26</reg-date><last-update>2008-04-30</last-update></domain><domain id="fm"><registrant><organization>FSM Telecommunications Corporation</organization><address><line>P.O. Box 1210</line><line>Kolonia Pohnpei 96941</line></address><country>Federal States of Micronesia</country><reg-date>1985-01-01</reg-date><last-update>1985-01-01</last-update></registrant><admin><name>System Administrator</name><organization>FSM Telecommunications Corporation</organization><address><line>P.O. Box 1210</line><line>Kolonia Pohnpei 96941</line></address><country>Federal States of Micronesia</country><phone>+691 320 2740</phone><fax>+691 320 2745</fax><email>SysAdmin@mail.fm</email><reg-date>1985-01-01</reg-date><last-update>2008-08-11</last-update></admin><tech><name>System Administrator</name><organization>FSM Telecommunications Corporation</organization><address><line>P.O. Box 1210</line><line>Kolonia Pohnpei 96941</line></address><country>Federal States of Micronesia</country><phone>+691 320 2740</phone><fax>+691 320 2745</fax><email>SysAdmin@mail.fm</email><reg-date>1985-01-01</reg-date><last-update>2008-08-11</last-update></tech><reg-url>http://www.dot.fm/</reg-url><nameservers><nameserver name="tld1.ultradns.net."><ipv4>204.74.112.1</ipv4><ipv6>2001:502:d399:0:0:0:0:1</ipv6></nameserver><nameserver name="tld2.ultradns.net."><ipv4>204.74.113.1</ipv4></nameserver><nameserver name="tld3.ultradns.org."><ipv4>199.7.66.1</ipv4></nameserver><nameserver name="tld4.ultradns.org."><ipv4>199.7.67.1</ipv4><ipv6>2001:502:100e:0:0:0:0:1</ipv6></nameserver><nameserver name="tld5.ultradns.info."><ipv4>192.100.59.11</ipv4></nameserver><nameserver name="tld6.ultradns.co.uk."><ipv4>198.133.199.11</ipv4></nameserver></nameservers><reg-date>1995-04-19</reg-date><last-update>2008-08-11</last-update></domain><domain id="fo"><registrant><organization>FO Council</organization><address><line>Tinghusvegur 9</line><line>Torshavn FO 110</line></address><country>Faroe Islands</country><reg-date>1985-01-01</reg-date><last-update>2005-01-07</last-update></registrant><admin><name>Petur Zachariassen</name><organization>FO Council</organization><address><line>Tinghusvegur 9, P.O. Box 233</line><line>Torshavn FO 110</line></address><country>Faroe Islands</country><phone>+298 322 400</phone><fax>+298 322 401</fax><email>nic@nic.fo</email><reg-date>1985-01-01</reg-date><last-update>2005-01-07</last-update></admin><tech><name>FO-Umsitingin</name><organization>FO-Umsitingin</organization><address><line>Tinghusvegur 9, P.O. Box 233</line><line>Torshavn FO 110</line></address><country>Faroe Islands</country><phone>+298 322 400</phone><fax>+298 322 401</fax><email>nic@nic.fo</email><reg-date>1985-01-01</reg-date><last-update>2005-01-13</last-update></tech><reg-url>http://www.nic.fo/</reg-url><nameservers><nameserver name="copenhagen.nic.fo."><ipv4>193.163.102.12</ipv4></nameserver><nameserver name="frankfurt.nic.fo."><ipv4>81.91.161.88</ipv4></nameserver></nameservers><reg-date>1993-05-14</reg-date><last-update>2007-06-04</last-update></domain><domain id="fr"><registrant><organization>AFNIC (NIC France) - Immeuble International</organization><address><line>2 rue Stephenson - Montigny-le-Bretonneux</line><line>Saint-Quentin-en-Yvelines CEDEX</line><line>78181</line></address><country>France</country><reg-date>1985-01-01</reg-date><last-update>1985-01-01</last-update></registrant><admin><name>AFNIC Admin Contact</name><organization>AFNIC (NIC France) - Immeuble International</organization><address><line>2 rue Stephenson - Montigny-le-Bretonneux</line><line>Saint-Quentin-en-Yvelines CEDEX</line><line>78181</line></address><country>France</country><phone>+33 1 39 30 83 05</phone><fax>+33 1 39 30 83 01</fax><email>tld-admin@nic.fr</email><reg-date>1985-01-01</reg-date><last-update>2006-03-15</last-update></admin><tech><name>AFNIC Tech Contact</name><organization>AFNIC (NIC France) - Immeuble International</organization><address><line>2 rue Stephenson - Montigny-le-Bretonneux</line><line>Saint-Quentin-en-Yvelines CEDEX</line><line>78181</line></address><country>France</country><phone>+33 1 39 30 83 81</phone><fax>+33 1 39 30 83 01</fax><email>tld-tech@nic.fr</email><reg-date>1985-01-01</reg-date><last-update>2006-03-15</last-update></tech><reg-url>http://www.nic.fr/</reg-url><whois>whois.nic.fr</whois><nameservers><nameserver name="a.nic.fr."><ipv4>192.93.0.129</ipv4><ipv6>2001:660:3005:3::1:1</ipv6></nameserver><nameserver name="c.nic.fr."><ipv4>192.134.0.129</ipv4><ipv6>2001:660:3006:4:0:0:1:1</ipv6></nameserver><nameserver name="d.ext.nic.fr."><ipv4>204.152.184.85</ipv4><ipv6>2001:4f8:0:2:0:0:0:8</ipv6></nameserver><nameserver name="e.ext.nic.fr."><ipv4>193.176.144.6</ipv4></nameserver><nameserver name="b.ext.nic.fr."><ipv4>192.228.90.21</ipv4></nameserver><nameserver name="e.nic.fr."><ipv4>194.57.253.1</ipv4></nameserver><nameserver name="f.ext.nic.fr."><ipv4>194.146.106.46</ipv4></nameserver><nameserver name="g.ext.nic.fr."><ipv4>204.61.216.39</ipv4><ipv6>2001:500:14:6039:ad:0:0:1</ipv6></nameserver></nameservers><reg-date>1986-09-02</reg-date><last-update>2009-02-24</last-update></domain><domain id="ga"><registrant><organization>Gabon Telecom</organization><address><line>Immeuble Delta Postal</line><line>Libreville  BP:40000</line></address><country>Gabon</country><reg-date>1985-01-01</reg-date><last-update>2004-04-23</last-update></registrant><admin><name>Emmanuel Idoundou</name><organization>Gabon Telecom</organization><address><line>Immeuble Delta Postal</line><line>Libreville  BP:40000</line></address><country>Gabon</country><phone>+241 78 78 37</phone><fax>+241 78 78 87</fax><email>e.idoundou@gabontelecom.ga</email><reg-date>1985-01-01</reg-date><last-update>2004-04-23</last-update></admin><tech><name>Francois Mbomeyo Ona</name><organization>Gabon Telecom</organization><address><line>Cenacom</line><line>Libreville  BP:40000</line></address><country>Gabon</country><phone>+241 76 42 31</phone><fax>+241 74 19 34</fax><email>mbomeyo@inet.ga</email><reg-date>2004-04-26</reg-date><last-update>2004-04-27</last-update></tech><nameservers><nameserver name="nyali.inet.ga."><ipv4>217.77.71.33</ipv4></nameserver><nameserver name="ogooue.inet.ga."><ipv4>217.77.71.1</ipv4></nameserver><nameserver name="b.hosting.nic.fr."><ipv4>192.93.0.4</ipv4><ipv6>2001:660:3005:1:0:0:1:2</ipv6></nameserver><nameserver name="ns-ga.ripe.net."><ipv4>193.0.12.81</ipv4><ipv6>2001:610:240:0:53:cc:12:81</ipv6></nameserver></nameservers><reg-date>1994-12-12</reg-date><last-update>2005-08-29</last-update></domain><domain id="gb"><registrant><organization>Reserved Domain - IANA</organization><address/><reg-date>1985-01-01</reg-date><last-update>1985-01-01</last-update></registrant><admin><name>Naming Administrator</name><organization>The JNT Association trading as JANET(UK)</organization><address><line>Lumen House, Library Avenue</line><line>Harwell Science and Innovation</line><line>Didcot Oxfordshire OX11 0SG</line></address><country>United Kingdom</country><phone>+44 1235 822 212</phone><fax>+44 1235 822 397</fax><email>naming@ja.net</email><reg-date>1985-01-01</reg-date><last-update>2007-07-11</last-update></admin><tech><name>Naming Administrator</name><organization>The JNT Association trading as JANET(UK)</organization><address><line>Lumen House, Library Avenue</line><line>Harwell Science and Innovation</line><line>Didcot Oxfordshire OX11 0SG</line></address><country>United Kingdom</country><phone>+44 1235 822 212</phone><fax>+44 1235 822 397</fax><email>naming@ja.net</email><reg-date>1985-01-01</reg-date><last-update>2007-07-11</last-update></tech><nameservers><nameserver name="ns.uu.net."><ipv4>137.39.1.3</ipv4></nameserver><nameserver name="ns0.ja.net."><ipv4>128.86.1.20</ipv4><ipv6/><ipv4>193.63.94.20</ipv4><ipv6/><ipv6>2001:630:0:8:0:0:0:14</ipv6><ipv6/><ipv6>2001:630:0:9:0:0:0:14</ipv6></nameserver><nameserver name="ns1.cs.ucl.ac.uk."><ipv4>128.16.5.32</ipv4></nameserver><nameserver name="ns4.ja.net."><ipv4>193.62.157.66</ipv4></nameserver></nameservers><reg-date>1985-07-24</reg-date><last-update>2007-07-11</last-update></domain><domain id="gd"><registrant><organization>The National Telecommunications Regulatory Commission (NTRC)</organization><address><line>P.O. Box 854</line><line>St George's</line></address><country>Grenada</country><reg-date>1985-01-01</reg-date><last-update>2006-08-21</last-update></registrant><admin><name>Dr. Linus Spencer Thomas, Chairman</name><organization>The National Telecommunications Regulatory Commission (NTRC)</organization><address><line>P.O. Box 854</line><line>St. Georges's</line></address><country>Grenada</country><phone>+1 473 435 6872</phone><fax>+1 473 435 2132</fax><email>sthomas@ectel.int</email><reg-date>1985-01-01</reg-date><last-update>2006-08-21</last-update></admin><tech><name>Registrar</name><organization>Amaryllis Investments Ltd</organization><address><line>c/o 3 Adams Road</line><line>Cambridge  CB3 9AD</line></address><country>United Kingdom</country><phone>+44 1223 353203</phone><email>tldwhois@adamsnames.tc</email><reg-date>2006-08-21</reg-date><last-update>2006-08-21</last-update></tech><reg-url>http://www.adamsnames.com</reg-url><whois>whois.adamsnames.com</whois><nameservers><nameserver name="chc1.adamsnames.com."><ipv4>195.153.6.27</ipv4></nameserver><nameserver name="ns-gd.ripe.net."><ipv4>193.0.12.38</ipv4></nameserver><nameserver name="qew1.adamsnames.com."><ipv4>82.68.90.198</ipv4></nameserver><nameserver name="bcn1.adamsnames.com."><ipv4>217.147.94.75</ipv4></nameserver></nameservers><reg-date>1992-06-03</reg-date><last-update>2007-05-22</last-update></domain><domain id="ge"><registrant><organization>SANET Ltd.</organization><address><line>37 Rustaveli Avenue</line><line>Tbilisi  380008</line></address><country>Georgia</country><reg-date>1985-01-01</reg-date><last-update>1985-01-01</last-update></registrant><admin><name>Mamia Sanadiradze</name><organization>SANET Ltd.</organization><address><line>37 Rustaveli Avenue</line><line>Tbilisi  0108</line></address><country>Georgia</country><phone>+995 32 922949</phone><fax>+995 32 001 367</fax><email>mamia@sanet.ge</email><reg-date>1985-01-01</reg-date><last-update>2006-12-07</last-update></admin><tech><name>Irakli Bakhtadze</name><organization>Caucasus Online</organization><address><line>37 Rustaveli Avenue</line><line>Tbilisi  0108</line></address><country>Georgia</country><phone>+995 32 223932</phone><fax>+995 32 936013</fax><email>ib@caucasus.net</email><reg-date>1985-01-01</reg-date><last-update>2008-01-02</last-update></tech><reg-url>http://georgia.net.ge/domain/</reg-url><nameservers><nameserver name="ns.nic.ge."><ipv4>212.72.130.11</ipv4></nameserver><nameserver name="ns.uu.net."><ipv4>137.39.1.3</ipv4></nameserver><nameserver name="ns2.nic.fr."><ipv4>192.93.0.4</ipv4></nameserver><nameserver name="sunic.sunet.se."><ipv4>192.36.125.2</ipv4><ipv6>2001:6b0:7:0:0:0:0:2</ipv6></nameserver><nameserver name="ns-ge.ripe.net."><ipv4>193.0.12.83</ipv4></nameserver></nameservers><reg-date>1992-12-02</reg-date><last-update>2008-09-24</last-update></domain><domain id="gf"><registrant><organization>Net Plus</organization><address><line>Boulevard de la Republique 2</line><line>BP 125</line><line>97 323 Cayenne cedex</line><line>97300</line></address><country>Guyane Francaise</country><reg-date>1985-01-01</reg-date><last-update>2004-04-23</last-update></registrant><admin><name>Frederic Trichet</name><organization>Net Plus</organization><address><line>Boulevard de la Republique 2</line><line>BP 125</line><line>97 323 Cayenne cedex</line><line>97300</line></address><country>Guyane Francaise</country><phone>+594 29 13 31</phone><fax>+594 29 13 27</fax><email>admin@nic.gf</email><reg-date>1985-01-01</reg-date><last-update>2004-04-23</last-update></admin><tech><name>David Cyrille</name><organization>Mediaserv</organization><address><line>ZI Champigny</line><line>Ducos  97224</line></address><country>MQ</country><phone>+596 596 77 25 11</phone><fax>+596 596 56 41 29</fax><email>tech@nic.gf</email><reg-date>1985-01-01</reg-date><last-update>2004-04-23</last-update></tech><reg-url>http://www.nplus.gf/</reg-url><nameservers><nameserver name="biguine.mediaserv.net."><ipv4>213.188.164.16</ipv4></nameserver><nameserver name="fado.mediaserv.net."><ipv4>213.188.160.10</ipv4></nameserver><nameserver name="ns1.nplus.gf."><ipv4>213.16.30.3</ipv4></nameserver></nameservers><reg-date>1996-07-25</reg-date><last-update>2005-07-26</last-update></domain><domain id="gg"><registrant><organization>Island Networks Ltd.</organization><address><line>4 &amp; 5 St. Anne's Walk</line><line>Alderney  GY9 3JZ</line></address><country>Guernsey</country><reg-date>1985-01-01</reg-date><last-update>1985-01-01</last-update></registrant><admin><name>Nigel Roberts</name><organization>Nigel Roberts, Chartered Engineer</organization><address><line>4 &amp; 5 St. Anne's Walk</line><line>Alderney  GY9 3JZ</line></address><country>Guernsey</country><phone>+44 1481 822800</phone><fax>+44 870 321 2289</fax><email>hostmaster@iana-contact.gg</email><reg-date>1985-01-01</reg-date><last-update>2006-09-26</last-update></admin><tech><name>GG-Hostmaster</name><organization>Island Networks Limited</organization><address><line>4 &amp; 5 St. Anne's Walk</line><line>Alderney Channel Islands GY9 3JZ</line></address><country>Guernsey</country><phone>+44 1481 822800</phone><fax>+44 870 321 2289</fax><email>hostmaster@iana-contact.gg</email><reg-date>1985-01-01</reg-date><last-update>2006-09-26</last-update></tech><reg-url>http://www.channelisles.net/</reg-url><whois>whois.gg</whois><nameservers><nameserver name="dns2.guernsey.net."><ipv4>195.226.128.3</ipv4></nameserver><nameserver name="ns0.ja.net."><ipv4>128.86.1.20</ipv4><ipv6/><ipv4>193.63.94.20</ipv4><ipv6/><ipv6>2001:630:0:8:0:0:0:14</ipv6><ipv6/><ipv6>2001:630:0:9:0:0:0:14</ipv6></nameserver><nameserver name="ns2.dns.net.nz."><ipv4>202.46.191.130</ipv4><ipv6>2001:dce:4000:2:0:0:0:130</ipv6></nameserver><nameserver name="sec1.dns.uk.psi.net."><ipv4>154.32.105.34</ipv4></nameserver><nameserver name="uucp-gw-1.pa.dec.com."><ipv4>204.123.2.18</ipv4></nameserver><nameserver name="uucp-gw-2.pa.dec.com."><ipv4>204.123.2.19</ipv4></nameserver><nameserver name="a.ci-servers.net."><ipv4>87.117.196.245</ipv4></nameserver></nameservers><reg-date>1996-08-07</reg-date><last-update>2008-09-18</last-update></domain><domain id="gh"><registrant><organization>Network Computer Systems Limited</organization><address><line>7 Sixth Avenue, Ridge</line><line>Private Mail Bag - Osu</line><line>Accra</line></address><country>Ghana</country><reg-date>1985-01-01</reg-date><last-update>1985-01-01</last-update></registrant><admin><name>Dr. Nii Narku Quaynor</name><organization>Network Computer Systems Limited</organization><address><line>7 Sixth Avenue, Ridge</line><line>Private Mail Bag - Osu</line><line>Accra</line></address><country>Ghana</country><phone>+233 21220622</phone><fax>+233 21762173</fax><email>quaynor@ghana.com</email><reg-date>1985-01-01</reg-date><last-update>1985-01-01</last-update></admin><tech><name>William Tevie</name><organization>Network Computer Systems</organization><address><line>7 Sixth Avenue, Ridge</line><line>Private Mail Bag - Osu</line><line>Accra</line></address><country>Ghana</country><phone>+233 21220622</phone><fax>+233 21762173</fax><email>tevie@ghana.com</email><reg-date>1985-01-01</reg-date><last-update>1985-01-01</last-update></tech><reg-url>http://www.ghana.com.gh/</reg-url><nameservers><nameserver name="austin.gh.com."><ipv4>196.3.64.1</ipv4></nameserver><nameserver name="hippo.ru.ac.za."><ipv4>146.231.128.1</ipv4><ipv6>2001:4200:1010::1</ipv6></nameserver><nameserver name="mantse.gh.com."><ipv4>193.194.185.2</ipv4></nameserver><nameserver name="rip.psg.com."><ipv4>147.28.0.39</ipv4><ipv6>2001:418:1:0:0:0:0:39</ipv6></nameserver><nameserver name="slave.sth.netnod.se."><ipv4>192.36.144.116</ipv4></nameserver><nameserver name="ns1.dns.aq."><ipv4>198.32.71.12</ipv4></nameserver></nameservers><reg-date>1995-01-19</reg-date><last-update>2008-12-18</last-update></domain><domain id="gi"><registrant><organization>Sapphire Networks</organization><address><line>Suite 3.0.3</line><line>Eurotowers</line><line>P.O. Box 797</line></address><country>Gibraltar</country><reg-date>1985-01-01</reg-date><last-update>2007-01-03</last-update></registrant><admin><name>Jimmy Imossi</name><organization>Sapphire Networks</organization><address><line>Suite 3.0.3</line><line>Eurotowers</line><line>P.O. Box 797</line></address><country>Gibraltar</country><phone>+350 47200</phone><fax>+350 47272</fax><email>nic@sapphire.gi</email><reg-date>1985-01-01</reg-date><last-update>2007-01-03</last-update></admin><tech><name>Technical Domain Administrator</name><organization>Afilias Limited</organization><address><line>Office 110, 52 Broomhill Road</line><line>Tallaght Dublin 24</line></address><country>Ireland</country><phone>+1 215 706 5700</phone><fax>+1 215 706 5701</fax><email>domaintech@afilias.info</email><reg-date>1985-01-01</reg-date><last-update>2007-01-03</last-update></tech><reg-url>http://www.nic.gi</reg-url><whois>whois2.afilias-grs.net</whois><nameservers><nameserver name="a0.cctld.afilias-nst.info."><ipv4>199.254.59.1</ipv4><ipv6>2001:500:25:0:0:0:0:1</ipv6></nameserver><nameserver name="b0.cctld.afilias-nst.org."><ipv4>199.254.60.1</ipv4><ipv6>2001:500:26:0:0:0:0:1</ipv6></nameserver><nameserver name="c0.cctld.afilias-nst.info."><ipv4>199.254.61.1</ipv4><ipv6>2001:500:27:0:0:0:0:1</ipv6></nameserver><nameserver name="d0.cctld.afilias-nst.org."><ipv4>199.254.62.1</ipv4><ipv6>2001:500:28:0:0:0:0:1</ipv6></nameserver><nameserver name="a2.cctld.afilias-nst.info."><ipv4>199.249.116.1</ipv4><ipv6>2001:500:44:0:0:0:0:1</ipv6></nameserver><nameserver name="b2.cctld.afilias-nst.org."><ipv4>199.249.124.1</ipv4><ipv6>2001:500:4c:0:0:0:0:1</ipv6></nameserver></nameservers><reg-date>1995-12-05</reg-date><last-update>2008-12-15</last-update></domain><domain id="gl"><registrant><organization>TELE Greenland A/S</organization><address><line>Farip Aqqutaa 8</line><line>PO Box 1002</line><line>Nuuk  3900</line></address><country>Greenland</country><reg-date>1985-01-01</reg-date><last-update>2008-09-23</last-update></registrant><admin><name>Network Planning Department (NPL)</name><organization>TELE Greenland A/S</organization><address><line>Farip Aqqutaa 8</line><line>PO Box 1002</line><line>Nuuk  3900</line></address><country>Greenland</country><phone>+299 341255</phone><fax>+299 322966</fax><email>gl-npl@tele.gl</email><reg-date>1985-01-01</reg-date><last-update>2008-09-23</last-update></admin><tech><name>Operations Support Systems Department (OSS)</name><organization>TELE Greenland A/S</organization><address><line>Farip Aqqutaa 8</line><line>PO Box 1002</line><line>Nuuk  3900</line></address><country>Greenland</country><phone>+299 341255</phone><fax>+299 322966</fax><email>gl-admin@tele.gl</email><reg-date>1985-01-01</reg-date><last-update>2008-09-23</last-update></tech><reg-url>http://www.nic.gl/</reg-url><nameservers><nameserver name="a.nuuk.nic.gl."><ipv4>194.177.224.13</ipv4></nameserver><nameserver name="b.nuuk.nic.gl."><ipv4>194.177.224.17</ipv4></nameserver><nameserver name="c.nuuk.nic.gl."><ipv4>194.177.224.18</ipv4></nameserver><nameserver name="ns-soa.darenet.dk."><ipv4>130.226.1.4</ipv4></nameserver></nameservers><reg-date>1994-04-08</reg-date><last-update>2009-03-17</last-update></domain><domain id="gm"><registrant><organization>GM-NIC</organization><address><line>P.O. Box 2647</line><line>Serrekunda</line></address><country>The Gambia</country><reg-date>1985-01-01</reg-date><last-update>1985-01-01</last-update></registrant><admin><name>Jorn Grotnes</name><organization>GM-NIC</organization><address><line>P.O. Box 2647</line><line>Serrekunda</line></address><country>The Gambia</country><phone>+220 392728</phone><fax>+220 391020</fax><email>admin@nic.gm</email><reg-date>1985-01-01</reg-date><last-update>1985-01-01</last-update></admin><tech><name>Jorn Grotnes</name><organization>GM-NIC</organization><address><line>P.O. Box 2647</line><line>Serrekunda</line></address><country>The Gambia</country><phone>+220 392728</phone><fax>+220 3911020</fax><email>technical@nic.gm</email><reg-date>1985-01-01</reg-date><last-update>1985-01-01</last-update></tech><reg-url>http://www.nic.gm</reg-url><nameservers><nameserver name="ns1.asap-asp.net."><ipv4>195.225.3.100</ipv4></nameserver><nameserver name="ns1.nic.gm."><ipv4>194.63.250.217</ipv4></nameserver><nameserver name="ns2.nic.gm."><ipv4>212.60.72.93</ipv4></nameserver></nameservers><reg-date>1997-03-28</reg-date><last-update>2005-07-26</last-update></domain><domain id="gn"><registrant><organization>Centre National des Sciences Halieutiques de Boussoura</organization><address><line>BP1984</line><line>Conakry</line></address><country>Guinea</country><reg-date>1985-01-01</reg-date><last-update>1985-01-01</last-update></registrant><admin><name>Mamoudou Keita</name><organization>UNICEF Conakry</organization><address><line>BP 222</line><line>Conakry</line></address><country>Guinea</country><phone>+37798 66 25 15 / +37798 66 34 10</phone><fax>+224 46 27 07</fax><email>mkeita@unicef.org</email><reg-date>1985-01-01</reg-date><last-update>1985-01-01</last-update></admin><tech><name>Randy Bush</name><address><line>PO Box 128</line><line>Kapa`au Hawai`i 96755</line></address><country>United States</country><email>randy@psg.com</email><reg-date>2005-09-20</reg-date><last-update>2005-09-20</last-update></tech><reg-url>http://psg.com/dns/gn</reg-url><nameservers><nameserver name="hippo.ru.ac.za."><ipv4>146.231.128.1</ipv4><ipv6>2001:4200:1010::1</ipv6></nameserver><nameserver name="rip.psg.com."><ipv4>147.28.0.39</ipv4><ipv6>2001:418:1:0:0:0:0:39</ipv6></nameserver><nameserver name="sunic.sunet.se."><ipv4>192.36.125.2</ipv4><ipv6>2001:6b0:7:0:0:0:0:2</ipv6></nameserver><nameserver name="ns1.dns.aq."><ipv4>198.32.71.12</ipv4></nameserver></nameservers><reg-date>1994-08-09</reg-date><last-update>2008-12-18</last-update></domain><domain id="gov"><registrant><organization><line>General Services Administration</line><line>Attn: QTDC, 2E08 (.gov Domain Registration)</line></organization><address><line>10304 Eaton Place</line><line>Fairfax Virginia 22030</line></address><country>United States</country><reg-date>1985-01-01</reg-date><last-update>2008-09-12</last-update></registrant><admin><name>Donna Tourville (Contract Officer Technical Representative)</name><organization><line>General Services Administration</line><line>Federal Acquisition Service (FAS)</line><line>Office of Planning &amp; Strategic Solutions (QTD)</line></organization><address><line>10304 Eaton Place</line><line>Fairfax Virginia 22030</line></address><country>United States</country><phone>+1 703 306 6702</phone><fax>+1 540 301 0160</fax><email>donna.samblanet@gsa.gov</email><reg-date>2002-09-24</reg-date><last-update>2008-09-12</last-update></admin><tech><name>Donna Tourville (Contract Officer Technical Representative)</name><organization><line>General Services Administration</line><line>Federal Acquisition Service (FAS)</line><line>Office of Planning &amp; Strategic Solutions (QTD)</line></organization><address><line>10304 Eaton Place</line><line>Fairfax Virginia 22030</line></address><country>United States</country><phone>+1 703 306 6702</phone><fax>+1 540 301 0160</fax><email>donna.samblanet@gsa.gov</email><reg-date>2002-09-24</reg-date><last-update>2008-09-12</last-update></tech><reg-url>http://www.dotgov.gov</reg-url><whois>whois.dotgov.gov</whois><nameservers><nameserver name="a.gov.zoneedit.com."><ipv4>216.55.155.29</ipv4></nameserver><nameserver name="b.gov.zoneedit.com."><ipv4>206.51.224.229</ipv4></nameserver><nameserver name="c.gov.zoneedit.com."><ipv4>69.72.142.35</ipv4></nameserver><nameserver name="d.gov.zoneedit.com."><ipv4>209.97.207.48</ipv4></nameserver><nameserver name="e.gov.zoneedit.com."><ipv4>82.165.40.134</ipv4></nameserver><nameserver name="f.gov.zoneedit.com."><ipv4>66.197.185.229</ipv4></nameserver><nameserver name="g.gov.zoneedit.com."><ipv4>76.74.254.208</ipv4></nameserver></nameservers><reg-date>1985-01-01</reg-date><last-update>2008-09-12</last-update></domain><domain id="gp"><registrant><organization>Networking Technologies Group</organization><address><line>Rue de la Chapelle 38</line><line>Z.I. de Jarry</line><line>Baie-Mahault  97122</line></address><country>Guadeloupe</country><reg-date>1985-01-01</reg-date><last-update>1985-01-01</last-update></registrant><admin><name>Patrick Raimond</name><organization>Networking Technologies Group</organization><address><line>232 rue de la Chapelle</line><line>ZI Jarry</line><line>Baie-Mahault  97122</line></address><country>Guadeloupe</country><phone>+590690830580</phone><email>patrick.raimond@ntgroup.gp</email><reg-date>1985-01-01</reg-date><last-update>2007-11-01</last-update></admin><tech><name>John Broomfield</name><organization>World Satellite Services</organization><address><line>Calle Alemania</line><line>N-11, Casa 3</line><line>Cuarte de Huerva Zaragoza 50410</line></address><country>Spain</country><phone>+34 675404304</phone><email>jbroom@nic.gp</email><reg-date>2005-12-02</reg-date><last-update>2007-11-01</last-update></tech><reg-url>http://www.nic.gp/</reg-url><nameservers><nameserver name="ns1.nic.gp."><ipv4>193.218.114.2</ipv4></nameserver><nameserver name="ns.pixar.es."><ipv4>194.143.196.3</ipv4></nameserver><nameserver name="ns1.orangecaraibe.com."><ipv4>193.251.160.222</ipv4></nameserver><nameserver name="ns-gp.ripe.net."><ipv4>193.0.12.90</ipv4></nameserver></nameservers><reg-date>1996-10-21</reg-date><last-update>2007-11-01</last-update></domain><domain id="gq"><registrant><organization>GETESA</organization><address><line>A.P. 494</line><line>Malabo</line></address><country>Equatorial Guinea</country><reg-date>1985-01-01</reg-date><last-update>1985-01-01</last-update></registrant><admin><name>Luis Toichoa</name><organization>GETESA</organization><address><line>A.P. 494</line><line>Malabo</line></address><country>Equatorial Guinea</country><phone>+240 9 28 15</phone><fax>+240 9 40 00</fax><email>toichoa@intnet.gq</email><reg-date>1985-01-01</reg-date><last-update>1985-01-01</last-update></admin><tech><name>Jose Lucas Nvomo</name><organization>GETESA</organization><address><line>A.P. 494</line><line>Malabo</line></address><country>Equitorial Guinea</country><phone>+240 9 28 15</phone><fax>+240 9 40 00</fax><email>jose@intnet.gq</email><reg-date>1985-01-01</reg-date><last-update>1985-01-01</last-update></tech><reg-url>http://www.getesa.gq/</reg-url><nameservers><nameserver name="bow.intnet.gq."><ipv4>193.251.153.78</ipv4></nameserver><nameserver name="bow.rain.fr."><ipv4>194.51.3.49</ipv4></nameserver></nameservers><reg-date>1997-07-10</reg-date><last-update>2005-07-26</last-update></domain><domain id="gr"><registrant><organization>ICS-FORTH GR</organization><address><line>P.O. Box 1385</line><line>Heraklion</line><line>Crete  71110</line></address><country>Greece</country><reg-date>1985-01-01</reg-date><last-update>1985-01-01</last-update></registrant><admin><name>Vaggelis Segredakis</name><organization>ICS-FORTH GR</organization><address><line>P.O. Box 1385</line><line>Heraklion</line><line>Crete  71110</line></address><country>Greece</country><phone>+30 281 0391450</phone><fax>+30 281 0391451</fax><email>segred@ics.forth.gr ; noc@ics.forth.gr</email><reg-date>1985-01-01</reg-date><last-update>2002-12-31</last-update></admin><tech><name>Vaggelis Segredakis</name><organization>ICS-FORTH GR</organization><address><line>P.O. Box 1385</line><line>Heraklion</line><line>Crete  71110</line></address><country>Greece</country><phone>+30 281 0391450</phone><fax>+30 281 0391451</fax><email>segred@ics.forth.gr ; noc@ics.forth.gr</email><reg-date>1985-01-01</reg-date><last-update>2002-12-31</last-update></tech><reg-url>http://www.gr</reg-url><nameservers><nameserver name="estia.ics.forth.gr."><ipv4>139.91.191.3</ipv4><ipv6>2001:648:2c30::191:3</ipv6></nameserver><nameserver name="grdns.ics.forth.gr."><ipv4>139.91.1.1</ipv4></nameserver><nameserver name="grdns-aix.ics.forth.gr."><ipv4>195.130.89.230</ipv4></nameserver><nameserver name="grdns-at.ics.forth.gr."><ipv4>193.171.255.40</ipv4></nameserver><nameserver name="grdns-ath.ics.forth.gr."><ipv4>139.91.250.41</ipv4></nameserver><nameserver name="grdns-br.ics.forth.gr."><ipv4>200.160.7.163</ipv4></nameserver><nameserver name="grdns-de.denic.de."><ipv4>81.91.161.80</ipv4></nameserver><nameserver name="grdns-us.ics.forth.gr."><ipv4>208.77.191.232</ipv4></nameserver><nameserver name="grns-her.ics.forth.gr."><ipv4>139.91.248.1</ipv4></nameserver></nameservers><reg-date>1989-02-19</reg-date><last-update>2007-10-09</last-update></domain><domain id="gs"><registrant><organization>Government of South Georgia and South Sandwich Islands (GSGSSI)</organization><address><line>Government House</line><line>Stanley, Falkland Islands  F1QQ 1ZZ</line></address><country>South Georgia and the South Sandwich Islands</country><reg-date>1985-01-01</reg-date><last-update>2005-12-22</last-update></registrant><admin><name>Marie Gallagher, Customer Support and Development Officer</name><organization>Atlantis North Ltd</organization><address><line>23 Springfield (University of Dundee)</line><line>Dundee Tayside DD1 4JE</line></address><country>United Kingdom</country><phone>+44 (0)1382 385837</phone><fax>+44 (0)1382 388159</fax><email>helpdesk@nic.gs</email><reg-date>2005-12-22</reg-date><last-update>2007-02-27</last-update></admin><tech><name>Paul Shafi, Technical Director</name><organization>Atlantis North Ltd</organization><address><line>23 Springfield (University of Dundee)</line><line>Dundee Tayside DD1 4JE</line></address><country>United Kingdom</country><phone>+44 (0)1382 385837</phone><fax>+44 (0)1382 348159</fax><email>paul.shafi@sgisland.org</email><reg-date>2005-12-22</reg-date><last-update>2006-09-25</last-update></tech><reg-url>http://secure.nic.gs</reg-url><whois>whois.nic.gs</whois><nameservers><nameserver name="ns.sydney.cocca.gs."><ipv4>203.119.12.244</ipv4></nameserver><nameserver name="ns-gs.ripe.net."><ipv4>193.0.12.206</ipv4></nameserver><nameserver name="ns.anycast.nic.gs."><ipv4>204.61.216.21</ipv4></nameserver><nameserver name="gs1.dyntld.net."><ipv4>208.78.70.86</ipv4></nameserver><nameserver name="gs2.dyntld.net."><ipv4>204.13.250.86</ipv4></nameserver><nameserver name="gs3.dyntld.net."><ipv4>208.78.71.86</ipv4></nameserver><nameserver name="gs4.dyntld.net."><ipv4>204.13.251.86</ipv4></nameserver></nameservers><reg-date>1997-07-31</reg-date><last-update>2008-05-15</last-update></domain><domain id="gt"><registrant><organization>Universidad del Valle de Guatemala</organization><address><line>18 Avenida 11-95,</line><line>zona 15 Vista Hermosa 3</line><line>Guatemala  01015</line></address><country>Guatemala</country><reg-date>1985-01-01</reg-date><last-update>2002-10-11</last-update></registrant><admin><name>Luis Furlan</name><organization>Universidad del Valle de Guatemala</organization><address><line>18 avenida 11-95,</line><line>zona 15 Vista Hermosa 3</line><line>Guatemala  01015</line></address><country>Guatemala</country><phone>(502) 2368-8300</phone><fax>(502) 2369-3452</fax><email>furlan@uvg.edu.gt</email><reg-date>1985-01-01</reg-date><last-update>2005-06-09</last-update></admin><tech><name>Steve Ortiz</name><organization>Universidad del Valle de Guatemala</organization><address><line>18 Avenida 11-95,</line><line>zona 15 Vista Hermosa 3</line><line>Guatemala  01015</line></address><country>Guatemala</country><phone>(502) 2364-0336 through 40</phone><fax>(502) 2369-3452</fax><email>steve@uvg.edu.gt</email><reg-date>1985-01-01</reg-date><last-update>2004-12-30</last-update></tech><reg-url>http://www.gt</reg-url><nameservers><nameserver name="ns.dns.br."><ipv4>200.160.0.5</ipv4></nameserver><nameserver name="ns.uvg.edu.gt."><ipv4>200.9.74.2</ipv4><ipv4>168.234.68.2</ipv4><ipv4>200.35.167.65</ipv4></nameserver><nameserver name="ns-gt.ripe.net."><ipv4>193.0.12.92</ipv4><ipv6>2001:610:240:0:53:cc:12:92</ipv6></nameserver><nameserver name="osi2.gua.net."><ipv4>205.161.188.3</ipv4></nameserver><nameserver name="ns3.nic.mx."><ipv4>200.33.111.1</ipv4></nameserver><nameserver name="dns2.gt.amnetdatos.net."><ipv4>200.30.145.4</ipv4></nameserver></nameservers><reg-date>1992-08-14</reg-date><last-update>2008-08-11</last-update></domain><domain id="gu"><registrant><organization><line>University of Guam</line><line>Computer Center</line></organization><address><line>UOG Station</line><line>Mangilao  96923</line></address><country>Guam</country><reg-date>1985-01-01</reg-date><last-update>1985-01-01</last-update></registrant><admin><name>Dr. Luan Nguyen</name><organization><line>University of Guam</line><line>Computer Center</line></organization><address><line>UOG Station</line><line>Mangilao  96923</line></address><country>Guam</country><phone>+671 734 2645</phone><fax>+671 734 9422</fax><email>admin@ns.edu.gu ; admin@uog.edu</email><reg-date>1985-01-01</reg-date><last-update>1985-01-01</last-update></admin><tech><name>Rudolph E. Villaverde</name><organization><line>University of Guam</line><line>Computer Center</line></organization><address><line>303 University Drive</line><line>Mangilao  96923</line></address><country>Guam</country><phone>+671 734 5540</phone><fax>+671 734 9422</fax><email>rev5@uog9.uog.edu</email><reg-date>1985-01-01</reg-date><last-update>1985-01-01</last-update></tech><reg-url>http://gadao.gov.gu</reg-url><nameservers><nameserver name="ns.edu.gu."><ipv4>168.123.2.50</ipv4></nameserver><nameserver name="ns.gu."><ipv4>168.123.4.10</ipv4></nameserver><nameserver name="ns.ripe.net."><ipv4>193.0.0.193</ipv4></nameserver></nameservers><reg-date>1994-04-15</reg-date><last-update>2005-07-26</last-update></domain><domain id="gw"><registrant><organization>Fundação IT &amp; MEDIA Universidade de Bissao</organization><address><line>Rua No. 3, 17B</line><line>Bissau  806</line></address><country>Guinea-Bissau</country><reg-date>1985-01-01</reg-date><last-update>2007-10-09</last-update></registrant><admin><name>Antonio da Silva</name><organization>Fundação IT &amp; MEDIA Universidade de Bissao</organization><address><line>Rua No. 3, 17B</line><line>Bissau  806</line></address><country>Guinea-Bissau</country><phone>+(245) 720 12 44</phone><fax>+(245) 201 665</fax><email>admin@register.gw</email><reg-date>1985-01-01</reg-date><last-update>2007-10-09</last-update></admin><tech><name>DENIC Operations</name><organization>DENIC eG</organization><address><line>Wiesenhuettenplatz 26</line><line>Frankfurt  60329</line></address><country>Germany</country><phone>+49 69 27235 433</phone><fax>+49 69 27235 434</fax><email>nicgw@denic.de</email><reg-date>1985-01-01</reg-date><last-update>2007-06-11</last-update></tech><reg-url>http://www.register.gw</reg-url><nameservers><nameserver name="ns1.nic.gw."><ipv4>81.91.170.10</ipv4><ipv6>2001:608:6:0:0:0:0:3</ipv6></nameserver><nameserver name="ns2.nic.gw."><ipv4>87.233.175.20</ipv4></nameserver><nameserver name="ns3.nic.gw."><ipv4>193.171.255.35</ipv4></nameserver></nameservers><reg-date>1997-02-04</reg-date><last-update>2008-04-30</last-update></domain><domain id="gy"><registrant><organization>University of Guyana</organization><address><line>Turkeyen Campus</line><line>P.O. Box 101110</line><line>Georgetown</line></address><country>Guyana</country><reg-date>1985-01-01</reg-date><last-update>1985-01-01</last-update></registrant><admin><name>Rayman Khan</name><organization>University of Guyana, Centre for Information Technology</organization><address><line>Turkeyen Campus</line><line>P.O. Box 101110</line><line>Georgetown</line></address><country>Guyana</country><phone>+592 2225405</phone><fax>+592 2225443</fax><email>admin@registry.gy</email><reg-date>1985-01-01</reg-date><last-update>2007-06-01</last-update></admin><tech><name>Khemraj Narine</name><organization>University of Guyana, Centre for Information Technology</organization><address><line>Turkeyen Campus</line><line>Georgetown  P.O. Box 101110</line></address><country>Guyana</country><phone>+592 2225426</phone><fax>+592 2225443</fax><email>tech@registry.gy</email><reg-date>2006-01-30</reg-date><last-update>2007-06-01</last-update></tech><reg-url>http://registry.gy/</reg-url><whois>whois.registry.gy</whois><nameservers><nameserver name="ns1.gtt.co.gy."><ipv4>190.80.0.41</ipv4></nameserver><nameserver name="ns.uu.net."><ipv4>137.39.1.3</ipv4></nameserver><nameserver name="ns2.gtt.co.gy."><ipv4>190.80.0.42</ipv4></nameserver><nameserver name="gy-secondary.jm."><ipv4>196.2.1.10</ipv4></nameserver><nameserver name="ns-gy.ripe.net."><ipv4>193.0.12.95</ipv4></nameserver><nameserver name="phloem.uoregon.edu."><ipv4>128.223.32.35</ipv4><ipv6>2001:468:d01:20::80df:2023</ipv6></nameserver><nameserver name="ns-ext.isc.org."><ipv4>204.152.184.64</ipv4><ipv6>2001:4f8:0:2:0:0:0:13</ipv6></nameserver><nameserver name="gy-ns.anycast.pch.net."><ipv4>204.61.216.34</ipv4><ipv6>2001:500:14:6034:ad:0:0:1</ipv6></nameserver></nameservers><reg-date>1994-09-13</reg-date><last-update>2009-02-24</last-update></domain><domain id="hk"><registrant><organization>Hong Kong Internet Registration Corporation Ltd.</organization><address><line>Unit 2002-2005, 20/F, ING Tower</line><line>308 Des Voeux Road Central</line><line>Sheung Wan</line></address><country>Hong Kong</country><reg-date>1985-01-01</reg-date><last-update>2005-09-22</last-update></registrant><admin><name>Jonathan Shea</name><organization>Hong Kong Internet Registration Corporation Ltd.</organization><address><line>Unit 2002-2005, 20/F, ING Tower</line><line>308 Des Voeux Road Central</line><line>Sheung Wan</line></address><country>Hong Kong</country><phone>+852 2319 1313</phone><fax>+852 2319 2626</fax><email>ceo@hkirc.hk</email><reg-date>1985-01-01</reg-date><last-update>2005-10-14</last-update></admin><tech><name>Ben Lee</name><organization>Hong Kong Internet Registration Corporation Ltd.</organization><address><line>Unit 2002-2005, 20/F, ING Tower</line><line>308 Des Voeux Road Central</line><line>Sheung Wan</line></address><country>Hong Kong</country><phone>+852 2319 1313</phone><fax>+852 2319 2626</fax><email>hk.tech@hkirc.hk</email><reg-date>1985-01-01</reg-date><last-update>2005-10-14</last-update></tech><reg-url>http://www.hkirc.hk</reg-url><whois>whois.hkirc.hk</whois><nameservers><nameserver name="adns1.berkeley.edu."><ipv4>128.32.136.3</ipv4></nameserver><nameserver name="adns2.berkeley.edu."><ipv4>128.32.136.14</ipv4></nameserver><nameserver name="b.dns.tw."><ipv4>210.201.138.58</ipv4></nameserver><nameserver name="ns1.hkirc.net.hk."><ipv4>203.119.2.18</ipv4></nameserver><nameserver name="ns2.cuhk.edu.hk."><ipv4>137.189.6.21</ipv4></nameserver><nameserver name="ns2.hkirc.net.hk."><ipv4>203.119.2.19</ipv4></nameserver><nameserver name="ns3.cuhk.edu.hk."><ipv4>202.45.188.39</ipv4></nameserver><nameserver name="sec3.apnic.net."><ipv4>202.12.28.140</ipv4><ipv6>2001:dc0:1:0:4777:0:0:140</ipv6></nameserver><nameserver name="tld1.ultradns.net."><ipv4>204.74.112.1</ipv4><ipv6>2001:502:d399:0:0:0:0:1</ipv6></nameserver><nameserver name="hk-ns.pch.net."><ipv4>204.61.216.46</ipv4></nameserver></nameservers><reg-date>1990-01-03</reg-date><last-update>2009-03-03</last-update></domain><domain id="hm"><registrant><organization>HM Domain Registry</organization><address><line>PO Box 383</line><line>Dickson  ACT 2602</line></address><country>Australia</country><reg-date>1985-01-01</reg-date><last-update>1985-01-01</last-update></registrant><admin><name>Edward Sweeney</name><organization>HM Domain Registry</organization><address><line>PO Box 383</line><line>Dickson  ACT 2602</line></address><country>Australia</country><phone>+1 612 9475 0867</phone><fax>+1 612 9475 1235</fax><email>ed@capital.net.au</email><reg-date>1985-01-01</reg-date><last-update>2005-10-06</last-update></admin><tech><name>HM Hostmaster</name><organization>HM Domain Registry</organization><address><line>PO Box 383</line><line>Dickson  ACT 2602</line></address><country>Australia</country><phone>+1 303 302 1400</phone><fax>+1 303 278 8809</fax><email>hostmaster@registry.hm</email><reg-date>1985-01-01</reg-date><last-update>2005-10-06</last-update></tech><reg-url>http://www.registry.hm</reg-url><nameservers><nameserver name="ns1.registry.hm."><ipv4>208.70.79.25</ipv4></nameserver><nameserver name="ns2.registry.hm."><ipv4>208.70.79.24</ipv4></nameserver><nameserver name="ns3.registry.hm."><ipv4>202.169.96.24</ipv4></nameserver></nameservers><reg-date>1997-07-24</reg-date><last-update>2007-10-22</last-update></domain><domain id="hn"><registrant><organization>Red de Desarrollo Sostenible Honduras</organization><address><line>Col. Las Colinas, Bloque RR, Casa 2016</line><line>Boulevard Francia</line><line>Tegucigalpa Franciscan Morazan 4959</line></address><country>Honduras</country><reg-date>1985-01-01</reg-date><last-update>2005-12-16</last-update></registrant><admin><name>Maria Raquel Isaula Peralta</name><organization>Red de Desarrollo Sostenible Honduras</organization><address><line>Col. Las Colinas, Bloque RR, Casa 2016</line><line>Boulevard Francia</line><line>Tegucigalpa Francisco Morazan 4959</line></address><country>Honduras</country><phone>+504 2235-4141/42/43/44/45</phone><fax>+504 235-5721</fax><email>raquel@sdnhon.org.hn</email><reg-date>1985-01-01</reg-date><last-update>2005-12-16</last-update></admin><tech><name>Diana Lezama</name><organization>Red de Desarrollo Sostenible Honduras</organization><address><line>Col. Las Colinas, Bloque RR, Casa 2016</line><line>Boulevard Francia</line><line>Tegucigalpa Francisco Morazan 4959</line></address><country>Honduras</country><phone>+504.2235-4141/42/43/44/45</phone><fax>+504 235-5721</fax><email>diana@sdnhon.org.hn</email><reg-date>1985-01-01</reg-date><last-update>2007-09-10</last-update></tech><reg-url>http://www.nic.hn</reg-url><whois>whois2.afilias-grs.net</whois><nameservers><nameserver name="a0.cctld.afilias-nst.info."><ipv4>199.254.59.1</ipv4><ipv6>2001:500:25:0:0:0:0:1</ipv6></nameserver><nameserver name="b0.cctld.afilias-nst.org."><ipv4>199.254.60.1</ipv4><ipv6>2001:500:26:0:0:0:0:1</ipv6></nameserver><nameserver name="c0.cctld.afilias-nst.info."><ipv4>199.254.61.1</ipv4><ipv6>2001:500:27:0:0:0:0:1</ipv6></nameserver><nameserver name="d0.cctld.afilias-nst.org."><ipv4>199.254.62.1</ipv4><ipv6>2001:500:28:0:0:0:0:1</ipv6></nameserver><nameserver name="a2.cctld.afilias-nst.info."><ipv4>199.249.116.1</ipv4><ipv6>2001:500:44:0:0:0:0:1</ipv6></nameserver><nameserver name="b2.cctld.afilias-nst.org."><ipv4>199.249.124.1</ipv4><ipv6>2001:500:4c:0:0:0:0:1</ipv6></nameserver></nameservers><reg-date>1993-04-16</reg-date><last-update>2008-12-15</last-update></domain><domain id="hr"><registrant><organization>CARNet - Croatian Academic and Research Network</organization><address><line>Josipa Marohnica 5</line><line>Zagreb  10000</line></address><country>Croatia/Hrvatska</country><reg-date>1985-01-01</reg-date><last-update>2008-06-27</last-update></registrant><admin><name>Ivan Maric</name><organization>CARNet - Croatian Academic and Research Network</organization><address><line>Josipa Marohnica 5</line><line>Zagreb  10000</line></address><country>Croatia/Hrvatska</country><phone>+385 1 616 55 11</phone><fax>+385 1 616 55 59</fax><email>ivan.maric@srce.hr</email><reg-date>1985-01-01</reg-date><last-update>2008-06-27</last-update></admin><tech><name>Ivan Maric</name><organization>CARNet - Croatian Academic and Research Network</organization><address><line>Josipa Marohnica 5</line><line>Zagreb  10000</line></address><country>Croatia/Hrvatska</country><phone>+385 1 616 55 11</phone><fax>+385 1 616 55 59</fax><email>ivan.maric@srce.hr</email><reg-date>1985-01-01</reg-date><last-update>2008-06-27</last-update></tech><reg-url>http://www.dns.hr</reg-url><nameservers><nameserver name="dns.srce.hr."><ipv4>161.53.3.7</ipv4></nameserver><nameserver name="ns.uu.net."><ipv4>137.39.1.3</ipv4></nameserver><nameserver name="ns-ext.vix.com."><ipv4>204.152.184.64</ipv4></nameserver><nameserver name="ns5.univie.ac.at."><ipv4>193.171.255.77</ipv4></nameserver><nameserver name="n3ns.nic.es."><ipv4>194.69.254.42</ipv4></nameserver></nameservers><reg-date>1993-02-27</reg-date><last-update>2008-06-27</last-update></domain><domain id="ht"><registrant><organization>Consortium FDS/RDDH</organization><address><line>1, angle rue Frémy et Ave. John Brown</line><line>Port-au-Prince</line></address><country>Haiti</country><reg-date>1985-01-01</reg-date><last-update>2004-02-09</last-update></registrant><admin><name>Stéphane Bruno</name><organization>Réseau de Développement Durable d'Haïti</organization><address><line>1, angle rue Frémy et Ave. John Brown</line><line>Port-au-Prince</line></address><country>Haiti</country><phone>+1 (509) 34541498</phone><email>sbruno@nic.ht</email><reg-date>1985-01-01</reg-date><last-update>2008-07-03</last-update></admin><tech><name>Max Larson Henry</name><organization>Faculté des Sciences de l'Université d'Etat d'Haïti</organization><address><line>270, rue Mgr. Guilloux</line><line>Port-au-Prince</line></address><country>Haiti</country><phone>+1 (305)407 3824, +1 (509) 34430957</phone><email>maxlarson.henry@mtptc.gouv.ht</email><reg-date>1985-01-01</reg-date><last-update>2008-07-03</last-update></tech><reg-url>http://www.nic.ht</reg-url><whois>whois.nic.ht</whois><nameservers><nameserver name="charles.cdec.polymtl.ca."><ipv4>132.207.144.2</ipv4></nameserver><nameserver name="dns.princeton.edu."><ipv4>128.112.129.15</ipv4></nameserver><nameserver name="ns1.nic.ht."><ipv4>64.86.226.26</ipv4></nameserver><nameserver name="ns2.nic.ht."><ipv4>64.86.226.30</ipv4></nameserver><nameserver name="ns3.nic.fr."><ipv4>192.134.0.49</ipv4><ipv6>2001:660:3006:1:0:0:1:1</ipv6></nameserver><nameserver name="ht-ns.anycast.pch.net."><ipv4>204.61.216.38</ipv4></nameserver></nameservers><reg-date>1997-03-06</reg-date><last-update>2008-10-31</last-update></domain><domain id="hu"><registrant><organization>Council of Hungarian Internet Providers (CHIP)</organization><address><line>Victor Hugo u. 18-22.</line><line>Budapest  H-1132</line></address><country>Hungary</country><reg-date>1985-01-01</reg-date><last-update>2007-02-06</last-update></registrant><admin><name>Balazs Martos</name><organization>Council of Hungarian Internet Providers (CHIP)</organization><address><line>Victor Hugo u. 18-22.</line><line>Budapest  H-1132</line></address><country>Hungary</country><phone>+36 1 238 0115</phone><fax>+36 1 238 0114</fax><email>iszt@nic.hu</email><reg-date>1985-01-01</reg-date><last-update>2007-02-06</last-update></admin><tech><name>CHIP Hostmaster</name><organization>Council of Hungarian Internet Providers (CHIP)</organization><address><line>Victor Hugo u. 18-22.</line><line>Budapest  H-1132</line></address><country>Hungary</country><phone>+36 1 238 0115</phone><fax>+36 1 238 0114</fax><email>hostmaster@nic.hu</email><reg-date>1985-01-01</reg-date><last-update>2007-02-06</last-update></tech><reg-url>http://www.nic.hu</reg-url><nameservers><nameserver name="ns.nic.hu."><ipv4>193.239.148.62</ipv4><ipv6>2001:738:4:8000:0:0:0:62</ipv6></nameserver><nameserver name="ns1.nic.hu."><ipv4>193.239.149.3</ipv4></nameserver><nameserver name="ns2.nic.fr."><ipv4>192.93.0.4</ipv4></nameserver><nameserver name="ns2.nic.hu."><ipv4>193.6.16.1</ipv4></nameserver><nameserver name="ns3.nic.hu."><ipv4>195.70.35.250</ipv4></nameserver><nameserver name="ns-se.nic.hu."><ipv4>77.72.229.251</ipv4></nameserver><nameserver name="ns-com.nic.hu."><ipv4>194.0.1.12</ipv4></nameserver></nameservers><reg-date>1990-11-07</reg-date><last-update>2008-06-16</last-update></domain><domain id="id"><registrant><organization>IDNIC-PPAU Mikroelektronika</organization><address><line>J1 Ganesha 10</line><line>Bandung</line><line>Jawa Barat  40132</line></address><country>Indonesia</country><reg-date>1985-01-01</reg-date><last-update>1985-01-01</last-update></registrant><admin><name>Budi Rahardjo</name><organization>PPAU Mikroelektronika ITB</organization><address><line>Jl. Ganesha 10</line><line>Bandung</line><line>Jawa Barat  40132</line></address><country>Indonesia</country><phone>+62 22 250 6280</phone><fax>+62 22 250 8763</fax><email>budi@alliance.globalnetlink.com</email><reg-date>1985-01-01</reg-date><last-update>1985-01-01</last-update></admin><tech><name>Santoso</name><organization>Gedung I BPPT, Lt.16.</organization><address><line>Jl. MH.Thamrin No.8</line><line>Jakarta Pusat 10340</line></address><country>Indonesia</country><phone>+62 21 316 8701/02</phone><fax>+62 21 314 9058</fax><email>toto@iptek.net.id</email><reg-date>1985-01-01</reg-date><last-update>2006-04-21</last-update></tech><reg-url>https://register.net.id/</reg-url><nameservers><nameserver name="ns1.id."><ipv4>202.155.30.227</ipv4></nameserver><nameserver name="ns1.indo.net.id."><ipv4>202.159.32.2</ipv4></nameserver><nameserver name="ns1.rad.net.id."><ipv4>202.154.1.2</ipv4></nameserver><nameserver name="sec3.apnic.net."><ipv4>202.12.28.140</ipv4><ipv6>2001:dc0:1:0:4777:0:0:140</ipv6></nameserver></nameservers><reg-date>1993-02-27</reg-date><last-update>2008-05-02</last-update></domain><domain id="ie"><registrant><organization><line>University College Dublin</line><line>Computing Services</line><line>Computer Centre</line></organization><address><line>Belfield</line><line>Dublin City,  Dublin 4</line></address><country>Ireland</country><reg-date>1985-01-01</reg-date><last-update>1985-01-01</last-update></registrant><admin><name>Hostmaster Team at University College Dublin</name><organization><line>University College Dublin</line><line>Computing Services</line><line>Computer Centre</line></organization><address><line>Belfield</line><line>Dublin City,  Dublin 4</line></address><country>Ireland</country><phone>+353 1 706 2375</phone><fax>+353 1 283 7077</fax><email>hostmaster@ucd.ie</email><reg-date>1985-01-01</reg-date><last-update>1985-01-01</last-update></admin><tech><name>Hostmaster Team at University College Dublin</name><organization><line>University College Dublin</line><line>Computing Services</line><line>Computer Centre</line></organization><address><line>Belfield</line><line>Dublin City,  Dublin 4</line></address><country>Ireland</country><phone>+353 1 706 2375</phone><fax>+353 1 283 7077</fax><email>hostmaster@ucd.ie</email><reg-date>1985-01-01</reg-date><last-update>1985-01-01</last-update></tech><reg-url>http://www.domainregistry.ie</reg-url><whois>whois.domainregistry.ie</whois><nameservers><nameserver name="banba.domainregistry.ie."><ipv4>193.1.142.2</ipv4></nameserver><nameserver name="gns1.domainregistry.ie."><ipv4>198.133.199.102</ipv4></nameserver><nameserver name="gns2.domainregistry.ie."><ipv4>198.133.199.103</ipv4></nameserver><nameserver name="ice.netsource.ie."><ipv4>212.17.32.2</ipv4></nameserver><nameserver name="ns2.nic.fr."><ipv4>192.93.0.4</ipv4></nameserver><nameserver name="ns3.ns.esat.net."><ipv4>192.111.39.100</ipv4><ipv6>2001:7c8:2:a:0:0:0:64</ipv6></nameserver><nameserver name="uucp-gw-1.pa.dec.com."><ipv4>204.123.2.18</ipv4></nameserver><nameserver name="uucp-gw-2.pa.dec.com."><ipv4>204.123.2.19</ipv4></nameserver><nameserver name="b.iedr.ie."><ipv4>77.72.72.34</ipv4><ipv6>2a01:4b0::2</ipv6></nameserver></nameservers><reg-date>1988-01-27</reg-date><last-update>2008-11-03</last-update></domain><domain id="il"><registrant><organization>Internet Society of Israel</organization><address><line>Jabotinsky 7</line><line>Ramat-Gan  52520</line></address><country>Israel</country><reg-date>1985-01-01</reg-date><last-update>2004-06-03</last-update></registrant><admin><name>Doron Shikmoni</name><organization>Internet Society of Israel</organization><address><line>Jabotinsky 7</line><line>Ramat-Gan  52520</line></address><country>Israel</country><phone>+972 3 6114094</phone><fax>+972 3 6114095</fax><email>doron@isoc.org.il</email><reg-date>1985-01-01</reg-date><last-update>2004-06-03</last-update></admin><tech><name>Simon Shickman</name><organization><line>The Hebrew University of Jerusalem</line><line>Computation Center</line></organization><address><line>Givat-Ram</line><line>Jerusalem  91904</line></address><country>Israel</country><phone>+972 2 658 4138</phone><email>simon@cc.huji.ac.il</email><reg-date>1985-01-01</reg-date><last-update>1985-01-01</last-update></tech><reg-url>http://www.isoc.org.il/domains</reg-url><whois>whois.isoc.org.il</whois><nameservers><nameserver name="dns8.denic.de."><ipv4>81.91.161.69</ipv4></nameserver><nameserver name="ildns.huji.ac.il."><ipv4>128.139.6.66</ipv4></nameserver><nameserver name="lookup.iucc.ac.il."><ipv4>128.139.34.240</ipv4></nameserver><nameserver name="ns-ext.isc.org."><ipv4>204.152.184.64</ipv4><ipv6>2001:4f8:0:2:0:0:0:13</ipv6></nameserver><nameserver name="ns-il.ripe.net."><ipv4>193.0.12.108</ipv4></nameserver><nameserver name="rip.psg.com."><ipv4>147.28.0.39</ipv4><ipv6>2001:418:1:0:0:0:0:39</ipv6></nameserver></nameservers><reg-date>1985-10-24</reg-date><last-update>2008-12-18</last-update></domain><domain id="im"><registrant><organization>Isle of Man Government</organization><address><line>Bucks Road</line><line>Douglas Isle of Man IM1</line></address><country>United Kingdom</country><reg-date>1985-01-01</reg-date><last-update>1985-01-01</last-update></registrant><admin><name>Brian Osborn</name><organization><line>Information Systems Division,</line><line>Isle of Man Government</line></organization><address><line>St Andrews House</line><line>Finch Road</line><line>Douglas Isle of Man IM1 3PX</line></address><country>United Kingdom</country><phone>+44 1624 685685</phone><email>imdomainadmin@nic.im</email><reg-date>1985-01-01</reg-date><last-update>2006-11-13</last-update></admin><tech><name>Phil Adcock</name><organization>Domicilium (IoM) Ltd</organization><address><line>32-34 Malew Street</line><line>Castletown Isle of Man IM9, 1AE</line></address><country>United Kingdom</country><phone>+44 1624 825278</phone><email>padcock@domicilium.com</email><reg-date>1985-01-01</reg-date><last-update>2006-11-13</last-update></tech><reg-url>http://www.nic.im</reg-url><nameservers><nameserver name="barney.advsys.co.uk."><ipv4>217.23.160.50</ipv4></nameserver><nameserver name="pebbles.iom.com."><ipv4>80.168.83.242</ipv4></nameserver><nameserver name="hoppy.iom.com."><ipv4>217.23.163.140</ipv4></nameserver></nameservers><reg-date>1996-09-11</reg-date><last-update>2006-11-13</last-update></domain><domain id="in"><registrant><organization>National Centre for Software Technology</organization><address><line>Gulmohar Cross Road #9</line><line>Juhu</line><line>Mumbai</line><line>Maharashtra  400 049</line></address><country>India</country><reg-date>1985-01-01</reg-date><last-update>1985-01-01</last-update></registrant><admin><name>.IN Registry</name><organization>National Internet Exchange of India</organization><address><line>612-A, Chiranjiv Tower,43 Nehru Place</line><line>New Delhi Delhi 110019</line></address><country>India</country><phone>+91 11 26424001/02</phone><fax>+91 11 51608472</fax><email>info@nixi.in</email><reg-date>1985-01-01</reg-date><last-update>2006-06-13</last-update></admin><tech><name>Domain Name Services Technical Administrator</name><organization>National Internet Exchange of India</organization><address><line>C/O STPI Block -IV, 2nd floor</line><line>Ganga Shopping Complex, Sector 29</line><line>Noida DE 201 303</line></address><country>India</country><phone>+91 120 2450411 ext. 348</phone><fax>+91 120 5318082</fax><email>domaintech@registry.in</email><reg-date>1985-01-01</reg-date><last-update>2006-08-04</last-update></tech><reg-url>http://www.registry.in</reg-url><whois>whois.inregistry.net</whois><nameservers><nameserver name="a0.cctld.afilias-nst.info."><ipv4>199.254.59.1</ipv4><ipv6>2001:500:25:0:0:0:0:1</ipv6></nameserver><nameserver name="a1.in.afilias-nst.in."><ipv4>203.119.49.201</ipv4></nameserver><nameserver name="b0.cctld.afilias-nst.org."><ipv4>199.254.60.1</ipv4><ipv6>2001:500:26:0:0:0:0:1</ipv6></nameserver><nameserver name="b1.in.afilias-nst.in."><ipv4>220.226.205.253</ipv4></nameserver><nameserver name="c0.cctld.afilias-nst.info."><ipv4>199.254.61.1</ipv4><ipv6>2001:500:27:0:0:0:0:1</ipv6></nameserver><nameserver name="d0.cctld.afilias-nst.org."><ipv4>199.254.62.1</ipv4><ipv6>2001:500:28:0:0:0:0:1</ipv6></nameserver><nameserver name="a2.in.afilias-nst.info."><ipv4>199.249.117.1</ipv4><ipv6>2001:500:45:0:0:0:0:1</ipv6></nameserver><nameserver name="b2.in.afilias-nst.org."><ipv4>199.249.125.1</ipv4><ipv6>2001:500:4d:0:0:0:0:1</ipv6></nameserver></nameservers><reg-date>1989-05-08</reg-date><last-update>2008-12-16</last-update></domain><domain id="info"><registrant><organization>Afilias Limited</organization><address><line>300 Welsh Road</line><line>Building 3</line><line>Suite 105</line><line>Horsham Pennsylvania 19044</line></address><country>United States</country><reg-date>1985-01-01</reg-date><last-update>2004-03-24</last-update></registrant><admin><name>Ram Mohan</name><organization>Afilias Limited</organization><address><line>300 Welsh Road</line><line>Building 3</line><line>Suite 105</line><line>Horsham Pennsylvania 19044</line></address><country>United States</country><phone>+1 215 706 5700</phone><fax>+1 215 706 5701</fax><email>domainadmin@afilias.info</email><reg-date>1985-01-01</reg-date><last-update>2004-03-25</last-update></admin><tech><name>Howard Eland</name><organization>Afilias Limited</organization><address><line>300 Welsh Road</line><line>Building 3</line><line>Suite 105</line><line>Horsham Pennsylvania 19044</line></address><country>United States</country><phone>+1 215 706 5700</phone><fax>+1 215 706 5701</fax><email>domaintech@afilias.info</email><reg-date>1985-01-01</reg-date><last-update>2004-03-25</last-update></tech><reg-url>http://www.nic.info</reg-url><whois>whois.afilias.net</whois><nameservers><nameserver name="a0.info.afilias-nst.info."><ipv4>199.254.31.1</ipv4><ipv6>2001:500:19:0:0:0:0:1</ipv6></nameserver><nameserver name="b0.info.afilias-nst.org."><ipv4>199.254.48.1</ipv4><ipv6>2001:500:1a:0:0:0:0:1</ipv6></nameserver><nameserver name="c0.info.afilias-nst.info."><ipv4>199.254.49.1</ipv4><ipv6>2001:500:1b:0:0:0:0:1</ipv6></nameserver><nameserver name="d0.info.afilias-nst.org."><ipv4>199.254.50.1</ipv4><ipv6>2001:500:1c:0:0:0:0:1</ipv6></nameserver><nameserver name="a2.info.afilias-nst.info."><ipv4>199.249.113.1</ipv4><ipv6>2001:500:41:0:0:0:0:1</ipv6></nameserver><nameserver name="b2.info.afilias-nst.org."><ipv4>199.249.121.1</ipv4><ipv6>2001:500:49:0:0:0:0:1</ipv6></nameserver></nameservers><reg-date>2001-06-26</reg-date><last-update>2008-12-15</last-update></domain><domain id="int"><registrant><organization>Internet Assigned Numbers Authority</organization><address><line>4676 Admiralty Way</line><line>Suite 330</line><line>Marina del Rey California 90292</line></address><country>United States</country><reg-date>1985-01-01</reg-date><last-update>2007-06-18</last-update></registrant><admin><organization>Internet Assigned Numbers Authority</organization><address><line>4676 Admiralty Way</line><line>Suite 330</line><line>Marina del Rey California 90292</line></address><country>United States</country><phone>+1 310 823-9358</phone><fax>+1 310 823-8649</fax><email>iana@iana.org</email><reg-date>1985-01-01</reg-date><last-update>1985-01-01</last-update></admin><tech><organization>Internet Assigned Numbers Authority</organization><address><line>4676 Admiralty Way</line><line>Suite 330</line><line>Marina del Rey California 90292</line></address><country>United States</country><phone>+1 310 823-9358</phone><fax>+1 310 823-8649</fax><email>iana@iana.org</email><reg-date>1985-01-01</reg-date><last-update>1985-01-01</last-update></tech><reg-url>http://www.iana.org/int-dom/int.htm</reg-url><whois>whois.iana.org</whois><nameservers><nameserver name="ns.icann.org."><ipv4>192.0.34.126</ipv4></nameserver><nameserver name="ns.uu.net."><ipv4>137.39.1.3</ipv4></nameserver><nameserver name="ns0.ja.net."><ipv4>128.86.1.20</ipv4><ipv6/><ipv4>193.63.94.20</ipv4><ipv6/><ipv6>2001:630:0:8:0:0:0:14</ipv6><ipv6/><ipv6>2001:630:0:9:0:0:0:14</ipv6></nameserver><nameserver name="ns1.cs.ucl.ac.uk."><ipv4>128.16.5.32</ipv4></nameserver><nameserver name="ns-sec.ripe.net."><ipv4>193.0.0.196</ipv4><ipv6>2001:610:240:0:53:0:0:4</ipv6></nameserver></nameservers><reg-date>1988-11-03</reg-date><last-update>2007-06-18</last-update></domain><domain id="io"><registrant><organization><line>IO Top Level Domain Registry</line><line>Cable and Wireless</line></organization><address><line>Diego Garcia</line></address><country>British Indian Ocean Territory N/A</country><reg-date>1985-01-01</reg-date><last-update>1985-01-01</last-update></registrant><admin><name>Internet Administrator</name><organization><line>IO Top Level Domain Registry</line><line>Cable and Wireless</line></organization><address><line>Diego Garcia</line></address><country>British Indian Ocean Territory</country><phone>+246 9398</phone><fax>+246 9398</fax><email>administrator@nic.io</email><reg-date>1985-01-01</reg-date><last-update>1985-01-01</last-update></admin><tech><name>Administrator</name><organization>ICB Plc.</organization><address><line>9 Queens Road</line><line>Bournemouth Dorset BH2 6BA</line></address><country>United Kingdom</country><fax>+44 1202 430 580</fax><email>admin@icb.co.uk</email><reg-date>1985-01-01</reg-date><last-update>2005-05-12</last-update></tech><reg-url>http://www.nic.io/</reg-url><whois>whois.nic.io</whois><nameservers><nameserver name="a.nic.io."><ipv4>64.251.31.179</ipv4></nameserver><nameserver name="b.nic.ac."><ipv4>217.160.203.158</ipv4></nameserver><nameserver name="b.nic.io."><ipv4>194.0.2.1</ipv4></nameserver><nameserver name="ns3.icb.co.uk."><ipv4>217.199.188.61</ipv4></nameserver><nameserver name="a.ns13.net."><ipv4>202.181.97.168</ipv4></nameserver><nameserver name="b.ns13.net."><ipv4>202.181.96.60</ipv4></nameserver><nameserver name="ns1.communitydns.net."><ipv4>194.0.1.1</ipv4><ipv6>2001:678:4:0:0:0:0:1</ipv6></nameserver></nameservers><reg-date>1997-09-16</reg-date><last-update>2008-12-18</last-update></domain><domain id="iq"><registrant><organization><line>National Communications and Media</line><line>Commission of Iraq</line></organization><address><line>Al-Masbah Mahala 929</line><line>Baghdad</line></address><country>Iraq</country><reg-date>1985-01-01</reg-date><last-update>2005-08-05</last-update></registrant><admin><name>Administrative Role Account</name><organization>Network Information Center of Iraq</organization><address><line>Al-Masbah Mahala 929</line><line>Baghdad</line></address><country>Iraq</country><phone>+964 7901427265</phone><fax>+964 17195839</fax><email>ncmc.role.account@gmail.com</email><reg-date>1985-01-01</reg-date><last-update>2005-08-05</last-update></admin><tech><name>Technical Role Account</name><organization>Network Information Center of Iraq</organization><address><line>Al-Masbah Mahala 929</line><line>Baghdad</line></address><country>Iraq</country><phone>+964 7901427265</phone><fax>+964 17195839</fax><email>ncmc.role.account@gmail.com</email><reg-date>1985-01-01</reg-date><last-update>2005-08-05</last-update></tech><nameservers><nameserver name="a.dns-server.iq."><ipv4>194.117.56.1</ipv4></nameserver><nameserver name="b.dns-server.iq."><ipv4>194.117.57.1</ipv4></nameserver><nameserver name="c.dns-server.iq."><ipv4>194.117.58.1</ipv4></nameserver><nameserver name="d.dns-server.iq."><ipv4>194.117.59.1</ipv4></nameserver><nameserver name="e.dns-server.iq."><ipv4>194.117.60.1</ipv4></nameserver><nameserver name="f.dns-server.iq."><ipv4>194.117.61.1</ipv4></nameserver></nameservers><reg-date>1997-05-09</reg-date><last-update>2005-08-05</last-update></domain><domain id="ir"><registrant><organization>Institute for Studies in Theoretical Physics &amp; Mathematics (IPM)</organization><address><line>Shahid Bahonar Square</line><line>Tehran  19548</line></address><country>Iran</country><reg-date>1985-01-01</reg-date><last-update>2006-09-05</last-update></registrant><admin><name>Siavash Shahshahani</name><organization>Institute for Studies in Theoretical Physics &amp; Mathematics (IPM)</organization><address><line>Shahid Bahonar Square</line><line>Tehran  19548</line></address><country>Iran</country><phone>+98 21 22 82 80 81, ext.113</phone><fax>+98 21 22 29 57 00</fax><email>siavash.shahshahani@irnic.ir</email><reg-date>1985-01-01</reg-date><last-update>2006-09-05</last-update></admin><tech><name>Alireza Saleh</name><organization>Institute for Studies in Theoretical Physics &amp; Mathematics (IPM)</organization><address><line>Shahid Bahonar Square</line><line>Tehran  19548</line></address><country>Iran</country><phone>+98 21 22 82 80 81, ext.115</phone><fax>+98 21 22 29 57 00</fax><email>alireza.saleh@irnic.ir</email><reg-date>1985-01-01</reg-date><last-update>2006-09-05</last-update></tech><reg-url>http://www.nic.ir</reg-url><whois>whois.nic.ir</whois><nameservers><nameserver name="auth02.ns.uu.net."><ipv4>198.6.1.82</ipv4></nameserver><nameserver name="ns1.nic.ir."><ipv4>194.225.70.83</ipv4></nameserver><nameserver name="ns5.univie.ac.at."><ipv4>193.171.255.77</ipv4></nameserver></nameservers><reg-date>1994-04-06</reg-date><last-update>2008-11-11</last-update></domain><domain id="is"><registrant><organization>ISNIC - Internet Iceland ltd.</organization><address><line>Taeknigardi</line><line>Dunhagi 5</line><line>Reykjavik  107</line></address><country>Iceland</country><reg-date>1985-01-01</reg-date><last-update>1985-01-01</last-update></registrant><admin><name>Jens Pétur Jensen</name><organization>ISNIC - Internet Iceland, Inc.</organization><address><line>Taeknigardi</line><line>Dunhagi 5</line><line>Reykjavik  107</line></address><country>Iceland</country><phone>+354 578 2030</phone><fax>+ 354 578 2031</fax><email>jens@isnic.is</email><reg-date>1985-01-01</reg-date><last-update>2008-12-02</last-update></admin><tech><name>Marius Olafsson</name><organization>ISNIC - Internet Iceland Inc.</organization><address><line>Taeknigardi</line><line>Dunhagi 5</line><line>Reykjavik  107</line></address><country>Iceland</country><phone>+354 525 4747</phone><fax>+354 561 0999</fax><email>marius@isgate.is</email><reg-date>1985-01-01</reg-date><last-update>1985-01-01</last-update></tech><reg-url>http://www.isnic.is/</reg-url><whois>whois.isnic.is</whois><nameservers><nameserver name="durinn.rhnet.is."><ipv4>130.208.16.20</ipv4></nameserver><nameserver name="isgate.is."><ipv4>193.4.58.51</ipv4></nameserver><nameserver name="ns4.tele.dk."><ipv4>195.41.46.78</ipv4></nameserver><nameserver name="ns-ext.vix.com."><ipv4>204.152.184.64</ipv4></nameserver><nameserver name="ns-is.ripe.net."><ipv4>193.0.12.102</ipv4></nameserver><nameserver name="sunic.sunet.se."><ipv4>192.36.125.2</ipv4><ipv6>2001:6b0:7:0:0:0:0:2</ipv6></nameserver><nameserver name="sns-pb.isc.org."><ipv4>192.5.4.1</ipv4><ipv6>2001:500:2e:0:0:0:0:1</ipv6></nameserver></nameservers><reg-date>1987-11-18</reg-date><last-update>2009-03-02</last-update></domain><domain id="it"><registrant><organization>IIT - CNR</organization><address><line>Via Moruzzi, 1</line><line>Pisa  I-56124</line></address><country>Italy</country><reg-date>1985-01-01</reg-date><last-update>2002-11-04</last-update></registrant><admin><name>Domenico Laforenza</name><organization>IIT - CNR</organization><address><line>Via Moruzzi, 1</line><line>Pisa  I-56124</line></address><country>Italy</country><phone>+39 050 315 2112</phone><fax>+39 050 315 2113</fax><email>direttore@iit.cnr.it</email><reg-date>1985-01-01</reg-date><last-update>2008-07-29</last-update></admin><tech><name>Maurizio Martinelli</name><organization>IIT - CNR</organization><address><line>Via Moruzzi, 1</line><line>Pisa  I-56124</line></address><country>Italy</country><phone>+39 050 315 2087</phone><fax>+39 050 315 2113</fax><email>Maurizio.Martinelli@iit.cnr.it</email><reg-date>1985-01-01</reg-date><last-update>2002-11-25</last-update></tech><reg-url>http://www.nic.it/</reg-url><whois>whois.nic.it</whois><nameservers><nameserver name="dns.nic.it."><ipv4>193.205.245.5</ipv4><ipv6>2001:760:4000:1f5:0:0:0:5</ipv6></nameserver><nameserver name="nameserver.cnr.it."><ipv4>194.119.192.34</ipv4></nameserver><nameserver name="m.dns.it."><ipv4>217.29.76.4</ipv4></nameserver><nameserver name="r.dns.it."><ipv4>193.206.141.46</ipv4><ipv6>2001:760:ffff:ffff:0:0:0:ca</ipv6></nameserver><nameserver name="s.dns.it."><ipv4>194.146.106.30</ipv4></nameserver></nameservers><reg-date>1987-12-23</reg-date><last-update>2008-07-29</last-update></domain><domain id="je"><registrant><organization>Island Networks (Jersey) Ltd.</organization><address><line>Hilgrove House</line><line>10 Hilgrove Street</line><line>St. Helier  JE4 8SU</line></address><country>Jersey</country><reg-date>1985-01-01</reg-date><last-update>2007-04-12</last-update></registrant><admin><name>Managing Director</name><organization>Island Networks (Jersey) Ltd.</organization><address><line>Hilgrove House</line><line>10 Hilgrove Street</line><line>St. Helier  JE4 8SU</line></address><country>Jersey</country><phone>+44 1534 759526</phone><fax>+44 870 321 2289</fax><email>hostmaster@iana-contact.je</email><reg-date>1985-01-01</reg-date><last-update>2007-04-12</last-update></admin><tech><name>JE-Hostmaster</name><organization>Island Networks Limited</organization><address><line>4 &amp; 5 St. Anne's Walk</line><line>Alderney  GY9 3JZ</line></address><country>Guernsey</country><phone>+44 1481 822800</phone><fax>+44 870 321 2289</fax><email>hostmaster@iana-contact.je</email><reg-date>1985-01-01</reg-date><last-update>2006-09-26</last-update></tech><reg-url>http://www.channelisles.net/</reg-url><whois>whois.je</whois><nameservers><nameserver name="dns2.guernsey.net."><ipv4>195.226.128.3</ipv4></nameserver><nameserver name="ns0.ja.net."><ipv4>128.86.1.20</ipv4><ipv6/><ipv4>193.63.94.20</ipv4><ipv6/><ipv6>2001:630:0:8:0:0:0:14</ipv6><ipv6/><ipv6>2001:630:0:9:0:0:0:14</ipv6></nameserver><nameserver name="ns2.dns.net.nz."><ipv4>202.46.191.130</ipv4><ipv6>2001:dce:4000:2:0:0:0:130</ipv6></nameserver><nameserver name="sec1.dns.uk.psi.net."><ipv4>154.32.105.34</ipv4></nameserver><nameserver name="uucp-gw-1.pa.dec.com."><ipv4>204.123.2.18</ipv4></nameserver><nameserver name="uucp-gw-2.pa.dec.com."><ipv4>204.123.2.19</ipv4></nameserver><nameserver name="a.ci-servers.net."><ipv4>87.117.196.245</ipv4></nameserver></nameservers><reg-date>1996-08-08</reg-date><last-update>2008-09-18</last-update></domain><domain id="jm"><registrant><organization>University of West Indies</organization><address><line>7 Gibraltar Road</line><line>Kingston  7</line></address><country>Jamaica W.I.</country><reg-date>1985-01-01</reg-date><last-update>1985-01-01</last-update></registrant><admin><name>Jeremy M. Whyte</name><organization><line>Mona Information Technology Services</line><line>University of the West Indies</line></organization><address><line>7 Gibraltar Road</line><line>Kingston  7</line></address><country>Jamaica W.I.</country><phone>+1 876 927 2148</phone><fax>+1 876 927 0997</fax><email>jeremy.whyte@uwimona.edu.jm</email><reg-date>1985-01-01</reg-date><last-update>2004-03-29</last-update></admin><tech><name>Domain Master</name><organization><line>Mona Information Technology Services</line><line>University of the West Indies</line></organization><address><line>7 Gilbraltar Road</line><line>Mona</line><line>Kingston  7</line></address><country>Jamaica W.I.</country><phone>+1 876 927 2148</phone><fax>+1 876 927 0997</fax><email>dmaster@ns.jm</email><reg-date>1985-01-01</reg-date><last-update>2004-03-29</last-update></tech><nameservers><nameserver name="ns.jm."><ipv4>196.2.1.6</ipv4></nameserver><nameserver name="ns-jm.ripe.net."><ipv4>193.0.12.110</ipv4></nameserver><nameserver name="ns.utechjamaica.edu.jm."><ipv4>200.9.115.2</ipv4></nameserver><nameserver name="ns3-jm.fsl.org.jm."><ipv4>196.3.191.66</ipv4></nameserver><nameserver name="phloem.uoregon.edu."><ipv4>128.223.32.35</ipv4><ipv6>2001:468:d01:20::80df:2023</ipv6></nameserver></nameservers><reg-date>1991-09-24</reg-date><last-update>2008-04-21</last-update></domain><domain id="jo"><registrant><organization>National Information Technology Centre</organization><address><line>Al-Jubiaha</line><line>P.O. Box 259</line><line>Amman  11941</line></address><country>Jordan</country><reg-date>1985-01-01</reg-date><last-update>2006-03-27</last-update></registrant><admin><name>Director General</name><organization>National Information Technology Centre</organization><address><line>Al-Jubiaha</line><line>P.O. Box 259</line><line>Amman  11941</line></address><country>Jordan</country><phone>+962 6 5337184</phone><fax>+962 6 5337168</fax><email>dg@nitc.gov.jo</email><reg-date>1985-01-01</reg-date><last-update>2007-02-12</last-update></admin><tech><name>DNS Administrator</name><organization>National Information Technology Centre</organization><address><line>Al-Jubiaha</line><line>P.O. Box 259</line><line>Amman  11941</line></address><country>Jordan</country><phone>+962 6 5337184</phone><fax>+962 6 5337168</fax><email>dnsadmin@nitc.gov.jo</email><reg-date>1985-01-01</reg-date><last-update>2007-02-12</last-update></tech><reg-url>http://www.dns.jo</reg-url><nameservers><nameserver name="amra.nic.gov.jo."><ipv4>193.188.66.103</ipv4></nameserver><nameserver name="petra.nic.gov.jo."><ipv4>193.188.66.2</ipv4></nameserver><nameserver name="ns-jo.ripe.net."><ipv4>193.0.12.112</ipv4></nameserver><nameserver name="dns.er.usgs.gov."><ipv4>137.227.240.32</ipv4></nameserver><nameserver name="dns.wr.usgs.gov."><ipv4>137.227.232.9</ipv4></nameserver></nameservers><reg-date>1994-11-23</reg-date><last-update>2008-04-29</last-update></domain><domain id="jobs"><registrant><organization>Employ Media LLC</organization><address><line>3029 Prospect Avenue</line><line>Cleveland Ohio 44115</line></address><country>United States</country><reg-date>2005-09-08</reg-date><last-update>2005-09-08</last-update></registrant><admin><name>Ray Fassett</name><organization>Employ Media LLC</organization><address><line>3029 Prospect Avenue</line><line>Cleveland Ohio 44115</line></address><country>United States</country><phone>+1-216-426-1500</phone><fax>+1-216-588-1558</fax><email>ray@goto.jobs</email><reg-date>2005-09-08</reg-date><last-update>2006-11-08</last-update></admin><tech><name>Registry Customer Service</name><organization>VeriSign Global Registry Services</organization><address><line>21345 Ridgetop Circle</line><line>Dulles Virginia 20166</line></address><country>United States</country><phone>+1-703-925-6999</phone><fax>+1-703-421-5828</fax><email>info@verisign-grs.com</email><reg-date>2005-09-08</reg-date><last-update>2005-09-08</last-update></tech><reg-url>http://www.goto.jobs</reg-url><whois>jobswhois.verisign-grs.com</whois><nameservers><nameserver name="a5.nstld.com."><ipv4>192.5.6.34</ipv4></nameserver><nameserver name="c5.nstld.com."><ipv4>192.26.92.34</ipv4></nameserver><nameserver name="d5.nstld.com."><ipv4>192.31.80.34</ipv4></nameserver><nameserver name="f5.nstld.com."><ipv4>192.35.51.34</ipv4></nameserver><nameserver name="g5.nstld.com."><ipv4>192.42.93.34</ipv4></nameserver><nameserver name="h5.nstld.com."><ipv4>192.54.112.34</ipv4></nameserver><nameserver name="l5.nstld.com."><ipv4>192.41.162.34</ipv4></nameserver></nameservers><reg-date>2005-09-08</reg-date><last-update>2007-12-04</last-update></domain><domain id="jp"><registrant><organization>Japan Registry Services Co., Ltd.</organization><address><line>Chiyoda First Bldg. East 13F,</line><line>3-8-1 Nishi-Kanda</line><line>Chiyoda-ku Tokyo 101-0065</line></address><country>Japan</country><reg-date>1985-01-01</reg-date><last-update>2005-06-16</last-update></registrant><admin><name>Koki Higashida</name><organization>Japan Registry Services Co., Ltd.</organization><address><line>Chiyoda First Bldg. East 13F,</line><line>3-8-1 Nishi-Kanda</line><line>Chiyoda-ku Tokyo 101-0065</line></address><country>Japan</country><phone>+81 3 5215 8451</phone><fax>+81 3 5215 8452</fax><email>higashida@jprs.co.jp</email><reg-date>1985-01-01</reg-date><last-update>2005-06-16</last-update></admin><tech><name>Susumu Sano</name><organization>Japan Registry Services Co., Ltd.</organization><address><line>Chiyoda First Bldg. East 13F,</line><line>3-8-1 Nishi-Kanda</line><line>Chiyoda-ku Tokyo 101-0065</line></address><country>Japan</country><phone>+81 3 5215 8451</phone><fax>+81 3 5215 8452</fax><email>tech-admin@jprs.jp</email><reg-date>1985-01-01</reg-date><last-update>2005-06-16</last-update></tech><reg-url>http://jprs.jp/</reg-url><whois>whois.jprs.jp</whois><nameservers><nameserver name="a.dns.jp."><ipv4>203.119.1.1</ipv4><ipv6>2001:dc4:0:0:0:0:0:1</ipv6></nameserver><nameserver name="b.dns.jp."><ipv4>202.12.30.131</ipv4><ipv6>2001:dc2:0:0:0:0:0:1</ipv6></nameserver><nameserver name="c.dns.jp."><ipv4>204.74.112.245</ipv4><ipv6>2001:502:d399:0:0:0:0:245</ipv6></nameserver><nameserver name="d.dns.jp."><ipv4>210.138.175.244</ipv4><ipv6>2001:240:0:0:0:0:0:53</ipv6></nameserver><nameserver name="e.dns.jp."><ipv4>192.50.43.53</ipv4><ipv6>2001:200:c000:0:0:0:0:35</ipv6></nameserver><nameserver name="f.dns.jp."><ipv4>150.100.2.3</ipv4><ipv6>2001:2f8:0:100:0:0:0:153</ipv6></nameserver><nameserver name="g.dns.jp."><ipv4>203.119.40.1</ipv4></nameserver></nameservers><reg-date>1986-08-05</reg-date><last-update>2008-11-17</last-update></domain><domain id="ke"><registrant><organization>Kenya Network Information Center (KeNIC)</organization><address><line>P.O. Box 1461</line><line>Waiyaki Way, CCK Complex</line><line>Nairobi  00606</line></address><country>Kenya</country><reg-date>1985-01-01</reg-date><last-update>2007-11-05</last-update></registrant><admin><name>KeNIC Admin.</name><organization>Kenya Network Information Center (KeNIC)</organization><address><line>P.O. Box 1461</line><line>Waiyaki Way, CCK Complex</line><line>Nairobi  00606</line></address><country>Kenya</country><phone>+254 20 4450057, +254 20 4450058</phone><fax>+254 20 4450087</fax><email>admin@kenic.or.ke</email><reg-date>1985-01-01</reg-date><last-update>2007-11-05</last-update></admin><tech><name>Technical Support</name><organization>Kenya Network Information Center (KeNIC)</organization><address><line>P.O. Box 1461</line><line>Waiyaki Way, CCK Complex</line><line>Nairobi  00606</line></address><country>Kenya</country><phone>+254 20 4450057, 254 20 4450058</phone><fax>+254 20 4450087</fax><email>tech@kenic.or.ke</email><reg-date>2003-02-06</reg-date><last-update>2007-11-05</last-update></tech><reg-url>http://www.kenic.or.ke</reg-url><whois>whois.kenic.or.ke</whois><nameservers><nameserver name="mzizi.kenic.or.ke."><ipv4>198.32.67.9</ipv4><ipv4>196.1.4.130</ipv4></nameserver><nameserver name="ns.anycast.kenic.or.ke."><ipv4>204.61.216.7</ipv4></nameserver><nameserver name="ns1.coza.net.za."><ipv4>66.139.79.204</ipv4></nameserver></nameservers><reg-date>1993-04-29</reg-date><last-update>2007-11-05</last-update></domain><domain id="kg"><registrant><organization>AsiaInfo Telecommunication Enterprise</organization><address><line>Sovetskaya, 175</line><line>Bishkek  720001</line></address><country>Kyrgyzstan</country><reg-date>1985-01-01</reg-date><last-update>2006-10-04</last-update></registrant><admin><name>Alexander P. Kovalev</name><organization>AsiaInfo Telecommunication Enterprise</organization><address><line>Sovetskaya, 175</line><line>Bishkek  720001</line></address><country>Kyrgyzstan</country><phone>+996 312 664488</phone><fax>+996 312 663434</fax><email>admin@domain.kg</email><reg-date>1985-01-01</reg-date><last-update>2006-10-04</last-update></admin><tech><name>Sergey D. Piryazev</name><organization>AsiaInfo Telecommunication Enterprise</organization><address><line>Sovetskaya, 175</line><line>Bishkek  720001</line></address><country>Kyrgyzstan</country><phone>+996 312 681112</phone><fax>+996 312 663434</fax><email>adm@infotel.kg</email><reg-date>1985-01-01</reg-date><last-update>2006-10-04</last-update></tech><reg-url>http://www.domain.kg/</reg-url><nameservers><nameserver name="ns.kg."><ipv4>195.38.160.36</ipv4></nameserver><nameserver name="ns-kg.ripe.net."><ipv4>193.0.12.119</ipv4><ipv6/><ipv6>2001:610:240:0:53:cc:12:119</ipv6></nameserver></nameservers><reg-date>1995-07-12</reg-date><last-update>2008-04-30</last-update></domain><domain id="kh"><registrant><organization>Ministry of Post and Telecommunications</organization><address><line>Corner of Street 13 &amp; 102</line><line>Phnom Penh</line></address><country>Cambodia</country><reg-date>1985-01-01</reg-date><last-update>1985-01-01</last-update></registrant><admin><name>Mrs. Lim Yatal</name><organization>Ministry of Post and Telecommunications</organization><address><line>Corner of Street 13 &amp; 102</line><line>Wat Phnom, Phnom Penh</line></address><country>Cambodia</country><phone>+855 23 725 384</phone><fax>+855 23 426 011</fax><email>dns-admin@dns.net.kh</email><reg-date>1985-01-01</reg-date><last-update>2002-07-23</last-update></admin><tech><name>Chakrya Moa</name><organization>Ministry of Post and Telecommunications</organization><address><line>Corner of Street 13 &amp; 102</line><line>Phnom Penh</line></address><country>Cambodia</country><phone>+855 23 724 223</phone><fax>+855 23 426 011</fax><email>chakrya@camnet.com.kh</email><reg-date>1985-01-01</reg-date><last-update>1985-01-01</last-update></tech><reg-url>http://www.camnet.com.kh/</reg-url><nameservers><nameserver name="dns1.online.com.kh."><ipv4>203.189.128.1</ipv4></nameserver><nameserver name="ns.camnet.com.kh."><ipv4>203.223.32.3</ipv4></nameserver><nameserver name="ns.telesurf.com.kh."><ipv4>203.144.65.3</ipv4></nameserver><nameserver name="ns1.dns.net.kh."><ipv4>203.223.32.21</ipv4></nameserver><nameserver name="sec3.apnic.net."><ipv4>202.12.28.140</ipv4><ipv6>2001:dc0:1:0:4777:0:0:140</ipv6></nameserver><nameserver name="ns-kh.ripe.net."><ipv4>193.0.12.37</ipv4></nameserver></nameservers><reg-date>1996-02-20</reg-date><last-update>2008-05-02</last-update></domain><domain id="ki"><registrant><organization>Ministry of Communications, Transport, and Tourism Development</organization><address><line>Betio</line><line>Tarawa</line></address><country>Kiribati</country><reg-date>1985-01-01</reg-date><last-update>2006-08-18</last-update></registrant><admin><name>Secretary - Kietau Tabwebweiti</name><organization>Ministry of Communications, Transport, and Tourism Development</organization><address><line>Betio</line><line>Tarawa</line></address><country>Kiribati</country><phone>+686 26003</phone><fax>+686 26193</fax><email>secretary@mcttd.gov.ki</email><reg-date>1985-01-01</reg-date><last-update>2008-11-03</last-update></admin><tech><name>Manager Engineering - Bwanouia Aberaam</name><organization>Telecommunications Authority of Kiribati</organization><address><line>Betio Tarawa</line></address><country>Kiribati</country><phone>+686 25431</phone><fax>+686 25432</fax><email>bwanouia.aberaam@nic.ki</email><reg-date>1985-01-01</reg-date><last-update>2006-08-18</last-update></tech><reg-url>http://www.nic.ki</reg-url><whois>whois.nic.ki</whois><nameservers><nameserver name="ns.sydney.nic.ki."><ipv4>203.119.12.246</ipv4></nameserver><nameserver name="ns-ki.ripe.net."><ipv4>193.0.12.115</ipv4></nameserver><nameserver name="ns.anycast.nic.ki."><ipv4>204.61.216.26</ipv4></nameserver><nameserver name="sec1.apnic.net."><ipv4>202.12.29.59</ipv4><ipv6>2001:dc0:2001:a:4608::59</ipv6></nameserver><nameserver name="sec3.apnic.net."><ipv4>202.12.28.140</ipv4><ipv6>2001:dc0:1:0:4777:0:0:140</ipv6></nameserver><nameserver name="ki1.dyntld.net."><ipv4>208.78.70.87</ipv4></nameserver><nameserver name="ki2.dyntld.net."><ipv4>204.13.250.87</ipv4></nameserver><nameserver name="ki3.dyntld.net."><ipv4>208.78.71.87</ipv4></nameserver><nameserver name="ki4.dyntld.net."><ipv4>204.13.251.87</ipv4></nameserver></nameservers><reg-date>1995-04-19</reg-date><last-update>2008-11-03</last-update></domain><domain id="km"><registrant><organization>Comores Telecom</organization><address><line>BP 7000 Place de France</line><line>Moroni</line></address><country>Comoros</country><reg-date>1985-01-01</reg-date><last-update>2005-09-16</last-update></registrant><admin><name>Directeur Général - Charikane Bouchrane</name><organization>Comores Telecom</organization><address><line>BP 7000 Place de France</line><line>Moroni</line></address><country>Comoros</country><phone>+269744300</phone><fax>+269731079</fax><email>charikane.bouchrane@comorestelecom.km</email><reg-date>1985-01-01</reg-date><last-update>2007-07-04</last-update></admin><tech><name>ALI Hadji Mmadi</name><organization>Comores Telecom</organization><address><line>BP 7000 Place de France</line><line>Moroni</line></address><country>Comoros</country><phone>+269323001</phone><fax>+269731079</fax><email>alihadji@comorestelecom.km</email><reg-date>1985-01-01</reg-date><last-update>2007-07-03</last-update></tech><reg-url>http://www.domaine.km/</reg-url><nameservers><nameserver name="dns1.km."><ipv4>80.231.195.18</ipv4></nameserver><nameserver name="phloem.uoregon.edu."><ipv4>128.223.32.35</ipv4><ipv6>2001:468:d01:20::80df:2023</ipv6></nameserver></nameservers><reg-date>1998-06-08</reg-date><last-update>2008-04-21</last-update></domain><domain id="kn"><registrant><organization>Ministry of Finance, Sustainable Development Information &amp; Technology</organization><address><line>Church Street</line><line>P.O. Box 186</line></address><country>Saint Kitts and Nevis</country><reg-date>2008-05-08</reg-date><last-update>2008-05-08</last-update></registrant><admin><name>Adviser of National ICT Center</name><organization>National ICT Center</organization><address><line>No. 3 C.A. Paul Southwell Industrial Site</line></address><country>Saint Kitts and Nevis</country><phone>+1 869 4658582</phone><fax>+1 869 4650610</fax><email>admin@knnic.kn</email><reg-date>1985-01-01</reg-date><last-update>2008-07-17</last-update></admin><tech><name>Nai-Wen Hsu</name><organization>Taiwan Network Information Center (TWNIC)</organization><address><line>4F-2, No. 9</line><line>Roosevelt Road</line><line>Section 2</line><line>Taipei  100</line></address><country>Taiwan</country><phone>+886 2 2341 1313 ext. 500</phone><fax>+886 2 2396 8832</fax><email>snw@twnic.net.tw</email><reg-date>1985-01-01</reg-date><last-update>2008-05-08</last-update></tech><nameservers><nameserver name="a.dns.tw."><ipv4>203.73.24.8</ipv4><ipv6>2001:cd8:800:0:0:0:0:8</ipv6></nameserver><nameserver name="b.dns.tw."><ipv4>210.201.138.58</ipv4></nameserver><nameserver name="c.dns.tw."><ipv4>61.220.48.1</ipv4><ipv6>2001:238:800:1:0:0:0:1</ipv6></nameserver></nameservers><reg-date>1991-09-03</reg-date><last-update>2008-07-17</last-update></domain><domain id="kp"><registrant><organization>Korea Computer Center</organization><address><line>Mangyongdae District</line><line>Sonnaedong</line><line>Pyongyang</line></address><country>Democratic People's Republic of Korea</country><reg-date>2007-09-21</reg-date><last-update>2007-09-21</last-update></registrant><admin><name>Kim Chang Ryop</name><organization>Korea Computer Center</organization><address><line>Mangyondae District</line><line>Sonnaedong</line><line>Pyongyang</line></address><country>Democratic People's Republic of Korea</country><phone>+850-2-3818456</phone><fax>+850-2-3814598</fax><email>Kim.Chang.Ryop@kcckp.net</email><reg-date>2007-09-21</reg-date><last-update>2007-09-21</last-update></admin><tech><name>Jan Holtermann</name><organization>KCC Europe GmbH</organization><address><line>Glinkastrasse 5-7</line><line>Berlin  10117</line></address><country>Germany</country><phone>+49-30-78913567</phone><fax>+49-30-78913568</fax><email>tld@kcce.net</email><reg-date>2007-09-21</reg-date><last-update>2007-09-21</last-update></tech><reg-url>http://www.kcce.kp</reg-url><whois>whois.kcce.kp</whois><nameservers><nameserver name="ns1.kcce.net."><ipv4>194.29.232.18</ipv4></nameserver><nameserver name="ns2.kcce.net."><ipv4>194.29.232.30</ipv4></nameserver></nameservers><reg-date>2007-09-24</reg-date><last-update>2007-09-24</last-update></domain><domain id="kr"><registrant><organization>National Internet Development Agency of Korea (NIDA)</organization><address><line>11F, KTF Bldg. 1321-11</line><line>Seocho2-Dong, Seocho-Gu</line><line>Seoul  137-857</line></address><country>South Korea</country><reg-date>1985-01-01</reg-date><last-update>2005-11-28</last-update></registrant><admin><name>Kilnam Chon</name><organization>Korea Network Information Center (KRNIC)</organization><address><line>11F, KTF Bldg, 1321-11</line><line>Seocho2-Dong, Seocho-Gu</line><line>Seoul  137-857</line></address><country>South Korea</country><phone>+82 42 869 3514</phone><email>chonkn@gmail.com</email><reg-date>1985-01-01</reg-date><last-update>2007-12-19</last-update></admin><tech><name>Chanki Park</name><organization>Korea Network Information Center (KRNIC)</organization><address><line>11F, KTF Bldg, 1321-11</line><line>Seocho2-Dong, Seocho-Gu</line><line>Seoul  137-857</line></address><country>South Korea</country><phone>+82-2-2186-4504</phone><fax>+82-2-2186-4498</fax><email>ckp@nic.or.kr</email><reg-date>1985-01-01</reg-date><last-update>2002-06-23</last-update></tech><reg-url>http://www.nic.or.kr/</reg-url><whois>whois.nic.or.kr</whois><nameservers><nameserver name="b.dns.kr."><ipv4>61.74.75.1</ipv4></nameserver><nameserver name="c.dns.kr."><ipv4>203.248.246.220</ipv4></nameserver><nameserver name="d.dns.kr."><ipv4>203.83.159.1</ipv4></nameserver><nameserver name="e.dns.kr."><ipv4>202.30.124.100</ipv4><ipv6>2001:dcc:5:0:0:0:0:100</ipv6></nameserver><nameserver name="f.dns.kr."><ipv4>218.38.181.90</ipv4></nameserver><nameserver name="g.dns.kr."><ipv4>202.31.190.1</ipv4><ipv6>2001:dc5:a:0:0:0:0:1</ipv6></nameserver></nameservers><reg-date>1986-09-29</reg-date><last-update>2007-12-19</last-update></domain><domain id="kw"><registrant><organization>Ministry of Communications</organization><address><line>P.O. Box No. 318</line><line>Safat  11111</line></address><country>Kuwait</country><reg-date>1985-01-01</reg-date><last-update>1985-01-01</last-update></registrant><admin><name>Ali AlZaben</name><organization>Ministry of Communications</organization><address><line>P.O. Box No. 318</line><line>Kuwait Safat 11111</line></address><country>Kuwait</country><phone>+965 483 7630</phone><fax>+965 483 2676</fax><email>ali@moc.kw</email><reg-date>1985-01-01</reg-date><last-update>2008-09-16</last-update></admin><tech><name>Youssef Al-Mesfer</name><organization>Kuwait Institute for Scientific Research</organization><address><line>P.O. Box 24885</line><line>Kuwait Safat 13109</line></address><country>Kuwait</country><phone>+965 498 9774</phone><fax>+965 498 9699</fax><email>ymesfer@kisr.edu.kw</email><reg-date>1985-01-01</reg-date><last-update>2008-09-16</last-update></tech><reg-url>http://www.kw/</reg-url><nameservers><nameserver name="dns1.kw."><ipv4>161.252.48.140</ipv4></nameserver><nameserver name="dns2.kw."><ipv4>161.252.48.150</ipv4></nameserver><nameserver name="dns3.kw."><ipv4>161.252.48.145</ipv4></nameserver><nameserver name="dns1.kems.net."><ipv4>196.1.69.98</ipv4></nameserver></nameservers><reg-date>1992-10-26</reg-date><last-update>2008-09-16</last-update></domain><domain id="ky"><registrant><organization>The Information and Communications Technology Authority</organization><address><line>P.O. Box 2502</line><line>Grand Cayman  KY1-1104</line></address><country>Cayman Islands</country><reg-date>1985-01-01</reg-date><last-update>2008-05-15</last-update></registrant><admin><name>David A. Archbold</name><organization>The Information and Communications Technology Authority</organization><address><line>P.O. Box 2502</line><line>Grand Cayman  KY1-1104</line></address><country>Cayman Islands</country><phone>+1 345 946 4282</phone><fax>+1 345 945 8284</fax><email>david.archbold@icta.ky</email><reg-date>1985-01-01</reg-date><last-update>2008-05-15</last-update></admin><tech><name>Stephen Bernacki</name><organization>Perimeter eSecurity</organization><address><line>440 Wheelers Farms Road #202</line><line>Milford Connecticut 06461</line></address><country>United States</country><phone>+1 800 234 2175</phone><email>kysupport@perimeterusa.com</email><reg-date>1985-01-01</reg-date><last-update>2008-05-15</last-update></tech><reg-url>http://www.nic.ky</reg-url><nameservers><nameserver name="kynse01.perimeterusa.com."><ipv4>216.54.168.26</ipv4></nameserver><nameserver name="kynsw01.perimeterusa.com."><ipv4>165.212.160.15</ipv4></nameserver><nameserver name="kynse02.perimeterusa.com."><ipv4>216.54.168.27</ipv4></nameserver><nameserver name="kynsw02.perimeterusa.com."><ipv4>165.212.160.16</ipv4></nameserver><nameserver name="kynse03.perimeterusa.com."><ipv4>216.54.168.28</ipv4></nameserver><nameserver name="kynsw03.perimeterusa.com."><ipv4>165.212.160.17</ipv4></nameserver></nameservers><reg-date>1995-05-03</reg-date><last-update>2008-05-19</last-update></domain><domain id="kz"><registrant><organization>Association of IT Companies of Kazakhstan</organization><address><line>6/5 Kabanbai Batyra</line><line>Office 3</line><line>Astana AST 010000</line></address><country>Kazakhstan</country><reg-date>1985-01-01</reg-date><last-update>2008-02-28</last-update></registrant><admin><name>Nurlan Issin</name><organization>Association of IT Companies of Kazakhstan</organization><address><line>6/5 Kabanbai Batyra</line><line>Office 3</line><line>Astana AST 010000</line></address><country>Kazakhstan</country><phone>+7 (7172) 92-55-52</phone><fax>+7 (7172) 92 54 11</fax><email>info@itk.kz, isin@nit.kz</email><reg-date>2005-07-29</reg-date><last-update>2008-02-28</last-update></admin><tech><name>Pavel Gusev</name><organization>KazNIC Organization</organization><address><line>Momyshuly, 22</line><line>Semey VKO 071400</line></address><country>Kazakhstan</country><phone>+7 (7222) 52-58-00</phone><fax>+7 (7222) 56-33-64</fax><email>pg@nic.kz</email><reg-date>1985-01-01</reg-date><last-update>2008-02-28</last-update></tech><reg-url>http://www.nic.kz</reg-url><whois>whois.nic.kz</whois><nameservers><nameserver name="auth00.ns.uu.net."><ipv4>198.6.1.65</ipv4></nameserver><nameserver name="ns.nic.kz."><ipv4>75.126.233.106</ipv4></nameserver><nameserver name="ns.nursat.net."><ipv4>195.82.0.1</ipv4></nameserver><nameserver name="ns.ricc.kz."><ipv4>87.247.11.2</ipv4></nameserver><nameserver name="ns.ru.net."><ipv4>193.124.22.65</ipv4></nameserver><nameserver name="ns-kz.ripe.net."><ipv4>193.0.12.113</ipv4></nameserver><nameserver name="ns.spb.ru."><ipv4>193.124.83.69</ipv4></nameserver></nameservers><reg-date>1994-09-19</reg-date><last-update>2008-09-22</last-update></domain><domain id="la"><registrant><organization><line>Lao National Internet Committee (LANIC)</line><line>Science Technology and Environment Agency</line></organization><address><line>Prime Minister's Office</line><line>P. O. Box 2279</line><line>Vientiane  Lao PDR</line></address><country>Laos</country><reg-date>1985-01-01</reg-date><last-update>2002-12-13</last-update></registrant><admin><name>Mr. Noulinh SINBANDHIT</name><organization>Lao National Internet Committee (LANIC)</organization><address><line>Prime Minister's Office</line><line>P.O. Box 2279</line><line>Vientiane  Lao PDR</line></address><country>Laos</country><phone>+856 21 213470</phone><fax>+856 21 213472</fax><email>admincontact@lanic.net</email><reg-date>1985-01-01</reg-date><last-update>2002-12-13</last-update></admin><tech><name>Mr. Maydom CHANTHANASINH</name><organization>Lao National Internet Committee (LANIC)</organization><address><line>Prime Minister's Office</line><line>P.O. Box 2279</line><line>Vientiane  Lao PDR</line></address><country>Laos</country><phone>+856 21 213470</phone><fax>+856 21 213472</fax><email>technicalcontact@lanic.net</email><reg-date>1985-01-01</reg-date><last-update>2002-12-13</last-update></tech><reg-url>http://www.la</reg-url><whois>whois.nic.la</whois><nameservers><nameserver name="ns0.centralnic.net."><ipv4>213.146.149.169</ipv4></nameserver><nameserver name="ns1.centralnic.net."><ipv4>213.146.149.134</ipv4></nameserver><nameserver name="ns2.centralnic.net."><ipv4>72.3.240.16</ipv4></nameserver><nameserver name="ns3.centralnic.net."><ipv4>62.197.40.234</ipv4></nameserver><nameserver name="ns4.centralnic.net."><ipv4>194.169.218.16</ipv4></nameserver><nameserver name="ns5.centralnic.net."><ipv4>194.169.218.17</ipv4></nameserver><nameserver name="ns6.centralnic.net."><ipv4>194.0.2.2</ipv4></nameserver></nameservers><reg-date>1996-05-14</reg-date><last-update>2008-05-05</last-update></domain><domain id="lb"><registrant><organization><line>American University of Beirut</line><line>Computing and Networking Services</line></organization><address><line>Bliss Street</line><line>P.O. Box 11.0236</line><line>Beirut</line></address><country>Lebanon</country><reg-date>1985-01-01</reg-date><last-update>2003-06-10</last-update></registrant><admin><name>Nabil Bukhalid</name><organization><line>American University of Beirut</line><line>Computing and Networking Services</line></organization><address><line>Bliss Street</line><line>P.O. Box 11.0236</line><line>Beirut</line></address><country>Lebanon</country><phone>+961 1 744 473</phone><fax>+961 1 351 706</fax><email>nabil@aub.edu.lb</email><reg-date>1985-01-01</reg-date><last-update>2003-06-10</last-update></admin><tech><name>Randy Bush</name><address><line>PO Box 128</line><line>Kapa`au Hawai`i 96755</line></address><country>United States</country><email>randy@psg.com</email><reg-date>2005-09-20</reg-date><last-update>2005-09-20</last-update></tech><reg-url>http://www.aub.edu.lb/lbdr</reg-url><nameservers><nameserver name="rip.psg.com."><ipv4>147.28.0.39</ipv4><ipv6>2001:418:1:0:0:0:0:39</ipv6></nameserver><nameserver name="zeina.aub.edu.lb."><ipv4>193.188.128.14</ipv4></nameserver><nameserver name="sunic.sunet.se."><ipv4>192.36.125.2</ipv4><ipv6>2001:6b0:7:0:0:0:0:2</ipv6></nameserver><nameserver name="ns1.dns.aq."><ipv4>198.32.71.12</ipv4></nameserver></nameservers><reg-date>1993-08-25</reg-date><last-update>2008-12-18</last-update></domain><domain id="lc"><registrant><organization>University of Puerto Rico</organization><address><line>Central Administration Building</line><line>P.O. Box 364984G</line><line>San Juan  00936</line></address><country>Puerto Rico</country><reg-date>1985-01-01</reg-date><last-update>1985-01-01</last-update></registrant><admin><name>Albert H. Daniels</name><organization>ISIS World Corporation</organization><address><line>#4 Colony House</line><line>John Compton Highway</line><line>Castries</line></address><country>Saint Lucia</country><phone>758 452-5444</phone><fax>758 451-7599</fax><email>daniels@isisworld.lc</email><reg-date>1985-01-01</reg-date><last-update>2007-08-03</last-update></admin><tech><name>Patrick W. Lay</name><organization>NIC LC</organization><address><line>#4 Colony House</line><line>John Compton Highway</line><line>Castries</line></address><country>Saint Lucia</country><phone>758-452-0220</phone><fax>758-452-0330</fax><email>technical@nic.lc</email><reg-date>2005-09-19</reg-date><last-update>2007-08-03</last-update></tech><reg-url>http://www.nic.lc</reg-url><nameservers><nameserver name="dns.server.ag."><ipv4>64.239.9.180</ipv4></nameserver><nameserver name="a0.cctld.afilias-nst.info."><ipv4>199.254.59.1</ipv4><ipv6>2001:500:25:0:0:0:0:1</ipv6></nameserver><nameserver name="b0.cctld.afilias-nst.org."><ipv4>199.254.60.1</ipv4><ipv6>2001:500:26:0:0:0:0:1</ipv6></nameserver><nameserver name="c0.cctld.afilias-nst.info."><ipv4>199.254.61.1</ipv4><ipv6>2001:500:27:0:0:0:0:1</ipv6></nameserver><nameserver name="d0.cctld.afilias-nst.org."><ipv4>199.254.62.1</ipv4><ipv6>2001:500:28:0:0:0:0:1</ipv6></nameserver><nameserver name="a2.cctld.afilias-nst.info."><ipv4>199.249.116.1</ipv4><ipv6>2001:500:44:0:0:0:0:1</ipv6></nameserver><nameserver name="b2.cctld.afilias-nst.org."><ipv4>199.249.124.1</ipv4><ipv6>2001:500:4c:0:0:0:0:1</ipv6></nameserver></nameservers><reg-date>1991-09-03</reg-date><last-update>2008-12-15</last-update></domain><domain id="li"><registrant><organization>Hochschule Liechtenstein</organization><address><line>Fuerst-Franz-Josef-Strasse</line><line>Vaduz  LI-9490</line></address><country>Liechtenstein</country><reg-date>1985-01-01</reg-date><last-update>2005-08-29</last-update></registrant><admin><name>Markus Graf</name><organization>Hochschule Liechtenstein</organization><address><line>Fuerst-Franz-Josef-Strasse</line><line>Vaduz  LI-9490</line></address><country>Liechtenstein</country><phone>+423 265 1212</phone><fax>+423 265 1201</fax><email>markus.graf@hochschule.li</email><reg-date>1985-01-01</reg-date><last-update>2005-08-29</last-update></admin><tech><name>Marcel Schneider</name><organization>SWITCH The Swiss Education &amp; Research Network</organization><address><line>Werdstrasse 2</line><line>Zurich  CH-8004</line></address><country>Switzerland</country><phone>+41 44 253 98 07</phone><fax>+41 44 268 15 68</fax><email>schneider@switch.ch</email><reg-date>1985-01-01</reg-date><last-update>2007-04-24</last-update></tech><reg-url>http://www.nic.li</reg-url><whois>whois.nic.li</whois><nameservers><nameserver name="cctld.tix.ch."><ipv4>194.42.48.120</ipv4></nameserver><nameserver name="dns.princeton.edu."><ipv4>128.112.129.15</ipv4></nameserver><nameserver name="domreg.nic.ch."><ipv4>130.59.1.80</ipv4><ipv6>2001:620:0:0:0:0:0:4</ipv6></nameserver><nameserver name="merapi.switch.ch."><ipv4>130.59.211.10</ipv4><ipv6>2001:620:0:0:0:0:0:5</ipv6></nameserver><nameserver name="rip.psg.com."><ipv4>147.28.0.39</ipv4><ipv6>2001:418:1:0:0:0:0:39</ipv6></nameserver><nameserver name="sec3.apnic.net."><ipv4>202.12.28.140</ipv4><ipv6>2001:dc0:1:0:4777:0:0:140</ipv6></nameserver><nameserver name="tulku.nic.ar."><ipv4>200.16.97.77</ipv4></nameserver><nameserver name="li1.dnsnode.net."><ipv4>194.146.106.14</ipv4></nameserver></nameservers><reg-date>1993-02-26</reg-date><last-update>2008-12-18</last-update></domain><domain id="lk"><registrant><organization><line>Council for Information Technology</line><line>LK Domain Registrar</line></organization><address><line>9 Clifford Avenue</line><line>Colombo  00300</line></address><country>Sri Lanka</country><reg-date>1985-01-01</reg-date><last-update>1985-01-01</last-update></registrant><admin><name>Gihan Dias</name><organization><line>Department of Computer Science and Engineering</line><line>University of Moratuwa</line></organization><address><line>Moratuwa  10400</line></address><country>Sri Lanka</country><phone>+94 11 4 216 065</phone><fax>+94 11 2 650 912</fax><email>gihan@cse.mrt.ac.lk</email><reg-date>1985-01-01</reg-date><last-update>2005-07-07</last-update></admin><tech><organization><line>LK Domain Hostmaster</line><line>Department of Computer Science and Engineering</line><line>University of Moratuwa</line></organization><address><line>Moratuwa  10400</line></address><country>Sri Lanka</country><phone>+94 11 4 216 061</phone><fax>+94 11 2 650 912</fax><email>hostmaster@nic.lk</email><reg-date>1985-01-01</reg-date><last-update>2005-07-07</last-update></tech><reg-url>http://www.nic.lk/</reg-url><nameservers><nameserver name="ns.lankacom.net."><ipv4>203.143.14.230</ipv4></nameserver><nameserver name="pendragon.cs.purdue.edu."><ipv4>128.10.2.5</ipv4></nameserver><nameserver name="ns-t.nic.lk."><ipv4>203.94.66.129</ipv4></nameserver><nameserver name="ns-c.nic.lk."><ipv4>203.143.19.3</ipv4></nameserver><nameserver name="ns-l.ac.lk."><ipv4>192.248.1.162</ipv4></nameserver><nameserver name="ns-l.nic.lk."><ipv4>192.248.8.17</ipv4></nameserver><nameserver name="ns-lk.ripe.net."><ipv4>193.0.12.208</ipv4><ipv6/><ipv6>2001:610:240:0:53:cc:12:208</ipv6></nameserver><nameserver name="ns-s.ac.lk."><ipv4>202.124.166.178</ipv4></nameserver><nameserver name="nic.lk-anycast.pch.net."><ipv4>204.61.216.27</ipv4></nameserver></nameservers><reg-date>1990-06-15</reg-date><last-update>2007-11-05</last-update></domain><domain id="lr"><registrant><organization>Data Technology Solutions, Inc.</organization><address><line>First National Merchant Bank Plaza</line><line>Broadstreet</line><line>Monrovia  10-6053</line></address><country>Liberia</country><reg-date>1985-01-01</reg-date><last-update>1985-01-01</last-update></registrant><admin><name>Mai Bright Urey</name><organization>Data Technology Solutions, Inc.</organization><address><line>First National Merchant Bank Plaza</line><line>Broadstreet</line><line>Monrovia  10-6053</line></address><country>Liberia</country><phone>+231 227083</phone><fax>+231 227083</fax><email>murey@liberia.net</email><reg-date>1985-01-01</reg-date><last-update>1985-01-01</last-update></admin><tech><name>Randy Bush</name><address><line>PO Box 128</line><line>Kapa`au Hawai`i 96755</line></address><country>United States</country><email>randy@psg.com</email><reg-date>2005-09-20</reg-date><last-update>2005-09-20</last-update></tech><reg-url>http://psg.com/dns/lr</reg-url><nameservers><nameserver name="hippo.ru.ac.za."><ipv4>146.231.128.1</ipv4><ipv6>2001:4200:1010::1</ipv6></nameserver><nameserver name="rip.psg.com."><ipv4>147.28.0.39</ipv4><ipv6>2001:418:1:0:0:0:0:39</ipv6></nameserver><nameserver name="sunic.sunet.se."><ipv4>192.36.125.2</ipv4><ipv6>2001:6b0:7:0:0:0:0:2</ipv6></nameserver></nameservers><reg-date>1997-04-09</reg-date><last-update>2008-12-18</last-update></domain><domain id="ls"><registrant><organization>National University of Lesotho</organization><address><line>P.O. Roma 180</line></address><country>Lesotho</country><reg-date>1985-01-01</reg-date><last-update>1985-01-01</last-update></registrant><admin><name>Sello Lebeko</name><organization>National University of Lesotho</organization><address><line>P.O. Roma 180</line></address><country>Lesotho</country><phone>+266 340 601</phone><fax>+266 340 000</fax><email>lebeko@denver.co.ls</email><reg-date>1985-01-01</reg-date><last-update>2007-06-18</last-update></admin><tech><name>Systems Manager</name><organization>Rhodes University</organization><address><line>Information Technology Division</line><line>P.O. Box 94</line><line>Grahamstown Eastern Cape 6140</line></address><country>South Africa</country><phone>+27.46.603.8279</phone><fax>+27.46.603.8012</fax><email>hostmaster@ru.ac.za</email><reg-date>1985-01-01</reg-date><last-update>2007-06-18</last-update></tech><nameservers><nameserver name="hippo.ru.ac.za."><ipv4>146.231.128.1</ipv4><ipv6>2001:4200:1010::1</ipv6></nameserver><nameserver name="rain.psg.com."><ipv4>147.28.0.34</ipv4></nameserver><nameserver name="ls-ns.anycast.pch.net."><ipv4>204.61.216.28</ipv4></nameserver></nameservers><reg-date>1993-01-13</reg-date><last-update>2007-09-24</last-update></domain><domain id="lt"><registrant><organization><line>Kaunas University of Technology</line><line>Information Technology Development Institute</line></organization><address><line>Studentu 48a</line><line>Kaunas  LT-51367</line></address><country>Lithuania</country><reg-date>1985-01-01</reg-date><last-update>2005-05-12</last-update></registrant><admin><name>Daiva Tamulioniene</name><organization><line>Kaunas University of Technology</line><line>Information Technology Development Institute</line></organization><address><line>Studentu 48a</line><line>Kaunas  LT-51367</line></address><country>Lithuania</country><phone>+370 37 300736</phone><fax>+370 37 300643</fax><email>daiva@litnet.lt</email><reg-date>1985-01-01</reg-date><last-update>2005-05-12</last-update></admin><tech><name>Tomas Mackus</name><organization><line>Kaunas University of Technology</line><line>Information Technology Development Institute</line></organization><address><line>Studentu 48a</line><line>Kaunas  LT-51367</line></address><country>Lithuania</country><phone>+370 37 353325</phone><fax>+370 37300643</fax><email>hostmaster@litnet.lt</email><reg-date>1985-01-01</reg-date><last-update>2005-05-12</last-update></tech><reg-url>http://www.domreg.lt</reg-url><whois>whois.domreg.lt</whois><nameservers><nameserver name="nn.uninett.no."><ipv4>158.38.0.181</ipv4></nameserver><nameserver name="ns3.omnitel.net."><ipv4>194.176.32.147</ipv4></nameserver><nameserver name="sunic.sunet.se."><ipv4>192.36.125.2</ipv4><ipv6>2001:6b0:7:0:0:0:0:2</ipv6></nameserver><nameserver name="a.tld.lt."><ipv4>193.219.32.13</ipv4></nameserver><nameserver name="b.tld.lt."><ipv4>81.16.239.150</ipv4></nameserver><nameserver name="c.tld.lt."><ipv4>194.0.1.4</ipv4></nameserver><nameserver name="d.tld.lt."><ipv4>194.0.3.1</ipv4><ipv6>2001:678:6::1</ipv6></nameserver></nameservers><reg-date>1992-06-03</reg-date><last-update>2008-09-24</last-update></domain><domain id="lu"><registrant><organization>RESTENA</organization><address><line>6, rue Coudenhove-Kalergi</line><line>Luxembourg  1359</line></address><country>Luxembourg</country><reg-date>1985-01-01</reg-date><last-update>1985-01-01</last-update></registrant><admin><name>Antoine Barthel</name><organization>RESTENA</organization><address><line>6, rue Coudenhove-Kalergi</line><line>Luxembourg  1359</line></address><country>Luxembourg</country><phone>+352 42 44 09 1</phone><fax>+352 42 24 73</fax><email>antoine.barthel@restena.lu</email><reg-date>1985-01-01</reg-date><last-update>2008-05-22</last-update></admin><tech><name>Gilles Massen</name><organization>RESTENA</organization><address><line>6, rue Coudenhove-Kalergi</line><line>Luxembourg  1359</line></address><country>Luxembourg</country><phone>+352 4244091</phone><fax>+352 422473</fax><email>gilles.massen@restena.lu</email><reg-date>1985-01-01</reg-date><last-update>2008-05-22</last-update></tech><reg-url>http://www.dns.lu</reg-url><whois>whois.dns.lu</whois><nameservers><nameserver name="ns1.dns.lu."><ipv4>158.64.229.2</ipv4><ipv6>2001:a18:4:0:0:0:0:2</ipv6></nameserver><nameserver name="ns5.dns.lu."><ipv4>81.91.161.100</ipv4></nameserver><nameserver name="dns.princeton.edu."><ipv4>128.112.129.15</ipv4></nameserver><nameserver name="merapi.switch.ch."><ipv4>130.59.211.10</ipv4><ipv6>2001:620:0:0:0:0:0:5</ipv6></nameserver><nameserver name="a.dns.lu."><ipv4>204.74.112.251</ipv4><ipv6/><ipv6>2001:0502:D399::251</ipv6></nameserver><nameserver name="b.dns.lu."><ipv4>204.74.113.251</ipv4></nameserver><nameserver name="c.dns.lu."><ipv4>199.7.66.251</ipv4></nameserver><nameserver name="d.dns.lu."><ipv4>199.7.67.251</ipv4><ipv6/><ipv6>2001:502:100e:0:0:0:0:251</ipv6></nameserver><nameserver name="k.dns.lu."><ipv4>194.0.1.13</ipv4><ipv6>2001:678:4:0:0:0:0:d</ipv6></nameserver></nameservers><reg-date>1995-01-27</reg-date><last-update>2008-09-26</last-update></domain><domain id="lv"><registrant><organization><line>University of Latvia</line><line>Institute of Mathematics and Computer Science</line><line>Department of Network Solutions (DNS)</line></organization><address><line>Rainis Boulevard 29</line><line>Riga  LV-1459</line></address><country>Latvia</country><reg-date>1985-01-01</reg-date><last-update>1985-01-01</last-update></registrant><admin><name>Guntis Barzdins</name><organization><line>Institute of Mathematics and Computer Science</line><line>Department of Network Solutions (DNS)</line></organization><address><line>Rainis Boulevard 29</line><line>Riga  LV-1459</line></address><country>Latvia</country><phone>+371 721 1241</phone><fax>+371 782 0153</fax><email>guntis@latnet.lv</email><reg-date>1985-01-01</reg-date><last-update>1985-01-01</last-update></admin><tech><name>Martins Medens</name><organization><line>Institute of Mathematics and Computer Science</line><line>Department of Network Solutions (DNS)</line></organization><address><line>Rainis Boulevard 29</line><line>Riga  LV-1459</line></address><country>Latvia</country><phone>+371 7 211 241</phone><fax>+371 7 820 153</fax><email>hostmaster@latnet.lv</email><reg-date>1985-01-01</reg-date><last-update>2003-05-30</last-update></tech><reg-url>http://www.nic.lv/</reg-url><whois>whois.nic.lv</whois><nameservers><nameserver name="nsz.nic.lv."><ipv4>91.198.156.4</ipv4></nameserver><nameserver name="ns.uu.net."><ipv4>137.39.1.3</ipv4></nameserver><nameserver name="sunic.sunet.se."><ipv4>192.36.125.2</ipv4><ipv6>2001:6b0:7:0:0:0:0:2</ipv6></nameserver><nameserver name="ns-lv.ripe.net."><ipv4>193.0.12.121</ipv4><ipv6>2001:610:240:0:53:cc:12:121</ipv6></nameserver><nameserver name="nsz2.nic.lv."><ipv4>92.240.64.2</ipv4></nameserver><nameserver name="lt.nic.lv."><ipv4>83.171.8.137</ipv4></nameserver><nameserver name="a.nic.lv."><ipv4>91.198.156.99</ipv4></nameserver><nameserver name="b.nic.lv."><ipv4>92.240.70.1</ipv4></nameserver></nameservers><reg-date>1993-04-29</reg-date><last-update>2009-02-19</last-update></domain><domain id="ly"><registrant><organization>General Post and Telecommunication Company</organization><address><line>Al Zawia st.</line><line>GPTC Tower</line><line>Tripoli</line></address><country>Libya</country><reg-date>1985-01-01</reg-date><last-update>2008-04-22</last-update></registrant><admin><name>Marwan K. Maghur (LY ccTLD Director)</name><organization>General Post and Telecommunication Company</organization><address><line>Al Zawia st.</line><line>GPTC Tower</line><line>Tripoli</line></address><country>Libya</country><phone>+218 91 2123880</phone><fax>+218 21 3614170</fax><email>Marwan@lttnet.com</email><reg-date>2005-01-07</reg-date><last-update>2008-04-22</last-update></admin><tech><name>Khaled Esheh</name><organization>Libya Telecom and Technology</organization><address><line>Alshut Road</line><line>P.O. Box 91612</line><line>Tripoli</line></address><country>Libya</country><phone>+218 21 3400020</phone><fax>+218 21 3400039</fax><email>khaleds@lttnet.net</email><reg-date>2005-01-07</reg-date><last-update>2008-04-22</last-update></tech><reg-url>http://www.nic.ly/</reg-url><whois>whois.nic.ly</whois><nameservers><nameserver name="auth02.ns.uu.net."><ipv4>198.6.1.82</ipv4></nameserver><nameserver name="dns.lttnet.net."><ipv4>62.240.36.9</ipv4></nameserver><nameserver name="dns1.lttnet.net."><ipv4>62.68.42.9</ipv4></nameserver><nameserver name="ns-ly.ripe.net."><ipv4>193.0.12.125</ipv4></nameserver><nameserver name="phloem.uoregon.edu."><ipv4>128.223.32.35</ipv4><ipv6>2001:468:d01:20::80df:2023</ipv6></nameserver></nameservers><reg-date>1997-04-23</reg-date><last-update>2008-04-22</last-update></domain><domain id="ma"><registrant><organization>Agence Nationale de Réglementation des Télécommunications (ANRT)</organization><address><line>Avenue Ennakhil, Complexe d'Affaires</line><line>Aile Sud , Hay Ryad</line><line>Rabat  10100</line></address><country>Morocco</country><reg-date>1985-01-01</reg-date><last-update>2006-12-04</last-update></registrant><admin><name>General Director</name><organization>Agence Nationale de Réglementation des Télécommunications (ANRT)</organization><address><line>Avenue Ennakhil, Complexe d'Affaires</line><line>Aile Sud , Hay Ryad</line><line>Rabat  10100</line></address><country>Morocco</country><phone>+212 37 71 84 00</phone><fax>+212 37 71 64 89</fax><email>dg@anrt.ma</email><reg-date>1985-01-01</reg-date><last-update>2006-12-04</last-update></admin><tech><name>General Director</name><organization>Agence Nationale de Réglementation des Télécommunications (ANRT)</organization><address><line>Avenue Ennakhil, Complexe d'Affaires</line><line>Aile Sud , Hay Ryad</line><line>Rabat  10100</line></address><country>Morocco</country><phone>+212 37 71 84 00</phone><fax>+212 37 71 64 89</fax><email>dg@anrt.ma</email><reg-date>1985-01-01</reg-date><last-update>2006-12-04</last-update></tech><reg-url>http://www.nic.ma/</reg-url><whois>whois.iam.net.ma</whois><nameservers><nameserver name="dns.inria.fr."><ipv4>193.51.208.13</ipv4></nameserver><nameserver name="ns1.iam.net.ma."><ipv4>212.217.0.10</ipv4></nameserver><nameserver name="ns2.iam.net.ma."><ipv4>81.192.53.23</ipv4></nameserver><nameserver name="ns2.nic.fr."><ipv4>192.93.0.4</ipv4></nameserver><nameserver name="ns3.iam.net.ma."><ipv4>212.217.1.13</ipv4></nameserver><nameserver name="ns-ma.ripe.net."><ipv4>193.0.12.149</ipv4></nameserver></nameservers><reg-date>1993-11-26</reg-date><last-update>2008-04-30</last-update></domain><domain id="mc"><registrant><organization><line>Gouvernement de Monaco</line><line>Direction des Telecommunications</line></organization><address><line>23, av. Prince Hereditaire Albert</line><line>Principaute de Monaco  98000</line></address><country>Monaco</country><reg-date>1985-01-01</reg-date><last-update>1985-01-01</last-update></registrant><admin><name>Christian Palmaro</name><organization>Direction des Telecommunications</organization><address><line>23, av. Prince Hereditaire Albert</line><line>Principaute de Monaco  98000</line></address><country>Monaco</country><phone>+377 93 15 88 00</phone><fax>+377 97 98 56 57</fax><email>nic@nic.mc</email><reg-date>1985-01-01</reg-date><last-update>1985-01-01</last-update></admin><tech><name>N'Guyen Lam Son</name><organization>Monaco Telecom</organization><address><line>25, bd de Suisse</line><line>Principaute de Monaco  98000</line></address><country>Monaco</country><phone>+377 99 66 66 69</phone><fax>+377 99 66 62 34</fax><email>dns@monaco-telecom.mc</email><reg-date>1985-01-01</reg-date><last-update>1985-01-01</last-update></tech><reg-url>http://www.nic.mc/</reg-url><nameservers><nameserver name="bow.rain.fr."><ipv4>194.51.3.49</ipv4></nameserver><nameserver name="ns.nic.mc."><ipv4>195.78.6.131</ipv4></nameserver><nameserver name="ns.ripe.net."><ipv4>193.0.0.193</ipv4></nameserver></nameservers><reg-date>1995-01-20</reg-date><last-update>2005-07-26</last-update></domain><domain id="md"><registrant><organization>MoldData S.E.</organization><address><line>Armeneasca str.37/1</line><line>Chisinau Moldova 2012</line></address><country>Republic of Moldova</country><reg-date>1985-01-01</reg-date><last-update>2003-12-19</last-update></registrant><admin><name>Pavel Chirev</name><organization>MoldData S.E.</organization><address><line>Armeneasca str.37/1</line><line>Chisinau Moldova 2012</line></address><country>Republic of Moldova</country><phone>+373 2 54 52 63</phone><fax>+373 2 54 52 66</fax><email>pc@molddata.md</email><reg-date>1985-01-01</reg-date><last-update>2003-12-19</last-update></admin><tech><name>Vasile Berzoi</name><organization>MoldData S.E.</organization><address><line>Armeneasca str.37/1</line><line>Chisinau Moldova 2012</line></address><country>Republic of Moldova</country><phone>+373 2 54 52 64</phone><fax>+373 2 54 52 66</fax><email>hostmaster@nic.md</email><reg-date>1985-01-01</reg-date><last-update>2003-12-19</last-update></tech><reg-url>http://www.register.md</reg-url><whois>whois.nic.md</whois><nameservers><nameserver name="central.dns.md."><ipv4>217.26.144.15</ipv4></nameserver><nameserver name="nsa.cctldmd.net."><ipv4>217.26.144.5</ipv4></nameserver><nameserver name="ns-ext.isc.org."><ipv4>204.152.184.64</ipv4><ipv6>2001:4f8:0:2:0:0:0:13</ipv6></nameserver><nameserver name="ns-md.ripe.net."><ipv4>193.0.12.144</ipv4></nameserver><nameserver name="primary.rotld.ro."><ipv4>192.162.16.18</ipv4></nameserver></nameservers><reg-date>1994-03-24</reg-date><last-update>2008-05-29</last-update></domain><domain id="me"><registrant><organization>Government of Montenegro</organization><address><line>Jovana Tomasevica bb</line><line>Podgorica  81000</line></address><country>Montenegro</country><reg-date>2007-09-21</reg-date><last-update>2007-09-21</last-update></registrant><admin><name>Vujica Lazovic, Deputy Prime Minister for Economic Policy</name><organization>Government of Montenegro</organization><address><line>Jovana Tomasevica bb</line><line>Podgorica  81000</line></address><country>Montenegro</country><phone>+382 81 202 215</phone><fax>+382 81 202 218</fax><email>vujical@cg.yu, vujical@ac.me</email><reg-date>2007-09-21</reg-date><last-update>2008-03-28</last-update></admin><tech><name>Dejan Abazovic, Manager for System and Communication</name><organization><line>Center of Information System (CIS)</line><line>University of Montenegro</line></organization><address><line>Cetinjski put bb</line><line>Podgorica  81000</line></address><country>Montenegro</country><phone>+382 81 242 777</phone><fax>+382 81 244 406</fax><email>dejoa@cg.ac.yu, dejoa@ac.me</email><reg-date>2007-09-21</reg-date><last-update>2008-03-28</last-update></tech><reg-url>http://www.nic.me</reg-url><whois>whois.nic.me</whois><nameservers><nameserver name="ns.nic.me."><ipv4>89.188.44.44</ipv4></nameserver><nameserver name="ns2.nic.me."><ipv4>89.188.44.88</ipv4></nameserver><nameserver name="a0.cctld.afilias-nst.info."><ipv4>199.254.59.1</ipv4><ipv6>2001:500:25:0:0:0:0:1</ipv6></nameserver><nameserver name="b0.cctld.afilias-nst.org."><ipv4>199.254.60.1</ipv4><ipv6>2001:500:26:0:0:0:0:1</ipv6></nameserver><nameserver name="c0.cctld.afilias-nst.info."><ipv4>199.254.61.1</ipv4><ipv6>2001:500:27:0:0:0:0:1</ipv6></nameserver><nameserver name="d0.cctld.afilias-nst.org."><ipv4>199.254.62.1</ipv4><ipv6>2001:500:28:0:0:0:0:1</ipv6></nameserver><nameserver name="a2.me.afilias-nst.info."><ipv4>199.249.119.1</ipv4><ipv6>2001:500:47:0:0:0:0:1</ipv6></nameserver><nameserver name="b2.me.afilias-nst.org."><ipv4>199.249.127.1</ipv4><ipv6>2001:500:4f:0:0:0:0:1</ipv6></nameserver></nameservers><reg-date>2007-09-24</reg-date><last-update>2008-12-15</last-update></domain><domain id="mf"><registrant><organization>Not assigned</organization><address/><reg-date>1985-01-01</reg-date><last-update>1985-01-01</last-update></registrant><admin><organization>Not assigned</organization><address/><reg-date>1985-01-01</reg-date><last-update>1985-01-01</last-update></admin><tech><organization>Not assigned</organization><address/><reg-date>1985-01-01</reg-date><last-update>1985-01-01</last-update></tech><nameservers/><reg-date>2007-10-11</reg-date><last-update>2008-05-30</last-update></domain><domain id="mg"><registrant><organization>NIC-MG (Network Information Center Madagascar)</organization><address><line>BP 7735 Antanimena</line><line>Antananarivo  101</line></address><country>Madagascar</country><reg-date>1985-01-01</reg-date><last-update>2005-09-30</last-update></registrant><admin><name>Hajanirina Ramboasalama</name><organization>NIC-MG (Network Information Center Madagascar)</organization><address><line>BP 7735 Antanimena</line><line>Antananarivo  101</line></address><country>Madagascar</country><phone>+261 33 11 036 17</phone><fax>+261 20 22 369 82</fax><email>ramboa@nic.mg</email><reg-date>1985-01-01</reg-date><last-update>2005-09-30</last-update></admin><tech><name>Raft Razafindrakoto</name><organization>NIC-MG (Network Information Center Madagascar)</organization><address><line>BP 7735 Antanimena</line><line>Antananarivo  101</line></address><country>Madagascar</country><phone>+261 33 12 043 40</phone><fax>+261 20 22 299 57</fax><email>raft@nic.mg</email><reg-date>1985-01-01</reg-date><last-update>2005-09-30</last-update></tech><reg-url>http://www.nic.mg</reg-url><whois>whois.nic.mg</whois><nameservers><nameserver name="ns.nic.mg."><ipv4>196.192.42.153</ipv4></nameserver><nameserver name="ns-mg.ripe.net."><ipv4>193.0.12.131</ipv4></nameserver><nameserver name="ns1.ird.fr."><ipv4>193.50.53.3</ipv4></nameserver><nameserver name="ns.dts.mg."><ipv4>196.192.32.2</ipv4></nameserver><nameserver name="ns-mg.malagasy.com."><ipv4>87.98.132.231</ipv4></nameserver></nameservers><reg-date>1995-07-25</reg-date><last-update>2009-03-11</last-update></domain><domain id="mh"><registrant><organization>Cabinet Office</organization><address><line>96960</line></address><country>Republic of the Marshall Islands</country><reg-date>1985-01-01</reg-date><last-update>1985-01-01</last-update></registrant><admin><name>Amata Kabua</name><organization>Cabinet Office</organization><address><line>96960</line></address><country>Republic of the Marshall Islands</country><phone>+1 414 476 4266</phone><email>steve@inc.net</email><reg-date>1985-01-01</reg-date><last-update>1985-01-01</last-update></admin><tech><name>Steve R. Kaczkowski</name><organization>Internet Connect Inc.</organization><address><line>10437 Innovation Dr.</line><line>Suite 307</line><line>Wauwatosa Wisconsin 53226</line></address><country>United States</country><phone>+1 414 476 ICON x.12 / +1 414 476 4266 x.12</phone><fax>+1 414 476 2403</fax><email>steve@inc.net</email><reg-date>1985-01-01</reg-date><last-update>1985-01-01</last-update></tech><reg-url>http://www.nic.net.mh/</reg-url><nameservers><nameserver name="ins2.tosa.twtelecom.net."><ipv4>204.95.160.4</ipv4></nameserver><nameserver name="ns1.tosa.twtelecom.net."><ipv4>204.95.160.2</ipv4></nameserver></nameservers><reg-date>1996-08-16</reg-date><last-update>2005-07-26</last-update></domain><domain id="mil"><registrant><organization>DoD Network Information Center</organization><address><line>3990 East Broad Street</line><line>Columbus Ohio 43213</line></address><country>United States</country><reg-date>1985-01-01</reg-date><last-update>2006-05-15</last-update></registrant><admin><name>DoD NIC Registry Services</name><organization>DoD Network Information Center</organization><address><line>3990 East Broad Street</line><line>Columbus Ohio 43213</line></address><country>United States</country><phone>(800)365-3642</phone><fax>(614)692-3452</fax><email>networks@nic.mil</email><reg-date>2006-01-23</reg-date><last-update>2006-05-15</last-update></admin><tech><name>DoD NIC Registry Services</name><organization>DoD Network Information Center</organization><address><line>3990 East Broad Street</line><line>Columbus Ohio 43213</line></address><country>United States</country><phone>(800)365-3642</phone><fax>(614)692-3452</fax><email>networks@nic.mil</email><reg-date>2006-01-23</reg-date><last-update>2006-05-15</last-update></tech><nameservers><nameserver name="con1.nipr.mil."><ipv4>199.252.157.234</ipv4></nameserver><nameserver name="con2.nipr.mil."><ipv4>199.252.162.234</ipv4></nameserver><nameserver name="eur1.nipr.mil."><ipv4>199.252.154.234</ipv4></nameserver><nameserver name="eur2.nipr.mil."><ipv4>199.252.143.234</ipv4></nameserver><nameserver name="pac1.nipr.mil."><ipv4>199.252.180.234</ipv4></nameserver><nameserver name="pac2.nipr.mil."><ipv4>199.252.155.234</ipv4></nameserver></nameservers><reg-date>1985-01-01</reg-date><last-update>2008-10-23</last-update></domain><domain id="mk"><registrant><organization>Ministry of Foreign Relations</organization><address><line>Ilindenska bb</line><line>Skopje  91000</line></address><country>The Former Yugoslav Republic of Macedonia</country><reg-date>1985-01-01</reg-date><last-update>1985-01-01</last-update></registrant><admin><name>Lazarevic Ljubisav</name><organization>Ministry of Foreign Relations</organization><address><line>Ilindenska bb</line><line>Skopje  91000</line></address><country>The Former Yugoslav Republic of Macedonia</country><phone>+389 91 119 373</phone><fax>+389 91 119 197</fax><email>cajo@ultra.ultra.com.mk; cajo@unet.com.mk</email><reg-date>1985-01-01</reg-date><last-update>1985-01-01</last-update></admin><tech><name>Goran Muratovski</name><organization><line>MARNet</line><line>"Ss. Cyril &amp; Methodius" University</line></organization><address><line>Krste Misirkov b.b.</line><line>Skopje  91000</line></address><country>The Former Yugoslav Republic of Macedonia</country><phone>+389 91 129 068</phone><fax>+389 91 116 370</fax><email>gone@marnet.mk</email><reg-date>1985-01-01</reg-date><last-update>1985-01-01</last-update></tech><reg-url>http://www.mpt.com.mk/</reg-url><nameservers><nameserver name="kitka.marnet.net.mk."><ipv4>194.149.131.2</ipv4></nameserver><nameserver name="ns1.arnes.si."><ipv4>193.2.1.86</ipv4></nameserver><nameserver name="ns1.univie.ac.at."><ipv4>193.171.255.2</ipv4></nameserver><nameserver name="rip.psg.com."><ipv4>147.28.0.39</ipv4><ipv6>2001:418:1:0:0:0:0:39</ipv6></nameserver></nameservers><reg-date>1993-09-23</reg-date><last-update>2008-12-18</last-update></domain><domain id="ml"><registrant><organization>SOTELMA</organization><address><line>Route de Koulikoro</line><line>BP 740</line><line>Bamako</line></address><country>Republic of Mali</country><reg-date>1985-01-01</reg-date><last-update>1985-01-01</last-update></registrant><admin><name>TRAORE Alioune Badara</name><organization>Societe des Telecommunications du Mali (SOTELMA)</organization><address><line>Route de Koulikoro</line><line>Bamako  BP 740</line></address><country>Republic of Mali</country><phone>+00223 221 09 05</phone><fax>+00223 221 09 05</fax><email>alioune@sotelma.ml</email><reg-date>1985-01-01</reg-date><last-update>2005-06-16</last-update></admin><tech><name>CISSE Aboubacar Koly</name><organization>Societe des Telecommunications du Mali (SOTELMA)</organization><address><line>Route de Koulikoro</line><line>Bamako  BP 740</line></address><country>Republic of Mali</country><phone>+00223 222 73 65</phone><fax>+00223 223 83 10</fax><email>akcisse@sotelma.ml</email><reg-date>1985-01-01</reg-date><last-update>2005-06-02</last-update></tech><reg-url>http://www.sotelma.ml</reg-url><nameservers><nameserver name="askia.sotelma.ml."><ipv4>217.64.98.67</ipv4></nameserver><nameserver name="ciwara.sotelma.ml."><ipv4>217.64.97.50</ipv4></nameserver><nameserver name="dogon.sotelma.ml."><ipv4>217.64.98.75</ipv4></nameserver><nameserver name="ns-ext.isc.org."><ipv4>204.152.184.64</ipv4><ipv6>2001:4f8:0:2:0:0:0:13</ipv6></nameserver><nameserver name="ns-ml.ripe.net."><ipv4>193.0.12.135</ipv4></nameserver></nameservers><reg-date>1993-09-29</reg-date><last-update>2007-02-14</last-update></domain><domain id="mm"><registrant><organization>Ministry of Communications, Posts &amp; Telegraphs</organization><address><line>No.361, Pyay Road,</line><line>Sanchaung Township</line><line>Yangon  11162</line></address><country>Myanmar</country><reg-date>1985-01-01</reg-date><last-update>2005-06-16</last-update></registrant><admin><name>U Zaw Tint</name><organization>Ministry of Communications, Posts &amp; Telegraphs</organization><address><line>No.361, Pyay Road,</line><line>Sanchaung Township</line><line>Yangon  11162</line></address><country>Myanmar</country><email>zawtint@mpt.net.mm</email><reg-date>1985-01-01</reg-date><last-update>2005-06-16</last-update></admin><tech><name>Daw Khin Swe Htay</name><organization>Ministry of Communications, Posts &amp; Telegraphs</organization><address><line>No.361, Pyay Road,</line><line>Sanchaung Township</line><line>11162</line></address><country>Myanmar</country><email>kshtay@mpt.net.mm</email><reg-date>1985-01-01</reg-date><last-update>2005-06-16</last-update></tech><reg-url>http://www.nic.mm/</reg-url><nameservers><nameserver name="ns.net.mm."><ipv4>202.153.125.17</ipv4></nameserver><nameserver name="ns0.mpt.net.mm."><ipv4>203.81.64.20</ipv4></nameserver><nameserver name="ns-mm.ripe.net."><ipv4>193.0.12.151</ipv4></nameserver></nameservers><reg-date>1997-02-04</reg-date><last-update>2005-07-26</last-update></domain><domain id="mn"><registrant><organization>Datacom Co., Ltd.</organization><address><line>IT Park Building, Baga Toiruu-49</line><line>UlaanBaatar-46</line><line>210646</line></address><country>Mongolia</country><reg-date>1985-01-01</reg-date><last-update>2004-12-10</last-update></registrant><admin><name>Enkhbat Dangaasuren</name><organization>Datacom Co., Ltd.</organization><address><line>IT Park Building, Baga Toiruu-49</line><line>UlaanBaatar-46</line><line>210646</line></address><country>Mongolia</country><phone>+976 11 318 048</phone><fax>+976 11 320 210</fax><email>enkhbat@datacom.mn</email><reg-date>1985-01-01</reg-date><last-update>2004-12-10</last-update></admin><tech><name>Enkhbold Gombo</name><organization>Datacom Co. Ltd.</organization><address><line>IT Park Building, Baga Toiruu-49</line><line>UlaanBaatar-46</line><line>210646</line></address><country>Mongolia</country><phone>+976 11 329 688</phone><fax>+976 11 320 210</fax><email>hostmaster@datacom.mn</email><reg-date>1985-01-01</reg-date><last-update>2006-06-24</last-update></tech><reg-url>http://www.nic.mn</reg-url><whois>whois.nic.mn</whois><nameservers><nameserver name="a0.cctld.afilias-nst.info."><ipv4>199.254.59.1</ipv4><ipv6>2001:500:25:0:0:0:0:1</ipv6></nameserver><nameserver name="b0.cctld.afilias-nst.org."><ipv4>199.254.60.1</ipv4><ipv6>2001:500:26:0:0:0:0:1</ipv6></nameserver><nameserver name="c0.cctld.afilias-nst.info."><ipv4>199.254.61.1</ipv4><ipv6>2001:500:27:0:0:0:0:1</ipv6></nameserver><nameserver name="d0.cctld.afilias-nst.org."><ipv4>199.254.62.1</ipv4><ipv6>2001:500:28:0:0:0:0:1</ipv6></nameserver><nameserver name="a2.cctld.afilias-nst.info."><ipv4>199.249.116.1</ipv4><ipv6>2001:500:44:0:0:0:0:1</ipv6></nameserver><nameserver name="b2.cctld.afilias-nst.org."><ipv4>199.249.124.1</ipv4><ipv6>2001:500:4c:0:0:0:0:1</ipv6></nameserver><nameserver name="ns1.magic.mn."><ipv4>202.131.0.10</ipv4></nameserver><nameserver name="ns2.magic.mn."><ipv4>202.131.0.11</ipv4></nameserver><nameserver name="ns3.magic.mn."><ipv4>202.131.224.80</ipv4></nameserver><nameserver name="ns4.magic.mn."><ipv4>202.55.176.12</ipv4></nameserver></nameservers><reg-date>1995-03-02</reg-date><last-update>2008-12-15</last-update></domain><domain id="mo"><registrant><organization>University of Macau</organization><address><line>Av. Padre Tomas Pereira</line><line>Taipa  853</line></address><country>Macao</country><reg-date>1985-01-01</reg-date><last-update>2008-09-03</last-update></registrant><admin><name>Jason Ho</name><organization>University of Macau</organization><address><line>Av. Padre Tomas Pereira</line><line>Taipa  853</line></address><country>Macao</country><phone>+853 83978616</phone><fax>+853 28835606</fax><email>jasonho@umac.mo</email><reg-date>1985-01-01</reg-date><last-update>2008-09-03</last-update></admin><tech><name>Fiona O</name><organization>University of Macau</organization><address><line>Av. Padre Tomas Pereira</line><line>Taipa  853</line></address><country>Macao</country><phone>+853 83978619</phone><fax>+853 28835606</fax><email>fionao@umac.mo</email><reg-date>1985-01-01</reg-date><last-update>2008-09-03</last-update></tech><reg-url>http://www.monic.net.mo</reg-url><nameservers><nameserver name="umacsn1.umac.mo."><ipv4>161.64.3.1</ipv4></nameserver><nameserver name="umacsn2.umac.mo."><ipv4>161.64.3.2</ipv4></nameserver><nameserver name="umacss1.umac.mo."><ipv4>161.64.7.1</ipv4></nameserver><nameserver name="umacss2.umac.mo."><ipv4>161.64.7.2</ipv4></nameserver><nameserver name="umacss3.umac.mo."><ipv4>161.64.7.3</ipv4></nameserver></nameservers><reg-date>1992-09-17</reg-date><last-update>2008-09-03</last-update></domain><domain id="mobi"><registrant><organization>mTLD Top Level Domain Limited dba dotMobi</organization><address><line>2 La Touche House</line><line>IFSC</line><line>Dublin  1</line></address><country>Ireland</country><reg-date>2005-10-17</reg-date><last-update>2008-08-04</last-update></registrant><admin><name>MOBI Domain Administrator</name><organization>mTLD Top Level Domain Limited dba dotMobi</organization><address><line>2 La Touche House</line><line>IFSC</line><line>Dublin  1</line></address><country>Ireland</country><phone>+353 (0) 1 85 41 100</phone><email>domainadmin@mtld.mobi</email><reg-date>2005-10-17</reg-date><last-update>2008-08-04</last-update></admin><tech><name>MOBI Domain Technical Administrator</name><organization>mTLD Top Level Domain Limited dba dotMobi</organization><address><line>2 La Touche House</line><line>IFSC</line><line>Dublin  1</line></address><country>Ireland</country><phone>+353 (0) 1 85 41 100</phone><email>domaintech@mobitld.info</email><reg-date>2005-10-17</reg-date><last-update>2008-08-04</last-update></tech><reg-url>http://www.mtld.mobi</reg-url><whois>whois.dotmobiregistry.net</whois><nameservers><nameserver name="a0.mobi.afilias-nst.info."><ipv4>199.254.55.1</ipv4><ipv6>2001:500:21:0:0:0:0:1</ipv6></nameserver><nameserver name="b0.mobi.afilias-nst.org."><ipv4>199.254.56.1</ipv4><ipv6>2001:500:22:0:0:0:0:1</ipv6></nameserver><nameserver name="c0.mobi.afilias-nst.info."><ipv4>199.254.57.1</ipv4><ipv6>2001:500:23:0:0:0:0:1</ipv6></nameserver><nameserver name="d0.mobi.afilias-nst.org."><ipv4>199.254.58.1</ipv4><ipv6>2001:500:24:0:0:0:0:1</ipv6></nameserver><nameserver name="a2.mobi.afilias-nst.info."><ipv4>199.249.118.1</ipv4><ipv6>2001:500:46:0:0:0:0:1</ipv6></nameserver><nameserver name="b2.mobi.afilias-nst.org."><ipv4>199.249.126.1</ipv4><ipv6>2001:500:4e:0:0:0:0:1</ipv6></nameserver></nameservers><reg-date>2005-10-17</reg-date><last-update>2008-12-15</last-update></domain><domain id="mp"><registrant><organization>Saipan Datacom, Inc.</organization><address><line>P.O. Box 504053</line><line>Saipan  MP 96950</line></address><country>Northern Mariana Islands</country><reg-date>1985-01-01</reg-date><last-update>2007-07-30</last-update></registrant><admin><name>Daniel Camacho</name><organization>Saipan Datacom, Inc.</organization><address><line>P.O. Box 504177</line><line>Saipan  MP 96950</line></address><country>Northern Mariana Islands</country><phone>+1 670 483 3264</phone><fax>+1 670 235 0965</fax><email>dcamacho@saipan.com</email><reg-date>1985-01-01</reg-date><last-update>2008-10-13</last-update></admin><tech><name>Daniel Camacho</name><organization>Saipan Datacom, Inc.</organization><address><line>P.O. Box 504177</line><line>Saipan  MP 96950</line></address><country>Northern Mariana Islands</country><phone>+1 670 483 3264</phone><fax>+1 670 235 0965</fax><email>dcamacho@saipan.com</email><reg-date>1985-01-01</reg-date><last-update>2008-10-13</last-update></tech><reg-url>https://get.mp/</reg-url><nameservers><nameserver name="ns1.nic.mp."><ipv4>202.128.29.2</ipv4></nameserver><nameserver name="ns2.nic.mp."><ipv4>202.128.29.135</ipv4></nameserver><nameserver name="ns3.nic.mp."><ipv4>75.101.129.89</ipv4></nameserver><nameserver name="ns4.nic.mp."><ipv4>75.101.133.101</ipv4></nameserver></nameservers><reg-date>1996-10-22</reg-date><last-update>2008-10-13</last-update></domain><domain id="mq"><registrant><organization>SYSTEL</organization><address><line>Rue Alfred Lumiere</line><line>Z.I. Jarry</line><line>Baie-Mahault F.W.I. 97122</line></address><country>Guadeloupe</country><reg-date>1985-01-01</reg-date><last-update>1985-01-01</last-update></registrant><admin><name>Claude Blandin</name><organization>SYSTEL</organization><address><line>Rue Alfred Lumiere</line><line>Z.I. Jarry</line><line>Baie-Mahault F.W.I. 97122</line></address><country>Guadeloupe</country><phone>+596 506 850</phone><fax>+596 506 366</fax><email>claude@outremer.com</email><reg-date>1985-01-01</reg-date><last-update>1985-01-01</last-update></admin><tech><name>John Charles Broomfield</name><organization>Antilles Internet Services</organization><address><line>Rue Alfred Lumiere</line><line>Z.I. Jarry</line><line>Baie-Mahault F.W.I. 97122</line></address><country>Guadeloupe</country><phone>+590 326767</phone><fax>+590 326194</fax><email>jbroom@ais.gp</email><reg-date>1985-01-01</reg-date><last-update>2002-06-23</last-update></tech><reg-url>http://www.nic.mq/</reg-url><nameservers><nameserver name="biguine.mediaserv.net."><ipv4>213.188.164.16</ipv4></nameserver><nameserver name="fado.mediaserv.net."><ipv4>213.188.160.10</ipv4></nameserver><nameserver name="manta.outremer.com."><ipv4>213.16.1.106</ipv4></nameserver></nameservers><reg-date>1997-03-28</reg-date><last-update>2005-07-26</last-update></domain><domain id="mr"><registrant><organization>University of Nouakchott</organization><address><line>BP 5026</line><line>Nouakchott</line></address><country>Mauritanie</country><reg-date>1985-01-01</reg-date><last-update>2005-08-01</last-update></registrant><admin><name>Ahmedou Ould Haouba</name><organization>University of Nouakchott</organization><address><line>BP 5026</line><line>Nouakchott</line></address><country>Mauritanie</country><phone>+222 25 67 03 / +222 25 13 82 Poste 2</phone><fax>+222 25 11 68</fax><email>haouba@univ-nkc.mr</email><reg-date>1985-01-01</reg-date><last-update>2005-08-01</last-update></admin><tech><name>Ahmed Salem Ould Cheikh</name><organization>Faculte de Sciences et Techniques</organization><address><line>BP 5026</line><line>Nouakchott</line></address><country>Mauritanie</country><phone>+222 25 04 31 / +222 25 13 82 Poste 224</phone><fax>+222 25 11 68</fax><email>ahdsalem@univ-nkc.mr</email><reg-date>2005-07-28</reg-date><last-update>2005-08-01</last-update></tech><reg-url>http://www.nic.mr</reg-url><nameservers><nameserver name="ns.univ-nkc.mr."><ipv4>82.151.64.1</ipv4></nameserver><nameserver name="ns3.nic.fr."><ipv4>192.134.0.49</ipv4><ipv6>2001:660:3006:1:0:0:1:1</ipv6></nameserver><nameserver name="ns1.ird.fr."><ipv4>193.50.53.3</ipv4></nameserver></nameservers><reg-date>1996-04-24</reg-date><last-update>2008-10-31</last-update></domain><domain id="ms"><registrant><organization>MNI Networks Ltd.</organization><address><line>Olveston Drive</line><line>Olveston Salem</line></address><country>Montserrat</country><reg-date>1985-01-01</reg-date><last-update>2008-12-16</last-update></registrant><admin><name>Director, Marketing and Development</name><organization>MNI Networks Ltd.</organization><address><line>Olveston Drive</line><line>Olveston Salem</line></address><country>Montserrat</country><phone>+1 664 491 6386</phone><email>info@mninet.ms</email><reg-date>1985-01-01</reg-date><last-update>2008-12-23</last-update></admin><tech><name>Chief Technical Officer</name><organization>MNI Networks Ltd.</organization><address><line>Olveston Drive</line><line>Olveston Salem</line></address><country>Montserrat</country><phone>+1 664 491 6386</phone><email>regsupport@mninet.ms</email><reg-date>2008-12-16</reg-date><last-update>2008-12-23</last-update></tech><reg-url>http://www.nic.ms</reg-url><whois>whois.nic.ms</whois><nameservers><nameserver name="mnidns1.mninet.ms."><ipv4>199.7.90.2</ipv4></nameserver><nameserver name="ms-ns.anycast.pch.net."><ipv4>204.61.216.33</ipv4></nameserver><nameserver name="ms1.dyntld.net."><ipv4>208.78.70.84</ipv4></nameserver><nameserver name="ms2.dyntld.net."><ipv4>204.13.250.84</ipv4></nameserver><nameserver name="ms3.dyntld.net."><ipv4>208.78.71.84</ipv4></nameserver><nameserver name="ms4.dyntld.net."><ipv4>204.13.251.84</ipv4></nameserver><nameserver name="phloem.uoregon.edu."><ipv4>128.223.32.35</ipv4><ipv6>2001:468:d01:20::80df:2023</ipv6></nameserver></nameservers><reg-date>1997-03-06</reg-date><last-update>2008-12-23</last-update></domain><domain id="mt"><registrant><organization>NIC (Malta)</organization><address><line>University Campus</line><line>Msida  MSD 2080</line></address><country>Malta</country><reg-date>1985-01-01</reg-date><last-update>2008-10-22</last-update></registrant><admin><name>NIC (Malta) Administrative Contact - Victor Nezval</name><organization>NIC (Malta)</organization><address><line>University Campus</line><line>Msida  MSD 2080</line></address><country>Malta</country><phone>+356 2340 3004</phone><fax>+356 21 343 397</fax><email>admin@nic.org.mt</email><reg-date>1985-01-01</reg-date><last-update>2008-10-22</last-update></admin><tech><name>NIC (Malta) Technical Contact - Robert Sultana</name><organization>NIC (Malta)</organization><address><line>University Campus</line><line>Msida  MSD 2080</line></address><country>Malta</country><phone>+356 21 343 399</phone><fax>+356 21 343 397</fax><email>tech@nic.org.mt</email><reg-date>1985-01-01</reg-date><last-update>2008-10-22</last-update></tech><reg-url>https://www.nic.org.mt/</reg-url><nameservers><nameserver name="ns.mt."><ipv4>193.188.47.252</ipv4></nameserver><nameserver name="ns1.mt."><ipv4>193.188.34.241</ipv4></nameserver><nameserver name="sunic.sunet.se."><ipv4>192.36.125.2</ipv4><ipv6>2001:6b0:7:0:0:0:0:2</ipv6></nameserver><nameserver name="b.hosting.nic.fr."><ipv4>192.93.0.4</ipv4><ipv6>2001:660:3005:1:0:0:1:2</ipv6></nameserver><nameserver name="ns-mt.ripe.net."><ipv4>193.0.12.136</ipv4><ipv6>2001:610:240:0:53:cc:12:136</ipv6></nameserver><nameserver name="ns-ext.isc.org."><ipv4>204.152.184.64</ipv4><ipv6>2001:4f8:0:2:0:0:0:13</ipv6></nameserver><nameserver name="mt-ns.anycast.pch.net."><ipv4>204.61.216.45</ipv4></nameserver></nameservers><reg-date>1992-12-02</reg-date><last-update>2008-10-22</last-update></domain><domain id="mu"><registrant><organization>Internet Direct Ltd</organization><address><line>48 Remy Ollier</line><line>Port Louis</line></address><country>Mauritius</country><reg-date>1985-01-01</reg-date><last-update>1985-01-01</last-update></registrant><admin><name>Administrator</name><organization>Internet Direct Ltd.</organization><address><line>48 Remy Ollier Street</line><line>Port-Louis</line></address><country>Mauritius</country><phone>+230-216-8888</phone><fax>+230-216-6868</fax><email>admin@nic.mu</email><reg-date>1985-01-01</reg-date><last-update>2003-08-05</last-update></admin><tech><name>Tech Administrator</name><organization>Internet Direct Ltd</organization><address><line>48 Remy Ollier Street</line><line>Port Louis</line></address><country>Mauritius</country><phone>+230 216-8888</phone><fax>+230 216-6868</fax><email>tech@nic.mu</email><reg-date>1985-01-01</reg-date><last-update>2006-10-04</last-update></tech><reg-url>http://www.nic.mu/</reg-url><whois>whois.nic.mu</whois><nameservers><nameserver name="ns3.iafrica.com."><ipv4>196.7.0.137</ipv4></nameserver><nameserver name="udns1.tld.mu."><ipv4>204.61.216.10</ipv4></nameserver><nameserver name="ns-mu.ripe.net."><ipv4>193.0.12.140</ipv4></nameserver><nameserver name="mu1.dyntld.net."><ipv4>208.78.70.79</ipv4></nameserver><nameserver name="mu2.dyntld.net."><ipv4>204.13.250.79</ipv4></nameserver><nameserver name="mu3.dyntld.net."><ipv4>208.78.71.79</ipv4></nameserver><nameserver name="mu4.dyntld.net."><ipv4>204.13.251.79</ipv4></nameserver></nameservers><reg-date>1995-10-06</reg-date><last-update>2008-08-18</last-update></domain><domain id="museum"><registrant><organization>Museum Domain Management Association</organization><address><line>Frescativaegen 40</line><line>Box 50007</line><line>Stockholm  10405</line></address><country>Sweden</country><reg-date>1985-01-01</reg-date><last-update>1985-01-01</last-update></registrant><admin><name>Cary Karp</name><organization>Museum Domain Management Association</organization><address><line>Frescativaegen 40</line><line>Box 50007</line><line>Stockholm  10405</line></address><country>Sweden</country><phone>+46 70 629 8176</phone><fax>+46 70 384 3246</fax><email>admin@musedoma.museum</email><reg-date>1985-01-01</reg-date><last-update>1985-01-01</last-update></admin><tech><name>Cary Karp</name><organization>Museum Domain Management Association</organization><address><line>Frescativaegen 40</line><line>Box 50007</line><line>Stockholm  10405</line></address><country>Sweden</country><phone>+46 70 629 8176</phone><fax>+46 70 384 3246</fax><email>tech@musedoma.museum</email><reg-date>1985-01-01</reg-date><last-update>1985-01-01</last-update></tech><reg-url>http://musedoma.museum</reg-url><whois>whois.museum</whois><nameservers><nameserver name="nic.icom.org."><ipv4>195.7.65.253</ipv4></nameserver><nameserver name="nic.museum."><ipv4>130.242.24.5</ipv4></nameserver><nameserver name="ns.icann.org."><ipv4>192.0.34.126</ipv4></nameserver><nameserver name="ns-ext.vix.com."><ipv4>204.152.184.64</ipv4></nameserver><nameserver name="ns5.knipp.de."><ipv4>195.253.6.62</ipv4><ipv6>2a01:5b0:0:29:0:0:0:3e</ipv6></nameserver></nameservers><reg-date>2001-10-20</reg-date><last-update>2008-10-22</last-update></domain><domain id="mv"><registrant><organization>Dhiraagu Pvt. Ltd. (DHIVEHINET)</organization><address><line>19 Medhuziyaaraiy Magu</line><line>Male  20-02</line></address><country>Republic of Maldives</country><reg-date>1985-01-01</reg-date><last-update>2005-09-15</last-update></registrant><admin><name>NOC Engineer</name><organization>Dhiraagu Pvt. Ltd. (DHIVEHINET)</organization><address><line>19 Medhuziyaaraiy Magu</line><line>Male  20-02</line></address><country>Republic of Maldives</country><phone>+960 771803</phone><fax>+960 3343088</fax><email>noc@dhiraagu.com.mv</email><reg-date>2005-08-25</reg-date><last-update>2006-03-31</last-update></admin><tech><name>Network Administrator - NOC</name><organization>Dhiraagu Pvt. Ltd. (DHIVEHINET)</organization><address><line>19 Medhuziyaaraiy Magu</line><line>Male  20-02</line></address><country>Republic of Maldives</country><phone>+960 311222</phone><fax>+960 3343088</fax><email>noc@dhiraagu.com.mv</email><reg-date>2005-08-25</reg-date><last-update>2006-03-31</last-update></tech><nameservers><nameserver name="ns.dhivehinet.net.mv."><ipv4>202.1.192.196</ipv4></nameserver><nameserver name="ns2.dhivehinet.net.mv."><ipv4>202.1.201.201</ipv4></nameserver><nameserver name="mv-ns.anycast.pch.net."><ipv4>204.61.216.24</ipv4></nameserver></nameservers><reg-date>1996-09-25</reg-date><last-update>2006-03-31</last-update></domain><domain id="mw"><registrant><organization><line>Malawi Sustainable Development Network Programme</line><line>(Malawi SDNP)</line></organization><address><line>Room 51, Polytechnic, Chichiri</line><line>Blantyre  P/B 303, Chichiri, Blantyre 3</line></address><country>Malawi</country><reg-date>1985-01-01</reg-date><last-update>2005-06-02</last-update></registrant><admin><name>The Coordinator (Dr. Paulos B. Nyirenda)</name><organization>Malawi SDNP</organization><address><line>Room 51, Polytechnic, Chichiri</line><line>Blantyre  P/B 303, Chichiri, Blantyre 3</line></address><country>Malawi</country><phone>+264-(0)-1-874979 or +264-(0)-1-875872</phone><fax>+264-(0)-1-873944</fax><email>paulos@sdnp.org.mw</email><reg-date>1985-01-01</reg-date><last-update>2006-12-31</last-update></admin><tech><name>The Information Specialist (Mr. Hosea Phiri)</name><organization>Malawi SDNP</organization><address><line>Room 51, Polytechnic, Chichiri</line><line>Blantyre  P/B 303, Chichiri, Blantyre 3</line></address><country>Malawi</country><phone>+264-(0)-1-874979 or +264-(0)-1-875872</phone><fax>+264-(0)-1-873944</fax><email>mwsdnptech@sdnp.org.mw</email><reg-date>1985-01-01</reg-date><last-update>2006-12-31</last-update></tech><reg-url>http://www.registrar.mw</reg-url><nameservers><nameserver name="aunic.aunic.net."><ipv4>203.29.5.1</ipv4></nameserver><nameserver name="chambo.sdnp.org.mw."><ipv4>196.45.188.5</ipv4></nameserver><nameserver name="ns-mw.ripe.net."><ipv4>193.0.12.132</ipv4></nameserver><nameserver name="rip.psg.com."><ipv4>147.28.0.39</ipv4><ipv6>2001:418:1:0:0:0:0:39</ipv6></nameserver><nameserver name="sdnhq.undp.org."><ipv4>192.124.42.79</ipv4></nameserver><nameserver name="domwe.sdn.mw."><ipv4>196.45.190.9</ipv4></nameserver></nameservers><reg-date>1997-01-03</reg-date><last-update>2008-12-18</last-update></domain><domain id="mx"><registrant><organization><line>NIC-Mexico</line><line>ITESM - Campus Monterrey</line></organization><address><line>Av. Eugenio Garza Sada 427 Loc. 4, 5, 6</line><line>Monterrey Nuevo Leon 64840</line></address><country>Mexico</country><reg-date>1985-01-01</reg-date><last-update>2004-01-28</last-update></registrant><admin><name>Oscar Alejandro Robles-Garay</name><organization>NIC-Mexico, ITESM - Campus Monterrey</organization><address><line>Av. Eugenio Garza Sada 427 Loc. 4, 5, 6</line><line>Monterrey Nuevo Leon 64840</line></address><country>Mexico</country><phone>+52 (81) 8387 5346</phone><fax>+52 (81) 8387 5346 x.111</fax><email>orobles@nic.mx</email><reg-date>1985-01-01</reg-date><last-update>2004-01-28</last-update></admin><tech><name>POC TECH IANA</name><organization>NIC-Mexico, ITESM - Campus Monterrey</organization><address><line>Av. Eugenio Garza Sada 427 Loc. 4, 5, 6</line><line>Monterrey Nuevo Leon 64840</line></address><country>Mexico</country><phone>+52 (81) 8387 5346</phone><fax>+52 (81) 8387 5346 ext. 111</fax><email>tech-iana@nic.mx</email><reg-date>1985-01-01</reg-date><last-update>2008-09-24</last-update></tech><reg-url>http://www.nic.mx/</reg-url><whois>whois.mx</whois><nameservers><nameserver name="o.mx-ns.mx."><ipv4>200.23.1.1</ipv4></nameserver><nameserver name="c.mx-ns.mx."><ipv4>192.100.224.1</ipv4><ipv6>2001:1258:0:0:0:0:0:1</ipv6></nameserver><nameserver name="m.mx-ns.mx."><ipv4>200.94.176.1</ipv4></nameserver><nameserver name="e.mx-ns.mx."><ipv4>189.201.244.1</ipv4></nameserver><nameserver name="x.mx-ns.mx."><ipv4>201.131.252.1</ipv4></nameserver><nameserver name="i.mx-ns.mx."><ipv4>207.248.68.1</ipv4></nameserver></nameservers><reg-date>1989-02-01</reg-date><last-update>2009-03-05</last-update></domain><domain id="my"><registrant><organization>MYNIC Berhad</organization><address><line>Unit 3.2 &amp; 4, Level 3, Block C,</line><line>Mines Waterfront Business Park,</line><line>3, Jalan Tasik, Mines Resort</line><line>Seri Kembangan Selangor 43300</line></address><country>Malaysia</country><reg-date>1985-01-01</reg-date><last-update>2007-04-30</last-update></registrant><admin><name>Shariya Haniz Zulkifli, Director</name><organization>MYNIC Berhad</organization><address><line>Unit 3.2 &amp; 4, Level 3, Block C,</line><line>Mines Waterfront Business Park,</line><line>3, Jalan Tasik, Mines Resort City</line><line>Seri Kembangan Selangor 43300</line></address><country>Malaysia</country><phone>+603 8943 5510</phone><fax>+603 8943 5520</fax><email>dnsadmin@domainregistry.my</email><reg-date>1985-01-01</reg-date><last-update>2009-03-06</last-update></admin><tech><name>Shariya Haniz Zulkifli, Director</name><organization>MYNIC Berhad</organization><address><line>Unit 3.2 &amp; 4, Level 3, Block C,</line><line>Mines Waterfront Business Park,</line><line>3, Jalan Tasik, Mines Resort City</line><line>Seri Kembangan Selangor 43300</line></address><country>Malaysia</country><phone>+603 8943 5510</phone><fax>+603 8943 5520</fax><email>dnsadmin@domainregistry.my</email><reg-date>1985-01-01</reg-date><last-update>2009-03-06</last-update></tech><reg-url>http://www.domainregistry.my</reg-url><whois>whois.domainregistry.my</whois><nameservers><nameserver name="dns.mynic.net.my."><ipv4>192.228.180.5</ipv4><ipv6>2001:328:1000:3:0:0:0:5</ipv6></nameserver><nameserver name="dns2.mynic.net.my."><ipv4>202.75.39.36</ipv4></nameserver><nameserver name="ns.uu.net."><ipv4>137.39.1.3</ipv4></nameserver><nameserver name="ns2.cuhk.edu.hk."><ipv4>137.189.6.21</ipv4></nameserver><nameserver name="ns20.iij.ad.jp."><ipv4>202.232.2.161</ipv4></nameserver><nameserver name="ns5.jaring.my."><ipv4>61.6.38.139</ipv4></nameserver><nameserver name="ns-my.nic.fr."><ipv4>192.134.0.49</ipv4><ipv6>2001:660:3006:1::1:1</ipv6></nameserver><nameserver name="ns6.jaring.my."><ipv4>192.228.128.16</ipv4></nameserver></nameservers><reg-date>1987-06-08</reg-date><last-update>2009-03-06</last-update></domain><domain id="mz"><registrant><organization>Centro de Informatica de Universidade Eduardo Mondlane</organization><address><line>Av. Julius Nyerere, Campus Universitario</line><line>Maputo  1000</line></address><country>Mozambique</country><reg-date>1985-01-01</reg-date><last-update>2005-06-16</last-update></registrant><admin><name>David Bila</name><organization>Centro de Informatica da Universidade Eduardo Mondlane</organization><address><line>Av. Julius Nyerere, Campus Universitario</line><line>Maputo  1000</line></address><country>Mozambique</country><phone>+258 1 492601</phone><fax>+258 1 494755</fax><email>david@zebra.uem.mz</email><reg-date>1985-01-01</reg-date><last-update>2005-11-23</last-update></admin><tech><name>Antonio Godinho</name><organization>Centro de Informatica da Universidade Eduardo Mondlane</organization><address><line>Av. Julius Nyerere, Campus Universitario</line><line>Maputo  1000</line></address><country>Mozambique</country><phone>+258 823 003920</phone><fax>+258 1 494755</fax><email>antonio@uem.mz</email><reg-date>1985-01-01</reg-date><last-update>2005-06-16</last-update></tech><nameservers><nameserver name="anyns.uem.mz."><ipv4>204.61.216.14</ipv4></nameserver><nameserver name="dzowo.uem.mz."><ipv4>196.3.96.66</ipv4></nameserver><nameserver name="oceano.uem.mz."><ipv4>196.3.96.69</ipv4></nameserver><nameserver name="phloem.uoregon.edu."><ipv4>128.223.32.35</ipv4><ipv6>2001:468:d01:20::80df:2023</ipv6></nameserver><nameserver name="zebra.uem.mz."><ipv4>196.3.96.67</ipv4></nameserver></nameservers><reg-date>1992-09-04</reg-date><last-update>2008-04-21</last-update></domain><domain id="na"><registrant><organization>Namibian Network Information Center</organization><address><line>PO Box 1342</line><line>Swakopmund</line></address><country>Namibia</country><reg-date>1985-01-01</reg-date><last-update>1985-01-01</last-update></registrant><admin><name>NA Domain Administrators</name><organization>Namibian Network Information Center</organization><address><line>PO Box 1342</line><line>18, Strand Street</line><line>Swakopmund</line></address><country>Namibia</country><phone>+264 81 124 6733</phone><fax>+264 61 232047</fax><email>dns-admin@na-nic.com.na</email><reg-date>1985-01-01</reg-date><last-update>2005-11-01</last-update></admin><tech><name>NA Domain Techs</name><organization>Namibian Network Information Center</organization><address><line>PO Box 1342</line><line>Swakopmund</line></address><country>Namibia</country><phone>+264 64 463931</phone><fax>+264 64 463931</fax><email>dns-tech@na-nic.com.na</email><reg-date>1985-01-01</reg-date><last-update>1985-01-01</last-update></tech><reg-url>http://www.na-nic.com.na/</reg-url><whois>whois.na-nic.com.na</whois><nameservers><nameserver name="merlin.net.na."><ipv4>204.152.184.96</ipv4></nameserver><nameserver name="na-ns.anycast.pch.net."><ipv4>204.61.216.35</ipv4></nameserver><nameserver name="na1.dyntld.net."><ipv4>208.78.70.90</ipv4></nameserver><nameserver name="na2.dyntld.net."><ipv4>204.13.250.90</ipv4></nameserver><nameserver name="sns-pb.isc.org."><ipv4>192.5.4.1</ipv4><ipv6>2001:500:2e:0:0:0:0:1</ipv6></nameserver></nameservers><reg-date>1991-05-08</reg-date><last-update>2008-08-14</last-update></domain><domain id="name"><registrant><organization>The Global Name Registry Ltd.</organization><address><line>2nd Floor Water Front</line><line>Chancellors Road</line><line>Hammersmith Embankment</line><line>London  W6 9RU</line></address><country>United Kingdom</country><reg-date>1985-01-01</reg-date><last-update>2008-11-13</last-update></registrant><admin><name>Registry Customer Service</name><organization>The Global Name Registry Ltd.</organization><address><line>21345 Ridgetop Circle</line><line>Dulles Virginia 20166</line></address><country>United States</country><phone>+1 703 925 6999</phone><fax>+1 703 421 5828</fax><email>info@verisign-grs.com</email><reg-date>2003-04-28</reg-date><last-update>2008-11-13</last-update></admin><tech><name>Registry Customer Service</name><organization>The Global Name Registry Ltd.</organization><address><line>21345 Ridgetop Circle</line><line>Dulles Virginia 20166</line></address><country>United States</country><phone>+1 703 925 6999</phone><fax>+1 703 421 5828</fax><email>info@verisign-grs.com</email><reg-date>2003-04-28</reg-date><last-update>2008-11-13</last-update></tech><reg-url>http://www.name</reg-url><whois>whois.nic.name</whois><nameservers><nameserver name="a5.nstld.com."><ipv4>192.5.6.34</ipv4></nameserver><nameserver name="c5.nstld.com."><ipv4>192.26.92.34</ipv4></nameserver><nameserver name="d5.nstld.com."><ipv4>192.31.80.34</ipv4></nameserver><nameserver name="f5.nstld.com."><ipv4>192.35.51.34</ipv4></nameserver><nameserver name="g5.nstld.com."><ipv4>192.42.93.34</ipv4></nameserver><nameserver name="h5.nstld.com."><ipv4>192.54.112.34</ipv4></nameserver><nameserver name="l5.nstld.com."><ipv4>192.41.162.34</ipv4></nameserver></nameservers><reg-date>2001-08-17</reg-date><last-update>2008-11-13</last-update></domain><domain id="nc"><registrant><organization>Office des Postes et Telecommunications</organization><address><line>2 Rue Monchovet - Port Plaisance</line><line>Noumea  98841</line></address><country>Nouvelle-Caledonie</country><reg-date>1985-01-01</reg-date><last-update>2006-05-09</last-update></registrant><admin><name>Pascal Schiavo</name><organization>Office des Postes et Telecommunications</organization><address><line>2 Rue Monchovet - Port Plaisance</line><line>Noumea  98841</line></address><country>Nouvelle-Caledonie</country><phone>+687 278 201</phone><fax>+687 278 203</fax><email>contact@cctld.nc</email><reg-date>1985-01-01</reg-date><last-update>2007-08-13</last-update></admin><tech><name>Nicolas Soulard</name><organization>Office des Postes et Telecommunications</organization><address><line>2 Rue Monchovet - Port Plaisance</line><line>Noumea  98841</line></address><country>Nouvelle-Caledonie</country><phone>+687 267 645</phone><fax>+687 287 172</fax><email>nicolas.soulard@opt.nc</email><reg-date>1985-01-01</reg-date><last-update>2006-05-09</last-update></tech><reg-url>http://www.domaine.nc</reg-url><nameservers><nameserver name="triton.opt.nc."><ipv4>202.87.129.60</ipv4></nameserver><nameserver name="ns-nc.ripe.net."><ipv4>193.0.12.157</ipv4></nameserver><nameserver name="ns1.ird.fr."><ipv4>193.50.53.3</ipv4></nameserver><nameserver name="python.opt.nc."><ipv4>202.87.129.43</ipv4></nameserver></nameservers><reg-date>1993-10-13</reg-date><last-update>2008-08-01</last-update></domain><domain id="ne"><registrant><organization>SONITEL</organization><address><line>Avenue de l'Uranium</line><line>Niamey  208</line></address><country>Niger</country><reg-date>1985-01-01</reg-date><last-update>1985-01-01</last-update></registrant><admin><name>Kimba YAYE</name><organization>SONITEL</organization><address><line>Avenue du Général De Gaulle</line><line>Niamey  208</line></address><country>Niger</country><phone>+227 72 21 80</phone><fax>+227 73 58 12</fax><email>cgirafe@intnet.ne</email><reg-date>1985-01-01</reg-date><last-update>2005-09-16</last-update></admin><tech><name>Sadou Soloke</name><organization>SahelCom</organization><address><line>Avenue de l'Uranium</line><line>Niamey  208</line></address><country>Niger</country><phone>+227 72 47 64</phone><fax>+227 72 43 01</fax><email>soloke@intnet.ne</email><reg-date>1985-01-01</reg-date><last-update>2005-09-16</last-update></tech><reg-url>http://www.intnet.ne</reg-url><nameservers><nameserver name="bow.rain.fr."><ipv4>194.51.3.49</ipv4></nameserver><nameserver name="ns.intnet.ne."><ipv4>193.251.228.10</ipv4></nameserver><nameserver name="ns-ne.ripe.net."><ipv4>193.0.12.160</ipv4></nameserver></nameservers><reg-date>1996-04-24</reg-date><last-update>2005-09-16</last-update></domain><domain id="net"><registrant><organization>VeriSign Global Registry Services</organization><address><line>21345 Ridgetop Circle</line><line>Dulles Virginia 20166</line></address><country>United States</country><reg-date>1985-01-01</reg-date><last-update>1985-01-01</last-update></registrant><admin><name>Registry Customer Service</name><organization>VeriSign Global Registry Services</organization><address><line>21345 Ridgetop Circle</line><line>Dulles Virginia 20166</line></address><country>United States</country><phone>+1 703 925-6999</phone><fax>+1 703 421-5828</fax><email>info@verisign-grs.com</email><reg-date>1985-01-01</reg-date><last-update>1985-01-01</last-update></admin><tech><name>Registry Customer Service</name><organization>VeriSign Global Registry Services</organization><address><line>21345 Ridgetop Circle</line><line>Dulles Virginia 20166</line></address><country>United States</country><phone>+1 703 925-6999</phone><fax>+1 703 421-5828</fax><email>info@verisign-grs.com</email><reg-date>1985-01-01</reg-date><last-update>1985-01-01</last-update></tech><reg-url>http://www.verisign-grs.com</reg-url><whois>whois.verisign-grs.com</whois><nameservers><nameserver name="a.gtld-servers.net."><ipv4>192.5.6.30</ipv4><ipv6>2001:503:a83e:0:0:0:2:30</ipv6></nameserver><nameserver name="b.gtld-servers.net."><ipv4>192.33.14.30</ipv4><ipv6>2001:503:231d:0:0:0:2:30</ipv6></nameserver><nameserver name="c.gtld-servers.net."><ipv4>192.26.92.30</ipv4></nameserver><nameserver name="d.gtld-servers.net."><ipv4>192.31.80.30</ipv4></nameserver><nameserver name="e.gtld-servers.net."><ipv4>192.12.94.30</ipv4></nameserver><nameserver name="f.gtld-servers.net."><ipv4>192.35.51.30</ipv4></nameserver><nameserver name="g.gtld-servers.net."><ipv4>192.42.93.30</ipv4></nameserver><nameserver name="h.gtld-servers.net."><ipv4>192.54.112.30</ipv4></nameserver><nameserver name="i.gtld-servers.net."><ipv4>192.43.172.30</ipv4></nameserver><nameserver name="j.gtld-servers.net."><ipv4>192.48.79.30</ipv4></nameserver><nameserver name="k.gtld-servers.net."><ipv4>192.52.178.30</ipv4></nameserver><nameserver name="l.gtld-servers.net."><ipv4>192.41.162.30</ipv4></nameserver><nameserver name="m.gtld-servers.net."><ipv4>192.55.83.30</ipv4></nameserver></nameservers><reg-date>1985-01-01</reg-date><last-update>2005-07-26</last-update></domain><domain id="nf"><registrant><organization>Norfolk Island Data Services</organization><address><line>617 Fletcher Christian Rd.</line><line>South Pacific 2899</line></address><country>Norfolk Island</country><reg-date>1985-01-01</reg-date><last-update>1985-01-01</last-update></registrant><admin><name>Robert Ryan</name><organization>Norfolk Island Data Services</organization><address><line>909 Fletcher Christian Rd.</line><line>South Pacific 2899</line></address><country>Norfolk Island</country><phone>+672 3 22427</phone><fax>+672 3 22027</fax><email>rob@nids.com.nf</email><reg-date>1985-01-01</reg-date><last-update>1985-01-01</last-update></admin><tech><name>Richard Laxton</name><organization>Norfolk Island Data Services</organization><address><line>2/57 Moonya Rd</line><line>Melbourne Victoria 3163</line></address><country>Australia</country><phone>+61 414 928 011</phone><fax>+61 3 9568 7916</fax><email>richard@laxton.nf</email><reg-date>1985-01-01</reg-date><last-update>2007-02-14</last-update></tech><reg-url>http://www.names.nf/</reg-url><nameservers><nameserver name="ns1.nf."><ipv4>203.12.249.100</ipv4></nameserver><nameserver name="ns2.nf."><ipv4>203.119.12.66</ipv4></nameserver></nameservers><reg-date>1996-03-18</reg-date><last-update>2007-02-14</last-update></domain><domain id="ng"><registrant><organization><line>Nigerian Government c/o National Information Technology</line><line>Development Agency (NITDA)</line></organization><address><line>Plot 695 Port-Harcourt</line><line>Off Gimbiya Street, Area 11</line><line>Garki, Abuja FCT PMB 564 Garki, Abuja-Nigeria</line></address><country>Nigeria</country><reg-date>1985-01-01</reg-date><last-update>2004-06-09</last-update></registrant><admin><name>Prof G.O. Ajayi</name><organization><line>National Information Technology Development</line><line>Agency (NITDA)</line></organization><address><line>Port 695 Port-Harcourt</line><line>Off Gimbiya Street, Area 11</line><line>Garki, Abuja FCT PMB 564 Garki, Abuja-Nigeria</line></address><country>Nigeria</country><phone>+234 9 3142926</phone><fax>+234 9 3142924</fax><email>gajayi@nitda.org</email><reg-date>1985-01-01</reg-date><last-update>2004-06-09</last-update></admin><tech><name>Randy Bush</name><address><line>PO Box 128</line><line>Kapa`au Hawai`i 96755</line></address><country>United States</country><email>randy@psg.com</email><reg-date>2005-09-20</reg-date><last-update>2005-09-20</last-update></tech><reg-url>http://psg.com/dns/ng</reg-url><nameservers><nameserver name="hippo.ru.ac.za."><ipv4>146.231.128.1</ipv4><ipv6>2001:4200:1010::1</ipv6></nameserver><nameserver name="rip.psg.com."><ipv4>147.28.0.39</ipv4><ipv6>2001:418:1:0:0:0:0:39</ipv6></nameserver><nameserver name="sunic.sunet.se."><ipv4>192.36.125.2</ipv4><ipv6>2001:6b0:7:0:0:0:0:2</ipv6></nameserver><nameserver name="ns1.dns.aq."><ipv4>198.32.71.12</ipv4></nameserver></nameservers><reg-date>1995-03-15</reg-date><last-update>2008-12-18</last-update></domain><domain id="ni"><registrant><organization><line>Universidad Nacional del Ingernieria</line><line>Centro de Computo</line></organization><address><line>Avenida Universitaria</line><line>Frente a la UCA</line><line>Managua  MR110</line></address><country>Nicaragua</country><reg-date>1985-01-01</reg-date><last-update>2002-10-24</last-update></registrant><admin><name>Marvin Castañeda</name><organization><line>Universidad Nacional del Ingernieria</line><line>Administration NIC.NI</line></organization><address><line>Avenida Universitaria</line><line>Frente a la UCA</line><line>Managua  MR110</line></address><country>Nicaragua</country><phone>+505 278 3142</phone><fax>+505 278 3141</fax><email>admni@nic.ni ; marvin@nic.ni</email><reg-date>1985-01-01</reg-date><last-update>2006-07-25</last-update></admin><tech><name>Alfonso Boza</name><organization><line>Universidad Nacional del Ingernieria</line><line>Administration NIC.NI</line></organization><address><line>Avenida Universitaria</line><line>Frente a la UCA</line><line>Managua  MR110</line></address><country>Nicaragua</country><phone>+505 278 3142</phone><fax>+505 278 3141</fax><email>tecni@nic.ni ; boza@nic.ni</email><reg-date>1985-01-01</reg-date><last-update>2006-07-25</last-update></tech><reg-url>http://www.nic.ni</reg-url><nameservers><nameserver name="ns.cr."><ipv4>163.178.8.2</ipv4></nameserver><nameserver name="ns.ibw.com.ni."><ipv4>200.85.160.2</ipv4></nameserver><nameserver name="ns.ideay.net.ni."><ipv4>200.9.190.130</ipv4></nameserver><nameserver name="ns.ni."><ipv4>165.98.1.2</ipv4></nameserver><nameserver name="ns.tmx.com.ni."><ipv4>200.62.64.1</ipv4></nameserver><nameserver name="ns.uu.net."><ipv4>137.39.1.3</ipv4></nameserver><nameserver name="ns2.ni."><ipv4>200.9.187.2</ipv4></nameserver></nameservers><reg-date>1989-10-13</reg-date><last-update>2008-01-09</last-update></domain><domain id="nl"><registrant><organization>Stichting Internet Domeinregistratie Nederland</organization><address><line>P.O. Box 5022</line><line>Arnhem  6802 EA</line></address><country>The Netherlands</country><reg-date>1985-01-01</reg-date><last-update>2003-12-02</last-update></registrant><admin><name>Managing Director</name><organization>Stichting Internet Domeinregistratie Nederland</organization><address><line>P.O. Box 5022</line><line>Arnhem  6802 EA</line></address><country>The Netherlands</country><phone>+31 26 3525500</phone><fax>+31 26 3525505</fax><email>admin@sidn.nl</email><reg-date>1985-01-01</reg-date><last-update>2007-04-05</last-update></admin><tech><name>Manager ICT</name><organization>Stichting Internet Domeinregistratie Nederland</organization><address><line>P.O. Box 5022</line><line>Arnhem  6802 EA</line></address><country>The Netherlands</country><phone>+31 26 3525599</phone><fax>+31 26 3525550</fax><email>tech@sidn.nl</email><reg-date>1985-01-01</reg-date><last-update>2007-04-05</last-update></tech><reg-url>http://www.domain-registry.nl/</reg-url><whois>whois.domain-registry.nl</whois><nameservers><nameserver name="ns1.nic.nl."><ipv4>193.176.144.2</ipv4></nameserver><nameserver name="ns-ext.isc.org."><ipv4>204.152.184.64</ipv4><ipv6>2001:4f8:0:2:0:0:0:13</ipv6></nameserver><nameserver name="nl1.dnsnode.net."><ipv4>194.146.106.42</ipv4></nameserver><nameserver name="ns3.nic.nl."><ipv4>194.171.17.2</ipv4><ipv6>2001:610:0:800d:0:0:0:2</ipv6></nameserver><nameserver name="ns2.nic.nl."><ipv4>213.154.241.28</ipv4><ipv6>2001:7b8:606:0:0:0:0:28</ipv6></nameserver><nameserver name="ns-nl.nic.fr."><ipv4>192.93.0.4</ipv4><ipv6>2001:660:3005:1:0:0:1:2</ipv6></nameserver><nameserver name="ns4.nic.nl."><ipv4>62.4.86.232</ipv4></nameserver></nameservers><reg-date>1986-04-25</reg-date><last-update>2009-02-26</last-update></domain><domain id="no"><registrant><organization>UNINETT Norid A/S</organization><address><line>Abelsgate 5</line><line>Trondheim  N-7465</line></address><country>Norway</country><reg-date>1985-01-01</reg-date><last-update>2003-09-12</last-update></registrant><admin><name>Hilde Thunem</name><organization>UNINETT Norid A/S</organization><address><line>Abelsgate 5</line><line>Trondheim  N-7465</line></address><country>Norway</country><phone>+47 73 55 79 00</phone><fax>+47 73 55 79 99</fax><email>hilde.thunem@UNINETT.NO</email><reg-date>1985-01-01</reg-date><last-update>2003-09-12</last-update></admin><tech><name>Jarle Greipsland</name><organization>UNINETT Norid A/S</organization><address><line>Abelsgate 5</line><line>Trondheim  N-7465</line></address><country>Norway</country><phone>+47 73 55 79 00</phone><fax>+47 73 55 79 99</fax><email>jarle@uninett.no</email><reg-date>1985-01-01</reg-date><last-update>2004-03-22</last-update></tech><reg-url>http://www.norid.no</reg-url><whois>whois.norid.no</whois><nameservers><nameserver name="x.nic.no."><ipv4>128.39.8.40</ipv4></nameserver><nameserver name="njet.norid.no."><ipv4>156.154.101.12</ipv4></nameserver><nameserver name="not.norid.no."><ipv4>156.154.100.12</ipv4><ipv6>2001:502:ad09:0:0:0:0:12</ipv6></nameserver><nameserver name="y.nic.no."><ipv4>193.71.199.51</ipv4><ipv6>2001:8c0:8200:1:0:0:0:2</ipv6></nameserver><nameserver name="z.nic.no."><ipv4>158.38.8.133</ipv4><ipv6>2001:700:0:52d:158:38:8:133</ipv6></nameserver><nameserver name="i.nic.no."><ipv4>194.146.106.6</ipv4></nameserver></nameservers><reg-date>1987-03-17</reg-date><last-update>2009-03-17</last-update></domain><domain id="np"><registrant><organization>Mercantile Communications Pvt. Ltd.</organization><address><line>1429 DurbarMarg ,Kathmandu</line><line>Kathmandu Bagmati P.O.Box 876</line></address><country>Nepal</country><reg-date>1985-01-01</reg-date><last-update>2005-08-29</last-update></registrant><admin><name>Sanjib Raj Bhandari</name><organization>Mercantile Communications Pvt. Ltd.</organization><address><line>1429 DurbarMarg ,Kathmandu</line><line>Kathmandu Bagmati P.O.Box 876</line></address><country>Nepal</country><phone>+977 1 4240920</phone><fax>+977 1 4225407</fax><email>sanjib@mos.com.np</email><reg-date>1985-01-01</reg-date><last-update>2005-08-29</last-update></admin><tech><name>Eswari Prasad Sharma</name><organization>Mercantile Communications Pvt. Ltd.</organization><address><line>1429 DurbarMarg</line><line>Kathmandu Bagmati P.O.Box 876</line></address><country>Nepal</country><phone>+977 1 4240920</phone><fax>+977 1 4225407</fax><email>eswaris@mos.com.np</email><reg-date>1985-01-01</reg-date><last-update>2007-02-14</last-update></tech><reg-url>http://www.mos.com.np</reg-url><nameservers><nameserver name="shikhar.mos.com.np."><ipv4>202.52.255.5</ipv4></nameserver><nameserver name="yarrina.connect.com.au."><ipv4>192.189.54.17</ipv4></nameserver><nameserver name="np-ns.anycast.pch.net."><ipv4>204.61.216.11</ipv4></nameserver><nameserver name="ns-ext.isc.org."><ipv4>204.152.184.64</ipv4><ipv6>2001:4f8:0:2:0:0:0:13</ipv6></nameserver><nameserver name="ns-np.ripe.net."><ipv4>193.0.12.154</ipv4><ipv6>2001:610:240:0:53:cc:12:154</ipv6></nameserver><nameserver name="sec3.apnic.net."><ipv4>202.12.28.140</ipv4><ipv6>2001:dc0:1:0:4777:0:0:140</ipv6></nameserver><nameserver name="np-ns.npix.net.np."><ipv4>198.32.126.50</ipv4></nameserver></nameservers><reg-date>1995-01-25</reg-date><last-update>2008-05-02</last-update></domain><domain id="nr"><registrant><organization>CENPAC NET</organization><address><line>Civic Centre</line><line>Aiwo District</line></address><country>Nauru Island</country><reg-date>1985-01-01</reg-date><last-update>1985-01-01</last-update></registrant><admin><name>Criden Appi</name><organization>CENPAC NET</organization><address><line>Civic Centre</line><line>Aiwo District</line></address><country>Nauru Island</country><phone>+674 444 3132</phone><fax>+674 444 3111</fax><email>cappi@cenpac.net.nr</email><reg-date>1985-01-01</reg-date><last-update>1985-01-01</last-update></admin><tech><name>Jon Leeman</name><organization>CENPAC NET</organization><address><line>Civic Centre</line><line>Aiwo District</line></address><country>Nauru</country><phone>+674 444 3370</phone><fax>+674 444 3111</fax><email>technician@cenpac.net.nr</email><reg-date>1985-01-01</reg-date><last-update>2003-05-21</last-update></tech><reg-url>http://www.cenpac.net.nr</reg-url><nameservers><nameserver name="nrweb.cenpac.net.nr."><ipv4>203.98.224.66</ipv4></nameserver><nameserver name="dns1.cenpac.net.nr."><ipv4>203.98.225.9</ipv4></nameserver><nameserver name="ns1.net.reach.com."><ipv4>134.159.2.140</ipv4></nameserver><nameserver name="sns-pb.isc.org."><ipv4>192.5.4.1</ipv4><ipv6>2001:500:2e:0:0:0:0:1</ipv6></nameserver></nameservers><reg-date>1998-03-30</reg-date><last-update>2009-03-12</last-update></domain><domain id="nu"><registrant><organization>Internet Users Society - Niue</organization><address><line>P.O. Box 91</line><line>Alofi</line></address><country>Niue</country><reg-date>1985-01-01</reg-date><last-update>1985-01-01</last-update></registrant><admin><name>Stafford Guest</name><organization>Internet Users Society - Niue</organization><address><line>P.O. Box 91</line><line>Alofi</line></address><country>Niue</country><phone>+683 4235</phone><fax>+683 4237</fax><email>hostmaster@mail.nic.nu</email><reg-date>1985-01-01</reg-date><last-update>2003-02-10</last-update></admin><tech><name>J. William Semich</name><organization>.NU Domain Ltd/IUS-N</organization><address><line>266 Main St.</line><line>Suite 31</line><line>Medfield Massachusetts 02052</line></address><country>United States</country><phone>+1 508 359 5600</phone><fax>+1 508 242 9707</fax><email>bill@mail.nic.nu</email><reg-date>1985-01-01</reg-date><last-update>1985-01-01</last-update></tech><reg-url>http://www.nunames.nu/</reg-url><whois>whois.nic.nu</whois><nameservers><nameserver name="ns.nic.nu."><ipv4>69.25.75.70</ipv4></nameserver><nameserver name="ns0.de.nic.nu."><ipv4>62.4.64.120</ipv4></nameserver><nameserver name="ns0.telia.nic.nu."><ipv4>212.181.91.4</ipv4></nameserver><nameserver name="tld1.ultradns.net."><ipv4>204.74.112.1</ipv4><ipv6>2001:502:d399:0:0:0:0:1</ipv6></nameserver><nameserver name="tld2.ultradns.net."><ipv4>204.74.113.1</ipv4></nameserver><nameserver name="tld3.ultradns.org."><ipv4>199.7.66.1</ipv4></nameserver><nameserver name="tld4.ultradns.org."><ipv4>199.7.67.1</ipv4><ipv6>2001:502:100e:0:0:0:0:1</ipv6></nameserver><nameserver name="tld5.ultradns.info."><ipv4>192.100.59.11</ipv4></nameserver><nameserver name="tld6.ultradns.co.uk."><ipv4>198.133.199.11</ipv4></nameserver></nameservers><reg-date>1997-06-20</reg-date><last-update>2007-07-24</last-update></domain><domain id="nz"><registrant><organization>InternetNZ</organization><address><line>Level 9 Exchange Place</line><line>5-7 Willeston Street</line><line>Wellington  6001</line></address><country>New Zealand</country><reg-date>1985-01-01</reg-date><last-update>2004-07-22</last-update></registrant><admin><name>Executive Director</name><organization>InternetNZ</organization><address><line>Level 9 Exchange Place</line><line>5-7 Willeston Street</line><line>Wellington  6001</line></address><country>New Zealand</country><phone>+64 4 472 1600</phone><fax>+64 4 495 2115</fax><email>exe.dir@internetnz.net.nz</email><reg-date>1985-01-01</reg-date><last-update>2004-07-22</last-update></admin><tech><name>Technical Manager</name><organization>.nz Registry Services</organization><address><line>Level 9 Exchange Place</line><line>5-7 Willeston Street</line><line>Wellington  6001</line></address><country>New Zealand</country><phone>+64 4 931 6970</phone><fax>+64 4 931 6979</fax><email>support@nzrs.net.nz</email><reg-date>1985-01-01</reg-date><last-update>2009-02-23</last-update></tech><reg-url>http://www.dnc.org.nz/</reg-url><whois>whois.srs.net.nz</whois><nameservers><nameserver name="ns1.dns.net.nz."><ipv4>202.46.190.130</ipv4><ipv6>2001:dce:2000:2:0:0:0:130</ipv6></nameserver><nameserver name="ns2.dns.net.nz."><ipv4>202.46.191.130</ipv4><ipv6>2001:dce:4000:2:0:0:0:130</ipv6></nameserver><nameserver name="ns3.dns.net.nz."><ipv4>202.46.188.130</ipv4></nameserver><nameserver name="ns4.dns.net.nz."><ipv4>202.46.189.130</ipv4></nameserver><nameserver name="ns5.dns.net.nz."><ipv4>204.74.112.253</ipv4><ipv6>2001:502:d399:0:0:0:0:253</ipv6></nameserver><nameserver name="ns6.dns.net.nz."><ipv4>204.74.113.253</ipv4></nameserver><nameserver name="ns7.dns.net.nz."><ipv4>194.146.106.54</ipv4></nameserver></nameservers><reg-date>1987-01-19</reg-date><last-update>2009-03-02</last-update></domain><domain id="om"><registrant><organization>Oman Telecommunications Company</organization><address><line>789 Ruwi</line><line>Muscat  112</line></address><country>Oman</country><reg-date>1985-01-01</reg-date><last-update>1985-01-01</last-update></registrant><admin><name>Ali Abduwani</name><organization>Oman Telecommunications Company</organization><address><line>789 Ruwi</line><line>Muscat  112</line></address><country>Oman</country><phone>+968 631 881</phone><fax>+968 695 482</fax><email>abduwani@omantel.net.om</email><reg-date>1985-01-01</reg-date><last-update>1985-01-01</last-update></admin><tech><name>Salim Bader Al-Mazrui</name><organization>Oman Telecommunications Company</organization><address><line>789 Ruwi</line><line>Muscat  112</line></address><country>Oman</country><phone>+968 631 559</phone><fax>+968 695 482</fax><email>salim@omantel.co.om</email><reg-date>1985-01-01</reg-date><last-update>1985-01-01</last-update></tech><reg-url>http://www.omantel.net.om</reg-url><nameservers><nameserver name="om16.omantel.net.om."><ipv4>212.72.1.186</ipv4></nameserver><nameserver name="ns.icann.org."><ipv4>192.0.34.126</ipv4></nameserver><nameserver name="om14.omantel.net.om."><ipv4>212.72.23.4</ipv4></nameserver><nameserver name="ns-om.ripe.net."><ipv4>193.0.12.166</ipv4></nameserver></nameservers><reg-date>1996-04-11</reg-date><last-update>2009-01-15</last-update></domain><domain id="org"><registrant><organization>Public Interest Registry (PIR)</organization><address><line>1775 Wiehle Avenue</line><line>Suite 102A</line><line>Reston Virginia 20190</line></address><country>United States</country><reg-date>2002-12-31</reg-date><last-update>2002-12-31</last-update></registrant><admin><name>Michelle Coon</name><organization>Public Interest Registry (PIR)</organization><address><line>1775 Wiehle Avenue</line><line>Suite 200</line><line>Reston Virginia 20190</line></address><country>United States</country><phone>+1 703 889 5762</phone><fax>+1 703 889 5779</fax><email>mcoon@pir.org</email><reg-date>2002-12-31</reg-date><last-update>2008-12-19</last-update></admin><tech><name>Michelle Coon</name><organization>Public Interest Registry (PIR)</organization><address><line>1775 Wiehle Avenue</line><line>Suite 200</line><line>Reston Virginia 20190</line></address><country>United States</country><phone>+1 703 889 5762</phone><fax>+1 703 889 5779</fax><email>mcoon@pir.org</email><reg-date>2002-12-31</reg-date><last-update>2008-12-19</last-update></tech><reg-url>http://www.pir.org</reg-url><whois>whois.pir.org</whois><nameservers><nameserver name="a0.org.afilias-nst.info."><ipv4>199.19.56.1</ipv4><ipv6>2001:500:e:0:0:0:0:1</ipv6></nameserver><nameserver name="b0.org.afilias-nst.org."><ipv4>199.19.54.1</ipv4><ipv6>2001:500:c:0:0:0:0:1</ipv6></nameserver><nameserver name="c0.org.afilias-nst.info."><ipv4>199.19.53.1</ipv4><ipv6>2001:500:b:0:0:0:0:1</ipv6></nameserver><nameserver name="d0.org.afilias-nst.org."><ipv4>199.19.57.1</ipv4><ipv6>2001:500:f:0:0:0:0:1</ipv6></nameserver><nameserver name="a2.org.afilias-nst.info."><ipv4>199.249.112.1</ipv4><ipv6>2001:500:40:0:0:0:0:1</ipv6></nameserver><nameserver name="b2.org.afilias-nst.org."><ipv4>199.249.120.1</ipv4><ipv6>2001:500:48:0:0:0:0:1</ipv6></nameserver></nameservers><reg-date>1985-01-01</reg-date><last-update>2008-12-22</last-update></domain><domain id="pa"><registrant><organization><line>Universidad Tecnologica de Panama</line><line>Panamanian Academic National Network</line></organization><address><line>Campus Victor Levi S.</line><line>Avenida Universidad Tecnologica de Panama</line><line>PANNet</line><line>Panama  0819-07289</line></address><country>Panama</country><reg-date>1985-01-01</reg-date><last-update>2006-09-18</last-update></registrant><admin><name>Armando Jipsion</name><organization><line>Universidad Tecnologica de Panama</line><line>Panamanian Academic National Network</line></organization><address><line>Campus Victor Levi S.</line><line>Avenida Universidad Tecnologica de Panama</line><line>PANNet</line><line>Panama  0819-07289</line></address><country>Panama</country><phone>+507 223 2388</phone><fax>+507 223 2388</fax><email>armando.jipsion@utp.ac.pa, ajipsion@pannet.pa</email><reg-date>1985-01-01</reg-date><last-update>2006-09-18</last-update></admin><tech><name>Edna Samudio de Jaen</name><organization><line>Universidad Tecnologica de Panama</line><line>Panamanian Academic National Network</line></organization><address><line>Campus Victor Levi S.</line><line>Avenida Universidad Tecnologica de Panama</line><line>PANNet</line><line>Panama  0819-07289</line></address><country>Panama</country><phone>+507 223 2388</phone><fax>+507 223 2388</fax><email>edna.samudio@utp.ac.pa, ednasj@pannet.pa</email><reg-date>1985-01-01</reg-date><last-update>2006-09-18</last-update></tech><reg-url>http://www.nic.pa/</reg-url><nameservers><nameserver name="ns.cr."><ipv4>163.178.8.2</ipv4></nameserver><nameserver name="ns.dns.br."><ipv4>200.160.0.5</ipv4></nameserver><nameserver name="ns.nic.pa."><ipv4>168.77.8.4</ipv4></nameserver><nameserver name="ns.pa."><ipv4>168.77.8.2</ipv4></nameserver><nameserver name="ns-ext.nic.cl."><ipv4>200.1.123.14</ipv4></nameserver></nameservers><reg-date>1994-05-25</reg-date><last-update>2006-09-18</last-update></domain><domain id="pe"><registrant><organization>Red Cientifica Peruana</organization><address><line>Pablo Carriquirry 410</line><line>Lima  27</line></address><country>Peru</country><reg-date>1985-01-01</reg-date><last-update>2007-08-22</last-update></registrant><admin><name>Rolando Toledo</name><organization>Red Cientifica Peruana</organization><address><line>Pablo Carriquirry 410</line><line>Lima  27</line></address><country>Peru</country><phone>+51 1 7020000</phone><fax>+51 1 7020148</fax><email>tld-admin@nic.pe</email><reg-date>1985-01-01</reg-date><last-update>2007-08-22</last-update></admin><tech><name>Oscar Valdez</name><organization>Red Cientifica Peruana</organization><address><line>Pablo Carriquirry 410</line><line>Lima  27</line></address><country>Peru</country><phone>+51 1 7020000</phone><fax>+51 1 7020148</fax><email>tld-tech@nic.pe</email><reg-date>1985-01-01</reg-date><last-update>2007-08-22</last-update></tech><reg-url>http://www.nic.pe</reg-url><whois>kero.yachay.pe</whois><nameservers><nameserver name="ichu.rcp.net.pe."><ipv4>161.132.5.14</ipv4></nameserver><nameserver name="ekeko.rcpip.net."><ipv4>209.45.127.2</ipv4></nameserver><nameserver name="ns-pe.ripe.net."><ipv4>193.0.12.173</ipv4></nameserver><nameserver name="quipu.rcp.net.pe."><ipv4>200.1.176.4</ipv4></nameserver></nameservers><reg-date>1991-11-25</reg-date><last-update>2009-01-05</last-update></domain><domain id="pf"><registrant><organization><line>Ministère des Postes et Télécommunications et des sports, chargé</line><line>des nouvelles technologies de l'information</line></organization><address><line>24 avenue Dupetit-Thouars - BP 2551</line><line>PAPEETE TAHITI 98713</line></address><country>French Polynesia</country><reg-date>1985-01-01</reg-date><last-update>2005-08-31</last-update></registrant><admin><name>Department Manager - Moetai Brotherson</name><organization>Service des Postes et Télécommunications</organization><address><line>Immeuble Fariipiti Iti</line><line>Rue Marcq-Blond de Saint-Hilaire</line><line>BP 5019</line><line>PAPEETE TAHITI 98713</line></address><country>French Polynesia</country><phone>+689 501 777</phone><fax>+689 582 301</fax><email>service.spt@spt.gov.pf</email><reg-date>1985-01-01</reg-date><last-update>2005-08-31</last-update></admin><tech><name>Marketing Director - Pierre Perrey</name><organization>MANA</organization><address><line>immeuble jissang - BP 40001</line><line>Fare TONY</line><line>PAPEETE TAHITI 98713</line></address><country>French Polynesia</country><phone>+689 479 923</phone><fax>+689 479 915</fax><email>pierre@mana.pf</email><reg-date>2004-03-15</reg-date><last-update>2004-03-15</last-update></tech><nameservers><nameserver name="ns1.mana.pf."><ipv4>202.3.225.10</ipv4></nameserver><nameserver name="ns2.mana.pf."><ipv4>202.3.225.20</ipv4></nameserver></nameservers><reg-date>1996-03-19</reg-date><last-update>2005-08-31</last-update></domain><domain id="pg"><registrant><organization><line>PNG DNS Administration</line><line>Vice Chancellors Office</line><line>The Papua New Guinea University of Technology</line></organization><address><line>Private Mail Bag</line><line>Lae Morobe Prov.</line></address><country>Papua New Guinea</country><reg-date>1985-01-01</reg-date><last-update>1985-01-01</last-update></registrant><admin><name>Paul Mclean</name><organization>The Papua New Guinea University of Technology</organization><address><line>Information Technology Services</line><line>Private Mail Bag</line><line>Lae Morobe Province 411</line></address><country>Papua New Guinea</country><phone>+(675) 473 4221</phone><fax>+(675) 475 7776</fax><email>administrator@unitech.ac.pg</email><reg-date>1985-01-01</reg-date><last-update>2005-12-09</last-update></admin><tech><name>Shannon Sariman</name><organization>The Papua New Guinea University of Technology</organization><address><line>Information Technology Services</line><line>Private Mail Bag</line><line>Lae Morobe Province 411</line></address><country>Papua New Guinea</country><phone>+(675) 473 4204</phone><fax>+(675) 475 7776</fax><email>administrator@unitech.ac.pg</email><reg-date>2005-05-26</reg-date><last-update>2005-12-09</last-update></tech><nameservers><nameserver name="munnari.oz.au."><ipv4>202.28.99.196</ipv4></nameserver><nameserver name="ns.uu.net."><ipv4>137.39.1.3</ipv4></nameserver><nameserver name="ns1.tiare.net.pg."><ipv4>202.165.192.23</ipv4></nameserver><nameserver name="ns2.tiare.net.pg."><ipv4>202.165.192.24</ipv4></nameserver></nameservers><reg-date>1991-09-26</reg-date><last-update>2008-12-22</last-update></domain><domain id="ph"><registrant><organization>PH Domain Foundation</organization><address><line>11/F Strata 100 Building</line><line>Emerald Avenue</line><line>Pasig City Metro Manila 1605</line></address><country>Philippines</country><reg-date>1985-01-01</reg-date><last-update>2002-07-08</last-update></registrant><admin><name>Jose Emmanuel Disini</name><organization>PH Domain Foundation</organization><address><line>11/F Strata 100 Building</line><line>Emerald Avenue</line><line>Pasig City Metro Manila 1605</line></address><country>Philippines</country><phone>+63 2 637 2104</phone><fax>+63 2 632 7319</fax><email>jed@email.com.ph</email><reg-date>1985-01-01</reg-date><last-update>2002-07-08</last-update></admin><tech><name>Jose Emmanuel Disini</name><organization>PH Domain Foundation</organization><address><line>11/F Strata 100 Building</line><line>Emerald Avenue</line><line>Pasig City Metro Manila 1605</line></address><country>Philippines</country><phone>+63 2 637 2104</phone><fax>+63 2 632 7319</fax><email>jed@email.com.ph</email><reg-date>1985-01-01</reg-date><last-update>2002-07-08</last-update></tech><reg-url>http://www.domains.ph/</reg-url><nameservers><nameserver name="auth50.ns.uu.net."><ipv4>198.6.1.161</ipv4></nameserver><nameserver name="ns-ext.isc.org."><ipv4>204.152.184.64</ipv4><ipv6>2001:4f8:0:2:0:0:0:13</ipv6></nameserver><nameserver name="ns-ph.ripe.net."><ipv4>193.0.12.174</ipv4><ipv6>2001:610:240:0:53:cc:12:174</ipv6></nameserver><nameserver name="sec3.apnic.net."><ipv4>202.12.28.140</ipv4><ipv6>2001:dc0:1:0:4777:0:0:140</ipv6></nameserver></nameservers><reg-date>1990-09-14</reg-date><last-update>2008-05-02</last-update></domain><domain id="pk"><registrant><organization>PKNIC</organization><address><line>7-Aurangzeb Block</line><line>New Garden Town Lahore</line></address><country>Pakistan</country><reg-date>1985-01-01</reg-date><last-update>1985-01-01</last-update></registrant><admin><name>Ashar Nisar</name><organization>PKNIC</organization><address><line>7-Aurangzeb Block</line><line>New Garden Town Lahore</line></address><country>Pakistan</country><phone>+ 408-437-8953</phone><fax>+ 92-42-583-6602</fax><email>ashar@pknic.net.pk / staff@pknic.net.pk</email><reg-date>1985-01-01</reg-date><last-update>2002-06-24</last-update></admin><tech><name>Ashar Nisar</name><organization>PKNIC</organization><address><line>7-Aurangzeb Block</line><line>New Garden Town Lahore</line></address><country>Pakistan</country><phone>+ 408-437-8953</phone><fax>+ 92-42-583-6602</fax><email>ashar@pknic.net.pk / staff@pknic.net.pk</email><reg-date>1985-01-01</reg-date><last-update>2002-06-24</last-update></tech><reg-url>http://www.pknic.net.pk/</reg-url><nameservers><nameserver name="auth101.ns.uu.net."><ipv4>198.6.1.210</ipv4></nameserver><nameserver name="auth51.ns.uu.net."><ipv4>198.6.1.162</ipv4></nameserver></nameservers><reg-date>1992-06-03</reg-date><last-update>2005-07-26</last-update></domain><domain id="pl"><registrant><organization>Research and Academic Computer Network</organization><address><line>Wawozowa 18</line><line>Warsaw  02-796</line></address><country>Poland</country><reg-date>1985-01-01</reg-date><last-update>2002-05-14</last-update></registrant><admin><name>NASK Admin-C</name><organization>Research and Academic Computer Network</organization><address><line>Wawozowa 18</line><line>Warsaw  02-796</line></address><country>Poland</country><phone>+48 22 380 8200</phone><fax>+48 22 380 8201</fax><email>pl-admin@dns.pl</email><reg-date>1985-01-01</reg-date><last-update>2006-01-18</last-update></admin><tech><name>NASK Tech-C</name><organization>Research and Academic Computer Network</organization><address><line>Wawozowa 18</line><line>Warsaw  02-796</line></address><country>Poland</country><phone>+48 22 380 8200</phone><fax>+48 22 380 8201</fax><email>pl-tech@dns.pl</email><reg-date>1985-01-01</reg-date><last-update>2006-01-18</last-update></tech><reg-url>http://www.dns.pl/english/</reg-url><whois>whois.dns.pl</whois><nameservers><nameserver name="a-dns.pl."><ipv4>195.187.245.44</ipv4></nameserver><nameserver name="b-dns.pl."><ipv4>80.50.50.10</ipv4></nameserver><nameserver name="c-dns.pl."><ipv4>195.47.235.226</ipv4></nameserver><nameserver name="d-dns.pl."><ipv4>213.172.174.70</ipv4></nameserver><nameserver name="f-dns.pl."><ipv4>217.17.46.189</ipv4><ipv6>2001:1a68:0:10:0:0:0:189</ipv6></nameserver><nameserver name="g-dns.pl."><ipv4>149.156.1.6</ipv4><ipv6>2001:6d8:0:1:0:0:a:6</ipv6></nameserver><nameserver name="h-dns.pl."><ipv4>194.0.1.2</ipv4></nameserver><nameserver name="i-dns.pl."><ipv4>156.154.100.15</ipv4></nameserver></nameservers><reg-date>1990-07-30</reg-date><last-update>2009-02-26</last-update></domain><domain id="pm"><registrant><organization>AFNIC (NIC France) - Immeuble International</organization><address><line>2 rue Stephenson - Montigny-le-Bretonneux</line><line>Saint-Quentin-en-Yvelines CEDEX</line><line>78181</line></address><country>France</country><reg-date>1985-01-01</reg-date><last-update>1985-01-01</last-update></registrant><admin><name>AFNIC Admin Contact</name><organization>AFNIC (NIC France) - Immeuble International</organization><address><line>2 rue Stephenson - Montigny-le-Bretonneux</line><line>Saint-Quentin-en-Yvelines CEDEX</line><line>78181</line></address><country>France</country><phone>+33 1 39 30 83 05</phone><fax>+33 1 39 30 83 01</fax><email>tld-admin@nic.fr</email><reg-date>1985-01-01</reg-date><last-update>2006-03-15</last-update></admin><tech><name>AFNIC Tech Contact</name><organization>AFNIC (NIC France) - Immeuble International</organization><address><line>2 rue Stephenson - Montigny-le-Bretonneux</line><line>Saint-Quentin-en-Yvelines CEDEX</line><line>78181</line></address><country>France</country><phone>+33 1 39 30 83 81</phone><fax>+33 1 39 30 83 01</fax><email>tld-tech@nic.fr</email><reg-date>1985-01-01</reg-date><last-update>2006-03-15</last-update></tech><reg-url>http://www.nic.pm/</reg-url><whois>whois.nic.pm</whois><nameservers><nameserver name="a.nic.fr."><ipv4>192.93.0.129</ipv4><ipv6>2001:660:3005:3::1:1</ipv6></nameserver><nameserver name="b.ext.nic.fr."><ipv4>192.228.90.21</ipv4></nameserver><nameserver name="c.nic.fr."><ipv4>192.134.0.129</ipv4><ipv6>2001:660:3006:4:0:0:1:1</ipv6></nameserver><nameserver name="d.ext.nic.fr."><ipv4>204.152.184.85</ipv4><ipv6>2001:4f8:0:2:0:0:0:8</ipv6></nameserver><nameserver name="e.ext.nic.fr."><ipv4>193.176.144.6</ipv4></nameserver><nameserver name="e.nic.fr."><ipv4>194.57.253.1</ipv4></nameserver><nameserver name="f.ext.nic.fr."><ipv4>194.146.106.46</ipv4></nameserver><nameserver name="g.ext.nic.fr."><ipv4>204.61.216.39</ipv4><ipv6>2001:500:14:6039:ad:0:0:1</ipv6></nameserver></nameservers><reg-date>1997-08-20</reg-date><last-update>2009-02-24</last-update></domain><domain id="pn"><registrant><organization>Pitcairn Island Administration</organization><address><line>Cnr. Customs St and Gore St.</line><line>P.O. Box 105-696</line><line>Auckland</line></address><country>New Zealand</country><reg-date>1985-01-01</reg-date><last-update>1985-01-01</last-update></registrant><admin><name>William Haigh</name><organization>Pitcairn Island Administration</organization><address><line>67 Customs St.</line><line>P. O. Box 105</line><line>Auckland</line></address><country>New Zealand</country><phone>+64 9 3660186</phone><fax>+64 9 3660187</fax><email>admin@pitcairn.gov.pn</email><reg-date>1985-01-01</reg-date><last-update>2003-11-20</last-update></admin><tech><name>William Haigh</name><organization>Pitcairn Island Administration</organization><address><line>67 Customs St.</line><line>P.O. Box 105</line><line>Auckland</line></address><country>New Zealand</country><phone>+64 9 3660186</phone><fax>+64 9 3660187</fax><email>registrations@pitcairn.gov.pn</email><reg-date>2003-11-20</reg-date><last-update>2003-11-20</last-update></tech><reg-url>http://www.government.pn/PnRegistry/PnRegistry.htm</reg-url><nameservers><nameserver name="ns1.pitcairn.net.pn."><ipv4>210.54.120.113</ipv4></nameserver><nameserver name="flag.ep.net."><ipv4>198.32.4.13</ipv4></nameserver><nameserver name="slave1.sth.netnod.se."><ipv4>192.36.144.116</ipv4></nameserver><nameserver name="ns-ext.isc.org."><ipv4>204.152.184.64</ipv4><ipv6>2001:4f8:0:2:0:0:0:13</ipv6></nameserver></nameservers><reg-date>1997-07-10</reg-date><last-update>2008-05-30</last-update></domain><domain id="pr"><registrant><organization>Gauss Research Laboratory Inc.</organization><address><line>Calle Vesta 801</line><line>San Juan  00923</line></address><country>Puerto Rico</country><reg-date>1985-01-01</reg-date><last-update>2006-12-21</last-update></registrant><admin><name>Oscar Moreno</name><organization>Gauss Research Laboratory Inc.</organization><address><line>Calle Vesta 801</line><line>San Juan  00923</line></address><country>Puerto Rico</country><phone>787-372-3803</phone><email>moreno@nic.pr</email><reg-date>1985-01-01</reg-date><last-update>2007-08-13</last-update></admin><tech><name>Registry Technical Contact</name><organization>Gauss Research Laboratory Inc.</organization><address><line>Calle Vesta 801</line><line>San Juan  00923</line></address><country>Puerto Rico</country><phone>787-372-3804</phone><email>tech@nic.pr</email><reg-date>1985-01-01</reg-date><last-update>2007-08-13</last-update></tech><reg-url>http://www.nic.pr</reg-url><whois>whois.nic.pr</whois><nameservers><nameserver name="pascal.nic.pr."><ipv4>134.202.0.120</ipv4></nameserver><nameserver name="pr-dns.denic.de."><ipv4>81.91.161.82</ipv4></nameserver><nameserver name="pr-ns.anycast.pch.net."><ipv4>204.61.216.23</ipv4></nameserver><nameserver name="descartes.nic.pr."><ipv4>134.202.1.120</ipv4></nameserver><nameserver name="golomb.nic.pr."><ipv4>134.202.6.100</ipv4></nameserver></nameservers><reg-date>1989-08-27</reg-date><last-update>2008-06-06</last-update></domain><domain id="pro"><registrant><organization><line>Registry Services Corporation</line><line>dba RegistryPro</line></organization><address><line>425 West Randolph</line><line>8th Floor</line><line>Chicago Illinois 60606</line></address><country>United States</country><reg-date>2004-05-27</reg-date><last-update>2008-06-18</last-update></registrant><admin><name>Matt Buckland</name><organization><line>Registry Services Corporation</line><line>dba RegistryPro</line></organization><address><line>425 West Randolph</line><line>8th Floor</line><line>Chicago Illinois 60606</line></address><country>United States</country><phone>+1 312 994 7652</phone><fax>+1 312 575 9916</fax><email>matt.buckland@registrypro.pro</email><reg-date>2004-05-27</reg-date><last-update>2008-06-18</last-update></admin><tech><name>Phillip Vandenbergh</name><organization><line>Registry Services Corporation</line><line>dba RegistryPro</line></organization><address><line>425 West Randolph</line><line>8th Floor</line><line>Chicago Illinois 60606</line></address><country>United States</country><phone>+1 312 994 7652</phone><fax>+1 312 575 9916</fax><email>phillip.vandenbergh@registrypro.pro</email><reg-date>2004-05-27</reg-date><last-update>2008-06-18</last-update></tech><reg-url>http://www.registrypro.pro/</reg-url><whois>whois.registrypro.pro</whois><nameservers><nameserver name="a.gtld.pro."><ipv4>192.149.62.10</ipv4></nameserver><nameserver name="b.gtld.pro."><ipv4>192.149.63.10</ipv4></nameserver><nameserver name="c.gtld.pro."><ipv4>192.149.64.10</ipv4></nameserver><nameserver name="d.gtld.pro."><ipv4>192.149.66.10</ipv4></nameserver></nameservers><reg-date>2002-05-08</reg-date><last-update>2008-12-28</last-update></domain><domain id="ps"><registrant><organization><line>Ministry Of Telecommunications &amp;</line><line>Information Technology,</line><line>Government Computer Center.</line></organization><address><line>Al-Irsal Street.</line><line>Ramallah Palestine 674 Ramallah</line></address><country>Palestinian Territory, Occupied</country><reg-date>1985-01-01</reg-date><last-update>2004-06-18</last-update></registrant><admin><name>MTIT Representative, PNINA Chairman</name><organization>Ministry Of Telecommunications &amp; Information Technology</organization><address><line>Al-Irsal Street</line><line>Ramallah Palestine 674</line></address><country>Palestinian Territory, Occupied</country><phone>+(970) 2 2409354</phone><fax>+(970) 2 2409353</fax><email>psdomain@gcc.gov.ps</email><reg-date>1985-01-01</reg-date><last-update>2005-03-21</last-update></admin><tech><name>Technical Contact</name><organization>Palestinian National Internet Naming Authority PNINA</organization><address><line>Al-Wehda Street</line><line>Gaza Palestine 1215</line></address><country>Palestinian Territory, Occupied</country><phone>+ (970) 8 2861617</phone><fax>+(970) 8 2861618</fax><email>technical@pnina.ps</email><reg-date>1985-01-01</reg-date><last-update>2005-03-21</last-update></tech><reg-url>http://www.nic.ps</reg-url><nameservers><nameserver name="ns1.pnina.ps."><ipv4>194.6.225.20</ipv4></nameserver><nameserver name="dns1.gov.ps."><ipv4>213.244.82.147</ipv4></nameserver><nameserver name="slave1.sth.netnod.se."><ipv4>192.36.144.116</ipv4></nameserver><nameserver name="ns-ps.ripe.net."><ipv4>193.0.12.169</ipv4></nameserver><nameserver name="rip.psg.com."><ipv4>147.28.0.39</ipv4><ipv6>2001:418:1:0:0:0:0:39</ipv6></nameserver><nameserver name="ps-ns.anycast.pch.net."><ipv4>204.61.216.29</ipv4></nameserver></nameservers><reg-date>2000-03-22</reg-date><last-update>2008-12-18</last-update></domain><domain id="pt"><registrant><organization>Fundacao para a Computacao Cientifica Nacional</organization><address><line>Av. do Brasil 101</line><line>Lisboa  1700-066</line></address><country>Portugal</country><reg-date>1985-01-01</reg-date><last-update>1985-01-01</last-update></registrant><admin><name>Pedro Veiga</name><organization>Fundacao para a Computacao Cientifica Nacional</organization><address><line>Av. do Brasil 101</line><line>Lisboa  1700-066</line></address><country>Portugal</country><phone>+351 21 8440100</phone><fax>+351 21 8472167</fax><email>Pedro.Veiga@fccn.pt</email><reg-date>1985-01-01</reg-date><last-update>1985-01-01</last-update></admin><tech><name>Assis Neves Guerreiro</name><organization>Fundacao para a Computacao Cientifica Nacional</organization><address><line>Av. do Brasil 101</line><line>Lisboa  1700-066</line></address><country>Portugal</country><phone>+351 21 8440100</phone><fax>+351 21 844 0157</fax><email>assis.guerreiro@fccn.pt</email><reg-date>2009-03-12</reg-date><last-update>2009-03-12</last-update></tech><reg-url>http://www.dns.pt/</reg-url><nameservers><nameserver name="ns.dns.pt."><ipv4>193.136.0.1</ipv4></nameserver><nameserver name="ns.dns.br."><ipv4>200.160.0.5</ipv4></nameserver><nameserver name="ns2.dns.pt."><ipv4>193.136.2.226</ipv4><ipv6>2001:690:a80:4001:0:0:0:100</ipv6></nameserver><nameserver name="ns2.nic.fr."><ipv4>192.93.0.4</ipv4></nameserver><nameserver name="ns-ext.isc.org."><ipv4>204.152.184.64</ipv4><ipv6>2001:4f8:0:2:0:0:0:13</ipv6></nameserver><nameserver name="sunic.sunet.se."><ipv4>192.36.125.2</ipv4><ipv6>2001:6b0:7:0:0:0:0:2</ipv6></nameserver></nameservers><reg-date>1988-06-30</reg-date><last-update>2009-03-12</last-update></domain><domain id="pw"><registrant><organization>Micronesia Investment and Development Corporation</organization><address><line>P.O. Box 1256</line><line>Koror  96940</line></address><country>Palau</country><reg-date>1985-01-01</reg-date><last-update>2003-07-02</last-update></registrant><admin><name>.pw Admin Contact</name><organization>PW Registry Corporation</organization><address><line>P.O. Box 1106</line><line>Koror  96940</line></address><country>Palau</country><phone>+680.488.3414</phone><fax>+680.488.3415</fax><email>admin-iana@pwregistry.pw</email><reg-date>1985-01-01</reg-date><last-update>2007-04-23</last-update></admin><tech><name>.pw Technical Contact</name><organization>EnCirca Inc.</organization><address><line>P.O. Box 164</line><line>Reading Massachusettes 01867</line></address><country>United States</country><phone>+1 781 942 9975</phone><fax>+1 781 823 8911</fax><email>pwtech@encirca.com</email><reg-date>2003-07-02</reg-date><last-update>2003-07-02</last-update></tech><reg-url>http://www.pwregistry.pw</reg-url><nameservers><nameserver name="ns1.registry.pw."><ipv4>67.15.184.175</ipv4><ipv4>67.15.184.193</ipv4></nameserver><nameserver name="ns2.registry.pw."><ipv4>67.15.184.183</ipv4><ipv4>67.15.184.191</ipv4></nameserver><nameserver name="ns3.registry.pw."><ipv4>67.15.238.65</ipv4><ipv4>67.15.47.36</ipv4></nameserver><nameserver name="ns4.registry.pw."><ipv4>75.125.56.249</ipv4><ipv4>75.125.56.33</ipv4></nameserver></nameservers><reg-date>1997-06-12</reg-date><last-update>2007-11-09</last-update></domain><domain id="py"><registrant><organization>NIC-PY</organization><address><line>Campus Universitario UNA</line><line>San Lorenzo Asuncion</line></address><country>Paraguay</country><reg-date>1985-01-01</reg-date><last-update>1985-01-01</last-update></registrant><admin><name>Administrative Contact TLD-PY</name><organization>LED-UCA</organization><address><line>Campus UCA</line><line>B. Sta. Librada</line><line>Asuncion CC 1683</line></address><country>Paraguay</country><phone>+595 21 334 650</phone><fax>+595 21 310 587</fax><email>admin-contact@nic.py</email><reg-date>1985-01-01</reg-date><last-update>1985-01-01</last-update></admin><tech><name>DNS Administrator TLD-PY</name><organization>Centro Nacional de Computación (CNC-UNA)</organization><address><line>Campus Universitario UNA</line><line>San Lorenzo 1439</line></address><country>Paraguay</country><phone>+595 21 585550</phone><fax>+595 21 585550 ; +595 21 585554</fax><email>dnsadmin@cnc.una.py</email><reg-date>1985-01-01</reg-date><last-update>2004-09-28</last-update></tech><reg-url>http://www.nic.py</reg-url><nameservers><nameserver name="auth00.ns.uu.net."><ipv4>198.6.1.65</ipv4></nameserver><nameserver name="merapi.switch.ch."><ipv4>130.59.211.10</ipv4><ipv6>2001:620:0:0:0:0:0:5</ipv6></nameserver><nameserver name="ns.cnc.una.py."><ipv4>200.10.228.132</ipv4></nameserver><nameserver name="ns.dns.br."><ipv4>200.160.0.5</ipv4></nameserver><nameserver name="sce.cnc.una.py."><ipv4>200.10.228.133</ipv4></nameserver><nameserver name="sunic.sunet.se."><ipv4>192.36.125.2</ipv4><ipv6>2001:6b0:7:0:0:0:0:2</ipv6></nameserver><nameserver name="ns-py.ripe.net."><ipv4>193.0.12.172</ipv4><ipv6/><ipv6>2001:610:240:0:53:cc:12:172</ipv6></nameserver><nameserver name="ns3.nic.mx."><ipv4>200.33.111.1</ipv4></nameserver></nameservers><reg-date>1991-09-09</reg-date><last-update>2008-09-24</last-update></domain><domain id="qa"><registrant><organization>Qatar Telecom (Q-Tel) Q.S.C.</organization><address><line>P.O. Box 217</line><line>Doha</line></address><country>Qatar</country><reg-date>1985-01-01</reg-date><last-update>1985-01-01</last-update></registrant><admin><name>Data Services Manager - Mr. Mohammed Saeedan</name><organization>Qatar Telecom (Q-Tel) Q.S.C.</organization><address><line>P.O. Box 217</line><line>Doha</line></address><country>Qatar</country><phone>+974 440-0889</phone><fax>+974 432-9999</fax><email>qa-tld-admin@qatar.net.qa</email><reg-date>1985-01-01</reg-date><last-update>1985-01-01</last-update></admin><tech><name>Head of Internet Services - Mr. Nasser Al Humaidi</name><organization>Qatar Telecom (Q-Tel) Q.S.C.</organization><address><line>P.O. Box 217</line><line>Doha</line></address><country>Qatar</country><phone>+974 440-0104</phone><fax>+974 432-9999</fax><email>qa-tld-tec@qatar.net.qa</email><reg-date>1985-01-01</reg-date><last-update>1985-01-01</last-update></tech><reg-url>http://www.qatar.net.qa/</reg-url><nameservers><nameserver name="ns1.qatar.net.qa."><ipv4>212.77.192.10</ipv4></nameserver><nameserver name="ns2.qatar.net.qa."><ipv4>212.77.192.13</ipv4></nameserver><nameserver name="ns3.qatar.net.qa."><ipv4>212.77.192.15</ipv4></nameserver></nameservers><reg-date>1996-06-12</reg-date><last-update>2005-07-26</last-update></domain><domain id="re"><registrant><organization>AFNIC (NIC France) - Immeuble International</organization><address><line>2 rue Stephenson - Montigny-le-Bretonneux</line><line>Saint-Quentin-en-Yvelines CEDEX</line><line>78181</line></address><country>France</country><reg-date>1985-01-01</reg-date><last-update>1985-01-01</last-update></registrant><admin><name>AFNIC Admin Contact</name><organization>AFNIC (NIC France) - Immeuble International</organization><address><line>2 rue Stephenson - Montigny-le-Bretonneux</line><line>Saint-Quentin-en-Yvelines CEDEX</line><line>78181</line></address><country>France</country><phone>+33 1 39 30 83 05</phone><fax>+33 1 39 30 83 01</fax><email>tld-admin@nic.fr</email><reg-date>1985-01-01</reg-date><last-update>2006-03-15</last-update></admin><tech><name>AFNIC Tech Contact</name><organization>AFNIC (NIC France) - Immeuble International</organization><address><line>2 rue Stephenson - Montigny-le-Bretonneux</line><line>Saint-Quentin-en-Yvelines CEDEX</line><line>78181</line></address><country>France</country><phone>+33 1 39 30 83 81</phone><fax>+33 1 39 30 83 01</fax><email>tld-tech@nic.fr</email><reg-date>1985-01-01</reg-date><last-update>2006-03-15</last-update></tech><reg-url>http://www.nic.re/</reg-url><whois>whois.nic.re</whois><nameservers><nameserver name="a.nic.fr."><ipv4>192.93.0.129</ipv4><ipv6>2001:660:3005:3::1:1</ipv6></nameserver><nameserver name="b.ext.nic.fr."><ipv4>192.228.90.21</ipv4></nameserver><nameserver name="c.nic.fr."><ipv4>192.134.0.129</ipv4><ipv6>2001:660:3006:4:0:0:1:1</ipv6></nameserver><nameserver name="d.ext.nic.fr."><ipv4>204.152.184.85</ipv4><ipv6>2001:4f8:0:2:0:0:0:8</ipv6></nameserver><nameserver name="e.ext.nic.fr."><ipv4>193.176.144.6</ipv4></nameserver><nameserver name="e.nic.fr."><ipv4>194.57.253.1</ipv4></nameserver><nameserver name="f.ext.nic.fr."><ipv4>194.146.106.46</ipv4></nameserver><nameserver name="g.ext.nic.fr."><ipv4>204.61.216.39</ipv4><ipv6>2001:500:14:6039:ad:0:0:1</ipv6></nameserver></nameservers><reg-date>1997-04-07</reg-date><last-update>2009-02-24</last-update></domain><domain id="ro"><registrant><organization>National Institute for R&amp;D in Informatics</organization><address><line>Bd. Averescu 8-10</line><line>Bucharest  011454</line></address><country>Romania</country><reg-date>1985-01-01</reg-date><last-update>2008-01-14</last-update></registrant><admin><name>Eugenie Staicut</name><organization>National Institute for R&amp;D in Informatics</organization><address><line>Bd. Averescu 8-10</line><line>Sector 1</line><line>Bucharest  011454</line></address><country>Romania</country><phone>+40 21 316 0762</phone><fax>+40 21 316 1084</fax><email>eugenie@staicut.name</email><reg-date>1985-01-01</reg-date><last-update>2008-01-14</last-update></admin><tech><name>Victor Ciuperca</name><organization>National Institute for R&amp;D in Informatics</organization><address><line>Bd. Averescu 8-10</line><line>Sector 1</line><line>Bucharest  011454</line></address><country>Romania</country><phone>+40 21 316 2618</phone><fax>+40 21 316 1084</fax><email>victor@rnc.ro</email><reg-date>1985-01-01</reg-date><last-update>2008-01-11</last-update></tech><reg-url>http://www.rotld.ro/</reg-url><whois>whois.rotld.ro</whois><nameservers><nameserver name="dns-ro.denic.de."><ipv4>81.91.161.99</ipv4></nameserver><nameserver name="ns.uu.net."><ipv4>137.39.1.3</ipv4></nameserver><nameserver name="ns-ext.vix.com."><ipv4>204.152.184.64</ipv4></nameserver><nameserver name="primary.rotld.ro."><ipv4>192.162.16.18</ipv4></nameserver><nameserver name="secondary.rotld.ro."><ipv4>193.230.31.225</ipv4></nameserver><nameserver name="dns-at.rotld.ro."><ipv4>193.171.255.54</ipv4><ipv6>2001:628:453:4001:0:0:0:53</ipv6></nameserver></nameservers><reg-date>1993-02-26</reg-date><last-update>2008-06-26</last-update></domain><domain id="rs"><registrant><organization><line>Serbian National Register of</line><line>Internet Domain Names</line></organization><address><line>Bulevar Kralja Aleksandra 73</line><line>Belgrade  11000</line></address><country>Serbia</country><reg-date>2007-09-24</reg-date><last-update>2007-09-24</last-update></registrant><admin><name>Mirjana Tasic</name><organization>Registar Nacionalnog Internet Domena Srbije</organization><address><line>Bulevar Kralja Aleksandra 73</line><line>Belgrade  11000</line></address><country>Serbia</country><phone>+381112637779</phone><fax>+381112630151</fax><email>mtasic@rnids.rs</email><reg-date>2009-01-08</reg-date><last-update>2009-01-08</last-update></admin><tech><name>Nenad Krajnovic</name><organization>Registar Nacionalnog Internet Domena Srbije</organization><address><line>Bulevar Kralja Aleksandra 73</line><line>Belgrade 11000</line></address><country>Serbia</country><phone>+381113221419</phone><fax>+381113218399</fax><email>krajko@etf.rs</email><reg-date>2009-01-08</reg-date><last-update>2009-01-08</last-update></tech><reg-url>http://www.nic.rs</reg-url><nameservers><nameserver name="ns1.nic.rs."><ipv4>147.91.8.6</ipv4></nameserver><nameserver name="odisej.telekom.yu."><ipv4>195.178.32.2</ipv4></nameserver><nameserver name="avala.yubc.net."><ipv4>212.124.160.1</ipv4></nameserver><nameserver name="ns-rs.ripe.net."><ipv4>193.0.12.184</ipv4><ipv6>2001:610:240:0:53:cc:12:184</ipv6></nameserver><nameserver name="ns-ext.isc.org."><ipv4>204.152.184.64</ipv4><ipv6>2001:4f8:0:2:0:0:0:13</ipv6></nameserver><nameserver name="ns-ext.lga1.isc.org."><ipv4>192.228.91.19</ipv4></nameserver><nameserver name="ns-ext.nrt1.isc.org."><ipv4>192.228.90.19</ipv4></nameserver><nameserver name="rs-ns.anycast.pch.net."><ipv4>204.61.216.32</ipv4><ipv6>2001:500:14:6032:ad:0:0:1</ipv6></nameserver><nameserver name="ns-ext.sth1.isc.org."><ipv4>192.228.89.19</ipv4></nameserver></nameservers><reg-date>2007-09-24</reg-date><last-update>2009-02-24</last-update></domain><domain id="ru"><registrant><organization>Coordination Center for TLD RU</organization><address><line>#433, M-II, WTC, 12,</line><line>Krasnopresnenskaya nab.</line><line>Moscow  123610</line></address><country>Russian Federation</country><reg-date>1985-01-01</reg-date><last-update>2006-01-04</last-update></registrant><admin><name>.RU domain Administrative group</name><organization>Coordination Center for TLD RU</organization><address><line>#433, M-II, WTC, 12,</line><line>Krasnopresnenskaya nab.</line><line>Moscow  123610</line></address><country>Russian Federation</country><phone>+7 495 258 1320</phone><fax>+7 495 258 1321</fax><email>ru-adm@cctld.ru</email><reg-date>2005-06-15</reg-date><last-update>2007-08-17</last-update></admin><tech><name>.RU domain Technical Center</name><organization>Russian Institute for Public Networks</organization><address><line>1 Kurchatov Square</line><line>Moscow  123182</line></address><country>Russian Federation</country><phone>+7 495 196 7278, +7 495 737 6976</phone><fax>+7 495 196 4984</fax><email>ru-tech@ripn.net</email><reg-date>2005-06-15</reg-date><last-update>2006-01-04</last-update></tech><reg-url>http://www.cctld.ru/en</reg-url><whois>whois.ripn.net</whois><nameservers><nameserver name="ns.ripn.net."><ipv4>194.85.105.17</ipv4></nameserver><nameserver name="ns2.nic.fr."><ipv4>192.93.0.4</ipv4></nameserver><nameserver name="ns2.ripn.net."><ipv4>194.226.96.30</ipv4></nameserver><nameserver name="ns5.msk-ix.net."><ipv4>193.232.128.6</ipv4></nameserver><nameserver name="ns9.ripn.net."><ipv4>194.85.252.62</ipv4></nameserver><nameserver name="sunic.sunet.se."><ipv4>192.36.125.2</ipv4><ipv6>2001:6b0:7:0:0:0:0:2</ipv6></nameserver><nameserver name="e.dns.ripn.net."><ipv4>193.232.142.17</ipv4></nameserver></nameservers><reg-date>1994-04-07</reg-date><last-update>2008-12-24</last-update></domain><domain id="rw"><registrant><organization>NIC Congo - Interpoint SARL</organization><address><line>Boulevard de la Revolution</line><line>Kigali</line></address><country>Rwanda</country><reg-date>1985-01-01</reg-date><last-update>1985-01-01</last-update></registrant><admin><name>Albert Nsengiyumva</name><organization><line>Universite Nationale du Rwanda</line><line>(cooperation with Interpoint SARL -Switzerland)</line></organization><address><line>B.P. 117</line></address><country>Rwanda</country><phone>+250 32 147 / +250 85 426</phone><fax>+250 32 142</fax><email>rw-admin@dnsafrica.net</email><reg-date>1985-01-01</reg-date><last-update>2005-10-31</last-update></admin><tech><name>Frederic Gregoire</name><organization><line>NIC Congo Liaison Office in Switzerland</line><line>Interpoint SARL</line></organization><address><line>Case Postale 1336</line><line>Lausanne  1001</line></address><country>Switzerland</country><phone>+41 44 274 23 80</phone><fax>+41 44 274 23 80</fax><email>frg@dnsafrica.net</email><reg-date>1985-01-01</reg-date><last-update>2005-10-31</last-update></tech><reg-url>http://www.nic.rw</reg-url><nameservers><nameserver name="dns.dnsafrica.net."><ipv4>213.193.157.30</ipv4></nameserver><nameserver name="dns.princeton.edu."><ipv4>128.112.129.15</ipv4></nameserver><nameserver name="sunic.sunet.se."><ipv4>192.36.125.2</ipv4><ipv6>2001:6b0:7:0:0:0:0:2</ipv6></nameserver></nameservers><reg-date>1996-10-21</reg-date><last-update>2008-09-24</last-update></domain><domain id="sa"><registrant><organization>Communications and Information Technology Commission</organization><address><line>P. O. Box 75606</line><line>Riyadh  11588</line></address><country>Saudi Arabia</country><reg-date>1985-01-01</reg-date><last-update>2007-07-02</last-update></registrant><admin><name>Head of Saudi Network Information Center</name><organization>Communications and Information Technology Commission</organization><address><line>P. O. Box 75606</line><line>Riyadh  11588</line></address><country>Saudi Arabia</country><phone>+966 1 263 9233</phone><fax>+966 1 263 9393</fax><email>sa-tld-admin-contact@nic.net.sa</email><reg-date>1985-01-01</reg-date><last-update>2007-02-20</last-update></admin><tech><name>SA-TLD Technical Contact</name><organization>Communications and Information Technology Commission</organization><address><line>P. O. Box 75606</line><line>Riyadh  11588</line></address><country>Saudi Arabia</country><phone>+966 1 263 9235</phone><fax>+966 1 263 9228</fax><email>sa-tld-tech-contact@nic.net.sa</email><reg-date>1985-01-01</reg-date><last-update>2007-02-20</last-update></tech><reg-url>http://www.nic.net.sa/</reg-url><whois>whois.nic.net.sa</whois><nameservers><nameserver name="ns1.isu.net.sa."><ipv4>212.26.18.3</ipv4></nameserver><nameserver name="rip.psg.com."><ipv4>147.28.0.39</ipv4><ipv6>2001:418:1:0:0:0:0:39</ipv6></nameserver><nameserver name="ns1.nic.net.sa."><ipv4>86.111.192.9</ipv4></nameserver><nameserver name="ns2.nic.net.sa."><ipv4>86.111.196.9</ipv4></nameserver><nameserver name="ns-sa.ripe.net."><ipv4>193.0.12.193</ipv4><ipv6>2001:610:240:0:53:cc:12:193</ipv6></nameserver><nameserver name="sa-ns.anycast.pch.net."><ipv4>204.61.216.41</ipv4></nameserver></nameservers><reg-date>1994-05-17</reg-date><last-update>2008-12-18</last-update></domain><domain id="sb"><registrant><organization>Solomon Telekom Company Limited</organization><address><line>Telekom Haus</line><line>Mendana Avenue</line><line>Honiara</line></address><country>Solomon Islands</country><reg-date>1985-01-01</reg-date><last-update>2007-07-17</last-update></registrant><admin><name>Mr. Lee HUMPHRIES</name><organization>Solomon Telekom Company Limited</organization><address><line>Telekom Haus</line><line>Mendana Avenue</line><line>Honiara</line></address><country>Solomon Islands</country><phone>+677 38561</phone><fax>+677 20195</fax><email>lee.humphries@telekom.com.sb</email><reg-date>2007-07-17</reg-date><last-update>2007-07-17</last-update></admin><tech><name>Mr. Andrew RARUMAE</name><organization>Solomon Telekom Company Limited</organization><address><line>Telekom Haus</line><line>Mendana Avenue</line><line>Honiara</line></address><country>Solomon Islands</country><phone>+677 20199 x371</phone><fax>+677 20195</fax><email>andrew.rarumae@telekom.com.sb</email><reg-date>1985-01-01</reg-date><last-update>2007-07-17</last-update></tech><reg-url>http://www.nic.net.sb/</reg-url><whois>whois.nic.net.sb</whois><nameservers><nameserver name="dns1.telekom.net.sb."><ipv4>202.1.169.15</ipv4></nameserver><nameserver name="sb-ns.anycast.pch.net."><ipv4>204.61.216.31</ipv4></nameserver><nameserver name="dns3.sb.cocca.org.au."><ipv4>203.119.12.243</ipv4></nameserver><nameserver name="sb1.dyntld.net."><ipv4>208.78.70.83</ipv4></nameserver><nameserver name="sb2.dyntld.net."><ipv4>204.13.250.83</ipv4></nameserver><nameserver name="sb3.dyntld.net."><ipv4>208.78.71.83</ipv4></nameserver><nameserver name="sb4.dyntld.net."><ipv4>204.13.251.83</ipv4></nameserver></nameservers><reg-date>1994-04-19</reg-date><last-update>2009-02-18</last-update></domain><domain id="sc"><registrant><organization>VCS Pty Ltd</organization><address><line>P.O. Box 1000</line><line>Victoria Mahe</line></address><country>Seychelles</country><reg-date>1985-01-01</reg-date><last-update>2008-07-09</last-update></registrant><admin><name>Arnold A. Chetty</name><organization>VCS Pty Ltd</organization><address><line>P.O. Box 1000</line><line>Victoria Mahe</line></address><country>Seychelles</country><phone>+248 521188</phone><fax>+248 324056</fax><email>arnold@seychelles.net</email><reg-date>2008-07-09</reg-date><last-update>2008-07-09</last-update></admin><tech><name>Marc Houareau</name><organization>VCS Pty Ltd</organization><address><line>P.O. Box 1000</line><line>Victoria Mahe</line></address><country>Seychelles</country><phone>+248 513532</phone><fax>+248 324056</fax><email>marc@seychelles.net</email><reg-date>1985-01-01</reg-date><last-update>2008-07-09</last-update></tech><reg-url>http://www.nic.sc</reg-url><whois>whois2.afilias-grs.net</whois><nameservers><nameserver name="a0.cctld.afilias-nst.info."><ipv4>199.254.59.1</ipv4><ipv6>2001:500:25:0:0:0:0:1</ipv6></nameserver><nameserver name="b0.cctld.afilias-nst.org."><ipv4>199.254.60.1</ipv4><ipv6>2001:500:26:0:0:0:0:1</ipv6></nameserver><nameserver name="c0.cctld.afilias-nst.info."><ipv4>199.254.61.1</ipv4><ipv6>2001:500:27:0:0:0:0:1</ipv6></nameserver><nameserver name="d0.cctld.afilias-nst.org."><ipv4>199.254.62.1</ipv4><ipv6>2001:500:28:0:0:0:0:1</ipv6></nameserver><nameserver name="ns1.nic.sc."><ipv4>202.72.100.47</ipv4></nameserver><nameserver name="a2.cctld.afilias-nst.info."><ipv4>199.249.116.1</ipv4><ipv6>2001:500:44:0:0:0:0:1</ipv6></nameserver><nameserver name="b2.cctld.afilias-nst.org."><ipv4>199.249.124.1</ipv4><ipv6>2001:500:4c:0:0:0:0:1</ipv6></nameserver></nameservers><reg-date>1997-05-09</reg-date><last-update>2008-12-15</last-update></domain><domain id="sd"><registrant><organization>Sudan Internet Society</organization><address><line>Al Fayha Buld, 4th Floor</line><line>P.O.Box 13713, Code 11111</line><line>Khartoum</line></address><country>Sudan</country><reg-date>1985-01-01</reg-date><last-update>2005-10-24</last-update></registrant><admin><name>SD Administration Management</name><organization>Sudan Internet Society</organization><address><line>Al Fayha Buld, 4th Floor</line><line>P.O.Box 13713, Code 11111</line><line>Khartoum</line></address><country>Sudan</country><phone>+249912148139</phone><fax>+24983766729</fax><email>admin@isoc.sd</email><reg-date>1985-01-01</reg-date><last-update>2005-10-24</last-update></admin><tech><name>SD Technical Management</name><organization>Sudan Internet Society</organization><address><line>Al Fayha Buld, 4th Floor</line><line>P.O.Box 13713, Code 11111</line><line>Khartoum</line></address><country>Sudan</country><phone>+24983766122</phone><fax>+24983766729</fax><email>tech@isoc.sd</email><reg-date>1985-01-01</reg-date><last-update>2005-10-24</last-update></tech><reg-url>http://www.isoc.sd</reg-url><nameservers><nameserver name="ans1.sis.sd."><ipv4>196.29.166.134</ipv4></nameserver><nameserver name="ns-sd.ripe.net."><ipv4>193.0.12.209</ipv4></nameserver><nameserver name="ans1.canar.sd."><ipv4>196.29.180.14</ipv4></nameserver><nameserver name="ans2.canar.sd."><ipv4>196.29.164.14</ipv4></nameserver><nameserver name="ns1.coza.net.za."><ipv4>66.139.79.204</ipv4></nameserver><nameserver name="ns1.uaenic.ae."><ipv4>213.42.0.226</ipv4></nameserver><nameserver name="ns2.uaenic.ae."><ipv4>195.229.0.186</ipv4></nameserver></nameservers><reg-date>1997-03-06</reg-date><last-update>2008-07-01</last-update></domain><domain id="se"><registrant><organization>The Internet Infrastructure Foundation</organization><address><line>Box 7399</line><line>Stockholm  SE-103 91</line></address><country>Sweden</country><reg-date>1985-01-01</reg-date><last-update>2008-03-27</last-update></registrant><admin><name>SE Administrative Contact</name><organization>The Internet Infrastructure Foundation</organization><address><line>Box 7399</line><line>Stockholm  SE-103 91</line></address><country>Sweden</country><phone>+46 8 452 35 00</phone><fax>+46 8 452 35 02</fax><email>noc@iis.se</email><reg-date>1985-01-01</reg-date><last-update>2008-03-27</last-update></admin><tech><name>SE Technical Contact</name><organization>The Internet Infrastructure Foundation</organization><address><line>Box 7399</line><line>Stockholm  SE-103 91</line></address><country>Sweden</country><phone>+46 8 452 35 00</phone><fax>+46 8 452 35 02</fax><email>hostmaster@iis.se</email><reg-date>1985-01-01</reg-date><last-update>2008-03-27</last-update></tech><reg-url>http://www.iis.se</reg-url><whois>whois.iis.se</whois><nameservers><nameserver name="a.ns.se."><ipv4>192.36.144.107</ipv4><ipv6>2a01:3f0:0:0301:0:0:0:53</ipv6></nameserver><nameserver name="b.ns.se."><ipv4>192.36.133.107</ipv4></nameserver><nameserver name="c.ns.se."><ipv4>192.36.135.107</ipv4></nameserver><nameserver name="d.ns.se."><ipv4>81.228.8.16</ipv4></nameserver><nameserver name="e.ns.se."><ipv4>81.228.10.57</ipv4></nameserver><nameserver name="f.ns.se."><ipv4>192.71.53.53</ipv4></nameserver><nameserver name="g.ns.se."><ipv4>130.239.5.114</ipv4><ipv6>2001:6b0:e:3:0:0:0:1</ipv6></nameserver><nameserver name="h.ns.se."><ipv4>199.7.49.30</ipv4></nameserver><nameserver name="i.ns.se."><ipv4>194.146.106.22</ipv4></nameserver><nameserver name="j.ns.se."><ipv4>199.254.63.1</ipv4><ipv6>2001:500:2c:0:0:0:0:1</ipv6></nameserver></nameservers><reg-date>1986-09-04</reg-date><last-update>2008-09-02</last-update></domain><domain id="sg"><registrant><organization>Singapore Network Information Centre (SGNIC) Pte Ltd</organization><address><line>8 Temasek Boulevard</line><line>#14-00 Sunctec Tower Three</line><line>038988</line></address><country>Singapore</country><reg-date>1985-01-01</reg-date><last-update>1985-01-01</last-update></registrant><admin><name>Administrator - SGNIC</name><organization>Singapore Network Information Centre (SGNIC) Pte Ltd.</organization><address><line>8 Temasek Boulevard</line><line>#14-00 Sunctec Tower Three</line><line>038988</line></address><country>Singapore</country><phone>+65 6774 0479</phone><fax>+65 6211 2217</fax><email>dna@nic.net.sg</email><reg-date>1985-01-01</reg-date><last-update>2003-01-16</last-update></admin><tech><name>Administrator - SGNIC</name><organization>Singapore Network Information Centre (SGNIC) Pte Ltd.</organization><address><line>8 Temasek Boulevard</line><line>#14-00 Sunctec Tower Three</line><line>038988</line></address><country>Singapore</country><phone>+65 6774 0479</phone><fax>+65 6211 2217</fax><email>dna@nic.net.sg</email><reg-date>1985-01-01</reg-date><last-update>2003-01-16</last-update></tech><reg-url>http://www.nic.net.sg/</reg-url><whois>whois.nic.net.sg</whois><nameservers><nameserver name="ds.sgnic.sg."><ipv4>160.96.6.151</ipv4></nameserver><nameserver name="sec3.apnic.net."><ipv4>202.12.28.140</ipv4><ipv6>2001:dc0:1:0:4777:0:0:140</ipv6></nameserver><nameserver name="dsany.sgnic.sg."><ipv4>194.0.1.16</ipv4><ipv6>2001:678:4:0:0:0:0:10</ipv6></nameserver></nameservers><reg-date>1988-10-19</reg-date><last-update>2008-12-09</last-update></domain><domain id="sh"><registrant><organization>Government of St. Helena</organization><address><line>The Castle</line><line>Jamestown</line></address><country>St. Helena Island</country><reg-date>1985-01-01</reg-date><last-update>1985-01-01</last-update></registrant><admin><name>Chief Secretary</name><organization>Government of St. Helena</organization><address><line>The Castle</line><line>Jamestown</line></address><country>St. Helena Island</country><fax>+290 2598</fax><email>administrator@nic.sh</email><reg-date>1985-01-01</reg-date><last-update>1985-01-01</last-update></admin><tech><name>Administrator</name><organization>ICB Plc.</organization><address><line>9 Queens Road</line><line>Bournemouth Dorset BH2 6BA</line></address><country>United Kingdom</country><fax>+44 1202 430 580</fax><email>admin@icb.co.uk</email><reg-date>1985-01-01</reg-date><last-update>2005-05-12</last-update></tech><reg-url>http://www.nic.sh/</reg-url><whois>whois.nic.sh</whois><nameservers><nameserver name="a.nic.sh."><ipv4>64.251.31.178</ipv4></nameserver><nameserver name="b.nic.ac."><ipv4>217.160.203.158</ipv4></nameserver><nameserver name="b.nic.io."><ipv4>194.0.2.1</ipv4></nameserver><nameserver name="ns3.icb.co.uk."><ipv4>217.199.188.61</ipv4></nameserver><nameserver name="a.ns13.net."><ipv4>202.181.97.168</ipv4></nameserver><nameserver name="b.ns13.net."><ipv4>202.181.96.60</ipv4></nameserver><nameserver name="ns1.communitydns.net."><ipv4>194.0.1.1</ipv4><ipv6>2001:678:4:0:0:0:0:1</ipv6></nameserver></nameservers><reg-date>1997-09-23</reg-date><last-update>2008-12-18</last-update></domain><domain id="si"><registrant><organization>Academic and Research Network of Slovenia (ARNES)</organization><address><line>Jamova 39</line><line>Ljubljana  1000</line></address><country>Slovenia</country><reg-date>1985-01-01</reg-date><last-update>1985-01-01</last-update></registrant><admin><name>Marko Bonac</name><organization>Academic and Research Network of Slovenia (ARNES)</organization><address><line>Jamova 39</line><line>Ljubljana  1000</line></address><country>Slovenia</country><phone>+386 1 4798800</phone><fax>+386 1 4798899</fax><email>bonac@arnes.si</email><reg-date>1985-01-01</reg-date><last-update>2006-08-09</last-update></admin><tech><name>Avgust Jauk</name><organization>Academic and Research Network of Slovenia (ARNES)</organization><address><line>Jamova 39</line><line>Ljubljana  1000</line></address><country>Slovenia</country><phone>+386 1 4798800</phone><fax>+386 1 4798899</fax><email>jauk@arnes.si</email><reg-date>1985-01-01</reg-date><last-update>2006-08-09</last-update></tech><reg-url>http://www.arnes.si/si-domene/</reg-url><whois>whois.arnes.si</whois><nameservers><nameserver name="ns.uu.net."><ipv4>137.39.1.3</ipv4></nameserver><nameserver name="ns1.arnes.si."><ipv4>193.2.1.86</ipv4></nameserver><nameserver name="ns-ext.vix.com."><ipv4>204.152.184.64</ipv4></nameserver><nameserver name="sss.arnes.si."><ipv4>81.91.161.101</ipv4></nameserver><nameserver name="ns2.arnes.si."><ipv4>193.2.1.91</ipv4></nameserver><nameserver name="ns4.arnes.eu."><ipv4>130.59.1.30</ipv4><ipv4>130.59.10.30</ipv4><ipv6>2001:620::1</ipv6></nameserver><nameserver name="ns3.arnes.eu."><ipv4>192.93.0.4</ipv4><ipv6>2001:660:3005:1::1:2</ipv6></nameserver></nameservers><reg-date>1992-04-01</reg-date><last-update>2008-04-29</last-update></domain><domain id="sj"><registrant><organization>UNINETT Norid A/S</organization><address><line>Abelsgate 5</line><line>Trondheim  N-7465</line></address><country>Norway</country><reg-date>1985-01-01</reg-date><last-update>2003-09-12</last-update></registrant><admin><name>Hilde Thunem</name><organization>UNINETT Norid A/S</organization><address><line>Abelsgate 5</line><line>Trondheim  N-7465</line></address><country>Norway</country><phone>+47 73 55 79 00</phone><fax>+47 73 55 79 99</fax><email>hilde.thunem@UNINETT.NO</email><reg-date>1985-01-01</reg-date><last-update>2003-09-12</last-update></admin><tech><name>Jarle Greipsland</name><organization>UNINETT Norid A/S</organization><address><line>Abelsgate 5</line><line>Trondheim  N-7465</line></address><country>Norway</country><phone>+47 73 55 79 00</phone><fax>+47 73 55 79 99</fax><email>jarle@uninett.no</email><reg-date>1985-01-01</reg-date><last-update>2004-03-22</last-update></tech><reg-url>http://www.norid.no/domenenavnbaser/bv-sj.html</reg-url><nameservers><nameserver name="nac.no."><ipv4>128.39.2.22</ipv4></nameserver><nameserver name="nn.uninett.no."><ipv4>158.38.0.181</ipv4></nameserver><nameserver name="server.nordu.net."><ipv4>193.10.252.19</ipv4></nameserver></nameservers><reg-date>1997-08-21</reg-date><last-update>2008-05-29</last-update></domain><domain id="sk"><registrant><organization>SK-NIC, a.s.</organization><address><line>Borska 6</line><line>Bratislava  84104</line></address><country>Slovak Republic</country><reg-date>1985-01-01</reg-date><last-update>2007-01-03</last-update></registrant><admin><name>GAC delegate</name><organization>Ministry of Finance of the Slovak Republic</organization><address><line>Stefanovicova 5</line><line>Bratislava  81782</line></address><country>Slovak Republic</country><phone>+421/2/595 82 426</phone><fax>+421/2/595 82 498</fax><email>gac@mfsr.sk</email><reg-date>2007-01-03</reg-date><last-update>2007-08-03</last-update></admin><tech><name>Technical Director</name><organization>SK-NIC, a.s.</organization><address><line>Borska 6</line><line>Bratislava  84104</line></address><country>Slovak Republic</country><phone>+421 2 350 350 30</phone><fax>+421 2 350 350 39</fax><email>tech-c@sk-nic.sk</email><reg-date>1985-01-01</reg-date><last-update>2007-01-03</last-update></tech><reg-url>http://www.sk-nic.sk</reg-url><whois>whois.sk-nic.sk</whois><nameservers><nameserver name="ns.eunet.sk."><ipv4>192.108.130.33</ipv4></nameserver><nameserver name="ns.internet.sk."><ipv4>192.108.130.34</ipv4></nameserver><nameserver name="ns.sk-nic.sk."><ipv4>195.12.159.2</ipv4></nameserver><nameserver name="ns.uu.net."><ipv4>137.39.1.3</ipv4></nameserver><nameserver name="ns1.sk-nic.sk."><ipv4>195.12.159.3</ipv4></nameserver><nameserver name="ns-ext.vix.com."><ipv4>204.152.184.64</ipv4></nameserver><nameserver name="sunic.sunet.se."><ipv4>192.36.125.2</ipv4><ipv6>2001:6b0:7:0:0:0:0:2</ipv6></nameserver><nameserver name="ns3.sk-nic.sk."><ipv4>217.75.67.234</ipv4></nameserver></nameservers><reg-date>1993-03-29</reg-date><last-update>2008-09-24</last-update></domain><domain id="sl"><registrant><organization>Sierratel</organization><address><line>7 Wallace Johnson Street</line><line>Freetown</line></address><country>Sierra Leone</country><reg-date>1985-01-01</reg-date><last-update>2002-10-23</last-update></registrant><admin><name>Adel Suliman, Administrative Head</name><organization>Sierratel</organization><address><line>7 Wallace Johnson Street</line><line>Freetown</line></address><country>Sierra Leone</country><phone>+232 22 235981</phone><fax>+232 22 224439</fax><email>adel@afcomnetwork.net</email><reg-date>1985-01-01</reg-date><last-update>2007-03-29</last-update></admin><tech><name>Adam Ben-Gur, Network Consultant</name><organization>Sierratel</organization><address><line>7 Wallace Johnson Street</line><line>Freetown</line></address><country>Sierra Leone</country><phone>+232 22 235981</phone><fax>+232 22 224439</fax><email>adam@neoip.com</email><reg-date>2005-05-20</reg-date><last-update>2007-03-29</last-update></tech><reg-url>http://www.nic.sl</reg-url><nameservers><nameserver name="ns1.neoip.com."><ipv4>62.90.12.10</ipv4></nameserver><nameserver name="ns2.neoip.com."><ipv4>66.162.64.185</ipv4></nameserver></nameservers><reg-date>1997-05-09</reg-date><last-update>2008-05-27</last-update></domain><domain id="sm"><registrant><organization>Telecom Italia San Marino S.p.A.</organization><address><line>Strada degli Angariari, 3</line><line>Rovereta Falciano 47891</line></address><country>San Marino</country><reg-date>1985-01-01</reg-date><last-update>2008-05-08</last-update></registrant><admin><name>TISM Hostmaster</name><organization>Telecom Italia San Marino S.p.A.</organization><address><line>Strada degli Angariari, 3</line><line>Rovereta Falciano 47891</line></address><country>San Marino</country><phone>+378 0549 886111</phone><fax>+378 0549 886188</fax><email>hostmaster@telecomitalia.sm</email><reg-date>1985-01-01</reg-date><last-update>2008-05-08</last-update></admin><tech><name>TISM Hostmaster</name><organization>Telecom Italia San Marino S.p.A.</organization><address><line>Strada degli Angariari, 3</line><line>Rovereta Falciano 47891</line></address><country>San Marino</country><phone>+378 0549 886111</phone><fax>+378 0549 886188</fax><email>hostmaster@telecomitalia.sm</email><reg-date>1985-01-01</reg-date><last-update>2008-05-08</last-update></tech><reg-url>http://www.nic.sm</reg-url><whois>whois.ripe.net</whois><nameservers><nameserver name="dns.intelcom.sm."><ipv4>194.183.64.11</ipv4></nameserver><nameserver name="dns.nettuno.it."><ipv4>193.43.2.1</ipv4></nameserver><nameserver name="dns.omniway.sm."><ipv4>194.183.64.10</ipv4></nameserver><nameserver name="ns-sm.ripe.net."><ipv4>193.0.12.191</ipv4></nameserver></nameservers><reg-date>1995-08-16</reg-date><last-update>2008-05-08</last-update></domain><domain id="sn"><registrant><organization><line>Universite Cheikh Anta Diop</line><line>NIC Senegal</line></organization><address><line>B.P. 5005</line><line>Dakar-Fann</line></address><country>Senegal</country><reg-date>1985-01-01</reg-date><last-update>2004-04-29</last-update></registrant><admin><name>Boubakar Barry</name><organization>Centre de Calcul, UCAD</organization><address><line>BP 16370</line><line>Dakar-Fann</line></address><country>Senegal</country><phone>+221 639 03 93</phone><fax>+221 825 65 76</fax><email>barry@ucad.sn</email><reg-date>2005-08-16</reg-date><last-update>2005-08-16</last-update></admin><tech><name>Alioune Thioune</name><organization>Bibliotheque Universitaire</organization><address><line>BP 16370</line><line>Dakar-Fann</line></address><country>Senegal</country><phone>+221 824 13 73</phone><fax>+221 825 65 76</fax><email>thioune@ucad.sn</email><reg-date>2005-08-16</reg-date><last-update>2005-08-16</last-update></tech><reg-url>http://www.nic.sn</reg-url><whois>whois.nic.sn</whois><nameservers><nameserver name="ns.sentoo.sn."><ipv4>213.154.64.13</ipv4></nameserver><nameserver name="ns.ucad.sn."><ipv4>196.1.95.1</ipv4></nameserver><nameserver name="ns3.nic.fr."><ipv4>192.134.0.49</ipv4><ipv6>2001:660:3006:1:0:0:1:1</ipv6></nameserver><nameserver name="ns1.ird.fr."><ipv4>193.50.53.3</ipv4></nameserver><nameserver name="ns-sn.ripe.net."><ipv4>193.0.12.195</ipv4></nameserver></nameservers><reg-date>1993-03-19</reg-date><last-update>2008-10-31</last-update></domain><domain id="so"><registrant><organization><line>World Class Domains</line><line>c/o Monolith Innovation Group</line></organization><address><line>Box 8159</line><line>Pittsburgh Pennsylvania 15217</line></address><country>United States</country><reg-date>1985-01-01</reg-date><last-update>1985-01-01</last-update></registrant><admin><name>Mahamud Hagi Abdulahi Mahamed Beldaje</name><organization><line>World Class Domains</line><line>c/o Monolith Innovation Group</line></organization><address><line>Box 8159</line><line>Pittsburgh Pennsylvania 15217</line></address><country>United States</country><phone>+25252 34683</phone><email>somaali@aol.com</email><reg-date>1985-01-01</reg-date><last-update>1985-01-01</last-update></admin><tech><name>World Class Tech Support</name><organization><line>World Class Domains</line><line>c/o Monolith Innovations Group Inc.</line></organization><address><line>Box 8159</line><line>Pittsburgh Pennsylvania 15217</line></address><country>United States</country><phone>+1 516 741 7341</phone><email>support@nic.so</email><reg-date>1985-01-01</reg-date><last-update>1985-01-01</last-update></tech><reg-url>http://www.wcd.so/</reg-url><nameservers><nameserver name="mercury.ml.org."><ipv4>209.68.0.85</ipv4></nameserver><nameserver name="ns1.granitecanyon.com."><ipv4>205.166.226.38</ipv4></nameserver><nameserver name="ns2.granitecanyon.com."><ipv4>69.67.108.10</ipv4></nameserver></nameservers><reg-date>1997-08-28</reg-date><last-update>2005-07-26</last-update></domain><domain id="sr"><registrant><organization>Telesur</organization><address><line>1 Heiligenweg</line><line>P.O. Box 1839</line><line>Paramaribo</line></address><country>Suriname</country><reg-date>1985-01-01</reg-date><last-update>1985-01-01</last-update></registrant><admin><name>Henry M. Nobibux</name><organization>Telesur</organization><address><line>1 Heiligenweg</line><line>P.O. Box 1839</line><line>Paramaribo</line></address><country>Suriname</country><phone>+597 474242 or +597 8811699</phone><fax>+597 425333</fax><email>henry.nobibux@telesur.sr</email><reg-date>1985-01-01</reg-date><last-update>2004-12-30</last-update></admin><tech><name>August Imang</name><organization>Telesur</organization><address><line>1 Heiligenweg</line><line>P.O. Box 1839</line><line>Paramaribo</line></address><country>Suriname</country><phone>+597 400044 or +597 8809299</phone><fax>+597 404992</fax><email>august.imang@telesur.sr</email><reg-date>1985-01-01</reg-date><last-update>2004-12-30</last-update></tech><reg-url>http://www.sr.net</reg-url><nameservers><nameserver name="ns1.sr.net."><ipv4>200.1.157.10</ipv4></nameserver><nameserver name="ns2.sr.net."><ipv4>200.1.156.11</ipv4></nameserver></nameservers><reg-date>1991-09-03</reg-date><last-update>2005-07-26</last-update></domain><domain id="st"><registrant><organization>Tecnisys</organization><address><line>Travessa Joa de Deus</line><line>CP 709</line></address><country>Sao Tome</country><reg-date>1985-01-01</reg-date><last-update>1985-01-01</last-update></registrant><admin><name>Aguinaldo Salvaterra</name><organization>Tecnisys</organization><address><line>Travessa Joa de Deus</line><line>CP 709</line></address><country>Sao Tome</country><phone>+239 12 22753</phone><email>info@tecnisys.net</email><reg-date>1985-01-01</reg-date><last-update>1985-01-01</last-update></admin><tech><name>ST Registry</name><organization>Bahnhof Internet</organization><address><line>Box 6220</line><line>Stockholm  10234</line></address><country>Sweden</country><phone>+46-8-55577100</phone><fax>+46-8-55577199</fax><email>st-registry@BAHNHOF.NET</email><reg-date>1985-01-01</reg-date><last-update>2005-08-16</last-update></tech><reg-url>http://www.nic.st</reg-url><whois>whois.nic.st</whois><nameservers><nameserver name="auth61.ns.uu.net."><ipv4>198.6.1.182</ipv4></nameserver><nameserver name="ns1.bahnhof.net."><ipv4>195.178.160.2</ipv4></nameserver><nameserver name="ns2.bahnhof.net."><ipv4>212.85.64.4</ipv4></nameserver><nameserver name="sunic.sunet.se."><ipv4>192.36.125.2</ipv4><ipv6>2001:6b0:7:0:0:0:0:2</ipv6></nameserver><nameserver name="aunic.aunic.net."><ipv4>203.29.5.1</ipv4></nameserver></nameservers><reg-date>1997-11-07</reg-date><last-update>2008-09-24</last-update></domain><domain id="su"><registrant><organization><line>Russian Institute for Development of Public Networks</line><line>(ROSNIIROS)</line></organization><address><line>1, Kurchatov Sq.</line><line>Moscow  123182</line></address><country>Russian Federation</country><reg-date>1985-01-01</reg-date><last-update>1985-01-01</last-update></registrant><admin><name>Alexei P. Platonov</name><organization>Russian Institute for Public Networks</organization><address><line>1 Kurchatov Square</line><line>Moscow  123182</line></address><country>Russian Federation</country><phone>+7 499 196 9614, +7 499 196 7278</phone><fax>+7 499 196 4984</fax><email>plat@ripn.net</email><reg-date>1985-01-01</reg-date><last-update>2008-08-08</last-update></admin><tech><name>Network Coordination Centre</name><organization>Russian Institute for Public Networks</organization><address><line>1 Kurchatov Square</line><line>Moscow  123182</line></address><country>Russian Federation</country><phone>+7 499 192 9179</phone><fax>+7 499 196 4984</fax><email>noc-dns@relarn.ru</email><reg-date>1985-01-01</reg-date><last-update>2008-08-08</last-update></tech><nameservers><nameserver name="ns.ripn.net."><ipv4>194.85.105.17</ipv4></nameserver><nameserver name="ns2.ripn.net."><ipv4>194.226.96.30</ipv4></nameserver><nameserver name="ns5.msk-ix.net."><ipv4>193.232.128.6</ipv4></nameserver><nameserver name="ns9.ripn.net."><ipv4>194.85.252.62</ipv4></nameserver><nameserver name="e.dns.ripn.net."><ipv4>193.232.142.17</ipv4></nameserver></nameservers><reg-date>1990-09-19</reg-date><last-update>2008-12-24</last-update></domain><domain id="sv"><registrant><organization><line>SVNet</line><line>Col. Medica</line><line>Dr. Emilio Alvarez</line></organization><address><line>Pasaje Dr. Guillermo Rodriquez Pacas</line><line>Edif. Espinoza No. 51</line><line>San Salvador</line></address><country>El Salvador</country><reg-date>1985-01-01</reg-date><last-update>1985-01-01</last-update></registrant><admin><name>Rafael Ibarra</name><organization>UCA José Simeón Cañas</organization><address><line>Boulevard Los Próceres</line><line>San Salvador</line></address><country>El Salvador</country><phone>(503) 2210-6636</phone><fax>(503) 2210-6636</fax><email>ribarra@di.uca.edu.sv</email><reg-date>1985-01-01</reg-date><last-update>2006-07-27</last-update></admin><tech><name>René Torres</name><organization>SVNet</organization><address><line>UCA José Simeón Cañas</line><line>Boulevard Los Próceres</line><line>San Salvador</line></address><country>El Salvador</country><phone>(503) 2263-3335</phone><fax>(503) 2263-3335</fax><email>rtorres@tse.gob.sv</email><reg-date>1985-01-01</reg-date><last-update>2006-07-27</last-update></tech><reg-url>http://www.svnet.org.sv</reg-url><nameservers><nameserver name="auth02.ns.uu.net."><ipv4>198.6.1.82</ipv4></nameserver><nameserver name="cir.red.sv."><ipv4>168.243.254.1</ipv4></nameserver><nameserver name="ns.cr."><ipv4>163.178.8.2</ipv4></nameserver><nameserver name="ns.dns.br."><ipv4>200.160.0.5</ipv4></nameserver><nameserver name="ns.telefonica-ca.net."><ipv4>216.184.96.4</ipv4></nameserver><nameserver name="ns.uu.net."><ipv4>137.39.1.3</ipv4></nameserver><nameserver name="ns-sv.ripe.net."><ipv4>193.0.12.67</ipv4></nameserver></nameservers><reg-date>1994-11-04</reg-date><last-update>2006-07-27</last-update></domain><domain id="sy"><registrant><organization>Syrian Telecommunications Establishment (STE)</organization><address><line>Mazza Street</line><line>STE building</line><line>Damascus  34217</line></address><country>Syrian Arab Republic</country><reg-date>1985-01-01</reg-date><last-update>2007-02-13</last-update></registrant><admin><name>syTLD Administrator - Rouda AlAmir Ali</name><organization>STE- Directorate of Data Communications</organization><address><line>Baghdad Street</line><line>Damascus  34217</line></address><country>Syrian Arab Republic</country><phone>+963 11 4466126</phone><fax>+963 11 4465833</fax><email>sytld-admin@net.sy</email><reg-date>1985-01-01</reg-date><last-update>2007-12-19</last-update></admin><tech><name>syTLD Technical - Manal Saleh</name><organization>STE- Directorate of Data Communications</organization><address><line>AlThawra Street</line><line>Damascus  34217</line></address><country>Syrian Arab Republic</country><phone>+963 11 2324375</phone><fax>+963 11 2324820</fax><email>sytld-tech@net.sy</email><reg-date>1985-01-01</reg-date><last-update>2007-12-19</last-update></tech><reg-url>http://www.ste.gov.sy</reg-url><nameservers><nameserver name="castor.teleglobe.net."><ipv4>199.202.55.2</ipv4></nameserver><nameserver name="dns1.net.sy."><ipv4>66.198.41.9</ipv4></nameserver><nameserver name="dns2.net.sy."><ipv4>66.198.41.14</ipv4></nameserver><nameserver name="pollux.teleglobe.net."><ipv4>199.202.55.10</ipv4></nameserver><nameserver name="ns1.pdn.sy."><ipv4>82.137.192.141</ipv4></nameserver><nameserver name="ns2.pdn.sy."><ipv4>82.137.192.142</ipv4></nameserver></nameservers><reg-date>1996-02-20</reg-date><last-update>2007-12-19</last-update></domain><domain id="sz"><registrant><organization><line>University of Swaziland</line><line>Department of Computer Science</line></organization><address><line>P/Bag Kwaluseni</line></address><country>Swaziland</country><reg-date>1985-01-01</reg-date><last-update>1985-01-01</last-update></registrant><admin><name>Ralph Nkambule</name><organization>Swaziland ISP Association</organization><address><line>P.O. Box A59, Swazi Plaza</line><line>Mbabane Hhohho H101</line></address><country>Swaziland</country><phone>+268 404 0627</phone><fax>+268 404 0627</fax><email>dns@sispa.org.sz</email><reg-date>1985-01-01</reg-date><last-update>2005-10-05</last-update></admin><tech><name>Ralph Nkambule</name><organization>Swaziland ISP Association</organization><address><line>P.O. Box A59, Swazi Plaza</line><line>Mbabane Hhohho H101</line></address><country>Swaziland</country><phone>+268 404 0627</phone><fax>+268 404 0627</fax><email>dns@sispa.org.sz</email><reg-date>1985-01-01</reg-date><last-update>2005-10-05</last-update></tech><reg-url>http://www.sispa.org.sz/</reg-url><nameservers><nameserver name="rip.psg.com."><ipv4>147.28.0.39</ipv4><ipv6>2001:418:1:0:0:0:0:39</ipv6></nameserver><nameserver name="dns.sispa.org.sz."><ipv4>212.85.220.11</ipv4></nameserver><nameserver name="ns-sz.ripe.net."><ipv4>193.0.12.212</ipv4></nameserver></nameservers><reg-date>1993-07-19</reg-date><last-update>2008-12-19</last-update></domain><domain id="tc"><registrant><organization>Melrex TC</organization><address><line>Richmond House</line><line>PO Box 127</line><line>Leeward Highway Providenciales</line></address><country>Turks and Caicos Islands</country><reg-date>1985-01-01</reg-date><last-update>2005-08-08</last-update></registrant><admin><name>Registrar</name><organization>Melrex TC</organization><address><line>Richmond House</line><line>P.O. Box 127</line><line>Leeward Highway Providenciales</line></address><country>Turks and Caicos Islands</country><phone>+44 1223 353203</phone><email>tldwhois@adamsnames.tc</email><reg-date>1985-01-01</reg-date><last-update>2005-08-08</last-update></admin><tech><name>Registrar</name><organization>AdamsNames Ltd</organization><address><line>c/o 3 Adams Road</line><line>Cambridge  CB3 9AD</line></address><country>United Kingdom</country><phone>+44 1223 353203</phone><email>tldwhois@adamsnames.tc</email><reg-date>2005-08-05</reg-date><last-update>2005-08-31</last-update></tech><reg-url>http://www.adamsnames.tc/</reg-url><whois>whois.adamsnames.tc</whois><nameservers><nameserver name="auth02.ns.uu.net."><ipv4>198.6.1.82</ipv4></nameserver><nameserver name="sec1.dns.uk.psi.net."><ipv4>154.32.105.34</ipv4></nameserver><nameserver name="euterpe.william.org."><ipv4>195.153.6.27</ipv4></nameserver><nameserver name="sec2.dns.uk.psi.net."><ipv4>154.32.107.34</ipv4></nameserver><nameserver name="ns-tc.ripe.net."><ipv4>193.0.12.229</ipv4></nameserver></nameservers><reg-date>1997-01-27</reg-date><last-update>2005-08-31</last-update></domain><domain id="td"><registrant><organization>Société des télécommunications du Tchad (SOTEL TCHAD)</organization><address><line>P.O. Horse-box 1132</line><line>N'djamena</line></address><country>Chad</country><reg-date>1985-01-01</reg-date><last-update>2004-03-25</last-update></registrant><admin><name>Tarouss Ndoumanbe</name><organization>Société des télécommunications du Tchad (SOTEL TCHAD)</organization><address><line>P.O. Horse-box 1132</line><line>N'djamena</line></address><country>Chad</country><phone>+235 52 14 36</phone><fax>+235 52 14 42</fax><email>tarouss@intnet.td</email><reg-date>1985-01-01</reg-date><last-update>2004-03-25</last-update></admin><tech><name>Yasser Saleh Djiguir</name><organization>Société des télécommunications du Tchad (SOTEL TCHAD)</organization><address><line>P.O. Horse-box 1132</line><line>N'djamena</line></address><country>Chad</country><phone>+235 52 14 54</phone><fax>+235 52 14 10</fax><email>yaser.saleh@intnet.td</email><reg-date>1985-01-01</reg-date><last-update>2004-03-29</last-update></tech><reg-url>http://www.sotel.td</reg-url><nameservers><nameserver name="bow.intnet.td."><ipv4>193.251.147.253</ipv4></nameserver><nameserver name="bow.rain.fr."><ipv4>194.51.3.49</ipv4></nameserver></nameservers><reg-date>1997-11-03</reg-date><last-update>2005-07-26</last-update></domain><domain id="tel"><registrant><organization>Telnic Ltd.</organization><address><line>37 Percy Street</line><line>London  W1T 2DJ</line></address><country>United Kingdom</country><reg-date>2007-03-01</reg-date><last-update>2008-12-23</last-update></registrant><admin><name>TLD Administrative Contact</name><organization>Telnic Ltd.</organization><address><line>37 Percy Street</line><line>London  W1T 2DJ</line></address><country>United Kingdom</country><phone>+44 20 7474 6450</phone><fax>+44 20 7467 6451</fax><email>tld-admin-contact@nic.tel</email><reg-date>2007-03-01</reg-date><last-update>2008-12-23</last-update></admin><tech><name>TLD Technical Contact</name><organization>37 Percy Street</organization><address><line>8 Wilfred Street</line><line>London  SW1E 6PL</line></address><country>United Kingdom</country><phone>+44 20 7474 6450</phone><fax>+44 20 7467 6451</fax><email>tld-tech-contact@nic.tel</email><reg-date>2007-03-01</reg-date><last-update>2008-12-23</last-update></tech><reg-url>http://www.nic.tel</reg-url><whois>whois.nic.tel</whois><nameservers><nameserver name="a.nic.tel."><ipv4>194.146.106.38</ipv4></nameserver><nameserver name="b.nic.tel."><ipv4>192.36.144.116</ipv4></nameserver><nameserver name="c.nic.tel."><ipv4>209.173.53.162</ipv4></nameserver><nameserver name="d.nic.tel."><ipv4>209.173.57.162</ipv4></nameserver><nameserver name="e.nic.tel."><ipv4>209.173.60.65</ipv4></nameserver><nameserver name="f.nic.tel."><ipv4>213.86.51.129</ipv4></nameserver><nameserver name="g.nic.tel."><ipv4>209.173.58.65</ipv4></nameserver><nameserver name="h.nic.tel."><ipv4>209.173.58.66</ipv4></nameserver><nameserver name="i.nic.tel."><ipv4>199.7.64.126</ipv4><ipv6>2001:503:7bbb:ffff:ffff:ffff:ffff:ff7e</ipv6></nameserver><nameserver name="j.nic.tel."><ipv4>199.7.77.126</ipv4><ipv6>2001:503:8028:ffff:ffff:ffff:ffff:ff7e</ipv6></nameserver></nameservers><reg-date>2007-03-01</reg-date><last-update>2008-12-23</last-update></domain><domain id="tf"><registrant><organization>AFNIC (NIC France) - Immeuble International</organization><address><line>2 rue Stephenson - Montigny-le-Bretonneux</line><line>Saint-Quentin-en-Yvelines CEDEX</line><line>78181</line></address><country>France</country><reg-date>1985-01-01</reg-date><last-update>1985-01-01</last-update></registrant><admin><name>AFNIC Admin Contact</name><organization>AFNIC (NIC France) - Immeuble International</organization><address><line>2 rue Stephenson - Montigny-le-Bretonneux</line><line>Saint-Quentin-en-Yvelines CEDEX</line><line>78181</line></address><country>France</country><phone>+33 1 39 30 83 05</phone><fax>+33 1 39 30 83 01</fax><email>tld-admin@nic.fr</email><reg-date>1985-01-01</reg-date><last-update>2006-03-15</last-update></admin><tech><name>AFNIC Tech Contact</name><organization>AFNIC (NIC France) - Immeuble International</organization><address><line>2 rue Stephenson - Montigny-le-Bretonneux</line><line>Saint-Quentin-en-Yvelines CEDEX</line><line>78181</line></address><country>France</country><phone>+33 1 39 30 83 81</phone><fax>+33 1 39 30 83 01</fax><email>tld-tech@nic.fr</email><reg-date>1985-01-01</reg-date><last-update>2006-03-15</last-update></tech><reg-url>http://www.nic.tf/</reg-url><whois>whois.nic.tf</whois><nameservers><nameserver name="a.nic.fr."><ipv4>192.93.0.129</ipv4><ipv6>2001:660:3005:3::1:1</ipv6></nameserver><nameserver name="c.nic.fr."><ipv4>192.134.0.129</ipv4><ipv6>2001:660:3006:4:0:0:1:1</ipv6></nameserver><nameserver name="b.ext.nic.fr."><ipv4>192.228.90.21</ipv4></nameserver><nameserver name="d.ext.nic.fr."><ipv4>204.152.184.85</ipv4><ipv6>2001:4f8:0:2:0:0:0:8</ipv6></nameserver><nameserver name="e.ext.nic.fr."><ipv4>193.176.144.6</ipv4></nameserver><nameserver name="e.nic.fr."><ipv4>194.57.253.1</ipv4></nameserver><nameserver name="f.ext.nic.fr."><ipv4>194.146.106.46</ipv4></nameserver><nameserver name="g.ext.nic.fr."><ipv4>204.61.216.39</ipv4><ipv6>2001:500:14:6039:ad:0:0:1</ipv6></nameserver></nameservers><reg-date>1997-08-26</reg-date><last-update>2009-02-24</last-update></domain><domain id="tg"><registrant><organization>CAFE INFORMATIQUE ET TELECOMMUNICATION</organization><address><line>B.P. 12596</line><line>Cite Maman N'Danida</line><line>Lome</line></address><country>Togo</country><reg-date>1985-01-01</reg-date><last-update>2002-06-07</last-update></registrant><admin><name>Naogbodji Yawo</name><organization>CAFE INFORMATIQUE ET TELECOMMUNICATIONS</organization><address><line>B.P. 12596</line><line>Cite Maman N'Danida</line><line>Lome</line></address><country>Togo</country><phone>+228 225 5555</phone><fax>+228 225 6666</fax><email>jmnoagbo@cafe.tg</email><reg-date>1985-01-01</reg-date><last-update>2002-06-07</last-update></admin><tech><name>Dr. Francois Normant</name><organization>Technologia Inc.</organization><address><line>440 Rene-Levesque Blvd West</line><line>Suite 500</line><line>Montreal  QC H2Z 1V7</line></address><country>Canada</country><phone>+514 990 1638</phone><fax>+514 380 8234</fax><email>fn@admin.net</email><reg-date>1985-01-01</reg-date><last-update>2006-06-22</last-update></tech><reg-url>http://www.nic.tg</reg-url><nameservers><nameserver name="tld.cafe.tg."><ipv4>80.248.64.20</ipv4></nameserver><nameserver name="ns1.admin.net."><ipv4>198.73.186.1</ipv4></nameserver><nameserver name="ns2.admin.net."><ipv4>216.113.38.83</ipv4></nameserver></nameservers><reg-date>1996-09-05</reg-date><last-update>2006-06-27</last-update></domain><domain id="th"><registrant><organization>Thai Network Information Center Foundation</organization><address><line>159, Thanon Phichai,</line><line>Khwaeng Thanon Nakhon Chaisi</line><line>Khet Dusit, Bangkok  10300</line></address><country>Thailand</country><reg-date>1985-01-01</reg-date><last-update>2007-12-04</last-update></registrant><admin><name>Kanchana Kanchanasut</name><organization>Thai Network Information Center Foundation</organization><address><line>159, Thanon Phichai,</line><line>Khwaeng Thanon Nakhon Chaisi</line><line>Khet Dusit, Bangkok  10300</line></address><country>Thailand</country><phone>+66-2-244-8261</phone><fax>+66-2-244-8264</fax><email>kk@cs.ait.ac.th</email><reg-date>1985-01-01</reg-date><last-update>2007-12-04</last-update></admin><tech><name>Pensri Arunwatanamongkol</name><organization>Thai Network Information Center Foundation</organization><address><line>159, Thanon Phichai,</line><line>Khwaeng Thanon Nakhon Chaisi</line><line>Khet Dusit, Bangkok  10300</line></address><country>Thailand</country><phone>+66-2-564-8040</phone><fax>+66-2-564-8039</fax><email>pensri@thnic.or.th</email><reg-date>1985-01-01</reg-date><last-update>2007-12-04</last-update></tech><reg-url>http://www.thnic.co.th</reg-url><whois>whois.thnic.co.th</whois><nameservers><nameserver name="auth61.ns.uu.net."><ipv4>198.6.1.182</ipv4></nameserver><nameserver name="ns.thnic.net."><ipv4>202.28.0.1</ipv4></nameserver><nameserver name="dns1.thnic.co.th."><ipv4>202.28.1.22</ipv4><ipv6>2001:3c8:1209:1:0:0:0:22</ipv6></nameserver><nameserver name="ns-th.ripe.net."><ipv4>193.0.12.219</ipv4></nameserver><nameserver name="ns-a.thnic.co.th."><ipv4>61.19.242.38</ipv4></nameserver></nameservers><reg-date>1988-09-07</reg-date><last-update>2007-12-04</last-update></domain><domain id="tj"><registrant><organization>Information Technology Center</organization><address><line>Rudaki 80</line><line>Dushanbe  734023</line></address><country>Tajikistan</country><reg-date>1985-01-01</reg-date><last-update>2003-07-02</last-update></registrant><admin><name>Timur Hasanov</name><organization>Information Technology Center</organization><address><line>Rudaki 80</line><line>Dushanbe  734023</line></address><country>Tajikistan</country><phone>+992 372 231169</phone><fax>+922 372 231178</fax><email>thass@mail.ru</email><reg-date>1985-01-01</reg-date><last-update>2003-07-02</last-update></admin><tech><name>Khalil Rakhmanov</name><organization>Information Technology Center</organization><address><line>Rudaki 80</line><line>Dushanbe  734023</line></address><country>Tajikistan</country><phone>+992 372 231178</phone><fax>+992 372 231178</fax><email>rkh@mail.ru</email><reg-date>1985-01-01</reg-date><last-update>2003-07-02</last-update></tech><reg-url>http://www.nic.tj</reg-url><nameservers><nameserver name="ns1.nic.tj."><ipv4>82.198.5.18</ipv4></nameserver><nameserver name="phloem.uoregon.edu."><ipv4>128.223.32.35</ipv4><ipv6>2001:468:d01:20::80df:2023</ipv6></nameserver><nameserver name="ns-tj.ripe.net."><ipv4>193.0.12.217</ipv4></nameserver><nameserver name="tjmirror.eastera.tj."><ipv4>82.198.22.25</ipv4></nameserver></nameservers><reg-date>1997-12-11</reg-date><last-update>2008-11-03</last-update></domain><domain id="tk"><registrant><organization>Telecommunication Tokelau Corporation (Teletok)</organization><address><line>Fenuafala</line><line>Fakaofo</line></address><country>Tokelau</country><reg-date>2003-04-10</reg-date><last-update>2005-10-31</last-update></registrant><admin><name>Tino Vitale</name><organization>Telecommunication Tokelau Corporation (Teletok)</organization><address><line>Fenuafala</line><line>Fakaofo</line></address><country>Tokelau</country><phone>+690 3101</phone><fax>+690 3103</fax><email>tino.vitale@tokelau.tk</email><reg-date>2003-04-10</reg-date><last-update>2008-07-22</last-update></admin><tech><name>Joost Zuurbier</name><organization>BV Dot TK</organization><address><line>Anjeliersstraat 57/2</line><line>Amsterdam NH 1015 ND</line></address><country>The Netherlands</country><phone>+31 20 531 5725</phone><fax>+31 20 531 5721</fax><email>joost.zuurbier@dot.tk</email><reg-date>1985-01-01</reg-date><last-update>2008-10-28</last-update></tech><reg-url>http://www.dot.tk</reg-url><whois>whois.dot.tk</whois><nameservers><nameserver name="root-a.taloha.tk."><ipv4>194.109.152.138</ipv4></nameserver><nameserver name="root-b.taloha.tk."><ipv4>195.20.32.102</ipv4></nameserver><nameserver name="root-c.taloha.tk."><ipv4>207.36.228.217</ipv4></nameserver><nameserver name="root-d.taloha.tk."><ipv4>217.199.176.121</ipv4></nameserver><nameserver name="root-e.taloha.tk."><ipv4>66.36.231.236</ipv4></nameserver><nameserver name="root-f.taloha.tk."><ipv4>202.125.44.173</ipv4></nameserver><nameserver name="root-g.taloha.tk."><ipv4>217.68.243.17</ipv4></nameserver></nameservers><reg-date>1997-11-07</reg-date><last-update>2008-10-28</last-update></domain><domain id="tl"><registrant><organization><line>Ministry of Infrastructure</line><line>Information and Technology Division</line></organization><address><line>Telecom Building Room 9</line><line>Avenida Bispo de Medeiros</line><line>Dili</line></address><country>Timor-Leste</country><reg-date>2005-03-15</reg-date><last-update>2008-12-28</last-update></registrant><admin><name>Director (Flavio Neves)</name><organization><line>Ministry of Infrastructure</line><line>Information and Technology Division</line></organization><address><line>Telecom Building Room 9</line><line>Avenida Bispo de Medeiros</line><line>Dili</line></address><country>Timor-Leste</country><phone>+670 3339354</phone><fax>+670 3339350</fax><email>doit@nic.tl</email><reg-date>2005-03-15</reg-date><last-update>2008-12-28</last-update></admin><tech><name>TLD Registry Support</name><organization>CoCCA Registry Services Limited</organization><address><line>6RCI Building</line><line>Nursery Road</line><line>Christmas Island WA, Indian Ocean 6798</line></address><country>Christmas Island</country><phone>+61 (0)8 9164 7334</phone><fax>+61 (0)2 8324 6336</fax><email>tlnic@coccaregistry.net</email><reg-date>2005-03-15</reg-date><last-update>2008-12-28</last-update></tech><reg-url>http://www.nic.tl</reg-url><whois>whois.nic.tl</whois><nameservers><nameserver name="soa.nic.tl."><ipv4>203.119.12.247</ipv4></nameserver><nameserver name="ns.anycast.nic.tl."><ipv4>204.61.216.19</ipv4></nameserver><nameserver name="tl1.dyntld.net."><ipv4>208.78.70.78</ipv4></nameserver><nameserver name="tl2.dyntld.net."><ipv4>204.13.250.78</ipv4></nameserver><nameserver name="tl3.dyntld.net."><ipv4>208.78.71.78</ipv4></nameserver><nameserver name="tl4.dyntld.net."><ipv4>204.13.251.78</ipv4></nameserver></nameservers><last-update>2008-12-28</last-update></domain><domain id="tm"><registrant><organization>TM Domain Registry Ltd</organization><address><line>180-182 Tottenham Court Road</line><line>London  W1T 7PD</line></address><country>United Kingdom</country><reg-date>1985-01-01</reg-date><last-update>2007-08-17</last-update></registrant><admin><name>Batyr Karryev</name><organization>TM Domain Registry Ltd</organization><address><line>180-182 Tottenham Court Road</line><line>London  W1T 7PD</line></address><country>United Kingdom</country><phone>+993 12 398729</phone><fax>+993 12 353692</fax><email>batyr@nic.tm</email><reg-date>1985-01-01</reg-date><last-update>2007-08-17</last-update></admin><tech><name>Hostmaster</name><organization>TM Domain Registry Ltd</organization><address><line>180-182 Tottenham Court Road</line><line>London  W1T 7PD</line></address><country>United Kingdom</country><phone>+44 870 011 2620</phone><fax>+44 1202 430580</fax><email>hostmaster@nic.tm</email><reg-date>2005-11-08</reg-date><last-update>2007-08-17</last-update></tech><reg-url>http://www.nic.tm/</reg-url><whois>whois.nic.tm</whois><nameservers><nameserver name="a.nic.tm."><ipv4>64.251.31.180</ipv4></nameserver><nameserver name="b.nic.ac."><ipv4>217.160.203.158</ipv4></nameserver><nameserver name="b.nic.io."><ipv4>194.0.2.1</ipv4></nameserver><nameserver name="ns3.icb.co.uk."><ipv4>217.199.188.61</ipv4></nameserver><nameserver name="a.ns13.net."><ipv4>202.181.97.168</ipv4></nameserver><nameserver name="b.ns13.net."><ipv4>202.181.96.60</ipv4></nameserver><nameserver name="ns1.communitydns.net."><ipv4>194.0.1.1</ipv4><ipv6>2001:678:4:0:0:0:0:1</ipv6></nameserver></nameservers><reg-date>1997-05-30</reg-date><last-update>2008-12-18</last-update></domain><domain id="tn"><registrant><organization>Agence Tunisienne d'Internet</organization><address><line>13 rue Jugurtha Mutuelle-ville</line><line>Tunis  1002</line></address><country>Tunisia</country><reg-date>1985-01-01</reg-date><last-update>2002-07-02</last-update></registrant><admin><name>Mr. Kamel Saadaoui - CEO</name><organization>Agence Tunisienne d'Internet</organization><address><line>13 rue Jugurtha Mutuelle-ville</line><line>Tunis  1002</line></address><country>Tunisia</country><phone>+216 71 846 100</phone><fax>+216 71 846 600</fax><email>pdg@ati.tn</email><reg-date>1985-01-01</reg-date><last-update>2008-03-13</last-update></admin><tech><name>Network Information Center Departement - NIC</name><organization>Agence Tunisienne d'Internet</organization><address><line>13 rue Jugurtha Mutuelle-ville</line><line>Tunis  1002</line></address><country>Tunisia</country><phone>+216 71 846 100</phone><fax>+216 71 846 600</fax><email>nic@ati.tn</email><reg-date>2008-03-13</reg-date><last-update>2008-03-13</last-update></tech><reg-url>http://whois.ati.tn</reg-url><nameservers><nameserver name="ns.ati.tn."><ipv4>193.95.66.10</ipv4><ipv6>2001:4350:1:1::10</ipv6></nameserver><nameserver name="ns2.ati.tn."><ipv4>193.95.67.22</ipv4></nameserver><nameserver name="ns2.nic.fr."><ipv4>192.93.0.4</ipv4></nameserver><nameserver name="rip.psg.com."><ipv4>147.28.0.39</ipv4><ipv6>2001:418:1:0:0:0:0:39</ipv6></nameserver><nameserver name="sunic.sunet.se."><ipv4>192.36.125.2</ipv4><ipv6>2001:6b0:7:0:0:0:0:2</ipv6></nameserver></nameservers><reg-date>1991-05-17</reg-date><last-update>2008-12-18</last-update></domain><domain id="to"><registrant><organization><line>Government of the Kingdom of Tonga</line><line>H.R.H. Crown Prince Tupouto'a</line><line>c/o Consulate of Tonga</line></organization><address><line>360 Post Street</line><line>Suite 604</line><line>San Francisco California 94108</line></address><country>United States</country><reg-date>1985-01-01</reg-date><last-update>1985-01-01</last-update></registrant><admin><name>Eric Gullichsen</name><organization><line>Government of the Kingdom of Tonga</line><line>H.R.H. Crown Prince Tupouto'a</line><line>c/o Consulate of Tonga</line></organization><address><line>360 Post Street</line><line>Suite 604</line><line>San Francisco California 94108</line></address><country>United States</country><phone>+1.415.462.3014</phone><fax>+6493583024</fax><email>egullich@colo.to</email><reg-date>1985-01-01</reg-date><last-update>2005-04-05</last-update></admin><tech><name>Eric Gullichsen</name><organization><line>Government of the Kingdom of Tonga</line><line>H.R.H. Crown Prince Tupouto'a</line><line>c/o Consulate of Tonga</line></organization><address><line>360 Post Street</line><line>Suite 604</line><line>San Francisco California 94108</line></address><country>United States</country><phone>+1.415.462.3014</phone><fax>+6493583024</fax><email>egullich@colo.to</email><reg-date>1985-01-01</reg-date><last-update>2005-04-05</last-update></tech><reg-url>http://www.tonic.to/</reg-url><whois>whois.tonic.to</whois><nameservers><nameserver name="tonic.to."><ipv4>206.14.210.235</ipv4></nameserver><nameserver name="auth02.ns.uu.net."><ipv4>198.6.1.82</ipv4></nameserver><nameserver name="colo.to."><ipv4>206.14.214.156</ipv4></nameserver><nameserver name="ns1.iafrica.com."><ipv4>196.7.0.139</ipv4></nameserver><nameserver name="ns-to.ripe.net."><ipv4>193.0.12.224</ipv4></nameserver></nameservers><reg-date>1995-12-18</reg-date><last-update>2008-10-27</last-update></domain><domain id="tp"><registrant><address><line>Laleia</line><line>Manatutu</line></address><country>East Timor</country><reg-date>1985-01-01</reg-date><last-update>1985-01-01</last-update></registrant><admin><name>Xanana Gusmao</name><address><line>Laleia</line><line>Manatutu</line></address><country>East Timor</country><phone>+670 390 311346</phone><fax>+670 390 311345</fax><email>xanana@minihub.org</email><reg-date>1985-01-01</reg-date><last-update>1985-01-01</last-update></admin><tech><name>Hostmaster</name><organization>Connect-Ireland</organization><address><line>44 Westland Row</line><line>Dublin  2</line></address><country>Ireland</country><phone>+353 1 676 3456</phone><fax>+353 1 676 3555</fax><email>hostm-iana@connect.ie</email><reg-date>1985-01-01</reg-date><last-update>2008-11-24</last-update></tech><reg-url>http://www.nic.tp</reg-url><nameservers><nameserver name="auth01.connect.ie."><ipv4>213.228.227.50</ipv4></nameserver><nameserver name="auth02.ns.uu.net."><ipv4>198.6.1.82</ipv4></nameserver><nameserver name="ns.ripe.net."><ipv4>193.0.0.193</ipv4></nameserver><nameserver name="ns3.ns.esat.net."><ipv4>192.111.39.100</ipv4><ipv6>2001:7c8:2:a:0:0:0:64</ipv6></nameserver><nameserver name="uucp-gw-1.pa.dec.com."><ipv4>204.123.2.18</ipv4></nameserver><nameserver name="uucp-gw-2.pa.dec.com."><ipv4>204.123.2.19</ipv4></nameserver></nameservers><reg-date>1997-05-09</reg-date><last-update>2008-11-24</last-update></domain><domain id="tr"><registrant><organization><line>Middle East Technical University</line><line>Department of Computer Engineering</line></organization><address><line>Inonu Bulvari</line><line>Ankra  06531</line></address><country>Turkey</country><reg-date>1985-01-01</reg-date><last-update>1985-01-01</last-update></registrant><admin><name>Attila Ozgit</name><organization><line>Middle East Technical University</line><line>Department of Computer Engineering</line></organization><address><line>Inonu Bulvari</line><line>Ankra  06531</line></address><country>Turkey</country><phone>+90 312 210 5555</phone><fax>+90 312 210 5544</fax><email>ozgit@metu.edu.tr</email><reg-date>1985-01-01</reg-date><last-update>2006-11-06</last-update></admin><tech><name>Kursat Cagiltay</name><organization><line>Middle East Technical University</line><line>Computer Center</line></organization><address><line>Inonu Bulvari</line><line>Ankara  06531</line></address><country>Turkey</country><phone>+90 312 210 3683</phone><fax>+90 312 210 1227</fax><email>kursat@metu.edu.tr</email><reg-date>1985-01-01</reg-date><last-update>2004-04-14</last-update></tech><reg-url>http://www.nic.tr</reg-url><whois>whois.nic.tr</whois><nameservers><nameserver name="ns1.nic.tr."><ipv4>144.122.95.51</ipv4></nameserver><nameserver name="ns2.nic.tr."><ipv4>144.122.95.52</ipv4></nameserver><nameserver name="ns3.nic.tr."><ipv4>213.248.162.131</ipv4></nameserver><nameserver name="ns4.nic.tr."><ipv4>193.140.100.200</ipv4></nameserver><nameserver name="ns5.nic.tr."><ipv4>213.139.255.18</ipv4></nameserver><nameserver name="ns-tr.ripe.net."><ipv4>193.0.12.227</ipv4></nameserver></nameservers><reg-date>1990-09-17</reg-date><last-update>2006-11-06</last-update></domain><domain id="travel"><registrant><organization>Tralliance Registry Management Company, LLC.</organization><address><line>220 Fifth Avenue, 20th Floor</line><line>New York NY 10001-7708</line></address><country>United States</country><reg-date>2005-07-27</reg-date><last-update>2009-01-06</last-update></registrant><admin><name>Byron Henderson</name><organization>Tralliance Registry Management Company, LLC.</organization><address><line>110 E. Broward Blvd.</line><line>14th Floor</line><line>Fort Lauderdale Florida 33301</line></address><country>United States</country><phone>+1-954-769-5961</phone><fax>+1-954-769-5930</fax><email>bhenderson@travel.travel</email><reg-date>2005-07-27</reg-date><last-update>2009-01-06</last-update></admin><tech><name>Director of IT&amp;S IP Services</name><organization>NeuLevel, Inc.</organization><address><line>45980 Center Oak Plaza</line><line>Sterling Virginia 20166</line></address><country>United States</country><phone>+1-888-437-4328</phone><fax>+1-571-434-5401</fax><email>nocteam@neulevel.biz</email><reg-date>2005-07-27</reg-date><last-update>2009-01-06</last-update></tech><reg-url>http://www.travel.travel/</reg-url><whois>whois.nic.travel</whois><nameservers><nameserver name="tld1.ultradns.net."><ipv4>204.74.112.1</ipv4><ipv6>2001:502:d399:0:0:0:0:1</ipv6></nameserver><nameserver name="tld2.ultradns.net."><ipv4>204.74.113.1</ipv4></nameserver><nameserver name="tld3.ultradns.org."><ipv4>199.7.66.1</ipv4></nameserver><nameserver name="tld4.ultradns.org."><ipv4>199.7.67.1</ipv4><ipv6>2001:502:100e:0:0:0:0:1</ipv6></nameserver><nameserver name="tld5.ultradns.info."><ipv4>192.100.59.11</ipv4></nameserver><nameserver name="tld6.ultradns.co.uk."><ipv4>198.133.199.11</ipv4></nameserver></nameservers><reg-date>2005-07-27</reg-date><last-update>2009-01-06</last-update></domain><domain id="tt"><registrant><organization><line>University of the West Indies</line><line>Faculty of Engineering</line></organization><address><line>St. Augustine</line></address><country>Trinidad and Tobago</country><reg-date>1985-01-01</reg-date><last-update>1985-01-01</last-update></registrant><admin><name>Dr. Patrick Hosein</name><organization>TTNIC</organization><address><line>77 Abercromby St.</line><line>Port of Spain</line></address><country>Trinidad and Tobago</country><phone>+1 858 229 3651</phone><fax>+1 253 423 9508</fax><email>admin@nic.tt</email><reg-date>1985-01-01</reg-date><last-update>2006-10-19</last-update></admin><tech><name>Dr. Patrick Hosein</name><organization>TTNIC</organization><address><line>77 Abercromby St.</line><line>Port of Spain</line></address><country>Trinidad and Tobago</country><phone>+1 858 229 3651</phone><fax>+1 253 423 9508</fax><email>tech@nic.tt</email><reg-date>2006-10-24</reg-date><last-update>2006-10-24</last-update></tech><reg-url>http://www.nic.tt</reg-url><nameservers><nameserver name="ns0.nic.tt."><ipv4>156.154.100.17</ipv4></nameserver><nameserver name="ns1.nic.tt."><ipv4>156.154.101.17</ipv4></nameserver><nameserver name="ns2.nic.tt."><ipv4>156.154.102.17</ipv4></nameserver><nameserver name="ns3.nic.tt."><ipv4>156.154.103.17</ipv4></nameserver><nameserver name="ns4.nic.tt."><ipv4>156.154.104.17</ipv4></nameserver><nameserver name="ns5.nic.tt."><ipv4>156.154.105.17</ipv4></nameserver><nameserver name="anyns.pch.net."><ipv4>204.61.216.4</ipv4></nameserver><nameserver name="ns1.pch.net."><ipv4>206.220.231.1</ipv4></nameserver></nameservers><reg-date>1991-09-03</reg-date><last-update>2009-01-15</last-update></domain><domain id="tv"><registrant><organization>Ministry of Finance and Tourism</organization><address><line>2 Vaiaku Rd</line><line>Vaiaku Funafuti</line></address><country>Tuvalu</country><reg-date>1985-01-01</reg-date><last-update>2005-09-28</last-update></registrant><admin><name>Director of ICT</name><organization>Ministry of Communications and Transport</organization><address><line>2 Vaiaku Rd</line><line>Vaiaku Funafuti</line></address><country>Tuvalu</country><phone>+ (688) 20055</phone><fax>+ (688) 20722</fax><email>ict@tuvalu.tv</email><reg-date>1985-01-01</reg-date><last-update>2005-09-28</last-update></admin><tech><name>Registry Customer Service</name><organization>Verisign Global Registry Services</organization><address><line>21345 Ridgetop Circle</line><line>Dulles Virginia 20166</line></address><country>United States</country><phone>+1 703 925-6999</phone><fax>+1 703 421-5828</fax><email>info@verisign-grs.com</email><reg-date>1985-01-01</reg-date><last-update>2005-09-28</last-update></tech><reg-url>http://www.tv</reg-url><whois>tvwhois.verisign-grs.com</whois><nameservers><nameserver name="a5.nstld.com."><ipv4>192.5.6.34</ipv4></nameserver><nameserver name="c5.nstld.com."><ipv4>192.26.92.34</ipv4></nameserver><nameserver name="d5.nstld.com."><ipv4>192.31.80.34</ipv4></nameserver><nameserver name="f5.nstld.com."><ipv4>192.35.51.34</ipv4></nameserver><nameserver name="g5.nstld.com."><ipv4>192.42.93.34</ipv4></nameserver><nameserver name="h5.nstld.com."><ipv4>192.54.112.34</ipv4></nameserver><nameserver name="l5.nstld.com."><ipv4>192.41.162.34</ipv4></nameserver></nameservers><reg-date>1996-03-18</reg-date><last-update>2007-12-05</last-update></domain><domain id="tw"><registrant><organization>Taiwan Network Information Center (TWNIC)</organization><address><line>4F-2, No. 9, Roosevelt Road, Section 2</line><line>Taipei  100</line></address><country>Taiwan</country><reg-date>1985-01-01</reg-date><last-update>2003-06-05</last-update></registrant><admin><name>Ai-Chin Lu</name><organization>Taiwan Network Information Center (TWNIC)</organization><address><line>4F-2, No. 9, Roosevelt Road, Section 2</line><line>Taipei  100</line></address><country>Taiwan</country><phone>+886 2 2341 1313 ext. 126</phone><fax>+886 2 2396 8832</fax><email>tw-admin@twnic.net</email><reg-date>1985-01-01</reg-date><last-update>2004-04-16</last-update></admin><tech><name>Nai-Wen Hsu</name><organization>Taiwan Network Information Center (TWNIC)</organization><address><line>4F-2, No. 9, Roosevelt Road, Section 2</line><line>Taipei  100</line></address><country>Taiwan</country><phone>+886 2 2341-1313 ext. 500</phone><fax>+886 2 2396-8832</fax><email>snw@twnic.net.tw</email><reg-date>1985-01-01</reg-date><last-update>2003-06-05</last-update></tech><reg-url>http://rs.twnic.net.tw</reg-url><whois>whois.twnic.net.tw</whois><nameservers><nameserver name="a.dns.tw."><ipv4>203.73.24.8</ipv4><ipv6>2001:cd8:800:0:0:0:0:8</ipv6></nameserver><nameserver name="b.dns.tw."><ipv4>210.201.138.58</ipv4></nameserver><nameserver name="c.dns.tw."><ipv4>61.220.48.1</ipv4><ipv6>2001:238:800:1:0:0:0:1</ipv6></nameserver><nameserver name="d.dns.tw."><ipv4>210.17.9.230</ipv4><ipv6>2001:c50:ffff:1:0:0:0:230</ipv6></nameserver><nameserver name="e.dns.tw."><ipv4>211.79.207.26</ipv4></nameserver><nameserver name="f.dns.tw."><ipv4>163.28.1.10</ipv4></nameserver><nameserver name="ns.twnic.net."><ipv4>192.83.166.11</ipv4></nameserver><nameserver name="g.dns.tw."><ipv4>220.229.225.195</ipv4></nameserver><nameserver name="h.dns.tw."><ipv4>203.119.3.1</ipv4></nameserver></nameservers><reg-date>1989-07-31</reg-date><last-update>2009-02-09</last-update></domain><domain id="tz"><registrant><organization>University of Dar Es Salaam</organization><address><line>P.O. Box 35062</line><line>Dar Es Salaam</line></address><country>Tanzania</country><reg-date>1985-01-01</reg-date><last-update>1985-01-01</last-update></registrant><admin><name>Beda Mutagahywa</name><organization>University of Dar Es Salaam</organization><address><line>P.O. Box 35062</line><line>Dar Es Salaam</line></address><country>Tanzania</country><phone>+255 51 43500 x2456</phone><email>bmutag@udsm.ac.tz</email><reg-date>1985-01-01</reg-date><last-update>2003-02-04</last-update></admin><tech><name>Randy Bush</name><address><line>PO Box 128</line><line>Kapa`au Hawai`i 96755</line></address><country>United States</country><email>randy@psg.com</email><reg-date>2005-09-20</reg-date><last-update>2005-09-20</last-update></tech><reg-url>http://www.psg.com/dns/tz/</reg-url><nameservers><nameserver name="rip.psg.com."><ipv4>147.28.0.39</ipv4><ipv6>2001:418:1:0:0:0:0:39</ipv6></nameserver><nameserver name="sunic.sunet.se."><ipv4>192.36.125.2</ipv4><ipv6>2001:6b0:7:0:0:0:0:2</ipv6></nameserver></nameservers><reg-date>1995-07-14</reg-date><last-update>2008-12-18</last-update></domain><domain id="ua"><registrant><organization>Communication Systems Ltd</organization><address><line>P.O.Box 99</line><line>Kyiv  01033</line></address><country>Ukraine</country><reg-date>1985-01-01</reg-date><last-update>2008-11-13</last-update></registrant><admin><name>Dmitry Kohmanyuk</name><organization>Communication Systems Ltd.</organization><address><line>P.O.Box 99</line><line>Kyiv  01033</line></address><country>Ukraine</country><phone>+380 503814604, +1 5104000104</phone><email>dk@nic.net.ua</email><reg-date>1985-01-01</reg-date><last-update>2008-11-13</last-update></admin><tech><name>Igor Sviridov</name><organization>CS/MONOLIT Network Centre</organization><address><line>650 Castro Street</line><line>#120-335</line><line>Mountain View California 94041-2055</line></address><country>United States</country><phone>+1-877-570-5414 / +1-415-672-3654</phone><fax>+1-978-359-5830</fax><email>sia@nest.org</email><reg-date>1985-01-01</reg-date><last-update>2003-02-07</last-update></tech><reg-url>http://nic.net.ua/</reg-url><whois>whois.net.ua</whois><nameservers><nameserver name="he1.ns.ua."><ipv4>216.218.215.27</ipv4></nameserver><nameserver name="ns.lucky.net."><ipv4>193.193.193.100</ipv4></nameserver><nameserver name="ns.uu.net."><ipv4>137.39.1.3</ipv4></nameserver><nameserver name="ns2.nic.fr."><ipv4>192.93.0.4</ipv4></nameserver><nameserver name="sunic.sunet.se."><ipv4>192.36.125.2</ipv4><ipv6>2001:6b0:7:0:0:0:0:2</ipv6></nameserver><nameserver name="ns-ua.ripe.net."><ipv4>193.0.12.232</ipv4><ipv6>2001:610:240:0:53:cc:12:232</ipv6></nameserver><nameserver name="tld1.ultradns.net."><ipv4>204.74.112.1</ipv4><ipv6>2001:502:d399:0:0:0:0:1</ipv6></nameserver><nameserver name="ho1.ns.ua."><ipv4>195.47.253.1</ipv4></nameserver><nameserver name="pch.ns.ua."><ipv4>204.61.216.12</ipv4></nameserver><nameserver name="sns-pb.isc.org."><ipv4>192.5.4.1</ipv4><ipv6>2001:500:2e:0:0:0:0:1</ipv6></nameserver></nameservers><reg-date>1992-12-01</reg-date><last-update>2009-01-20</last-update></domain><domain id="ug"><registrant><organization>Uganda Online Ltd.</organization><address><line>Plot 32 Lumumba Avenue</line><line>P.O. Box 12510</line><line>Kampala</line></address><country>Uganda</country><reg-date>1985-01-01</reg-date><last-update>2002-04-26</last-update></registrant><admin><name>Charles Musisi</name><organization>Uganda Online Ltd.</organization><address><line>Plot 32 Lumumba Avenue</line><line>P.O. Box 12510</line><line>Kampala</line></address><country>Uganda</country><phone>+256 41 340451/266194 or +256 75 707096</phone><fax>+256 41 340456</fax><email>cmusisi@uol.co.ug</email><reg-date>1985-01-01</reg-date><last-update>2002-04-26</last-update></admin><tech><name>Sematimba Noah</name><organization>East African Help Desk</organization><address><line>Plot 80/85 Kampala Road Park</line><line>Royal Arcade</line><line>Kampala</line></address><country>Uganda</country><phone>+ 256 041 271489</phone><fax>+1 256 041 340456</fax><email>ksemat@eahd.or.ug</email><reg-date>1985-01-01</reg-date><last-update>1985-01-01</last-update></tech><reg-url>http://www.registry.co.ug</reg-url><whois>whois.co.ug</whois><nameservers><nameserver name="demon.mtn.co.ug."><ipv4>212.88.97.20</ipv4></nameserver><nameserver name="ns.one2net.co.ug."><ipv4>41.220.14.8</ipv4></nameserver><nameserver name="ns.ripe.net."><ipv4>193.0.0.193</ipv4></nameserver><nameserver name="web.eahd.or.ug."><ipv4>216.104.202.101</ipv4></nameserver><nameserver name="ns1.auth.iana.org."><ipv4>192.0.34.126</ipv4></nameserver></nameservers><reg-date>1995-03-08</reg-date><last-update>2006-06-22</last-update></domain><domain id="uk"><registrant><organization>Nominet UK</organization><address><line>Minerva House</line><line>Edmund Halley Road</line><line>Oxford Science Park</line><line>Oxford  OX4 4DQ</line></address><country>United Kingdom</country><reg-date>1985-01-01</reg-date><last-update>2008-04-24</last-update></registrant><admin><name>Managing Director</name><organization>Nominet UK</organization><address><line>Minerva House</line><line>Edmund Halley Road</line><line>Oxford Science Park</line><line>Oxford  OX4 4DQ</line></address><country>United Kingdom</country><phone>+44 1865 332211</phone><fax>+44 1865 332299</fax><email>md@nominet.org.uk</email><reg-date>1985-01-01</reg-date><last-update>2008-04-24</last-update></admin><tech><name>Technical Director</name><organization>Nominet UK</organization><address><line>Minerva House</line><line>Edmund Halley Road</line><line>Oxford Science Park</line><line>Oxford  OX4 4DQ</line></address><country>United Kingdom</country><phone>+44 1865 332211</phone><fax>+44 1865 332299</fax><email>td@nominet.org.uk</email><reg-date>2003-06-20</reg-date><last-update>2008-04-24</last-update></tech><reg-url>http://www.nic.uk/</reg-url><whois>whois.nic.uk</whois><nameservers><nameserver name="ns1.nic.uk."><ipv4>195.66.240.130</ipv4><ipv6>2a01:40:1001:35:0:0:0:2</ipv6></nameserver><nameserver name="ns2.nic.uk."><ipv4>217.79.164.131</ipv4></nameserver><nameserver name="ns3.nic.uk."><ipv4>213.219.13.131</ipv4></nameserver><nameserver name="ns4.nic.uk."><ipv4>194.83.244.131</ipv4><ipv6>2001:630:181:35:0:0:0:83</ipv6></nameserver><nameserver name="ns5.nic.uk."><ipv4>213.246.167.131</ipv4></nameserver><nameserver name="ns6.nic.uk."><ipv4>213.248.254.130</ipv4></nameserver><nameserver name="ns7.nic.uk."><ipv4>212.121.40.130</ipv4></nameserver><nameserver name="nsa.nic.uk."><ipv4>204.74.112.44</ipv4><ipv6>2001:502:d399:0:0:0:0:44</ipv6></nameserver><nameserver name="nsb.nic.uk."><ipv4>204.74.113.44</ipv4></nameserver><nameserver name="nsc.nic.uk."><ipv4>199.7.66.44</ipv4></nameserver><nameserver name="nsd.nic.uk."><ipv4>199.7.67.44</ipv4><ipv6>2001:502:100e:0:0:0:0:44</ipv6></nameserver></nameservers><reg-date>1985-07-24</reg-date><last-update>2008-04-24</last-update></domain><domain id="um"><registrant><organization>Not assigned</organization><address/><reg-date>1985-01-01</reg-date><last-update>1985-01-01</last-update></registrant><admin><organization>Not assigned</organization><address/><reg-date>1985-01-01</reg-date><last-update>1985-01-01</last-update></admin><tech><organization>Not assigned</organization><address/><reg-date>1985-01-01</reg-date><last-update>1985-01-01</last-update></tech><nameservers/><reg-date>2008-04-21</reg-date><last-update>2008-04-21</last-update></domain><domain id="us"><registrant><organization><line>NeuStar, Inc.</line><line>Loudon Tech Center</line></organization><address><line>45980 Center Oak Plaza</line><line>Sterling Virginia 20166</line></address><country>United States</country><reg-date>1985-01-01</reg-date><last-update>2003-10-16</last-update></registrant><admin><organization><line>NeuStar, Inc.</line><line>Loudon Tech Center</line></organization><address><line>45980 Center Oak Plaza</line><line>Sterling Virginia 20166</line></address><country>United States</country><phone>+1 888 437-4328</phone><fax>+1 571 434-5401</fax><email>usdomreg@nic.us</email><reg-date>1985-01-01</reg-date><last-update>2003-10-16</last-update></admin><tech><organization><line>NeuStar, Inc.</line><line>Loudon Tech Center</line></organization><address><line>45980 Center Oak Plaza</line><line>Sterling Virginia 20166</line></address><country>United States</country><phone>+1 888 437-4328</phone><fax>+1 571 434-5401</fax><email>usdomreg@nic.us</email><reg-date>1985-01-01</reg-date><last-update>2003-10-16</last-update></tech><reg-url>http://www.nic.us</reg-url><whois>whois.nic.us</whois><nameservers><nameserver name="a.gtld.biz."><ipv4>209.173.53.162</ipv4></nameserver><nameserver name="b.gtld.biz."><ipv4>209.173.57.162</ipv4></nameserver><nameserver name="c.gtld.biz."><ipv4>209.173.60.65</ipv4></nameserver><nameserver name="i.gtld.biz."><ipv4>156.154.96.126</ipv4><ipv6>2001:503:d1ae:ffff:ffff:ffff:ffff:ff7e</ipv6></nameserver><nameserver name="j.gtld.biz."><ipv6>2001:503:a124:ffff:ffff:ffff:ffff:ff7e</ipv6></nameserver><nameserver name="k.gtld.biz."><ipv4>156.154.72.65</ipv4><ipv6>2001:503:e239::3:1</ipv6></nameserver></nameservers><reg-date>1985-02-15</reg-date><last-update>2007-08-13</last-update></domain><domain id="uy"><registrant><organization>SeCIU - Universidad de la Republica</organization><address><line>Colonia 2066</line><line>C.P. 11200</line><line>Montevideo</line></address><country>Uruguay</country><reg-date>1985-01-01</reg-date><last-update>1985-01-01</last-update></registrant><admin><name>Ida Holz</name><organization>Servicio Central de Informatica (SECIU)</organization><address><line>Colonia 2066</line><line>C.P. 11200</line><line>Montevideo</line></address><country>Uruguay</country><phone>+598 2 408 3901</phone><fax>+598 2 401 5843</fax><email>holz@seciu.edu.uy</email><reg-date>1985-01-01</reg-date><last-update>1985-01-01</last-update></admin><tech><name>Sergio Ramirez</name><organization>Servicio Central de Informatica (SECIU)</organization><address><line>Colonia 2066</line><line>C.P. 11200</line><line>Montevideo</line></address><country>Uruguay</country><phone>+598 2 408 3901</phone><fax>+598 2 401 5843</fax><email>sramirez@seciu.edu.uy</email><reg-date>1985-01-01</reg-date><last-update>1985-01-01</last-update></tech><reg-url>http://www.nic.org.uy/</reg-url><whois>whois.nic.org.uy</whois><nameservers><nameserver name="seciu.edu.uy."><ipv4>164.73.128.5</ipv4></nameserver><nameserver name="ns-ext.isc.org."><ipv4>204.152.184.64</ipv4><ipv6>2001:4f8:0:2:0:0:0:13</ipv6></nameserver><nameserver name="ns-uy.ripe.net."><ipv4>193.0.12.237</ipv4></nameserver><nameserver name="ns.dns.br."><ipv4>200.160.0.5</ipv4></nameserver><nameserver name="ns3.nic.mx."><ipv4>200.33.111.1</ipv4></nameserver></nameservers><reg-date>1990-09-10</reg-date><last-update>2008-10-20</last-update></domain><domain id="uz"><registrant><organization><line>Computerization and Information Technologies Developing Center</line><line>UZINFOCOM</line></organization><address><line>28-B</line><line>Navoi street</line><line>Tashkent  100011</line></address><country>Uzbekistan</country><reg-date>1985-01-01</reg-date><last-update>2007-01-22</last-update></registrant><admin><name>Mr. Ibrohim D. Djuraev</name><organization><line>Computerization and Information Technologies Developing Center</line><line>UZINFOCOM</line></organization><address><line>28-B</line><line>Navoi street</line><line>Tashkent  100011</line></address><country>Uzbekistan</country><phone>+998 71 2384148</phone><fax>+998 71 2384248</fax><email>i.djuraev@uzinfocom.uz</email><reg-date>2003-04-10</reg-date><last-update>2008-10-17</last-update></admin><tech><name>Anatoliy V. Pelepets</name><organization><line>Computerization and Information Technologies Developing Center</line><line>UZINFOCOM</line></organization><address><line>28-B</line><line>Navoi street</line><line>Tashkent  100011</line></address><country>Uzbekistan</country><phone>+998 71 2384148</phone><fax>+998 71 2384248</fax><email>cctld@uzinfocom.uz</email><reg-date>2003-04-10</reg-date><last-update>2008-10-17</last-update></tech><reg-url>http://www.cctld.uz/</reg-url><whois>whois.cctld.uz</whois><nameservers><nameserver name="ns.uz."><ipv4>195.158.1.25</ipv4></nameserver><nameserver name="ns2.uz."><ipv4>81.95.224.158</ipv4></nameserver><nameserver name="ns3.uz."><ipv4>195.158.1.22</ipv4></nameserver><nameserver name="ns4.uz."><ipv4>87.139.124.237</ipv4></nameserver><nameserver name="ns5.uz."><ipv4>217.12.81.129</ipv4></nameserver><nameserver name="ns6.uz."><ipv4>83.69.129.4</ipv4></nameserver></nameservers><reg-date>1995-04-29</reg-date><last-update>2008-10-17</last-update></domain><domain id="va"><registrant><organization><line>Holy See Secretariat of State</line><line>Internet Office of the Holy See</line></organization><address><line>Cortile del Triangolo</line><line>Vatican City Vatican City State VA-00120</line></address><reg-date>1985-01-01</reg-date><last-update>1985-01-01</last-update></registrant><admin><name>Stefano Pasquini</name><organization>Internet Office of the Holy See</organization><address><line>Cortile del Triangolo</line><line>Vatican City Vatican City State VA 00120</line></address><phone>+39 (06) 69893461</phone><fax>+39 (06) 69882067</fax><email>pasquini@vatican.va</email><reg-date>1985-01-01</reg-date><last-update>2004-01-14</last-update></admin><tech><name>Stefano Pasquini</name><organization>Internet Office of the Holy See</organization><address><line>Cortile del Triangolo</line><line>Vatican City Vatican City State VA 00120</line></address><phone>+39 (06) 69893461</phone><fax>+39 (06) 69882067</fax><email>pasquini@vatican.va</email><reg-date>1985-01-01</reg-date><last-update>2004-01-14</last-update></tech><nameservers><nameserver name="john.vatican.va."><ipv4>212.77.0.110</ipv4></nameserver><nameserver name="dns.nic.it."><ipv4>193.205.245.5</ipv4><ipv6>2001:760:4000:1f5:0:0:0:5</ipv6></nameserver><nameserver name="michael.vatican.va."><ipv4>212.77.0.2</ipv4></nameserver><nameserver name="ns.ripe.net."><ipv4>193.0.0.193</ipv4></nameserver><nameserver name="ns.urbe.it."><ipv4>193.43.128.2</ipv4></nameserver><nameserver name="osiris.namex.it."><ipv4>193.201.40.6</ipv4></nameserver><nameserver name="seth.namex.it."><ipv4>193.201.40.7</ipv4></nameserver></nameservers><reg-date>1995-09-11</reg-date><last-update>2009-03-17</last-update></domain><domain id="vc"><registrant><organization>Ministry of Telecommunications, Science, Technology and Industry</organization><address><line>Egmont Street</line><line>Kingstown</line></address><country>St. Vincent &amp; the Grenadines</country><reg-date>1985-01-01</reg-date><last-update>2005-10-06</last-update></registrant><admin><name>Andre Bailey</name><organization>Ministry of Telecommunications, Science, Technology and Industry</organization><address><line>Egmont Steet</line><line>Kingstown</line></address><country>St. Vincent &amp; the Grenadines</country><phone>+1 784 457 1007</phone><fax>+1 784 457 2880</fax><email>abailey.itsd@mail.gov.vc</email><reg-date>1985-01-01</reg-date><last-update>2005-10-06</last-update></admin><tech><name>Technical Domain Administrator</name><organization>Afilias</organization><address><line>300 Welsh Road, Bldg. 3,</line><line>Suite 105</line><line>Horsham Pennsylvania 19044</line></address><country>United States</country><phone>+1 215 706 5700</phone><fax>+1 215 706 5701</fax><email>domaintech@afilias.info</email><reg-date>2005-10-04</reg-date><last-update>2005-10-04</last-update></tech><whois>whois2.afilias-grs.net</whois><nameservers><nameserver name="a0.cctld.afilias-nst.info."><ipv4>199.254.59.1</ipv4><ipv6>2001:500:25:0:0:0:0:1</ipv6></nameserver><nameserver name="b0.cctld.afilias-nst.org."><ipv4>199.254.60.1</ipv4><ipv6>2001:500:26:0:0:0:0:1</ipv6></nameserver><nameserver name="c0.cctld.afilias-nst.info."><ipv4>199.254.61.1</ipv4><ipv6>2001:500:27:0:0:0:0:1</ipv6></nameserver><nameserver name="d0.cctld.afilias-nst.org."><ipv4>199.254.62.1</ipv4><ipv6>2001:500:28:0:0:0:0:1</ipv6></nameserver><nameserver name="a2.cctld.afilias-nst.info."><ipv4>199.249.116.1</ipv4><ipv6>2001:500:44:0:0:0:0:1</ipv6></nameserver><nameserver name="b2.cctld.afilias-nst.org."><ipv4>199.249.124.1</ipv4><ipv6>2001:500:4c:0:0:0:0:1</ipv6></nameserver></nameservers><reg-date>1991-09-03</reg-date><last-update>2008-12-30</last-update></domain><domain id="ve"><registrant><organization>Centro Nacional de Tecnologias de Informacion</organization><address><line>Av. Universidad esquina el Chorro</line><line>Torre MPPCT</line><line>Piso 12</line><line>Caracas Distrito Federal 1010</line></address><country>Venezuela</country><reg-date>1985-01-01</reg-date><last-update>2007-12-04</last-update></registrant><admin><name>Mrs. Dayerlin Y. Gil Bello</name><organization>Centro Nacional de Tecnologias de Informacion</organization><address><line>Av. Universidad esquina el Chorro</line><line>Torre MPPCT</line><line>Piso 12</line><line>Caracas Distrito Federal 1010</line></address><country>Venezuela</country><phone>+582127718596</phone><fax>+582125646116</fax><email>dgil@cnti.gob.ve</email><reg-date>1985-01-01</reg-date><last-update>2007-12-04</last-update></admin><tech><name>Mr. Adrian Morales</name><organization>Centro Nacional de Tecnologias de Informacion</organization><address><line>Av. Universidad esquina el Chorro</line><line>Torre MPPCT</line><line>Piso 12</line><line>Caracas Distrito Capital 1010</line></address><country>Venezuela</country><phone>+582127718596</phone><fax>+582125646116</fax><email>dmorales@cnti.gob.ve</email><reg-date>1985-01-01</reg-date><last-update>2007-12-04</last-update></tech><reg-url>http://www.nic.ve/</reg-url><whois>whois.nic.ve</whois><nameservers><nameserver name="azmodan.ula.ve."><ipv4>150.185.130.16</ipv4></nameserver><nameserver name="ns-ext.nic.cl."><ipv4>200.1.123.14</ipv4></nameserver><nameserver name="ns1.nic.ve."><ipv4>150.188.228.4</ipv4><ipv6>2001:1338::2</ipv6></nameserver><nameserver name="ns2.nic.ve."><ipv4>150.188.228.5</ipv4><ipv6>2001:1338::3</ipv6></nameserver><nameserver name="ns-ext.isc.org."><ipv4>204.152.184.64</ipv4><ipv6>2001:4f8:0:2:0:0:0:13</ipv6></nameserver></nameservers><reg-date>1991-03-07</reg-date><last-update>2007-12-04</last-update></domain><domain id="vg"><registrant><organization>Pinebrook Developments Ltd</organization><address><line>Craigmuir Chambers</line><line>P.O. Box 71</line><line>Road Town</line></address><country>Tortola British Virgin Islands</country><reg-date>1985-01-01</reg-date><last-update>1985-01-01</last-update></registrant><admin><name>Registrar</name><organization>Pinebrook Developments Ltd.</organization><address><line>Craigmuir Chambers</line><line>P.O. Box 71</line><line>Road Town Tortola</line></address><country>British Virgin Islands</country><phone>+44 1223 353</phone><email>tldwhois@adamsnames.tc</email><reg-date>1985-01-01</reg-date><last-update>2005-08-31</last-update></admin><tech><name>Registrar</name><organization>AdamsNames Ltd</organization><address><line>c/o 3 Adams Road</line><line>Cambridge  CB3 9AD</line></address><country>United Kingdom</country><phone>+44 1223 353203</phone><email>tldwhois@adamsnames.tc</email><reg-date>2005-08-05</reg-date><last-update>2005-08-31</last-update></tech><reg-url>http://www.adamsnames.tc/</reg-url><whois>whois.adamsnames.tc</whois><nameservers><nameserver name="auth02.ns.uu.net."><ipv4>198.6.1.82</ipv4></nameserver><nameserver name="sec1.dns.uk.psi.net."><ipv4>154.32.105.34</ipv4></nameserver><nameserver name="euterpe.william.org."><ipv4>195.153.6.27</ipv4></nameserver><nameserver name="sec2.dns.uk.psi.net."><ipv4>154.32.107.34</ipv4></nameserver><nameserver name="ns-vg.ripe.net."><ipv4>193.0.12.242</ipv4></nameserver></nameservers><reg-date>1997-02-20</reg-date><last-update>2005-08-31</last-update></domain><domain id="vi"><registrant><organization><line>Virgin Islands Public Telcommunications System</line><line>c/o COBEX Internet Services</line></organization><address><line>Corporate Place</line><line>Royal Dane Mall</line><line>St. Thomas  00802</line></address><country>US Virgin Islands</country><reg-date>1985-01-01</reg-date><last-update>1985-01-01</last-update></registrant><admin><name>Mrs. Peter de Blanc (caretaker)</name><organization><line>Virgin Islands Public Telecommunication System</line><line>c/o COBEX Internet Services</line></organization><address><line>Corporate Place</line><line>Royal Dane Mall</line><line>St. Thomas  00802</line></address><country>US Virgin Islands</country><phone>+1 340 776-4800</phone><fax>+1 340 776-2666</fax><email>dsparks@usvi.net</email><reg-date>1985-01-01</reg-date><last-update>2003-05-07</last-update></admin><tech><name>Cobex DNS Administrator</name><organization>Cobex Internet Services</organization><address><line>Box 1678</line><line>Charlotte Amalie  00804</line></address><country>United States Virgin Islands</country><phone>+1 340 776-4800</phone><fax>+1 340 776-2666</fax><email>dnsadmin@usvi.net</email><reg-date>1985-01-01</reg-date><last-update>2003-05-30</last-update></tech><reg-url>http://www.nic.vi</reg-url><nameservers><nameserver name="auth100.ns.uu.net."><ipv4>198.6.1.202</ipv4></nameserver><nameserver name="auth110.ns.uu.net."><ipv4>198.6.1.114</ipv4></nameserver><nameserver name="ns1.cobex.net."><ipv4>216.152.192.71</ipv4></nameserver><nameserver name="ns1.krnic.net."><ipv4>202.30.50.51</ipv4></nameserver><nameserver name="ns2.cobex.net."><ipv4>216.152.192.72</ipv4></nameserver><nameserver name="ns-vi.ripe.net."><ipv4>193.0.12.243</ipv4></nameserver></nameservers><reg-date>1995-08-31</reg-date><last-update>2006-08-28</last-update></domain><domain id="vn"><registrant><organization>Ministry of Post and Telematics</organization><address><line>18 Nguyen Du</line><line>Hanoi  10000</line></address><country>Vietnam</country><reg-date>1985-01-01</reg-date><last-update>2003-01-22</last-update></registrant><admin><name>Nguyen Le Thuy, Director General</name><organization>Vietnam Internet Network Information Center (VNNIC)</organization><address><line>18 Nguyen Du</line><line>Hanoi  10000</line></address><country>Vietnam</country><phone>+84 4 5564944 ext 505</phone><fax>+84 4 7821462</fax><email>nlthuy@vnnic.net.vn</email><reg-date>1985-01-01</reg-date><last-update>2008-12-22</last-update></admin><tech><name>Hoang Minh Cuong, Deputy Director General</name><organization>Vietnam Internet Network Information Center (VNNIC)</organization><address><line>18 Nguyen Du</line><line>Hanoi  10000</line></address><country>Vietnam</country><phone>+84 4 5564944 ext 310</phone><fax>+84 4 7821462</fax><email>hmcuong@vnnic.net.vn</email><reg-date>1985-01-01</reg-date><last-update>2008-12-22</last-update></tech><reg-url>http://www.vnnic.net.vn</reg-url><nameservers><nameserver name="a.dns-servers.vn."><ipv4>194.0.1.18</ipv4><ipv6>2001:678:4:0:0:0:0:12</ipv6></nameserver><nameserver name="b.dns-servers.vn."><ipv4>203.119.10.105</ipv4></nameserver><nameserver name="c.dns-servers.vn."><ipv4>203.119.38.105</ipv4></nameserver><nameserver name="d.dns-servers.vn."><ipv4>203.119.44.105</ipv4></nameserver><nameserver name="e.dns-servers.vn."><ipv4>203.162.57.105</ipv4></nameserver><nameserver name="f.dns-servers.vn."><ipv4>203.162.87.66</ipv4></nameserver><nameserver name="ns-vn.ripe.net."><ipv4>193.0.12.241</ipv4></nameserver></nameservers><reg-date>1994-04-14</reg-date><last-update>2008-12-22</last-update></domain><domain id="vu"><registrant><organization>Telecom Vanuatu Limited</organization><address><line>Lini Highway</line><line>Port Vila</line></address><country>Vanuatu</country><reg-date>1985-01-01</reg-date><last-update>2005-06-07</last-update></registrant><admin><name>Gérard Metsan</name><organization>Telecom Vanuatu Ltd.</organization><address><line>Lini Highway</line><line>Port Vila</line></address><country>Vanuatu</country><phone>+678 22015</phone><fax>+678 24319</fax><email>gerard.metsan@tvl.net.vu</email><reg-date>1985-01-01</reg-date><last-update>2008-04-16</last-update></admin><tech><name>Jean Yves Jacobe</name><organization>Telecom Vanuatu Ltd.</organization><address><line>Lini Highway</line><line>Port Vila</line></address><country>Vanuatu</country><phone>+678 22015</phone><fax>+678 24319</fax><email>jean-yves.jacobe@tvl.net.vu</email><reg-date>1985-01-01</reg-date><last-update>2008-04-16</last-update></tech><reg-url>http://www.vunic.vu</reg-url><nameservers><nameserver name="efate.vanuatu.com.vu."><ipv4>202.80.32.5</ipv4></nameserver><nameserver name="futuna.vanuatu.com.vu."><ipv4>202.80.32.3</ipv4></nameserver><nameserver name="santo.vanuatu.com.vu."><ipv4>202.80.32.7</ipv4></nameserver><nameserver name="havannah.harbourmsp.com."><ipv4>203.111.102.146</ipv4></nameserver><nameserver name="maringo.vanuatu.com.vu."><ipv4>125.255.96.208</ipv4></nameserver></nameservers><reg-date>1995-04-10</reg-date><last-update>2008-04-16</last-update></domain><domain id="wf"><registrant><organization>AFNIC (NIC France) - Immeuble International</organization><address><line>2 rue Stephenson - Montigny-le-Bretonneux</line><line>Saint-Quentin-en-Yvelines CEDEX</line><line>78181</line></address><country>France</country><reg-date>1985-01-01</reg-date><last-update>1985-01-01</last-update></registrant><admin><name>AFNIC Admin Contact</name><organization>AFNIC (NIC France) - Immeuble International</organization><address><line>2 rue Stephenson - Montigny-le-Bretonneux</line><line>Saint-Quentin-en-Yvelines CEDEX</line><line>78181</line></address><country>France</country><phone>+33 1 39 30 83 05</phone><fax>+33 1 39 30 83 01</fax><email>tld-admin@nic.fr</email><reg-date>1985-01-01</reg-date><last-update>2006-03-15</last-update></admin><tech><name>AFNIC Tech Contact</name><organization>AFNIC (NIC France) - Immeuble International</organization><address><line>2 rue Stephenson - Montigny-le-Bretonneux</line><line>Saint-Quentin-en-Yvelines CEDEX</line><line>78181</line></address><country>France</country><phone>+33 1 39 30 83 81</phone><fax>+33 1 39 30 83 01</fax><email>tld-tech@nic.fr</email><reg-date>1985-01-01</reg-date><last-update>2006-03-15</last-update></tech><reg-url>http://www.nic.wf/</reg-url><whois>whois.nic.wf</whois><nameservers><nameserver name="a.nic.fr."><ipv4>192.93.0.129</ipv4><ipv6>2001:660:3005:3::1:1</ipv6></nameserver><nameserver name="b.ext.nic.fr."><ipv4>192.228.90.21</ipv4></nameserver><nameserver name="c.nic.fr."><ipv4>192.134.0.129</ipv4><ipv6>2001:660:3006:4:0:0:1:1</ipv6></nameserver><nameserver name="d.ext.nic.fr."><ipv4>204.152.184.85</ipv4><ipv6>2001:4f8:0:2:0:0:0:8</ipv6></nameserver><nameserver name="e.ext.nic.fr."><ipv4>193.176.144.6</ipv4></nameserver><nameserver name="e.nic.fr."><ipv4>194.57.253.1</ipv4></nameserver><nameserver name="f.ext.nic.fr."><ipv4>194.146.106.46</ipv4></nameserver><nameserver name="g.ext.nic.fr."><ipv4>204.61.216.39</ipv4><ipv6>2001:500:14:6039:ad:0:0:1</ipv6></nameserver></nameservers><reg-date>1997-11-14</reg-date><last-update>2009-02-24</last-update></domain><domain id="ws"><registrant><organization><line>Government of Samoa</line><line>Ministry of Foreign Affairs</line></organization><address><line>P.O. Box 1861</line><line>Apia</line></address><country>Samoa</country><reg-date>1985-01-01</reg-date><last-update>2006-06-05</last-update></registrant><admin><name>Dave Main</name><organization>Computer Services Ltd.</organization><address><line>Lotemau Centre</line><line>Apia</line></address><country>Samoa</country><phone>+685 20926</phone><fax>+685 20932</fax><email>Dave@samoa.ws</email><reg-date>1985-01-01</reg-date><last-update>2006-06-05</last-update></admin><tech><name>Technical Director</name><organization>Computer Services Ltd.</organization><address><line>Lotemau Centre</line><line>Apia</line></address><country>Samoa</country><phone>+685 20926</phone><fax>+685 20932</fax><email>technical@csl.ws</email><reg-date>1985-01-01</reg-date><last-update>2007-09-06</last-update></tech><reg-url>http://www.samoanic.ws</reg-url><whois>whois.website.ws</whois><nameservers><nameserver name="ns2.dns.ws."><ipv4>64.70.19.80</ipv4></nameserver><nameserver name="ns3.dns.ws."><ipv4>63.251.201.210</ipv4></nameserver><nameserver name="ns4.dns.ws."><ipv4>66.150.187.90</ipv4></nameserver><nameserver name="ns5.dns.ws."><ipv4>64.70.19.70</ipv4></nameserver><nameserver name="ns6.dns.ws."><ipv4>77.92.65.172</ipv4></nameserver><nameserver name="ns7.dns.ws."><ipv4>77.92.65.174</ipv4></nameserver></nameservers><reg-date>1995-07-14</reg-date><last-update>2008-02-25</last-update></domain><domain id="xn--0zwm56d"><registrant><organization>Internet Assigned Numbers Authority</organization><address><line>4676 Admiralty Way</line><line>Suite 330</line><line>Marina del Rey California 90292</line></address><country>United States</country><reg-date>1985-01-01</reg-date><last-update>2007-06-18</last-update></registrant><admin><organization>Internet Assigned Numbers Authority</organization><address><line>4676 Admiralty Way</line><line>Suite 330</line><line>Marina del Rey California 90292</line></address><country>United States</country><phone>+1 310 823-9358</phone><fax>+1 310 823-8649</fax><email>iana@iana.org</email><reg-date>1985-01-01</reg-date><last-update>1985-01-01</last-update></admin><tech><organization>Internet Assigned Numbers Authority</organization><address><line>4676 Admiralty Way</line><line>Suite 330</line><line>Marina del Rey California 90292</line></address><country>United States</country><phone>+1 310 823-9358</phone><fax>+1 310 823-8649</fax><email>iana@iana.org</email><reg-date>1985-01-01</reg-date><last-update>1985-01-01</last-update></tech><reg-url>http://www.iana.org/domains/idn-test/</reg-url><nameservers><nameserver name="a.iana-servers.net."><ipv4>192.0.34.43</ipv4></nameserver><nameserver name="b.iana-servers.net."><ipv4>193.0.0.236</ipv4></nameserver><nameserver name="c.iana-servers.net."><ipv4>139.91.1.10</ipv4></nameserver></nameservers><reg-date>2007-10-19</reg-date><last-update>2009-01-08</last-update></domain><domain id="xn--11b5bs3a9aj6g"><registrant><organization>Internet Assigned Numbers Authority</organization><address><line>4676 Admiralty Way</line><line>Suite 330</line><line>Marina del Rey California 90292</line></address><country>United States</country><reg-date>1985-01-01</reg-date><last-update>2007-06-18</last-update></registrant><admin><organization>Internet Assigned Numbers Authority</organization><address><line>4676 Admiralty Way</line><line>Suite 330</line><line>Marina del Rey California 90292</line></address><country>United States</country><phone>+1 310 823-9358</phone><fax>+1 310 823-8649</fax><email>iana@iana.org</email><reg-date>1985-01-01</reg-date><last-update>1985-01-01</last-update></admin><tech><organization>Internet Assigned Numbers Authority</organization><address><line>4676 Admiralty Way</line><line>Suite 330</line><line>Marina del Rey California 90292</line></address><country>United States</country><phone>+1 310 823-9358</phone><fax>+1 310 823-8649</fax><email>iana@iana.org</email><reg-date>1985-01-01</reg-date><last-update>1985-01-01</last-update></tech><reg-url>http://www.iana.org/domains/idn-test/</reg-url><nameservers><nameserver name="a.iana-servers.net."><ipv4>192.0.34.43</ipv4></nameserver><nameserver name="b.iana-servers.net."><ipv4>193.0.0.236</ipv4></nameserver><nameserver name="c.iana-servers.net."><ipv4>139.91.1.10</ipv4></nameserver></nameservers><reg-date>2007-10-19</reg-date><last-update>2007-10-19</last-update></domain><domain id="xn--80akhbyknj4f"><registrant><organization>Internet Assigned Numbers Authority</organization><address><line>4676 Admiralty Way</line><line>Suite 330</line><line>Marina del Rey California 90292</line></address><country>United States</country><reg-date>1985-01-01</reg-date><last-update>2007-06-18</last-update></registrant><admin><organization>Internet Assigned Numbers Authority</organization><address><line>4676 Admiralty Way</line><line>Suite 330</line><line>Marina del Rey California 90292</line></address><country>United States</country><phone>+1 310 823-9358</phone><fax>+1 310 823-8649</fax><email>iana@iana.org</email><reg-date>1985-01-01</reg-date><last-update>1985-01-01</last-update></admin><tech><organization>Internet Assigned Numbers Authority</organization><address><line>4676 Admiralty Way</line><line>Suite 330</line><line>Marina del Rey California 90292</line></address><country>United States</country><phone>+1 310 823-9358</phone><fax>+1 310 823-8649</fax><email>iana@iana.org</email><reg-date>1985-01-01</reg-date><last-update>1985-01-01</last-update></tech><reg-url>http://www.iana.org/domains/idn-test/</reg-url><nameservers><nameserver name="a.iana-servers.net."><ipv4>192.0.34.43</ipv4></nameserver><nameserver name="b.iana-servers.net."><ipv4>193.0.0.236</ipv4></nameserver><nameserver name="c.iana-servers.net."><ipv4>139.91.1.10</ipv4></nameserver></nameservers><reg-date>2007-10-19</reg-date><last-update>2007-10-19</last-update></domain><domain id="xn--9t4b11yi5a"><registrant><organization>Internet Assigned Numbers Authority</organization><address><line>4676 Admiralty Way</line><line>Suite 330</line><line>Marina del Rey California 90292</line></address><country>United States</country><reg-date>1985-01-01</reg-date><last-update>2007-06-18</last-update></registrant><admin><organization>Internet Assigned Numbers Authority</organization><address><line>4676 Admiralty Way</line><line>Suite 330</line><line>Marina del Rey California 90292</line></address><country>United States</country><phone>+1 310 823-9358</phone><fax>+1 310 823-8649</fax><email>iana@iana.org</email><reg-date>1985-01-01</reg-date><last-update>1985-01-01</last-update></admin><tech><organization>Internet Assigned Numbers Authority</organization><address><line>4676 Admiralty Way</line><line>Suite 330</line><line>Marina del Rey California 90292</line></address><country>United States</country><phone>+1 310 823-9358</phone><fax>+1 310 823-8649</fax><email>iana@iana.org</email><reg-date>1985-01-01</reg-date><last-update>1985-01-01</last-update></tech><reg-url>http://www.iana.org/domains/idn-test/</reg-url><nameservers><nameserver name="a.iana-servers.net."><ipv4>192.0.34.43</ipv4></nameserver><nameserver name="b.iana-servers.net."><ipv4>193.0.0.236</ipv4></nameserver><nameserver name="c.iana-servers.net."><ipv4>139.91.1.10</ipv4></nameserver></nameservers><reg-date>2007-10-19</reg-date><last-update>2007-10-19</last-update></domain><domain id="xn--deba0ad"><registrant><organization>Internet Assigned Numbers Authority</organization><address><line>4676 Admiralty Way</line><line>Suite 330</line><line>Marina del Rey California 90292</line></address><country>United States</country><reg-date>1985-01-01</reg-date><last-update>2007-06-18</last-update></registrant><admin><organization>Internet Assigned Numbers Authority</organization><address><line>4676 Admiralty Way</line><line>Suite 330</line><line>Marina del Rey California 90292</line></address><country>United States</country><phone>+1 310 823-9358</phone><fax>+1 310 823-8649</fax><email>iana@iana.org</email><reg-date>1985-01-01</reg-date><last-update>1985-01-01</last-update></admin><tech><organization>Internet Assigned Numbers Authority</organization><address><line>4676 Admiralty Way</line><line>Suite 330</line><line>Marina del Rey California 90292</line></address><country>United States</country><phone>+1 310 823-9358</phone><fax>+1 310 823-8649</fax><email>iana@iana.org</email><reg-date>1985-01-01</reg-date><last-update>1985-01-01</last-update></tech><reg-url>http://www.iana.org/domains/idn-test/</reg-url><nameservers><nameserver name="a.iana-servers.net."><ipv4>192.0.34.43</ipv4></nameserver><nameserver name="b.iana-servers.net."><ipv4>193.0.0.236</ipv4></nameserver><nameserver name="c.iana-servers.net."><ipv4>139.91.1.10</ipv4></nameserver></nameservers><reg-date>2007-10-19</reg-date><last-update>2007-10-19</last-update></domain><domain id="xn--g6w251d"><registrant><organization>Internet Assigned Numbers Authority</organization><address><line>4676 Admiralty Way</line><line>Suite 330</line><line>Marina del Rey California 90292</line></address><country>United States</country><reg-date>1985-01-01</reg-date><last-update>2007-06-18</last-update></registrant><admin><organization>Internet Assigned Numbers Authority</organization><address><line>4676 Admiralty Way</line><line>Suite 330</line><line>Marina del Rey California 90292</line></address><country>United States</country><phone>+1 310 823-9358</phone><fax>+1 310 823-8649</fax><email>iana@iana.org</email><reg-date>1985-01-01</reg-date><last-update>1985-01-01</last-update></admin><tech><organization>Internet Assigned Numbers Authority</organization><address><line>4676 Admiralty Way</line><line>Suite 330</line><line>Marina del Rey California 90292</line></address><country>United States</country><phone>+1 310 823-9358</phone><fax>+1 310 823-8649</fax><email>iana@iana.org</email><reg-date>1985-01-01</reg-date><last-update>1985-01-01</last-update></tech><reg-url>http://www.iana.org/domains/idn-test/</reg-url><nameservers><nameserver name="a.iana-servers.net."><ipv4>192.0.34.43</ipv4></nameserver><nameserver name="b.iana-servers.net."><ipv4>193.0.0.236</ipv4></nameserver><nameserver name="c.iana-servers.net."><ipv4>139.91.1.10</ipv4></nameserver></nameservers><reg-date>2007-10-19</reg-date><last-update>2007-10-19</last-update></domain><domain id="xn--hgbk6aj7f53bba"><registrant><organization>Internet Assigned Numbers Authority</organization><address><line>4676 Admiralty Way</line><line>Suite 330</line><line>Marina del Rey California 90292</line></address><country>United States</country><reg-date>1985-01-01</reg-date><last-update>2007-06-18</last-update></registrant><admin><organization>Internet Assigned Numbers Authority</organization><address><line>4676 Admiralty Way</line><line>Suite 330</line><line>Marina del Rey California 90292</line></address><country>United States</country><phone>+1 310 823-9358</phone><fax>+1 310 823-8649</fax><email>iana@iana.org</email><reg-date>1985-01-01</reg-date><last-update>1985-01-01</last-update></admin><tech><organization>Internet Assigned Numbers Authority</organization><address><line>4676 Admiralty Way</line><line>Suite 330</line><line>Marina del Rey California 90292</line></address><country>United States</country><phone>+1 310 823-9358</phone><fax>+1 310 823-8649</fax><email>iana@iana.org</email><reg-date>1985-01-01</reg-date><last-update>1985-01-01</last-update></tech><reg-url>http://www.iana.org/domains/idn-test/</reg-url><nameservers><nameserver name="a.iana-servers.net."><ipv4>192.0.34.43</ipv4></nameserver><nameserver name="b.iana-servers.net."><ipv4>193.0.0.236</ipv4></nameserver><nameserver name="c.iana-servers.net."><ipv4>139.91.1.10</ipv4></nameserver></nameservers><reg-date>2007-10-19</reg-date><last-update>2007-10-19</last-update></domain><domain id="xn--hlcj6aya9esc7a"><registrant><organization>Internet Assigned Numbers Authority</organization><address><line>4676 Admiralty Way</line><line>Suite 330</line><line>Marina del Rey California 90292</line></address><country>United States</country><reg-date>1985-01-01</reg-date><last-update>2007-06-18</last-update></registrant><admin><organization>Internet Assigned Numbers Authority</organization><address><line>4676 Admiralty Way</line><line>Suite 330</line><line>Marina del Rey California 90292</line></address><country>United States</country><phone>+1 310 823-9358</phone><fax>+1 310 823-8649</fax><email>iana@iana.org</email><reg-date>1985-01-01</reg-date><last-update>1985-01-01</last-update></admin><tech><organization>Internet Assigned Numbers Authority</organization><address><line>4676 Admiralty Way</line><line>Suite 330</line><line>Marina del Rey California 90292</line></address><country>United States</country><phone>+1 310 823-9358</phone><fax>+1 310 823-8649</fax><email>iana@iana.org</email><reg-date>1985-01-01</reg-date><last-update>1985-01-01</last-update></tech><reg-url>http://www.iana.org/domains/idn-test/</reg-url><nameservers><nameserver name="a.iana-servers.net."><ipv4>192.0.34.43</ipv4></nameserver><nameserver name="b.iana-servers.net."><ipv4>193.0.0.236</ipv4></nameserver><nameserver name="c.iana-servers.net."><ipv4>139.91.1.10</ipv4></nameserver></nameservers><reg-date>2007-10-19</reg-date><last-update>2007-10-19</last-update></domain><domain id="xn--jxalpdlp"><registrant><organization>Internet Assigned Numbers Authority</organization><address><line>4676 Admiralty Way</line><line>Suite 330</line><line>Marina del Rey California 90292</line></address><country>United States</country><reg-date>1985-01-01</reg-date><last-update>2007-06-18</last-update></registrant><admin><organization>Internet Assigned Numbers Authority</organization><address><line>4676 Admiralty Way</line><line>Suite 330</line><line>Marina del Rey California 90292</line></address><country>United States</country><phone>+1 310 823-9358</phone><fax>+1 310 823-8649</fax><email>iana@iana.org</email><reg-date>1985-01-01</reg-date><last-update>1985-01-01</last-update></admin><tech><organization>Internet Assigned Numbers Authority</organization><address><line>4676 Admiralty Way</line><line>Suite 330</line><line>Marina del Rey California 90292</line></address><country>United States</country><phone>+1 310 823-9358</phone><fax>+1 310 823-8649</fax><email>iana@iana.org</email><reg-date>1985-01-01</reg-date><last-update>1985-01-01</last-update></tech><reg-url>http://www.iana.org/domains/idn-test/</reg-url><nameservers><nameserver name="a.iana-servers.net."><ipv4>192.0.34.43</ipv4></nameserver><nameserver name="b.iana-servers.net."><ipv4>193.0.0.236</ipv4></nameserver><nameserver name="c.iana-servers.net."><ipv4>139.91.1.10</ipv4></nameserver></nameservers><reg-date>2007-10-19</reg-date><last-update>2007-10-19</last-update></domain><domain id="xn--kgbechtv"><registrant><organization>Internet Assigned Numbers Authority</organization><address><line>4676 Admiralty Way</line><line>Suite 330</line><line>Marina del Rey California 90292</line></address><country>United States</country><reg-date>1985-01-01</reg-date><last-update>2007-06-18</last-update></registrant><admin><organization>Internet Assigned Numbers Authority</organization><address><line>4676 Admiralty Way</line><line>Suite 330</line><line>Marina del Rey California 90292</line></address><country>United States</country><phone>+1 310 823-9358</phone><fax>+1 310 823-8649</fax><email>iana@iana.org</email><reg-date>1985-01-01</reg-date><last-update>1985-01-01</last-update></admin><tech><organization>Internet Assigned Numbers Authority</organization><address><line>4676 Admiralty Way</line><line>Suite 330</line><line>Marina del Rey California 90292</line></address><country>United States</country><phone>+1 310 823-9358</phone><fax>+1 310 823-8649</fax><email>iana@iana.org</email><reg-date>1985-01-01</reg-date><last-update>1985-01-01</last-update></tech><reg-url>http://www.iana.org/domains/idn-test/</reg-url><nameservers><nameserver name="a.iana-servers.net."><ipv4>192.0.34.43</ipv4></nameserver><nameserver name="b.iana-servers.net."><ipv4>193.0.0.236</ipv4></nameserver><nameserver name="c.iana-servers.net."><ipv4>139.91.1.10</ipv4></nameserver></nameservers><reg-date>2007-10-19</reg-date><last-update>2007-10-19</last-update></domain><domain id="xn--zckzah"><registrant><organization>Internet Assigned Numbers Authority</organization><address><line>4676 Admiralty Way</line><line>Suite 330</line><line>Marina del Rey California 90292</line></address><country>United States</country><reg-date>1985-01-01</reg-date><last-update>2007-06-18</last-update></registrant><admin><organization>Internet Assigned Numbers Authority</organization><address><line>4676 Admiralty Way</line><line>Suite 330</line><line>Marina del Rey California 90292</line></address><country>United States</country><phone>+1 310 823-9358</phone><fax>+1 310 823-8649</fax><email>iana@iana.org</email><reg-date>1985-01-01</reg-date><last-update>1985-01-01</last-update></admin><tech><organization>Internet Assigned Numbers Authority</organization><address><line>4676 Admiralty Way</line><line>Suite 330</line><line>Marina del Rey California 90292</line></address><country>United States</country><phone>+1 310 823-9358</phone><fax>+1 310 823-8649</fax><email>iana@iana.org</email><reg-date>1985-01-01</reg-date><last-update>1985-01-01</last-update></tech><reg-url>http://www.iana.org/domains/idn-test/</reg-url><nameservers><nameserver name="a.iana-servers.net."><ipv4>192.0.34.43</ipv4></nameserver><nameserver name="b.iana-servers.net."><ipv4>193.0.0.236</ipv4></nameserver><nameserver name="c.iana-servers.net."><ipv4>139.91.1.10</ipv4></nameserver></nameservers><reg-date>2007-10-19</reg-date><last-update>2007-10-19</last-update></domain><domain id="ye"><registrant><organization>TeleYemen</organization><address><line>P.O.Box 168</line><line>26th September Street</line><line>Sana'a</line></address><country>Yemen</country><reg-date>1985-01-01</reg-date><last-update>2002-07-12</last-update></registrant><admin><name>GMCOM - M. Abdulkader</name><organization>TeleYemen</organization><address><line>P.O.Box 168</line><line>26th September Street</line><line>Sana'a</line></address><country>Yemen</country><phone>+967 1 271435 or +967 1 752 2221</phone><fax>+967 1 271436 or +967 1 752 2228</fax><email>teleyemen@y.net.ye or ghaily@y.net.ye</email><reg-date>1985-01-01</reg-date><last-update>2002-07-15</last-update></admin><tech><name>Ahmed Al-Qaifi</name><organization>TeleYemen</organization><address><line>P.O.Box 168</line><line>26th September Street</line><line>Sana'a</line></address><country>Yemen</country><phone>+967 1 752 2125 or +967 777009486</phone><fax>+967 1 280 334</fax><email>a.alqaifi@teleyemen.com.ye</email><reg-date>1985-01-01</reg-date><last-update>2007-02-15</last-update></tech><nameservers><nameserver name="sah1.ye."><ipv4>195.94.0.34</ipv4></nameserver><nameserver name="ns1.yemen.net.ye."><ipv4>65.162.184.33</ipv4></nameserver><nameserver name="ns2.yemen.net.ye."><ipv4>65.162.184.34</ipv4></nameserver><nameserver name="sah2.ye."><ipv4>195.94.0.35</ipv4></nameserver></nameservers><reg-date>1996-08-19</reg-date><last-update>2007-07-24</last-update></domain><domain id="yt"><registrant><organization>AFNIC (NIC France) - Immeuble International</organization><address><line>2 rue Stephenson - Montigny-le-Bretonneux</line><line>Saint-Quentin-en-Yvelines CEDEX</line><line>78181</line></address><country>France</country><reg-date>1985-01-01</reg-date><last-update>1985-01-01</last-update></registrant><admin><name>AFNIC Admin Contact</name><organization>AFNIC (NIC France) - Immeuble International</organization><address><line>2 rue Stephenson - Montigny-le-Bretonneux</line><line>Saint-Quentin-en-Yvelines CEDEX</line><line>78181</line></address><country>France</country><phone>+33 1 39 30 83 05</phone><fax>+33 1 39 30 83 01</fax><email>tld-admin@nic.fr</email><reg-date>1985-01-01</reg-date><last-update>2006-03-15</last-update></admin><tech><name>AFNIC Tech Contact</name><organization>AFNIC (NIC France) - Immeuble International</organization><address><line>2 rue Stephenson - Montigny-le-Bretonneux</line><line>Saint-Quentin-en-Yvelines CEDEX</line><line>78181</line></address><country>France</country><phone>+33 1 39 30 83 81</phone><fax>+33 1 39 30 83 01</fax><email>tld-tech@nic.fr</email><reg-date>1985-01-01</reg-date><last-update>2006-03-15</last-update></tech><reg-url>http://www.nic.yt/</reg-url><whois>whois.nic.yt</whois><nameservers><nameserver name="a.nic.fr."><ipv4>192.93.0.129</ipv4><ipv6>2001:660:3005:3::1:1</ipv6></nameserver><nameserver name="b.ext.nic.fr."><ipv4>192.228.90.21</ipv4></nameserver><nameserver name="c.nic.fr."><ipv4>192.134.0.129</ipv4><ipv6>2001:660:3006:4:0:0:1:1</ipv6></nameserver><nameserver name="d.ext.nic.fr."><ipv4>204.152.184.85</ipv4><ipv6>2001:4f8:0:2:0:0:0:8</ipv6></nameserver><nameserver name="e.ext.nic.fr."><ipv4>193.176.144.6</ipv4></nameserver><nameserver name="e.nic.fr."><ipv4>194.57.253.1</ipv4></nameserver><nameserver name="f.ext.nic.fr."><ipv4>194.146.106.46</ipv4></nameserver><nameserver name="g.ext.nic.fr."><ipv4>204.61.216.39</ipv4><ipv6>2001:500:14:6039:ad:0:0:1</ipv6></nameserver></nameservers><reg-date>1997-11-17</reg-date><last-update>2009-02-24</last-update></domain><domain id="yu"><registrant><organization>Serbian National Register of Internet Domain Names (temporary caretaker)</organization><address><line>Bulevar Kralja Aleksandra 73</line><line>Belgrade  11000</line></address><country>Serbia</country><reg-date>2007-09-21</reg-date><last-update>2007-09-24</last-update></registrant><admin><name>Mirjana Tasic</name><organization>Registar Nacionalnog Internet Domena Srbije</organization><address><line>Bulevar Kralja Aleksandra 73</line><line>Belgrade  11000</line></address><country>Serbia</country><phone>+381112637779</phone><fax>+381112630151</fax><email>mtasic@matf.bg.ac.yu</email><reg-date>2007-09-21</reg-date><last-update>2007-09-24</last-update></admin><tech><name>Nenad Krajnovic</name><organization>Registar Nacionalnog Internet Domena Srbije</organization><address><line>Bulevar Kralja Aleksandra 73</line><line>Belgrade 11000</line></address><country>Serbia</country><phone>+381113221419</phone><fax>+381113218399</fax><email>krajko@etf.bg.ac.yu</email><reg-date>2007-09-21</reg-date><last-update>2007-09-24</last-update></tech><reg-url>http://www.nic.yu</reg-url><nameservers><nameserver name="auth03.ns.uu.net."><ipv4>198.6.1.83</ipv4></nameserver><nameserver name="munnari.oz.au."><ipv4>202.28.99.196</ipv4></nameserver><nameserver name="ns.infosky.net."><ipv4>195.250.98.5</ipv4></nameserver><nameserver name="ns1.nic.yu."><ipv4>147.91.8.6</ipv4></nameserver><nameserver name="odisej.telekom.yu."><ipv4>195.178.32.2</ipv4></nameserver><nameserver name="sunic.sunet.se."><ipv4>192.36.125.2</ipv4><ipv6>2001:6b0:7:0:0:0:0:2</ipv6></nameserver><nameserver name="ns-yu.ripe.net."><ipv4>193.0.12.251</ipv4></nameserver></nameservers><reg-date>1989-06-15</reg-date><last-update>2008-12-22</last-update></domain><domain id="za"><registrant><organization>ZA Domain Name Authority</organization><address><line>The Business Centre</line><line>377 Rivonia Boulevard</line><line>Rivonia Gauteng 2191</line></address><country>South Africa</country><reg-date>1985-01-01</reg-date><last-update>2008-03-24</last-update></registrant><admin><name>Chairperson</name><organization>ZA Domain Name Authority</organization><address><line>The Business Centre</line><line>377 Rivonia Boulevard</line><line>Rivonia Gauteng 2191</line></address><country>South Africa</country><phone>+27 11 275 0082</phone><fax>+27 11 234 5022</fax><email>chair@zadna.org.za</email><reg-date>1985-01-01</reg-date><last-update>2008-03-24</last-update></admin><tech><name>Technical Committee</name><organization>ZA Domain Name Authority</organization><address><line>The Business Centre</line><line>377 Rivonia Boulevard</line><line>Rivonia Gauteng 2191</line></address><country>South Africa</country><phone>+27 11 275 0082</phone><fax>+27 11 234 5022</fax><email>dnsadmin@zadna.org.za</email><reg-date>1985-01-01</reg-date><last-update>2008-03-24</last-update></tech><reg-url>http://www.zadna.org.za/</reg-url><nameservers><nameserver name="nsza.is.co.za."><ipv4>196.4.160.27</ipv4></nameserver><nameserver name="auth00.ns.uu.net."><ipv4>198.6.1.65</ipv4></nameserver><nameserver name="hippo.ru.ac.za."><ipv4>146.231.128.1</ipv4><ipv6>2001:4200:1010::1</ipv6></nameserver><nameserver name="ns-ext.isc.org."><ipv4>204.152.184.64</ipv4><ipv6>2001:4f8:0:2:0:0:0:13</ipv6></nameserver><nameserver name="ucthpx.uct.ac.za."><ipv4>137.158.128.1</ipv4></nameserver><nameserver name="ns-za.ripe.net."><ipv4>193.0.12.205</ipv4><ipv6>2001:610:240:0:53:0:0:193</ipv6></nameserver><nameserver name="ns1.dns.aq."><ipv4>198.32.71.12</ipv4></nameserver></nameservers><reg-date>1990-11-07</reg-date><last-update>2008-03-24</last-update></domain><domain id="zm"><registrant><organization>ZAMNET Communication Systems Ltd.</organization><address><line>COMESA Centre</line><line>Ben Bella Road</line><line>Lusaka  10101</line></address><country>Zambia</country><reg-date>1985-01-01</reg-date><last-update>2004-04-26</last-update></registrant><admin><name>Raphael Maseko</name><organization>ZAMNET Communication Systems Ltd.</organization><address><line>COMESA Centre</line><line>Ben Bella Road</line><line>Lusaka  10101</line></address><country>Zambia</country><phone>+260 211220738</phone><fax>+260 211224775</fax><email>maseko@zamnet.zm</email><reg-date>1985-01-01</reg-date><last-update>2008-05-23</last-update></admin><tech><name>Hostmaster</name><organization>ZAMNET Communication Systems Ltd.</organization><address><line>COMESA Centre</line><line>Ben Bella Road</line><line>Lusaka  10101</line></address><country>Zambia</country><phone>+260 211224149</phone><fax>+260 211224775</fax><email>hostmaster@zamnet.zm</email><reg-date>1985-01-01</reg-date><last-update>2008-05-23</last-update></tech><reg-url>http://www.zamnet.zm/domain.shtml</reg-url><nameservers><nameserver name="hippo.ru.ac.za."><ipv4>146.231.128.1</ipv4><ipv6>2001:4200:1010::1</ipv6></nameserver><nameserver name="ns1.coppernet.zm."><ipv4>62.56.216.9</ipv4></nameserver><nameserver name="ns1.microlink.zm."><ipv4>193.220.20.30</ipv4></nameserver><nameserver name="ns1.zamnet.zm."><ipv4>196.46.192.26</ipv4></nameserver><nameserver name="ns2.zamnet.zm."><ipv4>196.46.192.21</ipv4></nameserver></nameservers><reg-date>1994-03-25</reg-date><last-update>2008-05-23</last-update></domain><domain id="zw"><registrant><organization>Postal and Telecommunications Regulatory Authority of Zimbabwe (POTRAZ)</organization><address><line>Block A, Emerald office Park</line><line>30 The Chase, Emerald Hill</line><line>P.O. Box MP 843, Mt Pleasant</line><line>Harare</line></address><country>Zimbabwe</country><reg-date>1985-01-01</reg-date><last-update>2006-08-08</last-update></registrant><admin><name>Manager Internet &amp; Data Operations</name><organization>TelOne Pvt Ltd</organization><address><line>Cnr Sam Nujoma St. &amp; Samorah Machel Ave</line><line>P.O.Box CY 792</line><line>Causeway</line><line>Harare</line></address><country>Zimbabwe</country><phone>+263 4 791701</phone><fax>+263 4 708981</fax><email>dns-admin@telone.co.zw</email><reg-date>1985-01-01</reg-date><last-update>2006-08-08</last-update></admin><tech><name>Network Administrator</name><organization>TelOne Pvt Ltd</organization><address><line>Cnr Sam Nujoma St. &amp; Samorah Machel Ave</line><line>P.O.Box CY 792</line><line>Causeway</line><line>Harare</line></address><country>Zimbabwe</country><phone>+263 4 791701</phone><fax>+263 4 708981</fax><email>support@telone.co.zw</email><reg-date>1985-01-01</reg-date><last-update>2006-08-08</last-update></tech><nameservers><nameserver name="ns2.gip.net."><ipv4>204.59.1.222</ipv4></nameserver><nameserver name="ns1.telone.co.zw."><ipv4>194.133.122.47</ipv4></nameserver><nameserver name="news-tokyo.gip.net."><ipv4>204.59.64.222</ipv4></nameserver><nameserver name="ns2.telone.co.zw."><ipv4>194.133.122.42</ipv4></nameserver><nameserver name="ns-zw.ripe.net."><ipv4>193.0.12.249</ipv4></nameserver></nameservers><reg-date>1991-11-06</reg-date><last-update>2006-08-08</last-update></domain></domain-registry>