<domain-registry id="root">
    <domain id="ac">
        <registrant>
            <organization>

                <line>Network Information Center (AC Domain Registry)</line>

                <line>c/o Cable and Wireless (Ascension Island)</line>
            </organization>
            <address>
                <line>South Atlantic Ocean</line>
                <line>Ascension Island</line>
            </address>
            <reg-date>01-January-1985</reg-date>
            <last-update>01-January-1985</last-update>
        </registrant>
        <admin>
            <name>Internet Manager</name>
            <organization>
                <line>Network Information Center (AC Domain Registry)</line>

                <line>c/o Cable and Wireless (Ascension Island)</line>

            </organization>
            <address>
                <line>South Atlantic Ocean
                </line>
                <line>Ascension Island</line>
            </address>
            <fax>+247 6464</fax>
            <email>administrator@NIC.AC</email>
            <reg-date>01-January-1985</reg-date>


            <last-update>01-January-1985</last-update>
        </admin>
        <tech>
            <name>Administrator</name>
            <organization>ICB Plc.</organization>
            <address>
                <line>9 Queens Road</line>
                <line>Bournemouth Dorset BH2 6BA</line>
                <line>United Kingdom</line>
            </address>
            <fax>+44 1202 430 580</fax>
            <email>admin@icb.co.uk</email>
            <reg-date>01-January-1985</reg-date>
            <last-update>12-May-2005</last-update>
        </tech>
        <reg-url>http://www.nic.ac/</reg-url>
        <whois>whois.nic.ac</whois>
        <nameservers>
            <nameserver name="a.nic.ac.">
                <ipv4>64.251.31.177</ipv4>
            </nameserver>
            <nameserver name="a.ns13.net.">
                <ipv4>202.181.97.168</ipv4>
            </nameserver>
            <nameserver name="b.nic.ac.">
                <ipv4>217.160.203.158</ipv4>
            </nameserver>
            <nameserver name="b.nic.io.">
                <ipv4>66.235.201.216</ipv4>
            </nameserver>
            <nameserver name="b.nic.sh.">
                <ipv4>216.117.156.206</ipv4>
            </nameserver>
            <nameserver name="b.ns13.net.">
                <ipv4>202.181.96.60</ipv4>
            </nameserver>
            <nameserver name="ns1.communitydns.net.">
                <ipv4>194.0.1.1</ipv4>
            </nameserver>
            <nameserver name="ns3.icb.co.uk.">
                <ipv4>217.199.188.61</ipv4>
            </nameserver>
        </nameservers>
        <reg-date>19-December-1997</reg-date>
        <last-update>12-May-2005</last-update>
    </domain>
</domain-registry>
